[0.026s] Invoking command in '/home/leomorningrain/code/ws01_plumbing/build/cpp01_topic': CMAKE_PREFIX_PATH=/home/leomorningrain/code/ws01_plumbing/install/base_interfaces_demo:/home/leomorningrain/code/ws01_plumbing/install/cpp03_action:/home/leomorningrain/code/ws01_plumbing/install/py03_action:/opt/ros/humble LD_LIBRARY_PATH=/home/leomorningrain/code/ws01_plumbing/install/base_interfaces_demo/lib:/opt/ros/humble/opt/rviz_ogre_vendor/lib:/opt/ros/humble/lib/x86_64-linux-gnu:/opt/ros/humble/lib:/usr/local/lib:/usr/local/lib /usr/bin/cmake /home/leomorningrain/code/ws01_plumbing/src/cpp01_topic -DCMAKE_INSTALL_PREFIX=/home/leomorningrain/code/ws01_plumbing/install/cpp01_topic
[0.285s] -- The C compiler identification is GNU 11.4.0
[0.285s] -- The CXX compiler identification is GNU 11.4.0
[0.285s] -- Detecting C compiler ABI info
[0.285s] -- Detecting C compiler ABI info - done
[0.285s] -- Check for working C compiler: /usr/bin/cc - skipped
[0.285s] -- Detecting C compile features
[0.286s] -- Detecting C compile features - done
[0.286s] -- Detecting CXX compiler ABI info
[0.286s] -- Detecting CXX compiler ABI info - done
[0.286s] -- Check for working CXX compiler: /usr/bin/c++ - skipped
[0.286s] -- Detecting CXX compile features
[0.286s] -- Detecting CXX compile features - done
[0.286s] -- Found ament_cmake: 1.3.8 (/opt/ros/humble/share/ament_cmake/cmake)
[0.286s] -- Found Python3: /usr/bin/python3 (found version "3.10.12") found components: Interpreter 
[0.310s] -- Found rclcpp: 16.0.8 (/opt/ros/humble/share/rclcpp/cmake)
[0.334s] -- Found rosidl_generator_c: 3.1.5 (/opt/ros/humble/share/rosidl_generator_c/cmake)
[0.337s] -- Found rosidl_adapter: 3.1.5 (/opt/ros/humble/share/rosidl_adapter/cmake)
[0.341s] -- Found rosidl_generator_cpp: 3.1.5 (/opt/ros/humble/share/rosidl_generator_cpp/cmake)
[0.349s] -- Using all available rosidl_typesupport_c: rosidl_typesupport_fastrtps_c;rosidl_typesupport_introspection_c
[0.361s] -- Using all available rosidl_typesupport_cpp: rosidl_typesupport_fastrtps_cpp;rosidl_typesupport_introspection_cpp
[0.408s] -- Found rmw_implementation_cmake: 6.1.1 (/opt/ros/humble/share/rmw_implementation_cmake/cmake)
[0.410s] -- Found rmw_fastrtps_cpp: 6.2.6 (/opt/ros/humble/share/rmw_fastrtps_cpp/cmake)
[0.475s] -- Found OpenSSL: /usr/lib/x86_64-linux-gnu/libcrypto.so (found version "3.0.2")  
[0.492s] -- Found FastRTPS: /opt/ros/humble/include  
[0.521s] -- Using RMW implementation 'rmw_fastrtps_cpp' as default
[0.528s] -- Looking for pthread.h
[0.572s] -- Looking for pthread.h - found
[0.575s] -- Performing Test CMAKE_HAVE_LIBC_PTHREAD
[0.618s] -- Performing Test CMAKE_HAVE_LIBC_PTHREAD - Success
[0.619s] -- Found Threads: TRUE  
[0.730s] -- Found base_interfaces_demo: 0.0.0 (/home/leomorningrain/code/ws01_plumbing/install/base_interfaces_demo/share/base_interfaces_demo/cmake)
[0.818s] -- Found ament_lint_auto: 0.12.10 (/opt/ros/humble/share/ament_lint_auto/cmake)
[0.862s] -- Added test 'cppcheck' to perform static code analysis on C / C++ code
[0.862s] -- Configured cppcheck include dirs: $<BUILD_INTERFACE:/home/leomorningrain/code/ws01_plumbing/src/cpp01_topic/include>
[0.863s] -- Configured cppcheck exclude dirs and/or files: 
[0.863s] -- Added test 'lint_cmake' to check CMake code style
[0.863s] -- Added test 'uncrustify' to check C / C++ code style
[0.864s] -- Configured uncrustify additional arguments: 
[0.864s] -- Added test 'xmllint' to check XML markup files
[0.865s] -- Configuring done
[0.873s] -- Generating done
[0.874s] -- Build files have been written to: /home/leomorningrain/code/ws01_plumbing/build/cpp01_topic
[0.881s] Invoked command in '/home/leomorningrain/code/ws01_plumbing/build/cpp01_topic' returned '0': CMAKE_PREFIX_PATH=/home/leomorningrain/code/ws01_plumbing/install/base_interfaces_demo:/home/leomorningrain/code/ws01_plumbing/install/cpp03_action:/home/leomorningrain/code/ws01_plumbing/install/py03_action:/opt/ros/humble LD_LIBRARY_PATH=/home/leomorningrain/code/ws01_plumbing/install/base_interfaces_demo/lib:/opt/ros/humble/opt/rviz_ogre_vendor/lib:/opt/ros/humble/lib/x86_64-linux-gnu:/opt/ros/humble/lib:/usr/local/lib:/usr/local/lib /usr/bin/cmake /home/leomorningrain/code/ws01_plumbing/src/cpp01_topic -DCMAKE_INSTALL_PREFIX=/home/leomorningrain/code/ws01_plumbing/install/cpp01_topic
[0.881s] Invoking command in '/home/leomorningrain/code/ws01_plumbing/build/cpp01_topic': CMAKE_PREFIX_PATH=/home/leomorningrain/code/ws01_plumbing/install/base_interfaces_demo:/home/leomorningrain/code/ws01_plumbing/install/cpp03_action:/home/leomorningrain/code/ws01_plumbing/install/py03_action:/opt/ros/humble LD_LIBRARY_PATH=/home/leomorningrain/code/ws01_plumbing/install/base_interfaces_demo/lib:/opt/ros/humble/opt/rviz_ogre_vendor/lib:/opt/ros/humble/lib/x86_64-linux-gnu:/opt/ros/humble/lib:/usr/local/lib:/usr/local/lib /usr/bin/cmake --build /home/leomorningrain/code/ws01_plumbing/build/cpp01_topic -- -j32 -l32
[0.905s] [ 25%] [32mBuilding CXX object CMakeFiles/demo01_talker_str.dir/src/demo01_talker_str.cpp.o[0m
[0.906s] [ 25%] [32mBuilding CXX object CMakeFiles/demo03_talker_stu.dir/src/demo03_talker_stu.cpp.o[0m
[0.906s] [ 37%] [32mBuilding CXX object CMakeFiles/demo02_listener_str.dir/src/demo02_listener_str.cpp.o[0m
[0.906s] [ 50%] [32mBuilding CXX object CMakeFiles/demo04_listener_stu.dir/src/demo04_listener_stu.cpp.o[0m
[3.622s] [ 62%] [32m[1mLinking CXX executable demo01_talker_str[0m
[3.627s] [ 75%] [32m[1mLinking CXX executable demo03_talker_stu[0m
[3.731s] [ 75%] Built target demo01_talker_str
[3.731s] [ 75%] Built target demo03_talker_stu
[5.296s] [ 87%] [32m[1mLinking CXX executable demo02_listener_str[0m
[5.324s] [100%] [32m[1mLinking CXX executable demo04_listener_stu[0m
[5.478s] [100%] Built target demo02_listener_str
[5.509s] [100%] Built target demo04_listener_stu
[5.516s] Invoked command in '/home/leomorningrain/code/ws01_plumbing/build/cpp01_topic' returned '0': CMAKE_PREFIX_PATH=/home/leomorningrain/code/ws01_plumbing/install/base_interfaces_demo:/home/leomorningrain/code/ws01_plumbing/install/cpp03_action:/home/leomorningrain/code/ws01_plumbing/install/py03_action:/opt/ros/humble LD_LIBRARY_PATH=/home/leomorningrain/code/ws01_plumbing/install/base_interfaces_demo/lib:/opt/ros/humble/opt/rviz_ogre_vendor/lib:/opt/ros/humble/lib/x86_64-linux-gnu:/opt/ros/humble/lib:/usr/local/lib:/usr/local/lib /usr/bin/cmake --build /home/leomorningrain/code/ws01_plumbing/build/cpp01_topic -- -j32 -l32
[5.534s] Invoking command in '/home/leomorningrain/code/ws01_plumbing/build/cpp01_topic': CMAKE_PREFIX_PATH=/home/leomorningrain/code/ws01_plumbing/install/base_interfaces_demo:/home/leomorningrain/code/ws01_plumbing/install/cpp03_action:/home/leomorningrain/code/ws01_plumbing/install/py03_action:/opt/ros/humble LD_LIBRARY_PATH=/home/leomorningrain/code/ws01_plumbing/install/base_interfaces_demo/lib:/opt/ros/humble/opt/rviz_ogre_vendor/lib:/opt/ros/humble/lib/x86_64-linux-gnu:/opt/ros/humble/lib:/usr/local/lib:/usr/local/lib /usr/bin/cmake --install /home/leomorningrain/code/ws01_plumbing/build/cpp01_topic
[5.541s] -- Install configuration: ""
[5.542s] -- Installing: /home/leomorningrain/code/ws01_plumbing/install/cpp01_topic/lib/cpp01_topic/demo01_talker_str
[5.543s] -- Set runtime path of "/home/leomorningrain/code/ws01_plumbing/install/cpp01_topic/lib/cpp01_topic/demo01_talker_str" to ""
[5.543s] -- Installing: /home/leomorningrain/code/ws01_plumbing/install/cpp01_topic/lib/cpp01_topic/demo02_listener_str
[5.546s] -- Set runtime path of "/home/leomorningrain/code/ws01_plumbing/install/cpp01_topic/lib/cpp01_topic/demo02_listener_str" to ""
[5.546s] -- Installing: /home/leomorningrain/code/ws01_plumbing/install/cpp01_topic/lib/cpp01_topic/demo03_talker_stu
[5.546s] -- Set runtime path of "/home/leomorningrain/code/ws01_plumbing/install/cpp01_topic/lib/cpp01_topic/demo03_talker_stu" to ""
[5.546s] -- Installing: /home/leomorningrain/code/ws01_plumbing/install/cpp01_topic/lib/cpp01_topic/demo04_listener_stu
[5.549s] -- Set runtime path of "/home/leomorningrain/code/ws01_plumbing/install/cpp01_topic/lib/cpp01_topic/demo04_listener_stu" to ""
[5.549s] -- Installing: /home/leomorningrain/code/ws01_plumbing/install/cpp01_topic/share/ament_index/resource_index/package_run_dependencies/cpp01_topic
[5.549s] -- Installing: /home/leomorningrain/code/ws01_plumbing/install/cpp01_topic/share/ament_index/resource_index/parent_prefix_path/cpp01_topic
[5.549s] -- Installing: /home/leomorningrain/code/ws01_plumbing/install/cpp01_topic/share/cpp01_topic/environment/ament_prefix_path.sh
[5.549s] -- Installing: /home/leomorningrain/code/ws01_plumbing/install/cpp01_topic/share/cpp01_topic/environment/ament_prefix_path.dsv
[5.549s] -- Installing: /home/leomorningrain/code/ws01_plumbing/install/cpp01_topic/share/cpp01_topic/environment/path.sh
[5.549s] -- Installing: /home/leomorningrain/code/ws01_plumbing/install/cpp01_topic/share/cpp01_topic/environment/path.dsv
[5.549s] -- Installing: /home/leomorningrain/code/ws01_plumbing/install/cpp01_topic/share/cpp01_topic/local_setup.bash
[5.549s] -- Installing: /home/leomorningrain/code/ws01_plumbing/install/cpp01_topic/share/cpp01_topic/local_setup.sh
[5.549s] -- Installing: /home/leomorningrain/code/ws01_plumbing/install/cpp01_topic/share/cpp01_topic/local_setup.zsh
[5.549s] -- Installing: /home/leomorningrain/code/ws01_plumbing/install/cpp01_topic/share/cpp01_topic/local_setup.dsv
[5.549s] -- Installing: /home/leomorningrain/code/ws01_plumbing/install/cpp01_topic/share/cpp01_topic/package.dsv
[5.549s] -- Installing: /home/leomorningrain/code/ws01_plumbing/install/cpp01_topic/share/ament_index/resource_index/packages/cpp01_topic
[5.549s] -- Installing: /home/leomorningrain/code/ws01_plumbing/install/cpp01_topic/share/cpp01_topic/cmake/cpp01_topicConfig.cmake
[5.549s] -- Installing: /home/leomorningrain/code/ws01_plumbing/install/cpp01_topic/share/cpp01_topic/cmake/cpp01_topicConfig-version.cmake
[5.549s] -- Installing: /home/leomorningrain/code/ws01_plumbing/install/cpp01_topic/share/cpp01_topic/package.xml
[5.551s] Invoked command in '/home/leomorningrain/code/ws01_plumbing/build/cpp01_topic' returned '0': CMAKE_PREFIX_PATH=/home/leomorningrain/code/ws01_plumbing/install/base_interfaces_demo:/home/leomorningrain/code/ws01_plumbing/install/cpp03_action:/home/leomorningrain/code/ws01_plumbing/install/py03_action:/opt/ros/humble LD_LIBRARY_PATH=/home/leomorningrain/code/ws01_plumbing/install/base_interfaces_demo/lib:/opt/ros/humble/opt/rviz_ogre_vendor/lib:/opt/ros/humble/lib/x86_64-linux-gnu:/opt/ros/humble/lib:/usr/local/lib:/usr/local/lib /usr/bin/cmake --install /home/leomorningrain/code/ws01_plumbing/build/cpp01_topic
