[0.010s] Invoking command in '/home/leomorningrain/code/ros2-mecanum-bot/build/mecanumbot_teleop': CMAKE_PREFIX_PATH=/opt/ros/humble /usr/bin/cmake /home/leomorningrain/code/ros2-mecanum-bot/src/ros2-mecanum-bot/mecanumbot_teleop -DAMENT_CMAKE_SYMLINK_INSTALL=1 -DCMAKE_INSTALL_PREFIX=/home/leomorningrain/code/ros2-mecanum-bot/install/mecanumbot_teleop
[0.053s] -- The C compiler identification is GNU 11.4.0
[0.092s] -- The CXX compiler identification is GNU 11.4.0
[0.096s] -- Detecting C compiler ABI info
[0.136s] -- Detecting C compiler ABI info - done
[0.143s] -- Check for working C compiler: /usr/bin/cc - skipped
[0.143s] -- Detecting C compile features
[0.143s] -- Detecting C compile features - done
[0.146s] -- Detecting CXX compiler ABI info
[0.195s] -- Detecting CXX compiler ABI info - done
[0.200s] -- Check for working CXX compiler: /usr/bin/c++ - skipped
[0.200s] -- Detecting CXX compile features
[0.201s] -- Detecting CXX compile features - done
[0.202s] -- Found ament_cmake: 1.3.8 (/opt/ros/humble/share/ament_cmake/cmake)
[0.302s] -- Found Python3: /usr/bin/python3 (found version "3.10.12") found components: Interpreter 
[0.346s] -- Override CMake install command with custom implementation using symlinks instead of copying resources
[0.364s] -- Found rclcpp: 16.0.8 (/opt/ros/humble/share/rclcpp/cmake)
[0.396s] -- Found rosidl_generator_c: 3.1.5 (/opt/ros/humble/share/rosidl_generator_c/cmake)
[0.399s] -- Found rosidl_adapter: 3.1.5 (/opt/ros/humble/share/rosidl_adapter/cmake)
[0.406s] -- Found rosidl_generator_cpp: 3.1.5 (/opt/ros/humble/share/rosidl_generator_cpp/cmake)
[0.416s] -- Using all available rosidl_typesupport_c: rosidl_typesupport_fastrtps_c;rosidl_typesupport_introspection_c
[0.430s] -- Using all available rosidl_typesupport_cpp: rosidl_typesupport_fastrtps_cpp;rosidl_typesupport_introspection_cpp
[0.481s] -- Found rmw_implementation_cmake: 6.1.1 (/opt/ros/humble/share/rmw_implementation_cmake/cmake)
[0.484s] -- Found rmw_fastrtps_cpp: 6.2.6 (/opt/ros/humble/share/rmw_fastrtps_cpp/cmake)
[0.557s] -- Found OpenSSL: /usr/lib/x86_64-linux-gnu/libcrypto.so (found version "3.0.2")  
[0.580s] -- Found FastRTPS: /opt/ros/humble/include  
[0.613s] -- Using RMW implementation 'rmw_fastrtps_cpp' as default
[0.620s] -- Looking for pthread.h
[0.668s] -- Looking for pthread.h - found
[0.668s] -- Performing Test CMAKE_HAVE_LIBC_PTHREAD
[0.719s] -- Performing Test CMAKE_HAVE_LIBC_PTHREAD - Success
[0.719s] -- Found Threads: TRUE  
[0.837s] -- Found sensor_msgs: 4.2.3 (/opt/ros/humble/share/sensor_msgs/cmake)
[0.972s] -- Configuring done
[0.978s] -- Generating done
[0.979s] -- Build files have been written to: /home/leomorningrain/code/ros2-mecanum-bot/build/mecanumbot_teleop
[0.986s] Invoked command in '/home/leomorningrain/code/ros2-mecanum-bot/build/mecanumbot_teleop' returned '0': CMAKE_PREFIX_PATH=/opt/ros/humble /usr/bin/cmake /home/leomorningrain/code/ros2-mecanum-bot/src/ros2-mecanum-bot/mecanumbot_teleop -DAMENT_CMAKE_SYMLINK_INSTALL=1 -DCMAKE_INSTALL_PREFIX=/home/leomorningrain/code/ros2-mecanum-bot/install/mecanumbot_teleop
[0.986s] Invoking command in '/home/leomorningrain/code/ros2-mecanum-bot/build/mecanumbot_teleop': CMAKE_PREFIX_PATH=/opt/ros/humble /usr/bin/cmake --build /home/leomorningrain/code/ros2-mecanum-bot/build/mecanumbot_teleop -- -j32 -l32
[1.018s] [ 25%] [32mBuilding CXX object CMakeFiles/mecanumbot_teleop.dir/src/node_main.cpp.o[0m
[1.018s] [ 50%] [32mBuilding CXX object CMakeFiles/mecanumbot_teleop.dir/src/mecanumbot_teleop.cpp.o[0m
[1.018s] [ 75%] [32mBuilding CXX object CMakeFiles/mecanumbot_teleop.dir/src/mecanumbot_joystick.cpp.o[0m
[6.031s] [100%] [32m[1mLinking CXX executable mecanumbot_teleop[0m
[6.290s] [100%] Built target mecanumbot_teleop
[6.299s] Invoked command in '/home/leomorningrain/code/ros2-mecanum-bot/build/mecanumbot_teleop' returned '0': CMAKE_PREFIX_PATH=/opt/ros/humble /usr/bin/cmake --build /home/leomorningrain/code/ros2-mecanum-bot/build/mecanumbot_teleop -- -j32 -l32
[6.316s] Invoking command in '/home/leomorningrain/code/ros2-mecanum-bot/build/mecanumbot_teleop': CMAKE_PREFIX_PATH=/opt/ros/humble /usr/bin/cmake --install /home/leomorningrain/code/ros2-mecanum-bot/build/mecanumbot_teleop
[6.321s] -- Install configuration: ""
[6.321s] -- Execute custom install script
[6.321s] -- Symlinking: /home/leomorningrain/code/ros2-mecanum-bot/install/mecanumbot_teleop/share/mecanumbot_teleop/config/teleop_config.yaml
[6.326s] -- Symlinking: /home/leomorningrain/code/ros2-mecanum-bot/install/mecanumbot_teleop/lib/mecanumbot_teleop/mecanumbot_teleop
[6.332s] -- Symlinking: /home/leomorningrain/code/ros2-mecanum-bot/install/mecanumbot_teleop/share/ament_index/resource_index/package_run_dependencies/mecanumbot_teleop
[6.338s] -- Symlinking: /home/leomorningrain/code/ros2-mecanum-bot/install/mecanumbot_teleop/share/ament_index/resource_index/parent_prefix_path/mecanumbot_teleop
[6.344s] -- Symlinking: /home/leomorningrain/code/ros2-mecanum-bot/install/mecanumbot_teleop/share/mecanumbot_teleop/environment/ament_prefix_path.sh
[6.349s] -- Symlinking: /home/leomorningrain/code/ros2-mecanum-bot/install/mecanumbot_teleop/share/mecanumbot_teleop/environment/ament_prefix_path.dsv
[6.355s] -- Symlinking: /home/leomorningrain/code/ros2-mecanum-bot/install/mecanumbot_teleop/share/mecanumbot_teleop/environment/path.sh
[6.360s] -- Symlinking: /home/leomorningrain/code/ros2-mecanum-bot/install/mecanumbot_teleop/share/mecanumbot_teleop/environment/path.dsv
[6.365s] -- Symlinking: /home/leomorningrain/code/ros2-mecanum-bot/install/mecanumbot_teleop/share/mecanumbot_teleop/local_setup.bash
[6.370s] -- Symlinking: /home/leomorningrain/code/ros2-mecanum-bot/install/mecanumbot_teleop/share/mecanumbot_teleop/local_setup.sh
[6.375s] -- Symlinking: /home/leomorningrain/code/ros2-mecanum-bot/install/mecanumbot_teleop/share/mecanumbot_teleop/local_setup.zsh
[6.380s] -- Symlinking: /home/leomorningrain/code/ros2-mecanum-bot/install/mecanumbot_teleop/share/mecanumbot_teleop/local_setup.dsv
[6.385s] -- Symlinking: /home/leomorningrain/code/ros2-mecanum-bot/install/mecanumbot_teleop/share/mecanumbot_teleop/package.dsv
[6.390s] -- Symlinking: /home/leomorningrain/code/ros2-mecanum-bot/install/mecanumbot_teleop/share/ament_index/resource_index/packages/mecanumbot_teleop
[6.395s] -- Symlinking: /home/leomorningrain/code/ros2-mecanum-bot/install/mecanumbot_teleop/share/mecanumbot_teleop/cmake/mecanumbot_teleopConfig.cmake
[6.400s] -- Symlinking: /home/leomorningrain/code/ros2-mecanum-bot/install/mecanumbot_teleop/share/mecanumbot_teleop/cmake/mecanumbot_teleopConfig-version.cmake
[6.406s] -- Symlinking: /home/leomorningrain/code/ros2-mecanum-bot/install/mecanumbot_teleop/share/mecanumbot_teleop/package.xml
[6.413s] Invoked command in '/home/leomorningrain/code/ros2-mecanum-bot/build/mecanumbot_teleop' returned '0': CMAKE_PREFIX_PATH=/opt/ros/humble /usr/bin/cmake --install /home/leomorningrain/code/ros2-mecanum-bot/build/mecanumbot_teleop
