[0.025s] Invoking command in '/home/leomorningrain/code/ws01_plumbing/build/cpp02_service': CMAKE_PREFIX_PATH=/home/leomorningrain/code/ws01_plumbing/install/base_interfaces_demo:/home/leomorningrain/code/ws01_plumbing/install/cpp03_action:/home/leomorningrain/code/ws01_plumbing/install/py03_action:/opt/ros/humble LD_LIBRARY_PATH=/home/leomorningrain/code/ws01_plumbing/install/base_interfaces_demo/lib:/opt/ros/humble/opt/rviz_ogre_vendor/lib:/opt/ros/humble/lib/x86_64-linux-gnu:/opt/ros/humble/lib:/usr/local/lib:/usr/local/lib /usr/bin/cmake /home/leomorningrain/code/ws01_plumbing/src/cpp02_service -DCMAKE_INSTALL_PREFIX=/home/leomorningrain/code/ws01_plumbing/install/cpp02_service
[0.283s] -- The C compiler identification is GNU 11.4.0
[0.283s] -- The CXX compiler identification is GNU 11.4.0
[0.284s] -- Detecting C compiler ABI info
[0.284s] -- Detecting C compiler ABI info - done
[0.285s] -- Check for working C compiler: /usr/bin/cc - skipped
[0.285s] -- Detecting C compile features
[0.285s] -- Detecting C compile features - done
[0.285s] -- Detecting CXX compiler ABI info
[0.285s] -- Detecting CXX compiler ABI info - done
[0.285s] -- Check for working CXX compiler: /usr/bin/c++ - skipped
[0.285s] -- Detecting CXX compile features
[0.285s] -- Detecting CXX compile features - done
[0.285s] -- Found ament_cmake: 1.3.8 (/opt/ros/humble/share/ament_cmake/cmake)
[0.285s] -- Found Python3: /usr/bin/python3 (found version "3.10.12") found components: Interpreter 
[0.307s] -- Found rclcpp: 16.0.8 (/opt/ros/humble/share/rclcpp/cmake)
[0.331s] -- Found rosidl_generator_c: 3.1.5 (/opt/ros/humble/share/rosidl_generator_c/cmake)
[0.334s] -- Found rosidl_adapter: 3.1.5 (/opt/ros/humble/share/rosidl_adapter/cmake)
[0.339s] -- Found rosidl_generator_cpp: 3.1.5 (/opt/ros/humble/share/rosidl_generator_cpp/cmake)
[0.347s] -- Using all available rosidl_typesupport_c: rosidl_typesupport_fastrtps_c;rosidl_typesupport_introspection_c
[0.357s] -- Using all available rosidl_typesupport_cpp: rosidl_typesupport_fastrtps_cpp;rosidl_typesupport_introspection_cpp
[0.404s] -- Found rmw_implementation_cmake: 6.1.1 (/opt/ros/humble/share/rmw_implementation_cmake/cmake)
[0.407s] -- Found rmw_fastrtps_cpp: 6.2.6 (/opt/ros/humble/share/rmw_fastrtps_cpp/cmake)
[0.470s] -- Found OpenSSL: /usr/lib/x86_64-linux-gnu/libcrypto.so (found version "3.0.2")  
[0.487s] -- Found FastRTPS: /opt/ros/humble/include  
[0.518s] -- Using RMW implementation 'rmw_fastrtps_cpp' as default
[0.524s] -- Looking for pthread.h
[0.568s] -- Looking for pthread.h - found
[0.569s] -- Performing Test CMAKE_HAVE_LIBC_PTHREAD
[0.615s] -- Performing Test CMAKE_HAVE_LIBC_PTHREAD - Success
[0.616s] -- Found Threads: TRUE  
[0.726s] -- Found base_interfaces_demo: 0.0.0 (/home/leomorningrain/code/ws01_plumbing/install/base_interfaces_demo/share/base_interfaces_demo/cmake)
[0.813s] -- Found ament_lint_auto: 0.12.10 (/opt/ros/humble/share/ament_lint_auto/cmake)
[0.859s] -- Added test 'cppcheck' to perform static code analysis on C / C++ code
[0.859s] -- Configured cppcheck include dirs: $<BUILD_INTERFACE:/home/leomorningrain/code/ws01_plumbing/src/cpp02_service/include>
[0.859s] -- Configured cppcheck exclude dirs and/or files: 
[0.859s] -- Added test 'lint_cmake' to check CMake code style
[0.861s] -- Added test 'uncrustify' to check C / C++ code style
[0.861s] -- Configured uncrustify additional arguments: 
[0.861s] -- Added test 'xmllint' to check XML markup files
[0.861s] -- Configuring done
[0.867s] -- Generating done
[0.867s] -- Build files have been written to: /home/leomorningrain/code/ws01_plumbing/build/cpp02_service
[0.873s] Invoked command in '/home/leomorningrain/code/ws01_plumbing/build/cpp02_service' returned '0': CMAKE_PREFIX_PATH=/home/leomorningrain/code/ws01_plumbing/install/base_interfaces_demo:/home/leomorningrain/code/ws01_plumbing/install/cpp03_action:/home/leomorningrain/code/ws01_plumbing/install/py03_action:/opt/ros/humble LD_LIBRARY_PATH=/home/leomorningrain/code/ws01_plumbing/install/base_interfaces_demo/lib:/opt/ros/humble/opt/rviz_ogre_vendor/lib:/opt/ros/humble/lib/x86_64-linux-gnu:/opt/ros/humble/lib:/usr/local/lib:/usr/local/lib /usr/bin/cmake /home/leomorningrain/code/ws01_plumbing/src/cpp02_service -DCMAKE_INSTALL_PREFIX=/home/leomorningrain/code/ws01_plumbing/install/cpp02_service
[0.873s] Invoking command in '/home/leomorningrain/code/ws01_plumbing/build/cpp02_service': CMAKE_PREFIX_PATH=/home/leomorningrain/code/ws01_plumbing/install/base_interfaces_demo:/home/leomorningrain/code/ws01_plumbing/install/cpp03_action:/home/leomorningrain/code/ws01_plumbing/install/py03_action:/opt/ros/humble LD_LIBRARY_PATH=/home/leomorningrain/code/ws01_plumbing/install/base_interfaces_demo/lib:/opt/ros/humble/opt/rviz_ogre_vendor/lib:/opt/ros/humble/lib/x86_64-linux-gnu:/opt/ros/humble/lib:/usr/local/lib:/usr/local/lib /usr/bin/cmake --build /home/leomorningrain/code/ws01_plumbing/build/cpp02_service -- -j32 -l32
[0.897s] [ 25%] [32mBuilding CXX object CMakeFiles/demo01_server_cpp.dir/src/demo01_server_cpp.cpp.o[0m
[0.898s] [ 50%] [32mBuilding CXX object CMakeFiles/demo02_client_cpp.dir/src/demo02_client_cpp.cpp.o[0m
[3.105s] [ 75%] [32m[1mLinking CXX executable demo01_server_cpp[0m
[3.128s] [100%] [32m[1mLinking CXX executable demo02_client_cpp[0m
[3.205s] [100%] Built target demo01_server_cpp
[3.228s] [100%] Built target demo02_client_cpp
[3.236s] Invoked command in '/home/leomorningrain/code/ws01_plumbing/build/cpp02_service' returned '0': CMAKE_PREFIX_PATH=/home/leomorningrain/code/ws01_plumbing/install/base_interfaces_demo:/home/leomorningrain/code/ws01_plumbing/install/cpp03_action:/home/leomorningrain/code/ws01_plumbing/install/py03_action:/opt/ros/humble LD_LIBRARY_PATH=/home/leomorningrain/code/ws01_plumbing/install/base_interfaces_demo/lib:/opt/ros/humble/opt/rviz_ogre_vendor/lib:/opt/ros/humble/lib/x86_64-linux-gnu:/opt/ros/humble/lib:/usr/local/lib:/usr/local/lib /usr/bin/cmake --build /home/leomorningrain/code/ws01_plumbing/build/cpp02_service -- -j32 -l32
[3.254s] Invoking command in '/home/leomorningrain/code/ws01_plumbing/build/cpp02_service': CMAKE_PREFIX_PATH=/home/leomorningrain/code/ws01_plumbing/install/base_interfaces_demo:/home/leomorningrain/code/ws01_plumbing/install/cpp03_action:/home/leomorningrain/code/ws01_plumbing/install/py03_action:/opt/ros/humble LD_LIBRARY_PATH=/home/leomorningrain/code/ws01_plumbing/install/base_interfaces_demo/lib:/opt/ros/humble/opt/rviz_ogre_vendor/lib:/opt/ros/humble/lib/x86_64-linux-gnu:/opt/ros/humble/lib:/usr/local/lib:/usr/local/lib /usr/bin/cmake --install /home/leomorningrain/code/ws01_plumbing/build/cpp02_service
[3.258s] -- Install configuration: ""
[3.258s] -- Installing: /home/leomorningrain/code/ws01_plumbing/install/cpp02_service/lib/cpp02_service/demo01_server_cpp
[3.259s] -- Set runtime path of "/home/leomorningrain/code/ws01_plumbing/install/cpp02_service/lib/cpp02_service/demo01_server_cpp" to ""
[3.259s] -- Installing: /home/leomorningrain/code/ws01_plumbing/install/cpp02_service/lib/cpp02_service/demo02_client_cpp
[3.259s] -- Set runtime path of "/home/leomorningrain/code/ws01_plumbing/install/cpp02_service/lib/cpp02_service/demo02_client_cpp" to ""
[3.259s] -- Installing: /home/leomorningrain/code/ws01_plumbing/install/cpp02_service/share/ament_index/resource_index/package_run_dependencies/cpp02_service
[3.259s] -- Installing: /home/leomorningrain/code/ws01_plumbing/install/cpp02_service/share/ament_index/resource_index/parent_prefix_path/cpp02_service
[3.259s] -- Installing: /home/leomorningrain/code/ws01_plumbing/install/cpp02_service/share/cpp02_service/environment/ament_prefix_path.sh
[3.259s] -- Installing: /home/leomorningrain/code/ws01_plumbing/install/cpp02_service/share/cpp02_service/environment/ament_prefix_path.dsv
[3.259s] -- Installing: /home/leomorningrain/code/ws01_plumbing/install/cpp02_service/share/cpp02_service/environment/path.sh
[3.260s] -- Installing: /home/leomorningrain/code/ws01_plumbing/install/cpp02_service/share/cpp02_service/environment/path.dsv
[3.260s] -- Installing: /home/leomorningrain/code/ws01_plumbing/install/cpp02_service/share/cpp02_service/local_setup.bash
[3.260s] -- Installing: /home/leomorningrain/code/ws01_plumbing/install/cpp02_service/share/cpp02_service/local_setup.sh
[3.260s] -- Installing: /home/leomorningrain/code/ws01_plumbing/install/cpp02_service/share/cpp02_service/local_setup.zsh
[3.260s] -- Installing: /home/leomorningrain/code/ws01_plumbing/install/cpp02_service/share/cpp02_service/local_setup.dsv
[3.260s] -- Installing: /home/leomorningrain/code/ws01_plumbing/install/cpp02_service/share/cpp02_service/package.dsv
[3.260s] -- Installing: /home/leomorningrain/code/ws01_plumbing/install/cpp02_service/share/ament_index/resource_index/packages/cpp02_service
[3.260s] -- Installing: /home/leomorningrain/code/ws01_plumbing/install/cpp02_service/share/cpp02_service/cmake/cpp02_serviceConfig.cmake
[3.260s] -- Installing: /home/leomorningrain/code/ws01_plumbing/install/cpp02_service/share/cpp02_service/cmake/cpp02_serviceConfig-version.cmake
[3.260s] -- Installing: /home/leomorningrain/code/ws01_plumbing/install/cpp02_service/share/cpp02_service/package.xml
[3.261s] Invoked command in '/home/leomorningrain/code/ws01_plumbing/build/cpp02_service' returned '0': CMAKE_PREFIX_PATH=/home/leomorningrain/code/ws01_plumbing/install/base_interfaces_demo:/home/leomorningrain/code/ws01_plumbing/install/cpp03_action:/home/leomorningrain/code/ws01_plumbing/install/py03_action:/opt/ros/humble LD_LIBRARY_PATH=/home/leomorningrain/code/ws01_plumbing/install/base_interfaces_demo/lib:/opt/ros/humble/opt/rviz_ogre_vendor/lib:/opt/ros/humble/lib/x86_64-linux-gnu:/opt/ros/humble/lib:/usr/local/lib:/usr/local/lib /usr/bin/cmake --install /home/leomorningrain/code/ws01_plumbing/build/cpp02_service
