[0.290s] Invoking command in '/home/leomorningrain/code/town_ws/src/village_li': PYTHONPATH=/home/leomorningrain/code/town_ws/build/village_li/prefix_override:/home/leomorningrain/code/town_ws/install/village_li/lib/python3.10/site-packages:${PYTHONPATH} /usr/bin/python3 setup.py egg_info --egg-base ../../build/village_li build --build-base /home/leomorningrain/code/town_ws/build/village_li/build install --record /home/leomorningrain/code/town_ws/build/village_li/install.log --single-version-externally-managed
[0.388s] running egg_info
[0.389s] writing ../../build/village_li/village_li.egg-info/PKG-INFO
[0.389s] writing dependency_links to ../../build/village_li/village_li.egg-info/dependency_links.txt
[0.389s] writing entry points to ../../build/village_li/village_li.egg-info/entry_points.txt
[0.389s] writing requirements to ../../build/village_li/village_li.egg-info/requires.txt
[0.389s] writing top-level names to ../../build/village_li/village_li.egg-info/top_level.txt
[0.390s] reading manifest file '../../build/village_li/village_li.egg-info/SOURCES.txt'
[0.396s] writing manifest file '../../build/village_li/village_li.egg-info/SOURCES.txt'
[0.397s] running build
[0.397s] running build_py
[0.397s] copying village_li/li4.py -> /home/leomorningrain/code/town_ws/build/village_li/build/lib/village_li
[0.397s] running install
[0.397s] /usr/lib/python3/dist-packages/setuptools/command/install.py:34: SetuptoolsDeprecationWarning: setup.py install is deprecated. Use build and pip and other standards-based tools.
[0.397s]   warnings.warn(
[0.397s] running install_lib
[0.397s] copying /home/leomorningrain/code/town_ws/build/village_li/build/lib/village_li/li4.py -> /home/leomorningrain/code/town_ws/install/village_li/lib/python3.10/site-packages/village_li
[0.397s] byte-compiling /home/leomorningrain/code/town_ws/install/village_li/lib/python3.10/site-packages/village_li/li4.py to li4.cpython-310.pyc
[0.398s] running install_data
[0.398s] running install_egg_info
[0.399s] removing '/home/leomorningrain/code/town_ws/install/village_li/lib/python3.10/site-packages/village_li-0.0.0-py3.10.egg-info' (and everything under it)
[0.399s] Copying ../../build/village_li/village_li.egg-info to /home/leomorningrain/code/town_ws/install/village_li/lib/python3.10/site-packages/village_li-0.0.0-py3.10.egg-info
[0.399s] running install_scripts
[0.409s] Installing li4_node script to /home/leomorningrain/code/town_ws/install/village_li/lib/village_li
[0.409s] writing list of installed files to '/home/leomorningrain/code/town_ws/build/village_li/install.log'
[0.424s] Invoked command in '/home/leomorningrain/code/town_ws/src/village_li' returned '0': PYTHONPATH=/home/leomorningrain/code/town_ws/build/village_li/prefix_override:/home/leomorningrain/code/town_ws/install/village_li/lib/python3.10/site-packages:${PYTHONPATH} /usr/bin/python3 setup.py egg_info --egg-base ../../build/village_li build --build-base /home/leomorningrain/code/town_ws/build/village_li/build install --record /home/leomorningrain/code/town_ws/build/village_li/install.log --single-version-externally-managed
