[0.007s] Invoking command in '/home/leomorningrain/code/ws01_plumbing/build/cpp02_service': CMAKE_PREFIX_PATH=/home/leomorningrain/code/ws01_plumbing/install/base_interfaces_demo:/home/leomorningrain/code/ws01_plumbing/install/cpp02_service:/home/leomorningrain/code/ws01_plumbing/install/cpp01_topic:/home/leomorningrain/code/ws01_plumbing/install/py01_topic:/opt/ros/humble LD_LIBRARY_PATH=/home/leomorningrain/code/ws01_plumbing/install/base_interfaces_demo/lib:/opt/ros/humble/opt/rviz_ogre_vendor/lib:/opt/ros/humble/lib/x86_64-linux-gnu:/opt/ros/humble/lib:/usr/local/lib:/usr/local/lib /usr/bin/cmake --build /home/leomorningrain/code/ws01_plumbing/build/cpp02_service -- -j32 -l32
[0.029s] [35m[1mConsolidate compiler generated dependencies of target demo02_client_cpp[0m
[0.034s] [ 50%] Built target demo01_server_cpp
[0.036s] [ 75%] [32mBuilding CXX object CMakeFiles/demo02_client_cpp.dir/src/demo02_client_cpp.cpp.o[0m
[1.458s] [100%] [32m[1mLinking CXX executable demo02_client_cpp[0m
[1.526s] [100%] Built target demo02_client_cpp
[1.532s] Invoked command in '/home/leomorningrain/code/ws01_plumbing/build/cpp02_service' returned '0': CMAKE_PREFIX_PATH=/home/leomorningrain/code/ws01_plumbing/install/base_interfaces_demo:/home/leomorningrain/code/ws01_plumbing/install/cpp02_service:/home/leomorningrain/code/ws01_plumbing/install/cpp01_topic:/home/leomorningrain/code/ws01_plumbing/install/py01_topic:/opt/ros/humble LD_LIBRARY_PATH=/home/leomorningrain/code/ws01_plumbing/install/base_interfaces_demo/lib:/opt/ros/humble/opt/rviz_ogre_vendor/lib:/opt/ros/humble/lib/x86_64-linux-gnu:/opt/ros/humble/lib:/usr/local/lib:/usr/local/lib /usr/bin/cmake --build /home/leomorningrain/code/ws01_plumbing/build/cpp02_service -- -j32 -l32
[1.554s] Invoking command in '/home/leomorningrain/code/ws01_plumbing/build/cpp02_service': CMAKE_PREFIX_PATH=/home/leomorningrain/code/ws01_plumbing/install/base_interfaces_demo:/home/leomorningrain/code/ws01_plumbing/install/cpp02_service:/home/leomorningrain/code/ws01_plumbing/install/cpp01_topic:/home/leomorningrain/code/ws01_plumbing/install/py01_topic:/opt/ros/humble LD_LIBRARY_PATH=/home/leomorningrain/code/ws01_plumbing/install/base_interfaces_demo/lib:/opt/ros/humble/opt/rviz_ogre_vendor/lib:/opt/ros/humble/lib/x86_64-linux-gnu:/opt/ros/humble/lib:/usr/local/lib:/usr/local/lib /usr/bin/cmake --install /home/leomorningrain/code/ws01_plumbing/build/cpp02_service
[1.559s] -- Install configuration: ""
[1.559s] -- Up-to-date: /home/leomorningrain/code/ws01_plumbing/install/cpp02_service/lib/cpp02_service/demo01_server_cpp
[1.560s] -- Installing: /home/leomorningrain/code/ws01_plumbing/install/cpp02_service/lib/cpp02_service/demo02_client_cpp
[1.560s] -- Set runtime path of "/home/leomorningrain/code/ws01_plumbing/install/cpp02_service/lib/cpp02_service/demo02_client_cpp" to ""
[1.560s] -- Up-to-date: /home/leomorningrain/code/ws01_plumbing/install/cpp02_service/share/ament_index/resource_index/package_run_dependencies/cpp02_service
[1.560s] -- Up-to-date: /home/leomorningrain/code/ws01_plumbing/install/cpp02_service/share/ament_index/resource_index/parent_prefix_path/cpp02_service
[1.560s] -- Up-to-date: /home/leomorningrain/code/ws01_plumbing/install/cpp02_service/share/cpp02_service/environment/ament_prefix_path.sh
[1.561s] -- Up-to-date: /home/leomorningrain/code/ws01_plumbing/install/cpp02_service/share/cpp02_service/environment/ament_prefix_path.dsv
[1.561s] -- Up-to-date: /home/leomorningrain/code/ws01_plumbing/install/cpp02_service/share/cpp02_service/environment/path.sh
[1.561s] -- Up-to-date: /home/leomorningrain/code/ws01_plumbing/install/cpp02_service/share/cpp02_service/environment/path.dsv
[1.561s] -- Up-to-date: /home/leomorningrain/code/ws01_plumbing/install/cpp02_service/share/cpp02_service/local_setup.bash
[1.561s] -- Up-to-date: /home/leomorningrain/code/ws01_plumbing/install/cpp02_service/share/cpp02_service/local_setup.sh
[1.561s] -- Up-to-date: /home/leomorningrain/code/ws01_plumbing/install/cpp02_service/share/cpp02_service/local_setup.zsh
[1.561s] -- Up-to-date: /home/leomorningrain/code/ws01_plumbing/install/cpp02_service/share/cpp02_service/local_setup.dsv
[1.561s] -- Installing: /home/leomorningrain/code/ws01_plumbing/install/cpp02_service/share/cpp02_service/package.dsv
[1.561s] -- Up-to-date: /home/leomorningrain/code/ws01_plumbing/install/cpp02_service/share/ament_index/resource_index/packages/cpp02_service
[1.561s] -- Up-to-date: /home/leomorningrain/code/ws01_plumbing/install/cpp02_service/share/cpp02_service/cmake/cpp02_serviceConfig.cmake
[1.561s] -- Up-to-date: /home/leomorningrain/code/ws01_plumbing/install/cpp02_service/share/cpp02_service/cmake/cpp02_serviceConfig-version.cmake
[1.561s] -- Up-to-date: /home/leomorningrain/code/ws01_plumbing/install/cpp02_service/share/cpp02_service/package.xml
[1.562s] Invoked command in '/home/leomorningrain/code/ws01_plumbing/build/cpp02_service' returned '0': CMAKE_PREFIX_PATH=/home/leomorningrain/code/ws01_plumbing/install/base_interfaces_demo:/home/leomorningrain/code/ws01_plumbing/install/cpp02_service:/home/leomorningrain/code/ws01_plumbing/install/cpp01_topic:/home/leomorningrain/code/ws01_plumbing/install/py01_topic:/opt/ros/humble LD_LIBRARY_PATH=/home/leomorningrain/code/ws01_plumbing/install/base_interfaces_demo/lib:/opt/ros/humble/opt/rviz_ogre_vendor/lib:/opt/ros/humble/lib/x86_64-linux-gnu:/opt/ros/humble/lib:/usr/local/lib:/usr/local/lib /usr/bin/cmake --install /home/leomorningrain/code/ws01_plumbing/build/cpp02_service
