[0.296s] Invoking command in '/home/leomorningrain/code/town_ws/src/village_li': PYTHONPATH=/home/leomorningrain/code/town_ws/build/village_li/prefix_override:/home/leomorningrain/code/town_ws/install/village_li/lib/python3.10/site-packages:${PYTHONPATH} /usr/bin/python3 setup.py egg_info --egg-base ../../build/village_li build --build-base /home/leomorningrain/code/town_ws/build/village_li/build install --record /home/leomorningrain/code/town_ws/build/village_li/install.log --single-version-externally-managed
[0.393s] running egg_info
[0.393s] writing ../../build/village_li/village_li.egg-info/PKG-INFO
[0.393s] writing dependency_links to ../../build/village_li/village_li.egg-info/dependency_links.txt
[0.393s] writing entry points to ../../build/village_li/village_li.egg-info/entry_points.txt
[0.393s] writing requirements to ../../build/village_li/village_li.egg-info/requires.txt
[0.393s] writing top-level names to ../../build/village_li/village_li.egg-info/top_level.txt
[0.394s] reading manifest file '../../build/village_li/village_li.egg-info/SOURCES.txt'
[0.394s] writing manifest file '../../build/village_li/village_li.egg-info/SOURCES.txt'
[0.394s] running build
[0.395s] running build_py
[0.395s] copying village_li/li4.py -> /home/leomorningrain/code/town_ws/build/village_li/build/lib/village_li
[0.395s] running install
[0.395s] /usr/lib/python3/dist-packages/setuptools/command/install.py:34: SetuptoolsDeprecationWarning: setup.py install is deprecated. Use build and pip and other standards-based tools.
[0.395s]   warnings.warn(
[0.395s] running install_lib
[0.395s] copying /home/leomorningrain/code/town_ws/build/village_li/build/lib/village_li/li4.py -> /home/leomorningrain/code/town_ws/install/village_li/lib/python3.10/site-packages/village_li
[0.396s] byte-compiling /home/leomorningrain/code/town_ws/install/village_li/lib/python3.10/site-packages/village_li/li4.py to li4.cpython-310.pyc
[0.396s] running install_data
[0.396s] running install_egg_info
[0.397s] removing '/home/leomorningrain/code/town_ws/install/village_li/lib/python3.10/site-packages/village_li-0.0.0-py3.10.egg-info' (and everything under it)
[0.397s] Copying ../../build/village_li/village_li.egg-info to /home/leomorningrain/code/town_ws/install/village_li/lib/python3.10/site-packages/village_li-0.0.0-py3.10.egg-info
[0.397s] running install_scripts
[0.407s] Installing li4_node script to /home/leomorningrain/code/town_ws/install/village_li/lib/village_li
[0.408s] writing list of installed files to '/home/leomorningrain/code/town_ws/build/village_li/install.log'
[0.421s] Invoked command in '/home/leomorningrain/code/town_ws/src/village_li' returned '0': PYTHONPATH=/home/leomorningrain/code/town_ws/build/village_li/prefix_override:/home/leomorningrain/code/town_ws/install/village_li/lib/python3.10/site-packages:${PYTHONPATH} /usr/bin/python3 setup.py egg_info --egg-base ../../build/village_li build --build-base /home/leomorningrain/code/town_ws/build/village_li/build install --record /home/leomorningrain/code/town_ws/build/village_li/install.log --single-version-externally-managed
