[0.004s] Invoking command in '/home/leomorningrain/code/control_ws/src/build/ros2_control_demo_example_2': CMAKE_PREFIX_PATH=${CMAKE_PREFIX_PATH}:/opt/ros/humble /usr/bin/cmake /home/leomorningrain/code/control_ws/src/example_2 -DCMAKE_INSTALL_PREFIX=/home/leomorningrain/code/control_ws/src/install/ros2_control_demo_example_2
[0.049s] -- The CXX compiler identification is GNU 11.4.0
[0.059s] -- Detecting CXX compiler ABI info
[0.126s] -- Detecting CXX compiler ABI info - done
[0.130s] -- Check for working CXX compiler: /usr/bin/c++ - skipped
[0.130s] -- Detecting CXX compile features
[0.130s] -- Detecting CXX compile features - done
[0.131s] -- Found ament_cmake: 1.3.8 (/opt/ros/humble/share/ament_cmake/cmake)
[0.221s] -- Found Python3: /usr/bin/python3 (found version "3.10.12") found components: Interpreter 
[0.268s] -- Found hardware_interface: 2.40.0 (/opt/ros/humble/share/hardware_interface/cmake)
[0.287s] -- Found rosidl_generator_c: 3.1.5 (/opt/ros/humble/share/rosidl_generator_c/cmake)
[0.289s] -- Found rosidl_adapter: 3.1.5 (/opt/ros/humble/share/rosidl_adapter/cmake)
[0.293s] -- Found rosidl_generator_cpp: 3.1.5 (/opt/ros/humble/share/rosidl_generator_cpp/cmake)
[0.299s] -- Using all available rosidl_typesupport_c: rosidl_typesupport_fastrtps_c;rosidl_typesupport_introspection_c
[0.308s] -- Using all available rosidl_typesupport_cpp: rosidl_typesupport_fastrtps_cpp;rosidl_typesupport_introspection_cpp
[0.616s] -- Found rmw_implementation_cmake: 6.1.1 (/opt/ros/humble/share/rmw_implementation_cmake/cmake)
[0.617s] -- Found rmw_fastrtps_cpp: 6.2.6 (/opt/ros/humble/share/rmw_fastrtps_cpp/cmake)
[0.634s] -- Found TinyXML2 via Config file: TinyXML2_DIR-NOTFOUND
[0.658s] -- Found OpenSSL: /usr/lib/x86_64-linux-gnu/libcrypto.so (found version "3.0.2")  
[0.659s] -- Found TinyXML2 via Config file: TinyXML2_DIR-NOTFOUND
[0.666s] -- Found FastRTPS: /opt/ros/humble/include  
[0.671s] -- Found TinyXML2 via Config file: TinyXML2_DIR-NOTFOUND
[0.675s] -- Found TinyXML2 via Config file: TinyXML2_DIR-NOTFOUND
[0.679s] -- Using RMW implementation 'rmw_fastrtps_cpp' as default
[0.683s] -- Looking for C++ include pthread.h
[0.734s] -- Looking for C++ include pthread.h - found
[0.734s] -- Performing Test CMAKE_HAVE_LIBC_PTHREAD
[0.783s] -- Performing Test CMAKE_HAVE_LIBC_PTHREAD - Success
[0.784s] -- Found Threads: TRUE  
[0.885s] -- Found ament_cmake_pytest: 1.3.8 (/opt/ros/humble/share/ament_cmake_pytest/cmake)
[1.181s] -- Configuring done
[1.191s] -- Generating done
[1.191s] -- Build files have been written to: /home/leomorningrain/code/control_ws/src/build/ros2_control_demo_example_2
[1.196s] Invoked command in '/home/leomorningrain/code/control_ws/src/build/ros2_control_demo_example_2' returned '0': CMAKE_PREFIX_PATH=${CMAKE_PREFIX_PATH}:/opt/ros/humble /usr/bin/cmake /home/leomorningrain/code/control_ws/src/example_2 -DCMAKE_INSTALL_PREFIX=/home/leomorningrain/code/control_ws/src/install/ros2_control_demo_example_2
[1.197s] Invoking command in '/home/leomorningrain/code/control_ws/src/build/ros2_control_demo_example_2': CMAKE_PREFIX_PATH=${CMAKE_PREFIX_PATH}:/opt/ros/humble /usr/bin/cmake --build /home/leomorningrain/code/control_ws/src/build/ros2_control_demo_example_2 -- -j32 -l32
[1.230s] [ 50%] [32mBuilding CXX object CMakeFiles/ros2_control_demo_example_2.dir/hardware/diffbot_system.cpp.o[0m
[2.654s] [100%] [32m[1mLinking CXX shared library libros2_control_demo_example_2.so[0m
[2.732s] [100%] Built target ros2_control_demo_example_2
[2.741s] Invoked command in '/home/leomorningrain/code/control_ws/src/build/ros2_control_demo_example_2' returned '0': CMAKE_PREFIX_PATH=${CMAKE_PREFIX_PATH}:/opt/ros/humble /usr/bin/cmake --build /home/leomorningrain/code/control_ws/src/build/ros2_control_demo_example_2 -- -j32 -l32
[2.770s] Invoking command in '/home/leomorningrain/code/control_ws/src/build/ros2_control_demo_example_2': CMAKE_PREFIX_PATH=${CMAKE_PREFIX_PATH}:/opt/ros/humble /usr/bin/cmake --install /home/leomorningrain/code/control_ws/src/build/ros2_control_demo_example_2
[2.777s] -- Install configuration: ""
[2.777s] -- Installing: /home/leomorningrain/code/control_ws/src/install/ros2_control_demo_example_2/share/ros2_control_demo_example_2/ros2_control_demo_example_2.xml
[2.777s] -- Installing: /home/leomorningrain/code/control_ws/src/install/ros2_control_demo_example_2/include/ros2_control_demo_example_2
[2.777s] -- Installing: /home/leomorningrain/code/control_ws/src/install/ros2_control_demo_example_2/include/ros2_control_demo_example_2/ros2_control_demo_example_2
[2.778s] -- Installing: /home/leomorningrain/code/control_ws/src/install/ros2_control_demo_example_2/include/ros2_control_demo_example_2/ros2_control_demo_example_2/visibility_control.h
[2.778s] -- Installing: /home/leomorningrain/code/control_ws/src/install/ros2_control_demo_example_2/include/ros2_control_demo_example_2/ros2_control_demo_example_2/diffbot_system.hpp
[2.778s] -- Installing: /home/leomorningrain/code/control_ws/src/install/ros2_control_demo_example_2/share/ros2_control_demo_example_2/launch
[2.778s] -- Installing: /home/leomorningrain/code/control_ws/src/install/ros2_control_demo_example_2/share/ros2_control_demo_example_2/launch/view_robot.launch.py
[2.778s] -- Installing: /home/leomorningrain/code/control_ws/src/install/ros2_control_demo_example_2/share/ros2_control_demo_example_2/ros2_control
[2.778s] -- Installing: /home/leomorningrain/code/control_ws/src/install/ros2_control_demo_example_2/share/ros2_control_demo_example_2/ros2_control/diffbot.ros2_control.xacro
[2.778s] -- Installing: /home/leomorningrain/code/control_ws/src/install/ros2_control_demo_example_2/share/ros2_control_demo_example_2/urdf
[2.778s] -- Installing: /home/leomorningrain/code/control_ws/src/install/ros2_control_demo_example_2/share/ros2_control_demo_example_2/urdf/diffbot.urdf.xacro
[2.778s] -- Up-to-date: /home/leomorningrain/code/control_ws/src/install/ros2_control_demo_example_2/share/ros2_control_demo_example_2/launch
[2.778s] -- Installing: /home/leomorningrain/code/control_ws/src/install/ros2_control_demo_example_2/share/ros2_control_demo_example_2/launch/diffbot.launch.py
[2.778s] -- Installing: /home/leomorningrain/code/control_ws/src/install/ros2_control_demo_example_2/share/ros2_control_demo_example_2/config
[2.778s] -- Installing: /home/leomorningrain/code/control_ws/src/install/ros2_control_demo_example_2/share/ros2_control_demo_example_2/config/diffbot_controllers.yaml
[2.778s] -- Installing: /home/leomorningrain/code/control_ws/src/install/ros2_control_demo_example_2/lib/libros2_control_demo_example_2.so
[2.778s] -- Set runtime path of "/home/leomorningrain/code/control_ws/src/install/ros2_control_demo_example_2/lib/libros2_control_demo_example_2.so" to ""
[2.778s] -- Installing: /home/leomorningrain/code/control_ws/src/install/ros2_control_demo_example_2/share/ros2_control_demo_example_2/environment/library_path.sh
[2.778s] -- Installing: /home/leomorningrain/code/control_ws/src/install/ros2_control_demo_example_2/share/ros2_control_demo_example_2/environment/library_path.dsv
[2.778s] -- Installing: /home/leomorningrain/code/control_ws/src/install/ros2_control_demo_example_2/share/ament_index/resource_index/package_run_dependencies/ros2_control_demo_example_2
[2.778s] -- Installing: /home/leomorningrain/code/control_ws/src/install/ros2_control_demo_example_2/share/ament_index/resource_index/parent_prefix_path/ros2_control_demo_example_2
[2.778s] -- Installing: /home/leomorningrain/code/control_ws/src/install/ros2_control_demo_example_2/share/ros2_control_demo_example_2/environment/ament_prefix_path.sh
[2.778s] -- Installing: /home/leomorningrain/code/control_ws/src/install/ros2_control_demo_example_2/share/ros2_control_demo_example_2/environment/ament_prefix_path.dsv
[2.778s] -- Installing: /home/leomorningrain/code/control_ws/src/install/ros2_control_demo_example_2/share/ros2_control_demo_example_2/environment/path.sh
[2.779s] -- Installing: /home/leomorningrain/code/control_ws/src/install/ros2_control_demo_example_2/share/ros2_control_demo_example_2/environment/path.dsv
[2.779s] -- Installing: /home/leomorningrain/code/control_ws/src/install/ros2_control_demo_example_2/share/ros2_control_demo_example_2/local_setup.bash
[2.779s] -- Installing: /home/leomorningrain/code/control_ws/src/install/ros2_control_demo_example_2/share/ros2_control_demo_example_2/local_setup.sh
[2.779s] -- Installing: /home/leomorningrain/code/control_ws/src/install/ros2_control_demo_example_2/share/ros2_control_demo_example_2/local_setup.zsh
[2.779s] -- Installing: /home/leomorningrain/code/control_ws/src/install/ros2_control_demo_example_2/share/ros2_control_demo_example_2/local_setup.dsv
[2.779s] -- Installing: /home/leomorningrain/code/control_ws/src/install/ros2_control_demo_example_2/share/ros2_control_demo_example_2/package.dsv
[2.779s] -- Installing: /home/leomorningrain/code/control_ws/src/install/ros2_control_demo_example_2/share/ament_index/resource_index/packages/ros2_control_demo_example_2
[2.779s] -- Installing: /home/leomorningrain/code/control_ws/src/install/ros2_control_demo_example_2/share/ament_index/resource_index/hardware_interface__pluginlib__plugin/ros2_control_demo_example_2
[2.779s] -- Installing: /home/leomorningrain/code/control_ws/src/install/ros2_control_demo_example_2/share/ros2_control_demo_example_2/cmake/export_ros2_control_demo_example_2Export.cmake
[2.779s] -- Installing: /home/leomorningrain/code/control_ws/src/install/ros2_control_demo_example_2/share/ros2_control_demo_example_2/cmake/export_ros2_control_demo_example_2Export-noconfig.cmake
[2.779s] -- Installing: /home/leomorningrain/code/control_ws/src/install/ros2_control_demo_example_2/share/ros2_control_demo_example_2/cmake/ament_cmake_export_targets-extras.cmake
[2.779s] -- Installing: /home/leomorningrain/code/control_ws/src/install/ros2_control_demo_example_2/share/ros2_control_demo_example_2/cmake/ament_cmake_export_dependencies-extras.cmake
[2.779s] -- Installing: /home/leomorningrain/code/control_ws/src/install/ros2_control_demo_example_2/share/ros2_control_demo_example_2/cmake/ros2_control_demo_example_2Config.cmake
[2.779s] -- Installing: /home/leomorningrain/code/control_ws/src/install/ros2_control_demo_example_2/share/ros2_control_demo_example_2/cmake/ros2_control_demo_example_2Config-version.cmake
[2.779s] -- Installing: /home/leomorningrain/code/control_ws/src/install/ros2_control_demo_example_2/share/ros2_control_demo_example_2/package.xml
[2.781s] Invoked command in '/home/leomorningrain/code/control_ws/src/build/ros2_control_demo_example_2' returned '0': CMAKE_PREFIX_PATH=${CMAKE_PREFIX_PATH}:/opt/ros/humble /usr/bin/cmake --install /home/leomorningrain/code/control_ws/src/build/ros2_control_demo_example_2
