[0.009s] Invoking command in '/home/leomorningrain/code/ws01_plumbing/build/cpp03_action': AMENT_PREFIX_PATH=/home/leomorningrain/code/ws01_plumbing/install/base_interfaces_demo:${AMENT_PREFIX_PATH} CMAKE_PREFIX_PATH=/home/leomorningrain/code/ws01_plumbing/install/base_interfaces_demo:/opt/ros/humble LD_LIBRARY_PATH=/home/leomorningrain/code/ws01_plumbing/install/base_interfaces_demo/lib:/opt/ros/humble/opt/rviz_ogre_vendor/lib:/opt/ros/humble/lib/x86_64-linux-gnu:/opt/ros/humble/lib:/usr/local/lib:/usr/local/lib PYTHONPATH=/home/leomorningrain/code/ws01_plumbing/install/base_interfaces_demo/local/lib/python3.10/dist-packages:${PYTHONPATH} /usr/bin/cmake --build /home/leomorningrain/code/ws01_plumbing/build/cpp03_action -- -j32 -l32
[0.041s] [35m[1mConsolidate compiler generated dependencies of target demo01_action_server[0m
[0.047s] [ 25%] [32mBuilding CXX object CMakeFiles/demo02_action_client.dir/src/demo02_action_client.cpp.o[0m
[0.049s] [ 50%] [32mBuilding CXX object CMakeFiles/demo01_action_server.dir/src/demo01_action_server.cpp.o[0m
[1.162s] [01m[K/home/leomorningrain/code/ws01_plumbing/src/cpp03_action/src/demo01_action_server.cpp:[m[K In member function ‘[01m[Krclcpp_action::GoalResponse ProgressActionServer::handle_goal(const GoalUUID&, std::shared_ptr<const base_interfaces_demo::action::Progress_Goal_<std::allocator<void> > >)[m[K’:
[1.162s] [01m[K/home/leomorningrain/code/ws01_plumbing/src/cpp03_action/src/demo01_action_server.cpp:38:74:[m[K [01;35m[Kwarning: [m[Kunused parameter ‘[01m[Kuuid[m[K’ [[01;35m[K]8;;https://gcc.gnu.org/onlinedocs/gcc/Warning-Options.html#index-Wunused-parameter-Wunused-parameter]8;;[m[K]
[1.162s]    38 | oal([01;35m[Kconst rclcpp_action::GoalUUID &uuid[m[K, std::shared_ptr<const Progress::Goal> goal)
[1.162s]       |     [01;35m[K~~~~~~~~~~~~~~~~~~~~~~~~~~~~~~~^~~~[m[K
[1.162s] 
[1.412s] [ 75%] [32m[1mLinking CXX executable demo02_action_client[0m
[1.484s] [ 75%] Built target demo02_action_client
[1.777s] [100%] [32m[1mLinking CXX executable demo01_action_server[0m
[1.879s] [100%] Built target demo01_action_server
[1.884s] Invoked command in '/home/leomorningrain/code/ws01_plumbing/build/cpp03_action' returned '0': AMENT_PREFIX_PATH=/home/leomorningrain/code/ws01_plumbing/install/base_interfaces_demo:${AMENT_PREFIX_PATH} CMAKE_PREFIX_PATH=/home/leomorningrain/code/ws01_plumbing/install/base_interfaces_demo:/opt/ros/humble LD_LIBRARY_PATH=/home/leomorningrain/code/ws01_plumbing/install/base_interfaces_demo/lib:/opt/ros/humble/opt/rviz_ogre_vendor/lib:/opt/ros/humble/lib/x86_64-linux-gnu:/opt/ros/humble/lib:/usr/local/lib:/usr/local/lib PYTHONPATH=/home/leomorningrain/code/ws01_plumbing/install/base_interfaces_demo/local/lib/python3.10/dist-packages:${PYTHONPATH} /usr/bin/cmake --build /home/leomorningrain/code/ws01_plumbing/build/cpp03_action -- -j32 -l32
[1.920s] Invoking command in '/home/leomorningrain/code/ws01_plumbing/build/cpp03_action': AMENT_PREFIX_PATH=/home/leomorningrain/code/ws01_plumbing/install/base_interfaces_demo:${AMENT_PREFIX_PATH} CMAKE_PREFIX_PATH=/home/leomorningrain/code/ws01_plumbing/install/base_interfaces_demo:/opt/ros/humble LD_LIBRARY_PATH=/home/leomorningrain/code/ws01_plumbing/install/base_interfaces_demo/lib:/opt/ros/humble/opt/rviz_ogre_vendor/lib:/opt/ros/humble/lib/x86_64-linux-gnu:/opt/ros/humble/lib:/usr/local/lib:/usr/local/lib PYTHONPATH=/home/leomorningrain/code/ws01_plumbing/install/base_interfaces_demo/local/lib/python3.10/dist-packages:${PYTHONPATH} /usr/bin/cmake --install /home/leomorningrain/code/ws01_plumbing/build/cpp03_action
[1.930s] -- Install configuration: ""
[1.931s] -- Installing: /home/leomorningrain/code/ws01_plumbing/install/cpp03_action/lib/cpp03_action/demo01_action_server
[1.932s] -- Set runtime path of "/home/leomorningrain/code/ws01_plumbing/install/cpp03_action/lib/cpp03_action/demo01_action_server" to ""
[1.933s] -- Installing: /home/leomorningrain/code/ws01_plumbing/install/cpp03_action/lib/cpp03_action/demo02_action_client
[1.934s] -- Set runtime path of "/home/leomorningrain/code/ws01_plumbing/install/cpp03_action/lib/cpp03_action/demo02_action_client" to ""
[1.934s] -- Up-to-date: /home/leomorningrain/code/ws01_plumbing/install/cpp03_action/share/ament_index/resource_index/package_run_dependencies/cpp03_action
[1.934s] -- Up-to-date: /home/leomorningrain/code/ws01_plumbing/install/cpp03_action/share/ament_index/resource_index/parent_prefix_path/cpp03_action
[1.934s] -- Up-to-date: /home/leomorningrain/code/ws01_plumbing/install/cpp03_action/share/cpp03_action/environment/ament_prefix_path.sh
[1.934s] -- Up-to-date: /home/leomorningrain/code/ws01_plumbing/install/cpp03_action/share/cpp03_action/environment/ament_prefix_path.dsv
[1.935s] -- Up-to-date: /home/leomorningrain/code/ws01_plumbing/install/cpp03_action/share/cpp03_action/environment/path.sh
[1.935s] -- Up-to-date: /home/leomorningrain/code/ws01_plumbing/install/cpp03_action/share/cpp03_action/environment/path.dsv
[1.935s] -- Up-to-date: /home/leomorningrain/code/ws01_plumbing/install/cpp03_action/share/cpp03_action/local_setup.bash
[1.935s] -- Up-to-date: /home/leomorningrain/code/ws01_plumbing/install/cpp03_action/share/cpp03_action/local_setup.sh
[1.935s] -- Up-to-date: /home/leomorningrain/code/ws01_plumbing/install/cpp03_action/share/cpp03_action/local_setup.zsh
[1.935s] -- Up-to-date: /home/leomorningrain/code/ws01_plumbing/install/cpp03_action/share/cpp03_action/local_setup.dsv
[1.935s] -- Installing: /home/leomorningrain/code/ws01_plumbing/install/cpp03_action/share/cpp03_action/package.dsv
[1.935s] -- Up-to-date: /home/leomorningrain/code/ws01_plumbing/install/cpp03_action/share/ament_index/resource_index/packages/cpp03_action
[1.935s] -- Up-to-date: /home/leomorningrain/code/ws01_plumbing/install/cpp03_action/share/cpp03_action/cmake/cpp03_actionConfig.cmake
[1.935s] -- Up-to-date: /home/leomorningrain/code/ws01_plumbing/install/cpp03_action/share/cpp03_action/cmake/cpp03_actionConfig-version.cmake
[1.935s] -- Up-to-date: /home/leomorningrain/code/ws01_plumbing/install/cpp03_action/share/cpp03_action/package.xml
[1.937s] Invoked command in '/home/leomorningrain/code/ws01_plumbing/build/cpp03_action' returned '0': AMENT_PREFIX_PATH=/home/leomorningrain/code/ws01_plumbing/install/base_interfaces_demo:${AMENT_PREFIX_PATH} CMAKE_PREFIX_PATH=/home/leomorningrain/code/ws01_plumbing/install/base_interfaces_demo:/opt/ros/humble LD_LIBRARY_PATH=/home/leomorningrain/code/ws01_plumbing/install/base_interfaces_demo/lib:/opt/ros/humble/opt/rviz_ogre_vendor/lib:/opt/ros/humble/lib/x86_64-linux-gnu:/opt/ros/humble/lib:/usr/local/lib:/usr/local/lib PYTHONPATH=/home/leomorningrain/code/ws01_plumbing/install/base_interfaces_demo/local/lib/python3.10/dist-packages:${PYTHONPATH} /usr/bin/cmake --install /home/leomorningrain/code/ws01_plumbing/build/cpp03_action
