[0.331s] Invoking command in '/home/leomorningrain/code/town_ws/build/village_li': PYTHONPATH=/home/leomorningrain/code/town_ws/build/village_li/prefix_override:/home/leomorningrain/code/town_ws/install/village_li/lib/python3.10/site-packages:${PYTHONPATH} /usr/bin/python3 setup.py develop --editable --build-directory /home/leomorningrain/code/town_ws/build/village_li/build --no-deps install_data
[0.439s] running develop
[0.439s] /usr/lib/python3/dist-packages/setuptools/command/easy_install.py:158: EasyInstallDeprecationWarning: easy_install command is deprecated. Use build and pip and other standards-based tools.
[0.439s]   warnings.warn(
[0.440s] /usr/lib/python3/dist-packages/setuptools/command/install.py:34: SetuptoolsDeprecationWarning: setup.py install is deprecated. Use build and pip and other standards-based tools.
[0.440s]   warnings.warn(
[0.499s] running egg_info
[0.499s] writing village_li.egg-info/PKG-INFO
[0.499s] writing dependency_links to village_li.egg-info/dependency_links.txt
[0.499s] writing entry points to village_li.egg-info/entry_points.txt
[0.499s] writing requirements to village_li.egg-info/requires.txt
[0.499s] writing top-level names to village_li.egg-info/top_level.txt
[0.500s] reading manifest file 'village_li.egg-info/SOURCES.txt'
[0.500s] writing manifest file 'village_li.egg-info/SOURCES.txt'
[0.501s] running build_ext
[0.501s] Creating /home/leomorningrain/code/town_ws/install/village_li/lib/python3.10/site-packages/village-li.egg-link (link to .)
[0.501s] Installing li4_node script to /home/leomorningrain/code/town_ws/install/village_li/lib/village_li
[0.501s] 
[0.501s] Installed /home/leomorningrain/code/town_ws/build/village_li
[0.501s] running install_data
[0.514s] Invoked command in '/home/leomorningrain/code/town_ws/build/village_li' returned '0': PYTHONPATH=/home/leomorningrain/code/town_ws/build/village_li/prefix_override:/home/leomorningrain/code/town_ws/install/village_li/lib/python3.10/site-packages:${PYTHONPATH} /usr/bin/python3 setup.py develop --editable --build-directory /home/leomorningrain/code/town_ws/build/village_li/build --no-deps install_data
