[0.261s] Invoking command in '/home/leomorningrain/code/ws01_plumbing/src/py02_service': CMAKE_PREFIX_PATH=/home/leomorningrain/code/ws01_plumbing/install/base_interfaces_demo:/home/leomorningrain/code/ws01_plumbing/install/cpp02_service:/home/leomorningrain/code/ws01_plumbing/install/cpp01_topic LD_LIBRARY_PATH=/home/leomorningrain/code/ws01_plumbing/install/base_interfaces_demo/lib:/opt/ros/humble/opt/rviz_ogre_vendor/lib:/opt/ros/humble/lib/x86_64-linux-gnu:/opt/ros/humble/lib:/usr/local/lib:/usr/local/lib PYTHONPATH=/home/leomorningrain/code/ws01_plumbing/build/py02_service/prefix_override:/home/leomorningrain/code/ws01_plumbing/install/py02_service/lib/python3.10/site-packages:${PYTHONPATH} /usr/bin/python3 -W ignore:setup.py install is deprecated setup.py egg_info --egg-base ../../build/py02_service build --build-base /home/leomorningrain/code/ws01_plumbing/build/py02_service/build install --record /home/leomorningrain/code/ws01_plumbing/build/py02_service/install.log --single-version-externally-managed install_data
[0.359s] running egg_info
[0.359s] writing ../../build/py02_service/py02_service.egg-info/PKG-INFO
[0.359s] writing dependency_links to ../../build/py02_service/py02_service.egg-info/dependency_links.txt
[0.359s] writing entry points to ../../build/py02_service/py02_service.egg-info/entry_points.txt
[0.359s] writing requirements to ../../build/py02_service/py02_service.egg-info/requires.txt
[0.359s] writing top-level names to ../../build/py02_service/py02_service.egg-info/top_level.txt
[0.360s] reading manifest file '../../build/py02_service/py02_service.egg-info/SOURCES.txt'
[0.361s] writing manifest file '../../build/py02_service/py02_service.egg-info/SOURCES.txt'
[0.361s] running build
[0.361s] running build_py
[0.361s] copying py02_service/demo01_server_py.py -> /home/leomorningrain/code/ws01_plumbing/build/py02_service/build/lib/py02_service
[0.361s] running install
[0.361s] running install_lib
[0.361s] copying /home/leomorningrain/code/ws01_plumbing/build/py02_service/build/lib/py02_service/demo01_server_py.py -> /home/leomorningrain/code/ws01_plumbing/install/py02_service/lib/python3.10/site-packages/py02_service
[0.361s] byte-compiling /home/leomorningrain/code/ws01_plumbing/install/py02_service/lib/python3.10/site-packages/py02_service/demo01_server_py.py to demo01_server_py.cpython-310.pyc
[0.362s] running install_data
[0.362s] running install_egg_info
[0.363s] removing '/home/leomorningrain/code/ws01_plumbing/install/py02_service/lib/python3.10/site-packages/py02_service-0.0.0-py3.10.egg-info' (and everything under it)
[0.363s] Copying ../../build/py02_service/py02_service.egg-info to /home/leomorningrain/code/ws01_plumbing/install/py02_service/lib/python3.10/site-packages/py02_service-0.0.0-py3.10.egg-info
[0.363s] running install_scripts
[0.373s] Installing demo01_server_py script to /home/leomorningrain/code/ws01_plumbing/install/py02_service/lib/py02_service
[0.373s] Installing demo02_client_py script to /home/leomorningrain/code/ws01_plumbing/install/py02_service/lib/py02_service
[0.373s] writing list of installed files to '/home/leomorningrain/code/ws01_plumbing/build/py02_service/install.log'
[0.383s] Invoked command in '/home/leomorningrain/code/ws01_plumbing/src/py02_service' returned '0': CMAKE_PREFIX_PATH=/home/leomorningrain/code/ws01_plumbing/install/base_interfaces_demo:/home/leomorningrain/code/ws01_plumbing/install/cpp02_service:/home/leomorningrain/code/ws01_plumbing/install/cpp01_topic LD_LIBRARY_PATH=/home/leomorningrain/code/ws01_plumbing/install/base_interfaces_demo/lib:/opt/ros/humble/opt/rviz_ogre_vendor/lib:/opt/ros/humble/lib/x86_64-linux-gnu:/opt/ros/humble/lib:/usr/local/lib:/usr/local/lib PYTHONPATH=/home/leomorningrain/code/ws01_plumbing/build/py02_service/prefix_override:/home/leomorningrain/code/ws01_plumbing/install/py02_service/lib/python3.10/site-packages:${PYTHONPATH} /usr/bin/python3 -W ignore:setup.py install is deprecated setup.py egg_info --egg-base ../../build/py02_service build --build-base /home/leomorningrain/code/ws01_plumbing/build/py02_service/build install --record /home/leomorningrain/code/ws01_plumbing/build/py02_service/install.log --single-version-externally-managed install_data
