-- The C compiler identification is GNU 11.4.0
-- The CXX compiler identification is GNU 11.4.0
-- Detecting C compiler ABI info
-- Detecting C compiler ABI info - done
-- Check for working C compiler: /usr/bin/cc - skipped
-- Detecting C compile features
-- Detecting C compile features - done
-- Detecting CXX compiler ABI info
-- Detecting CXX compiler ABI info - done
-- Check for working CXX compiler: /usr/bin/c++ - skipped
-- Detecting CXX compile features
-- Detecting CXX compile features - done
-- Found ament_cmake: 1.3.8 (/opt/ros/humble/share/ament_cmake/cmake)
-- Found Python3: /usr/bin/python3 (found version "3.10.12") found components: Interpreter 
-- Override CMake install command with custom implementation using symlinks instead of copying resources
-- Found urdf: 2.6.0 (/opt/ros/humble/share/urdf/cmake)
-- Found xacro: 2.0.8 (/opt/ros/humble/share/xacro/cmake)
-- Configuring done
-- Generating done
-- Build files have been written to: /home/leomorningrain/code/ros2-mecanum-bot/build/mecanumbot_description
-- Install configuration: ""
-- Execute custom install script
-- Symlinking: /home/leomorningrain/code/ros2-mecanum-bot/install/mecanumbot_description/share/mecanumbot_description/urdf/mecanumbot.urdf
-- Symlinking: /home/leomorningrain/code/ros2-mecanum-bot/install/mecanumbot_description/share/mecanumbot_description/rviz/model.rviz
-- Symlinking: /home/leomorningrain/code/ros2-mecanum-bot/install/mecanumbot_description/share/mecanumbot_description/meshes/fl_wheel_link.STL
-- Symlinking: /home/leomorningrain/code/ros2-mecanum-bot/install/mecanumbot_description/share/mecanumbot_description/meshes/fr_wheel_link.STL
-- Symlinking: /home/leomorningrain/code/ros2-mecanum-bot/install/mecanumbot_description/share/mecanumbot_description/meshes/rl_wheel_link.STL
-- Symlinking: /home/leomorningrain/code/ros2-mecanum-bot/install/mecanumbot_description/share/mecanumbot_description/meshes/rr_wheel_link.STL
-- Symlinking: /home/leomorningrain/code/ros2-mecanum-bot/install/mecanumbot_description/share/mecanumbot_description/config/robot_controller_config.yaml
-- Symlinking: /home/leomorningrain/code/ros2-mecanum-bot/install/mecanumbot_description/share/ament_index/resource_index/package_run_dependencies/mecanumbot_description
-- Symlinking: /home/leomorningrain/code/ros2-mecanum-bot/install/mecanumbot_description/share/ament_index/resource_index/parent_prefix_path/mecanumbot_description
-- Symlinking: /home/leomorningrain/code/ros2-mecanum-bot/install/mecanumbot_description/share/mecanumbot_description/environment/ament_prefix_path.sh
-- Symlinking: /home/leomorningrain/code/ros2-mecanum-bot/install/mecanumbot_description/share/mecanumbot_description/environment/ament_prefix_path.dsv
-- Symlinking: /home/leomorningrain/code/ros2-mecanum-bot/install/mecanumbot_description/share/mecanumbot_description/environment/path.sh
-- Symlinking: /home/leomorningrain/code/ros2-mecanum-bot/install/mecanumbot_description/share/mecanumbot_description/environment/path.dsv
-- Symlinking: /home/leomorningrain/code/ros2-mecanum-bot/install/mecanumbot_description/share/mecanumbot_description/local_setup.bash
-- Symlinking: /home/leomorningrain/code/ros2-mecanum-bot/install/mecanumbot_description/share/mecanumbot_description/local_setup.sh
-- Symlinking: /home/leomorningrain/code/ros2-mecanum-bot/install/mecanumbot_description/share/mecanumbot_description/local_setup.zsh
-- Symlinking: /home/leomorningrain/code/ros2-mecanum-bot/install/mecanumbot_description/share/mecanumbot_description/local_setup.dsv
-- Symlinking: /home/leomorningrain/code/ros2-mecanum-bot/install/mecanumbot_description/share/mecanumbot_description/package.dsv
-- Symlinking: /home/leomorningrain/code/ros2-mecanum-bot/install/mecanumbot_description/share/ament_index/resource_index/packages/mecanumbot_description
-- Symlinking: /home/leomorningrain/code/ros2-mecanum-bot/install/mecanumbot_description/share/mecanumbot_description/cmake/mecanumbot_descriptionConfig.cmake
-- Symlinking: /home/leomorningrain/code/ros2-mecanum-bot/install/mecanumbot_description/share/mecanumbot_description/cmake/mecanumbot_descriptionConfig-version.cmake
-- Symlinking: /home/leomorningrain/code/ros2-mecanum-bot/install/mecanumbot_description/share/mecanumbot_description/package.xml
