-- The C compiler identification is GNU 11.4.0
-- The CXX compiler identification is GNU 11.4.0
-- Detecting C compiler ABI info
-- Detecting C compiler ABI info - done
-- Check for working C compiler: /usr/bin/cc - skipped
-- Detecting C compile features
-- Detecting C compile features - done
-- Detecting CXX compiler ABI info
-- Detecting CXX compiler ABI info - done
-- Check for working CXX compiler: /usr/bin/c++ - skipped
-- Detecting CXX compile features
-- Detecting CXX compile features - done
-- Your ROS version is ROS2
-- Found ament_cmake: 1.3.8 (/opt/ros/humble/share/ament_cmake/cmake)
-- Found Python3: /usr/bin/python3 (found version "3.10.12") found components: Interpreter 
-- Found rclcpp: 16.0.8 (/opt/ros/humble/share/rclcpp/cmake)
-- Found rosidl_generator_c: 3.1.5 (/opt/ros/humble/share/rosidl_generator_c/cmake)
-- Found rosidl_adapter: 3.1.5 (/opt/ros/humble/share/rosidl_adapter/cmake)
-- Found rosidl_generator_cpp: 3.1.5 (/opt/ros/humble/share/rosidl_generator_cpp/cmake)
-- Using all available rosidl_typesupport_c: rosidl_typesupport_fastrtps_c;rosidl_typesupport_introspection_c
-- Using all available rosidl_typesupport_cpp: rosidl_typesupport_fastrtps_cpp;rosidl_typesupport_introspection_cpp
-- Found rmw_implementation_cmake: 6.1.1 (/opt/ros/humble/share/rmw_implementation_cmake/cmake)
-- Found rmw_fastrtps_cpp: 6.2.6 (/opt/ros/humble/share/rmw_fastrtps_cpp/cmake)
-- Found OpenSSL: /usr/lib/x86_64-linux-gnu/libcrypto.so (found version "3.0.2")  
-- Found FastRTPS: /opt/ros/humble/include  
-- Using RMW implementation 'rmw_fastrtps_cpp' as default
-- Looking for pthread.h
-- Looking for pthread.h - found
-- Performing Test CMAKE_HAVE_LIBC_PTHREAD
-- Performing Test CMAKE_HAVE_LIBC_PTHREAD - Success
-- Found Threads: TRUE  
-- Found rosidl_default_generators: 1.2.0 (/opt/ros/humble/share/rosidl_default_generators/cmake)
-- Found ament_cmake_ros: 0.10.0 (/opt/ros/humble/share/ament_cmake_ros/cmake)
-- Using all available rosidl_typesupport_c: rosidl_typesupport_fastrtps_c;rosidl_typesupport_introspection_c
-- Using all available rosidl_typesupport_cpp: rosidl_typesupport_fastrtps_cpp;rosidl_typesupport_introspection_cpp
-- Found PythonInterp: /usr/bin/python3 (found suitable version "3.10.12", minimum required is "3.6") 
-- Found python_cmake_module: 0.10.0 (/opt/ros/humble/share/python_cmake_module/cmake)
-- Found PythonLibs: /usr/lib/x86_64-linux-gnu/libpython3.10.so (found suitable version "3.10.12", minimum required is "3.5") 
-- Using PYTHON_EXECUTABLE: /usr/bin/python3
-- Using PYTHON_INCLUDE_DIRS: /usr/include/python3.10
-- Using PYTHON_LIBRARIES: /usr/lib/x86_64-linux-gnu/libpython3.10.so
-- Found PythonExtra: .so  
-- Found ament_lint_auto: 0.12.10 (/opt/ros/humble/share/ament_lint_auto/cmake)
-- Added test 'copyright' to check source files copyright and LICENSE
-- Added test 'flake8' to check Python code syntax and style conventions
-- Added test 'lint_cmake' to check CMake code style
-- Added test 'pep257' to check Python code against some of the docstring style conventions in PEP 257
-- Added test 'xmllint' to check XML markup files
-- Configuring done
-- Generating done
-- Build files have been written to: /home/leomorningrain/code/ros2-mecanum-bot/build/xpkg_msgs
[  2%] [34m[1mGenerating C code for ROS interfaces[0m
[  4%] [34m[1mGenerating C++ code for ROS interfaces[0m
[  4%] Built target ament_cmake_python_copy_xpkg_msgs
running egg_info
creating xpkg_msgs.egg-info
writing xpkg_msgs.egg-info/PKG-INFO
writing dependency_links to xpkg_msgs.egg-info/dependency_links.txt
writing top-level names to xpkg_msgs.egg-info/top_level.txt
writing manifest file 'xpkg_msgs.egg-info/SOURCES.txt'
reading manifest file 'xpkg_msgs.egg-info/SOURCES.txt'
writing manifest file 'xpkg_msgs.egg-info/SOURCES.txt'
[  4%] Built target ament_cmake_python_build_xpkg_msgs_egg
[  4%] Built target xpkg_msgs__cpp
[ 12%] [32mBuilding C object CMakeFiles/xpkg_msgs__rosidl_generator_c.dir/rosidl_generator_c/xpkg_msgs/msg/detail/xmsg_comm_data__functions.c.o[0m
[ 12%] [34m[1mGenerating C++ type support dispatch for ROS interfaces[0m
[ 12%] [34m[1mGenerating C++ type support for eProsima Fast-RTPS[0m
[ 12%] [32mBuilding C object CMakeFiles/xpkg_msgs__rosidl_generator_c.dir/rosidl_generator_c/xpkg_msgs/msg/detail/xmsg_device_list__functions.c.o[0m
[ 14%] [32mBuilding C object CMakeFiles/xpkg_msgs__rosidl_generator_c.dir/rosidl_generator_c/xpkg_msgs/msg/detail/xmsg_device__functions.c.o[0m
[ 17%] [34m[1mGenerating C++ introspection for ROS interfaces[0m
[ 19%] [32m[1mLinking C shared library libxpkg_msgs__rosidl_generator_c.so[0m
[ 19%] Built target xpkg_msgs__rosidl_generator_c
[ 25%] [34m[1mGenerating C introspection for ROS interfaces[0m
[ 25%] [34m[1mGenerating C type support dispatch for ROS interfaces[0m
[ 25%] [34m[1mGenerating C type support for eProsima Fast-RTPS[0m
[ 27%] [32mBuilding CXX object CMakeFiles/xpkg_msgs__rosidl_typesupport_cpp.dir/rosidl_typesupport_cpp/xpkg_msgs/msg/xmsg_comm_data__type_support.cpp.o[0m
[ 31%] [32mBuilding CXX object CMakeFiles/xpkg_msgs__rosidl_typesupport_cpp.dir/rosidl_typesupport_cpp/xpkg_msgs/msg/xmsg_device_list__type_support.cpp.o[0m
[ 31%] [32mBuilding CXX object CMakeFiles/xpkg_msgs__rosidl_typesupport_cpp.dir/rosidl_typesupport_cpp/xpkg_msgs/msg/xmsg_device__type_support.cpp.o[0m
[ 34%] [32mBuilding CXX object CMakeFiles/xpkg_msgs__rosidl_typesupport_introspection_cpp.dir/rosidl_typesupport_introspection_cpp/xpkg_msgs/msg/detail/xmsg_device_list__type_support.cpp.o[0m
[ 36%] [32mBuilding CXX object CMakeFiles/xpkg_msgs__rosidl_typesupport_introspection_cpp.dir/rosidl_typesupport_introspection_cpp/xpkg_msgs/msg/detail/xmsg_device__type_support.cpp.o[0m
[ 38%] [32mBuilding CXX object CMakeFiles/xpkg_msgs__rosidl_typesupport_introspection_cpp.dir/rosidl_typesupport_introspection_cpp/xpkg_msgs/msg/detail/xmsg_comm_data__type_support.cpp.o[0m
[ 40%] [32mBuilding CXX object CMakeFiles/xpkg_msgs__rosidl_typesupport_fastrtps_cpp.dir/rosidl_typesupport_fastrtps_cpp/xpkg_msgs/msg/detail/dds_fastrtps/xmsg_device_list__type_support.cpp.o[0m
[ 42%] [32mBuilding CXX object CMakeFiles/xpkg_msgs__rosidl_typesupport_fastrtps_cpp.dir/rosidl_typesupport_fastrtps_cpp/xpkg_msgs/msg/detail/dds_fastrtps/xmsg_device__type_support.cpp.o[0m
[ 44%] [32mBuilding CXX object CMakeFiles/xpkg_msgs__rosidl_typesupport_fastrtps_cpp.dir/rosidl_typesupport_fastrtps_cpp/xpkg_msgs/msg/detail/dds_fastrtps/xmsg_comm_data__type_support.cpp.o[0m
[ 46%] [32mBuilding CXX object CMakeFiles/xpkg_msgs__rosidl_typesupport_c.dir/rosidl_typesupport_c/xpkg_msgs/msg/xmsg_comm_data__type_support.cpp.o[0m
[ 51%] [32mBuilding CXX object CMakeFiles/xpkg_msgs__rosidl_typesupport_c.dir/rosidl_typesupport_c/xpkg_msgs/msg/xmsg_device_list__type_support.cpp.o[0m
[ 51%] [32mBuilding CXX object CMakeFiles/xpkg_msgs__rosidl_typesupport_c.dir/rosidl_typesupport_c/xpkg_msgs/msg/xmsg_device__type_support.cpp.o[0m
[ 57%] [32mBuilding C object CMakeFiles/xpkg_msgs__rosidl_typesupport_introspection_c.dir/rosidl_typesupport_introspection_c/xpkg_msgs/msg/detail/xmsg_comm_data__type_support.c.o[0m
[ 57%] [32mBuilding C object CMakeFiles/xpkg_msgs__rosidl_typesupport_introspection_c.dir/rosidl_typesupport_introspection_c/xpkg_msgs/msg/detail/xmsg_device__type_support.c.o[0m
[ 57%] [32mBuilding C object CMakeFiles/xpkg_msgs__rosidl_typesupport_introspection_c.dir/rosidl_typesupport_introspection_c/xpkg_msgs/msg/detail/xmsg_device_list__type_support.c.o[0m
[ 59%] [32m[1mLinking CXX shared library libxpkg_msgs__rosidl_typesupport_c.so[0m
[ 59%] Built target xpkg_msgs__rosidl_typesupport_c
[ 61%] [32m[1mLinking C shared library libxpkg_msgs__rosidl_typesupport_introspection_c.so[0m
[ 63%] [32mBuilding CXX object CMakeFiles/xpkg_msgs__rosidl_typesupport_fastrtps_c.dir/rosidl_typesupport_fastrtps_c/xpkg_msgs/msg/detail/xmsg_comm_data__type_support_c.cpp.o[0m
[ 68%] [32mBuilding CXX object CMakeFiles/xpkg_msgs__rosidl_typesupport_fastrtps_c.dir/rosidl_typesupport_fastrtps_c/xpkg_msgs/msg/detail/xmsg_device__type_support_c.cpp.o[0m
[ 65%] [32mBuilding CXX object CMakeFiles/xpkg_msgs__rosidl_typesupport_fastrtps_c.dir/rosidl_typesupport_fastrtps_c/xpkg_msgs/msg/detail/xmsg_device_list__type_support_c.cpp.o[0m
[ 68%] Built target xpkg_msgs__rosidl_typesupport_introspection_c
[ 70%] [32m[1mLinking CXX shared library libxpkg_msgs__rosidl_typesupport_cpp.so[0m
[ 70%] Built target xpkg_msgs__rosidl_typesupport_cpp
[ 72%] [32m[1mLinking CXX shared library libxpkg_msgs__rosidl_typesupport_fastrtps_c.so[0m
[ 74%] [32m[1mLinking CXX shared library libxpkg_msgs__rosidl_typesupport_fastrtps_cpp.so[0m
[ 76%] [32m[1mLinking CXX shared library libxpkg_msgs__rosidl_typesupport_introspection_cpp.so[0m
[ 76%] Built target xpkg_msgs__rosidl_typesupport_fastrtps_c
[ 76%] Built target xpkg_msgs__rosidl_typesupport_fastrtps_cpp
[ 76%] Built target xpkg_msgs__rosidl_typesupport_introspection_cpp
[ 76%] Built target xpkg_msgs
[ 78%] [34m[1mGenerating Python code for ROS interfaces[0m
[ 78%] Built target xpkg_msgs__py
[ 82%] [32mBuilding C object CMakeFiles/xpkg_msgs__rosidl_generator_py.dir/rosidl_generator_py/xpkg_msgs/msg/_xmsg_comm_data_s.c.o[0m
[ 82%] [32mBuilding C object CMakeFiles/xpkg_msgs__rosidl_generator_py.dir/rosidl_generator_py/xpkg_msgs/msg/_xmsg_device_list_s.c.o[0m
[ 85%] [32mBuilding C object CMakeFiles/xpkg_msgs__rosidl_generator_py.dir/rosidl_generator_py/xpkg_msgs/msg/_xmsg_device_s.c.o[0m
[ 87%] [32m[1mLinking C shared library rosidl_generator_py/xpkg_msgs/libxpkg_msgs__rosidl_generator_py.so[0m
[ 87%] Built target xpkg_msgs__rosidl_generator_py
[ 91%] [32mBuilding C object CMakeFiles/xpkg_msgs__rosidl_typesupport_introspection_c__pyext.dir/rosidl_generator_py/xpkg_msgs/_xpkg_msgs_s.ep.rosidl_typesupport_introspection_c.c.o[0m
[ 91%] [32mBuilding C object CMakeFiles/xpkg_msgs__rosidl_typesupport_fastrtps_c__pyext.dir/rosidl_generator_py/xpkg_msgs/_xpkg_msgs_s.ep.rosidl_typesupport_fastrtps_c.c.o[0m
[ 93%] [32mBuilding C object CMakeFiles/xpkg_msgs__rosidl_typesupport_c__pyext.dir/rosidl_generator_py/xpkg_msgs/_xpkg_msgs_s.ep.rosidl_typesupport_c.c.o[0m
[ 97%] [32m[1mLinking C shared library rosidl_generator_py/xpkg_msgs/xpkg_msgs_s__rosidl_typesupport_fastrtps_c.cpython-310-x86_64-linux-gnu.so[0m
[ 97%] [32m[1mLinking C shared library rosidl_generator_py/xpkg_msgs/xpkg_msgs_s__rosidl_typesupport_introspection_c.cpython-310-x86_64-linux-gnu.so[0m
[100%] [32m[1mLinking C shared library rosidl_generator_py/xpkg_msgs/xpkg_msgs_s__rosidl_typesupport_c.cpython-310-x86_64-linux-gnu.so[0m
[100%] Built target xpkg_msgs__rosidl_typesupport_fastrtps_c__pyext
[100%] Built target xpkg_msgs__rosidl_typesupport_c__pyext
[100%] Built target xpkg_msgs__rosidl_typesupport_introspection_c__pyext
-- Install configuration: ""
-- Installing: /home/leomorningrain/code/ros2-mecanum-bot/install/xpkg_msgs/share/ament_index/resource_index/rosidl_interfaces/xpkg_msgs
-- Installing: /home/leomorningrain/code/ros2-mecanum-bot/install/xpkg_msgs/include/xpkg_msgs/xpkg_msgs
-- Installing: /home/leomorningrain/code/ros2-mecanum-bot/install/xpkg_msgs/include/xpkg_msgs/xpkg_msgs/msg
-- Installing: /home/leomorningrain/code/ros2-mecanum-bot/install/xpkg_msgs/include/xpkg_msgs/xpkg_msgs/msg/detail
-- Installing: /home/leomorningrain/code/ros2-mecanum-bot/install/xpkg_msgs/include/xpkg_msgs/xpkg_msgs/msg/detail/xmsg_comm_data__functions.h
-- Installing: /home/leomorningrain/code/ros2-mecanum-bot/install/xpkg_msgs/include/xpkg_msgs/xpkg_msgs/msg/detail/xmsg_comm_data__type_support.h
-- Installing: /home/leomorningrain/code/ros2-mecanum-bot/install/xpkg_msgs/include/xpkg_msgs/xpkg_msgs/msg/detail/xmsg_device__type_support.h
-- Installing: /home/leomorningrain/code/ros2-mecanum-bot/install/xpkg_msgs/include/xpkg_msgs/xpkg_msgs/msg/detail/xmsg_device__functions.c
-- Installing: /home/leomorningrain/code/ros2-mecanum-bot/install/xpkg_msgs/include/xpkg_msgs/xpkg_msgs/msg/detail/xmsg_device_list__functions.c
-- Installing: /home/leomorningrain/code/ros2-mecanum-bot/install/xpkg_msgs/include/xpkg_msgs/xpkg_msgs/msg/detail/xmsg_device__struct.h
-- Installing: /home/leomorningrain/code/ros2-mecanum-bot/install/xpkg_msgs/include/xpkg_msgs/xpkg_msgs/msg/detail/xmsg_comm_data__struct.h
-- Installing: /home/leomorningrain/code/ros2-mecanum-bot/install/xpkg_msgs/include/xpkg_msgs/xpkg_msgs/msg/detail/xmsg_device_list__functions.h
-- Installing: /home/leomorningrain/code/ros2-mecanum-bot/install/xpkg_msgs/include/xpkg_msgs/xpkg_msgs/msg/detail/xmsg_device_list__struct.h
-- Installing: /home/leomorningrain/code/ros2-mecanum-bot/install/xpkg_msgs/include/xpkg_msgs/xpkg_msgs/msg/detail/xmsg_comm_data__functions.c
-- Installing: /home/leomorningrain/code/ros2-mecanum-bot/install/xpkg_msgs/include/xpkg_msgs/xpkg_msgs/msg/detail/xmsg_device__functions.h
-- Installing: /home/leomorningrain/code/ros2-mecanum-bot/install/xpkg_msgs/include/xpkg_msgs/xpkg_msgs/msg/detail/xmsg_device_list__type_support.h
-- Installing: /home/leomorningrain/code/ros2-mecanum-bot/install/xpkg_msgs/include/xpkg_msgs/xpkg_msgs/msg/xmsg_device.h
-- Installing: /home/leomorningrain/code/ros2-mecanum-bot/install/xpkg_msgs/include/xpkg_msgs/xpkg_msgs/msg/rosidl_generator_c__visibility_control.h
-- Installing: /home/leomorningrain/code/ros2-mecanum-bot/install/xpkg_msgs/include/xpkg_msgs/xpkg_msgs/msg/xmsg_device_list.h
-- Installing: /home/leomorningrain/code/ros2-mecanum-bot/install/xpkg_msgs/include/xpkg_msgs/xpkg_msgs/msg/xmsg_comm_data.h
-- Installing: /home/leomorningrain/code/ros2-mecanum-bot/install/xpkg_msgs/share/xpkg_msgs/environment/library_path.sh
-- Installing: /home/leomorningrain/code/ros2-mecanum-bot/install/xpkg_msgs/share/xpkg_msgs/environment/library_path.dsv
-- Installing: /home/leomorningrain/code/ros2-mecanum-bot/install/xpkg_msgs/lib/libxpkg_msgs__rosidl_generator_c.so
-- Set runtime path of "/home/leomorningrain/code/ros2-mecanum-bot/install/xpkg_msgs/lib/libxpkg_msgs__rosidl_generator_c.so" to ""
-- Up-to-date: /home/leomorningrain/code/ros2-mecanum-bot/install/xpkg_msgs/include/xpkg_msgs/xpkg_msgs
-- Up-to-date: /home/leomorningrain/code/ros2-mecanum-bot/install/xpkg_msgs/include/xpkg_msgs/xpkg_msgs/msg
-- Installing: /home/leomorningrain/code/ros2-mecanum-bot/install/xpkg_msgs/include/xpkg_msgs/xpkg_msgs/msg/rosidl_typesupport_fastrtps_c__visibility_control.h
-- Up-to-date: /home/leomorningrain/code/ros2-mecanum-bot/install/xpkg_msgs/include/xpkg_msgs/xpkg_msgs/msg/detail
-- Installing: /home/leomorningrain/code/ros2-mecanum-bot/install/xpkg_msgs/include/xpkg_msgs/xpkg_msgs/msg/detail/xmsg_comm_data__rosidl_typesupport_fastrtps_c.h
-- Installing: /home/leomorningrain/code/ros2-mecanum-bot/install/xpkg_msgs/include/xpkg_msgs/xpkg_msgs/msg/detail/xmsg_device_list__rosidl_typesupport_fastrtps_c.h
-- Installing: /home/leomorningrain/code/ros2-mecanum-bot/install/xpkg_msgs/include/xpkg_msgs/xpkg_msgs/msg/detail/xmsg_device__rosidl_typesupport_fastrtps_c.h
-- Installing: /home/leomorningrain/code/ros2-mecanum-bot/install/xpkg_msgs/lib/libxpkg_msgs__rosidl_typesupport_fastrtps_c.so
-- Set runtime path of "/home/leomorningrain/code/ros2-mecanum-bot/install/xpkg_msgs/lib/libxpkg_msgs__rosidl_typesupport_fastrtps_c.so" to ""
-- Up-to-date: /home/leomorningrain/code/ros2-mecanum-bot/install/xpkg_msgs/include/xpkg_msgs/xpkg_msgs
-- Up-to-date: /home/leomorningrain/code/ros2-mecanum-bot/install/xpkg_msgs/include/xpkg_msgs/xpkg_msgs/msg
-- Installing: /home/leomorningrain/code/ros2-mecanum-bot/install/xpkg_msgs/include/xpkg_msgs/xpkg_msgs/msg/xmsg_device_list.hpp
-- Installing: /home/leomorningrain/code/ros2-mecanum-bot/install/xpkg_msgs/include/xpkg_msgs/xpkg_msgs/msg/xmsg_device.hpp
-- Installing: /home/leomorningrain/code/ros2-mecanum-bot/install/xpkg_msgs/include/xpkg_msgs/xpkg_msgs/msg/xmsg_comm_data.hpp
-- Up-to-date: /home/leomorningrain/code/ros2-mecanum-bot/install/xpkg_msgs/include/xpkg_msgs/xpkg_msgs/msg/detail
-- Installing: /home/leomorningrain/code/ros2-mecanum-bot/install/xpkg_msgs/include/xpkg_msgs/xpkg_msgs/msg/detail/xmsg_device_list__builder.hpp
-- Installing: /home/leomorningrain/code/ros2-mecanum-bot/install/xpkg_msgs/include/xpkg_msgs/xpkg_msgs/msg/detail/xmsg_device__traits.hpp
-- Installing: /home/leomorningrain/code/ros2-mecanum-bot/install/xpkg_msgs/include/xpkg_msgs/xpkg_msgs/msg/detail/xmsg_device__builder.hpp
-- Installing: /home/leomorningrain/code/ros2-mecanum-bot/install/xpkg_msgs/include/xpkg_msgs/xpkg_msgs/msg/detail/xmsg_device_list__struct.hpp
-- Installing: /home/leomorningrain/code/ros2-mecanum-bot/install/xpkg_msgs/include/xpkg_msgs/xpkg_msgs/msg/detail/xmsg_device__struct.hpp
-- Installing: /home/leomorningrain/code/ros2-mecanum-bot/install/xpkg_msgs/include/xpkg_msgs/xpkg_msgs/msg/detail/xmsg_comm_data__struct.hpp
-- Installing: /home/leomorningrain/code/ros2-mecanum-bot/install/xpkg_msgs/include/xpkg_msgs/xpkg_msgs/msg/detail/xmsg_comm_data__builder.hpp
-- Installing: /home/leomorningrain/code/ros2-mecanum-bot/install/xpkg_msgs/include/xpkg_msgs/xpkg_msgs/msg/detail/xmsg_device_list__traits.hpp
-- Installing: /home/leomorningrain/code/ros2-mecanum-bot/install/xpkg_msgs/include/xpkg_msgs/xpkg_msgs/msg/detail/xmsg_comm_data__traits.hpp
-- Up-to-date: /home/leomorningrain/code/ros2-mecanum-bot/install/xpkg_msgs/include/xpkg_msgs/xpkg_msgs
-- Up-to-date: /home/leomorningrain/code/ros2-mecanum-bot/install/xpkg_msgs/include/xpkg_msgs/xpkg_msgs/msg
-- Up-to-date: /home/leomorningrain/code/ros2-mecanum-bot/install/xpkg_msgs/include/xpkg_msgs/xpkg_msgs/msg/detail
-- Installing: /home/leomorningrain/code/ros2-mecanum-bot/install/xpkg_msgs/include/xpkg_msgs/xpkg_msgs/msg/detail/xmsg_comm_data__rosidl_typesupport_fastrtps_cpp.hpp
-- Installing: /home/leomorningrain/code/ros2-mecanum-bot/install/xpkg_msgs/include/xpkg_msgs/xpkg_msgs/msg/detail/xmsg_device_list__rosidl_typesupport_fastrtps_cpp.hpp
-- Installing: /home/leomorningrain/code/ros2-mecanum-bot/install/xpkg_msgs/include/xpkg_msgs/xpkg_msgs/msg/detail/xmsg_device__rosidl_typesupport_fastrtps_cpp.hpp
-- Installing: /home/leomorningrain/code/ros2-mecanum-bot/install/xpkg_msgs/include/xpkg_msgs/xpkg_msgs/msg/detail/dds_fastrtps
-- Installing: /home/leomorningrain/code/ros2-mecanum-bot/install/xpkg_msgs/include/xpkg_msgs/xpkg_msgs/msg/rosidl_typesupport_fastrtps_cpp__visibility_control.h
-- Installing: /home/leomorningrain/code/ros2-mecanum-bot/install/xpkg_msgs/lib/libxpkg_msgs__rosidl_typesupport_fastrtps_cpp.so
-- Set runtime path of "/home/leomorningrain/code/ros2-mecanum-bot/install/xpkg_msgs/lib/libxpkg_msgs__rosidl_typesupport_fastrtps_cpp.so" to ""
-- Up-to-date: /home/leomorningrain/code/ros2-mecanum-bot/install/xpkg_msgs/include/xpkg_msgs/xpkg_msgs
-- Up-to-date: /home/leomorningrain/code/ros2-mecanum-bot/install/xpkg_msgs/include/xpkg_msgs/xpkg_msgs/msg
-- Installing: /home/leomorningrain/code/ros2-mecanum-bot/install/xpkg_msgs/include/xpkg_msgs/xpkg_msgs/msg/rosidl_typesupport_introspection_c__visibility_control.h
-- Up-to-date: /home/leomorningrain/code/ros2-mecanum-bot/install/xpkg_msgs/include/xpkg_msgs/xpkg_msgs/msg/detail
-- Installing: /home/leomorningrain/code/ros2-mecanum-bot/install/xpkg_msgs/include/xpkg_msgs/xpkg_msgs/msg/detail/xmsg_device_list__type_support.c
-- Installing: /home/leomorningrain/code/ros2-mecanum-bot/install/xpkg_msgs/include/xpkg_msgs/xpkg_msgs/msg/detail/xmsg_comm_data__rosidl_typesupport_introspection_c.h
-- Installing: /home/leomorningrain/code/ros2-mecanum-bot/install/xpkg_msgs/include/xpkg_msgs/xpkg_msgs/msg/detail/xmsg_device_list__rosidl_typesupport_introspection_c.h
-- Installing: /home/leomorningrain/code/ros2-mecanum-bot/install/xpkg_msgs/include/xpkg_msgs/xpkg_msgs/msg/detail/xmsg_comm_data__type_support.c
-- Installing: /home/leomorningrain/code/ros2-mecanum-bot/install/xpkg_msgs/include/xpkg_msgs/xpkg_msgs/msg/detail/xmsg_device__type_support.c
-- Installing: /home/leomorningrain/code/ros2-mecanum-bot/install/xpkg_msgs/include/xpkg_msgs/xpkg_msgs/msg/detail/xmsg_device__rosidl_typesupport_introspection_c.h
-- Installing: /home/leomorningrain/code/ros2-mecanum-bot/install/xpkg_msgs/lib/libxpkg_msgs__rosidl_typesupport_introspection_c.so
-- Set runtime path of "/home/leomorningrain/code/ros2-mecanum-bot/install/xpkg_msgs/lib/libxpkg_msgs__rosidl_typesupport_introspection_c.so" to ""
-- Installing: /home/leomorningrain/code/ros2-mecanum-bot/install/xpkg_msgs/lib/libxpkg_msgs__rosidl_typesupport_c.so
-- Set runtime path of "/home/leomorningrain/code/ros2-mecanum-bot/install/xpkg_msgs/lib/libxpkg_msgs__rosidl_typesupport_c.so" to ""
-- Up-to-date: /home/leomorningrain/code/ros2-mecanum-bot/install/xpkg_msgs/include/xpkg_msgs/xpkg_msgs
-- Up-to-date: /home/leomorningrain/code/ros2-mecanum-bot/install/xpkg_msgs/include/xpkg_msgs/xpkg_msgs/msg
-- Up-to-date: /home/leomorningrain/code/ros2-mecanum-bot/install/xpkg_msgs/include/xpkg_msgs/xpkg_msgs/msg/detail
-- Installing: /home/leomorningrain/code/ros2-mecanum-bot/install/xpkg_msgs/include/xpkg_msgs/xpkg_msgs/msg/detail/xmsg_device__type_support.cpp
-- Installing: /home/leomorningrain/code/ros2-mecanum-bot/install/xpkg_msgs/include/xpkg_msgs/xpkg_msgs/msg/detail/xmsg_device_list__rosidl_typesupport_introspection_cpp.hpp
-- Installing: /home/leomorningrain/code/ros2-mecanum-bot/install/xpkg_msgs/include/xpkg_msgs/xpkg_msgs/msg/detail/xmsg_comm_data__type_support.cpp
-- Installing: /home/leomorningrain/code/ros2-mecanum-bot/install/xpkg_msgs/include/xpkg_msgs/xpkg_msgs/msg/detail/xmsg_device_list__type_support.cpp
-- Installing: /home/leomorningrain/code/ros2-mecanum-bot/install/xpkg_msgs/include/xpkg_msgs/xpkg_msgs/msg/detail/xmsg_comm_data__rosidl_typesupport_introspection_cpp.hpp
-- Installing: /home/leomorningrain/code/ros2-mecanum-bot/install/xpkg_msgs/include/xpkg_msgs/xpkg_msgs/msg/detail/xmsg_device__rosidl_typesupport_introspection_cpp.hpp
-- Installing: /home/leomorningrain/code/ros2-mecanum-bot/install/xpkg_msgs/lib/libxpkg_msgs__rosidl_typesupport_introspection_cpp.so
-- Set runtime path of "/home/leomorningrain/code/ros2-mecanum-bot/install/xpkg_msgs/lib/libxpkg_msgs__rosidl_typesupport_introspection_cpp.so" to ""
-- Installing: /home/leomorningrain/code/ros2-mecanum-bot/install/xpkg_msgs/lib/libxpkg_msgs__rosidl_typesupport_cpp.so
-- Set runtime path of "/home/leomorningrain/code/ros2-mecanum-bot/install/xpkg_msgs/lib/libxpkg_msgs__rosidl_typesupport_cpp.so" to ""
-- Installing: /home/leomorningrain/code/ros2-mecanum-bot/install/xpkg_msgs/share/xpkg_msgs/environment/pythonpath.sh
-- Installing: /home/leomorningrain/code/ros2-mecanum-bot/install/xpkg_msgs/share/xpkg_msgs/environment/pythonpath.dsv
-- Installing: /home/leomorningrain/code/ros2-mecanum-bot/install/xpkg_msgs/local/lib/python3.10/dist-packages/xpkg_msgs-0.1.0-py3.10.egg-info
-- Installing: /home/leomorningrain/code/ros2-mecanum-bot/install/xpkg_msgs/local/lib/python3.10/dist-packages/xpkg_msgs-0.1.0-py3.10.egg-info/top_level.txt
-- Installing: /home/leomorningrain/code/ros2-mecanum-bot/install/xpkg_msgs/local/lib/python3.10/dist-packages/xpkg_msgs-0.1.0-py3.10.egg-info/PKG-INFO
-- Installing: /home/leomorningrain/code/ros2-mecanum-bot/install/xpkg_msgs/local/lib/python3.10/dist-packages/xpkg_msgs-0.1.0-py3.10.egg-info/SOURCES.txt
-- Installing: /home/leomorningrain/code/ros2-mecanum-bot/install/xpkg_msgs/local/lib/python3.10/dist-packages/xpkg_msgs-0.1.0-py3.10.egg-info/dependency_links.txt
-- Installing: /home/leomorningrain/code/ros2-mecanum-bot/install/xpkg_msgs/local/lib/python3.10/dist-packages/xpkg_msgs
-- Installing: /home/leomorningrain/code/ros2-mecanum-bot/install/xpkg_msgs/local/lib/python3.10/dist-packages/xpkg_msgs/xpkg_msgs_s__rosidl_typesupport_introspection_c.cpython-310-x86_64-linux-gnu.so
-- Installing: /home/leomorningrain/code/ros2-mecanum-bot/install/xpkg_msgs/local/lib/python3.10/dist-packages/xpkg_msgs/_xpkg_msgs_s.ep.rosidl_typesupport_fastrtps_c.c
-- Installing: /home/leomorningrain/code/ros2-mecanum-bot/install/xpkg_msgs/local/lib/python3.10/dist-packages/xpkg_msgs/xpkg_msgs_s__rosidl_typesupport_c.cpython-310-x86_64-linux-gnu.so
-- Installing: /home/leomorningrain/code/ros2-mecanum-bot/install/xpkg_msgs/local/lib/python3.10/dist-packages/xpkg_msgs/xpkg_msgs_s__rosidl_typesupport_fastrtps_c.cpython-310-x86_64-linux-gnu.so
-- Installing: /home/leomorningrain/code/ros2-mecanum-bot/install/xpkg_msgs/local/lib/python3.10/dist-packages/xpkg_msgs/msg
-- Installing: /home/leomorningrain/code/ros2-mecanum-bot/install/xpkg_msgs/local/lib/python3.10/dist-packages/xpkg_msgs/msg/_xmsg_comm_data_s.c
-- Installing: /home/leomorningrain/code/ros2-mecanum-bot/install/xpkg_msgs/local/lib/python3.10/dist-packages/xpkg_msgs/msg/_xmsg_comm_data.py
-- Installing: /home/leomorningrain/code/ros2-mecanum-bot/install/xpkg_msgs/local/lib/python3.10/dist-packages/xpkg_msgs/msg/_xmsg_device_s.c
-- Installing: /home/leomorningrain/code/ros2-mecanum-bot/install/xpkg_msgs/local/lib/python3.10/dist-packages/xpkg_msgs/msg/__init__.py
-- Installing: /home/leomorningrain/code/ros2-mecanum-bot/install/xpkg_msgs/local/lib/python3.10/dist-packages/xpkg_msgs/msg/_xmsg_device_list.py
-- Installing: /home/leomorningrain/code/ros2-mecanum-bot/install/xpkg_msgs/local/lib/python3.10/dist-packages/xpkg_msgs/msg/_xmsg_device.py
-- Installing: /home/leomorningrain/code/ros2-mecanum-bot/install/xpkg_msgs/local/lib/python3.10/dist-packages/xpkg_msgs/msg/_xmsg_device_list_s.c
-- Installing: /home/leomorningrain/code/ros2-mecanum-bot/install/xpkg_msgs/local/lib/python3.10/dist-packages/xpkg_msgs/libxpkg_msgs__rosidl_generator_py.so
-- Installing: /home/leomorningrain/code/ros2-mecanum-bot/install/xpkg_msgs/local/lib/python3.10/dist-packages/xpkg_msgs/__init__.py
-- Installing: /home/leomorningrain/code/ros2-mecanum-bot/install/xpkg_msgs/local/lib/python3.10/dist-packages/xpkg_msgs/_xpkg_msgs_s.ep.rosidl_typesupport_introspection_c.c
-- Installing: /home/leomorningrain/code/ros2-mecanum-bot/install/xpkg_msgs/local/lib/python3.10/dist-packages/xpkg_msgs/_xpkg_msgs_s.ep.rosidl_typesupport_c.c
Listing '/home/leomorningrain/code/ros2-mecanum-bot/install/xpkg_msgs/local/lib/python3.10/dist-packages/xpkg_msgs'...
Compiling '/home/leomorningrain/code/ros2-mecanum-bot/install/xpkg_msgs/local/lib/python3.10/dist-packages/xpkg_msgs/__init__.py'...
Listing '/home/leomorningrain/code/ros2-mecanum-bot/install/xpkg_msgs/local/lib/python3.10/dist-packages/xpkg_msgs/msg'...
Compiling '/home/leomorningrain/code/ros2-mecanum-bot/install/xpkg_msgs/local/lib/python3.10/dist-packages/xpkg_msgs/msg/__init__.py'...
Compiling '/home/leomorningrain/code/ros2-mecanum-bot/install/xpkg_msgs/local/lib/python3.10/dist-packages/xpkg_msgs/msg/_xmsg_comm_data.py'...
Compiling '/home/leomorningrain/code/ros2-mecanum-bot/install/xpkg_msgs/local/lib/python3.10/dist-packages/xpkg_msgs/msg/_xmsg_device.py'...
Compiling '/home/leomorningrain/code/ros2-mecanum-bot/install/xpkg_msgs/local/lib/python3.10/dist-packages/xpkg_msgs/msg/_xmsg_device_list.py'...
-- Installing: /home/leomorningrain/code/ros2-mecanum-bot/install/xpkg_msgs/local/lib/python3.10/dist-packages/xpkg_msgs/xpkg_msgs_s__rosidl_typesupport_fastrtps_c.cpython-310-x86_64-linux-gnu.so
-- Set runtime path of "/home/leomorningrain/code/ros2-mecanum-bot/install/xpkg_msgs/local/lib/python3.10/dist-packages/xpkg_msgs/xpkg_msgs_s__rosidl_typesupport_fastrtps_c.cpython-310-x86_64-linux-gnu.so" to ""
-- Installing: /home/leomorningrain/code/ros2-mecanum-bot/install/xpkg_msgs/local/lib/python3.10/dist-packages/xpkg_msgs/xpkg_msgs_s__rosidl_typesupport_introspection_c.cpython-310-x86_64-linux-gnu.so
-- Set runtime path of "/home/leomorningrain/code/ros2-mecanum-bot/install/xpkg_msgs/local/lib/python3.10/dist-packages/xpkg_msgs/xpkg_msgs_s__rosidl_typesupport_introspection_c.cpython-310-x86_64-linux-gnu.so" to ""
-- Installing: /home/leomorningrain/code/ros2-mecanum-bot/install/xpkg_msgs/local/lib/python3.10/dist-packages/xpkg_msgs/xpkg_msgs_s__rosidl_typesupport_c.cpython-310-x86_64-linux-gnu.so
-- Set runtime path of "/home/leomorningrain/code/ros2-mecanum-bot/install/xpkg_msgs/local/lib/python3.10/dist-packages/xpkg_msgs/xpkg_msgs_s__rosidl_typesupport_c.cpython-310-x86_64-linux-gnu.so" to ""
-- Installing: /home/leomorningrain/code/ros2-mecanum-bot/install/xpkg_msgs/lib/libxpkg_msgs__rosidl_generator_py.so
-- Set runtime path of "/home/leomorningrain/code/ros2-mecanum-bot/install/xpkg_msgs/lib/libxpkg_msgs__rosidl_generator_py.so" to ""
-- Installing: /home/leomorningrain/code/ros2-mecanum-bot/install/xpkg_msgs/share/xpkg_msgs/msg/XmsgCommData.idl
-- Installing: /home/leomorningrain/code/ros2-mecanum-bot/install/xpkg_msgs/share/xpkg_msgs/msg/XmsgDeviceList.idl
-- Installing: /home/leomorningrain/code/ros2-mecanum-bot/install/xpkg_msgs/share/xpkg_msgs/msg/XmsgDevice.idl
-- Installing: /home/leomorningrain/code/ros2-mecanum-bot/install/xpkg_msgs/share/xpkg_msgs/msg/XmsgCommData.msg
-- Installing: /home/leomorningrain/code/ros2-mecanum-bot/install/xpkg_msgs/share/xpkg_msgs/msg/XmsgDeviceList.msg
-- Installing: /home/leomorningrain/code/ros2-mecanum-bot/install/xpkg_msgs/share/xpkg_msgs/msg/XmsgDevice.msg
-- Installing: /home/leomorningrain/code/ros2-mecanum-bot/install/xpkg_msgs/share/ament_index/resource_index/package_run_dependencies/xpkg_msgs
-- Installing: /home/leomorningrain/code/ros2-mecanum-bot/install/xpkg_msgs/share/ament_index/resource_index/parent_prefix_path/xpkg_msgs
-- Installing: /home/leomorningrain/code/ros2-mecanum-bot/install/xpkg_msgs/share/xpkg_msgs/environment/ament_prefix_path.sh
-- Installing: /home/leomorningrain/code/ros2-mecanum-bot/install/xpkg_msgs/share/xpkg_msgs/environment/ament_prefix_path.dsv
-- Installing: /home/leomorningrain/code/ros2-mecanum-bot/install/xpkg_msgs/share/xpkg_msgs/environment/path.sh
-- Installing: /home/leomorningrain/code/ros2-mecanum-bot/install/xpkg_msgs/share/xpkg_msgs/environment/path.dsv
-- Installing: /home/leomorningrain/code/ros2-mecanum-bot/install/xpkg_msgs/share/xpkg_msgs/local_setup.bash
-- Installing: /home/leomorningrain/code/ros2-mecanum-bot/install/xpkg_msgs/share/xpkg_msgs/local_setup.sh
-- Installing: /home/leomorningrain/code/ros2-mecanum-bot/install/xpkg_msgs/share/xpkg_msgs/local_setup.zsh
-- Installing: /home/leomorningrain/code/ros2-mecanum-bot/install/xpkg_msgs/share/xpkg_msgs/local_setup.dsv
-- Installing: /home/leomorningrain/code/ros2-mecanum-bot/install/xpkg_msgs/share/xpkg_msgs/package.dsv
-- Installing: /home/leomorningrain/code/ros2-mecanum-bot/install/xpkg_msgs/share/ament_index/resource_index/packages/xpkg_msgs
-- Installing: /home/leomorningrain/code/ros2-mecanum-bot/install/xpkg_msgs/share/xpkg_msgs/cmake/export_xpkg_msgs__rosidl_generator_cExport.cmake
-- Installing: /home/leomorningrain/code/ros2-mecanum-bot/install/xpkg_msgs/share/xpkg_msgs/cmake/export_xpkg_msgs__rosidl_generator_cExport-noconfig.cmake
-- Installing: /home/leomorningrain/code/ros2-mecanum-bot/install/xpkg_msgs/share/xpkg_msgs/cmake/export_xpkg_msgs__rosidl_typesupport_fastrtps_cExport.cmake
-- Installing: /home/leomorningrain/code/ros2-mecanum-bot/install/xpkg_msgs/share/xpkg_msgs/cmake/export_xpkg_msgs__rosidl_typesupport_fastrtps_cExport-noconfig.cmake
-- Installing: /home/leomorningrain/code/ros2-mecanum-bot/install/xpkg_msgs/share/xpkg_msgs/cmake/export_xpkg_msgs__rosidl_generator_cppExport.cmake
-- Installing: /home/leomorningrain/code/ros2-mecanum-bot/install/xpkg_msgs/share/xpkg_msgs/cmake/export_xpkg_msgs__rosidl_typesupport_fastrtps_cppExport.cmake
-- Installing: /home/leomorningrain/code/ros2-mecanum-bot/install/xpkg_msgs/share/xpkg_msgs/cmake/export_xpkg_msgs__rosidl_typesupport_fastrtps_cppExport-noconfig.cmake
-- Installing: /home/leomorningrain/code/ros2-mecanum-bot/install/xpkg_msgs/share/xpkg_msgs/cmake/xpkg_msgs__rosidl_typesupport_introspection_cExport.cmake
-- Installing: /home/leomorningrain/code/ros2-mecanum-bot/install/xpkg_msgs/share/xpkg_msgs/cmake/xpkg_msgs__rosidl_typesupport_introspection_cExport-noconfig.cmake
-- Installing: /home/leomorningrain/code/ros2-mecanum-bot/install/xpkg_msgs/share/xpkg_msgs/cmake/xpkg_msgs__rosidl_typesupport_cExport.cmake
-- Installing: /home/leomorningrain/code/ros2-mecanum-bot/install/xpkg_msgs/share/xpkg_msgs/cmake/xpkg_msgs__rosidl_typesupport_cExport-noconfig.cmake
-- Installing: /home/leomorningrain/code/ros2-mecanum-bot/install/xpkg_msgs/share/xpkg_msgs/cmake/xpkg_msgs__rosidl_typesupport_introspection_cppExport.cmake
-- Installing: /home/leomorningrain/code/ros2-mecanum-bot/install/xpkg_msgs/share/xpkg_msgs/cmake/xpkg_msgs__rosidl_typesupport_introspection_cppExport-noconfig.cmake
-- Installing: /home/leomorningrain/code/ros2-mecanum-bot/install/xpkg_msgs/share/xpkg_msgs/cmake/xpkg_msgs__rosidl_typesupport_cppExport.cmake
-- Installing: /home/leomorningrain/code/ros2-mecanum-bot/install/xpkg_msgs/share/xpkg_msgs/cmake/xpkg_msgs__rosidl_typesupport_cppExport-noconfig.cmake
-- Installing: /home/leomorningrain/code/ros2-mecanum-bot/install/xpkg_msgs/share/xpkg_msgs/cmake/export_xpkg_msgs__rosidl_generator_pyExport.cmake
-- Installing: /home/leomorningrain/code/ros2-mecanum-bot/install/xpkg_msgs/share/xpkg_msgs/cmake/export_xpkg_msgs__rosidl_generator_pyExport-noconfig.cmake
-- Installing: /home/leomorningrain/code/ros2-mecanum-bot/install/xpkg_msgs/share/xpkg_msgs/cmake/rosidl_cmake-extras.cmake
-- Installing: /home/leomorningrain/code/ros2-mecanum-bot/install/xpkg_msgs/share/xpkg_msgs/cmake/ament_cmake_export_dependencies-extras.cmake
-- Installing: /home/leomorningrain/code/ros2-mecanum-bot/install/xpkg_msgs/share/xpkg_msgs/cmake/ament_cmake_export_include_directories-extras.cmake
-- Installing: /home/leomorningrain/code/ros2-mecanum-bot/install/xpkg_msgs/share/xpkg_msgs/cmake/ament_cmake_export_libraries-extras.cmake
-- Installing: /home/leomorningrain/code/ros2-mecanum-bot/install/xpkg_msgs/share/xpkg_msgs/cmake/ament_cmake_export_targets-extras.cmake
-- Installing: /home/leomorningrain/code/ros2-mecanum-bot/install/xpkg_msgs/share/xpkg_msgs/cmake/rosidl_cmake_export_typesupport_targets-extras.cmake
-- Installing: /home/leomorningrain/code/ros2-mecanum-bot/install/xpkg_msgs/share/xpkg_msgs/cmake/rosidl_cmake_export_typesupport_libraries-extras.cmake
-- Installing: /home/leomorningrain/code/ros2-mecanum-bot/install/xpkg_msgs/share/xpkg_msgs/cmake/xpkg_msgsConfig.cmake
-- Installing: /home/leomorningrain/code/ros2-mecanum-bot/install/xpkg_msgs/share/xpkg_msgs/cmake/xpkg_msgsConfig-version.cmake
-- Installing: /home/leomorningrain/code/ros2-mecanum-bot/install/xpkg_msgs/share/xpkg_msgs/package.xml
