[0.013s] Invoking command in '/home/leomorningrain/code/ros2-mecanum-bot/build/xpkg_msgs': CMAKE_PREFIX_PATH=${CMAKE_PREFIX_PATH}:/opt/ros/humble /usr/bin/cmake /home/leomorningrain/code/ros2-mecanum-bot/src/ros2-mecanum-bot/base/xpkg_msgs -DCMAKE_INSTALL_PREFIX=/home/leomorningrain/code/ros2-mecanum-bot/install/xpkg_msgs
[0.072s] -- The C compiler identification is GNU 11.4.0
[0.134s] -- The CXX compiler identification is GNU 11.4.0
[0.144s] -- Detecting C compiler ABI info
[0.196s] -- Detecting C compiler ABI info - done
[0.202s] -- Check for working C compiler: /usr/bin/cc - skipped
[0.202s] -- Detecting C compile features
[0.202s] -- Detecting C compile features - done
[0.205s] -- Detecting CXX compiler ABI info
[0.262s] -- Detecting CXX compiler ABI info - done
[0.268s] -- Check for working CXX compiler: /usr/bin/c++ - skipped
[0.268s] -- Detecting CXX compile features
[0.268s] -- Detecting CXX compile features - done
[0.268s] -- Your ROS version is ROS2
[0.271s] -- Found ament_cmake: 1.3.8 (/opt/ros/humble/share/ament_cmake/cmake)
[0.365s] -- Found Python3: /usr/bin/python3 (found version "3.10.12") found components: Interpreter 
[0.422s] -- Found rclcpp: 16.0.8 (/opt/ros/humble/share/rclcpp/cmake)
[0.453s] -- Found rosidl_generator_c: 3.1.5 (/opt/ros/humble/share/rosidl_generator_c/cmake)
[0.456s] -- Found rosidl_adapter: 3.1.5 (/opt/ros/humble/share/rosidl_adapter/cmake)
[0.463s] -- Found rosidl_generator_cpp: 3.1.5 (/opt/ros/humble/share/rosidl_generator_cpp/cmake)
[0.472s] -- Using all available rosidl_typesupport_c: rosidl_typesupport_fastrtps_c;rosidl_typesupport_introspection_c
[0.485s] -- Using all available rosidl_typesupport_cpp: rosidl_typesupport_fastrtps_cpp;rosidl_typesupport_introspection_cpp
[0.532s] -- Found rmw_implementation_cmake: 6.1.1 (/opt/ros/humble/share/rmw_implementation_cmake/cmake)
[0.535s] -- Found rmw_fastrtps_cpp: 6.2.6 (/opt/ros/humble/share/rmw_fastrtps_cpp/cmake)
[0.598s] -- Found OpenSSL: /usr/lib/x86_64-linux-gnu/libcrypto.so (found version "3.0.2")  
[0.616s] -- Found FastRTPS: /opt/ros/humble/include  
[0.647s] -- Using RMW implementation 'rmw_fastrtps_cpp' as default
[0.655s] -- Looking for pthread.h
[0.700s] -- Looking for pthread.h - found
[0.701s] -- Performing Test CMAKE_HAVE_LIBC_PTHREAD
[0.753s] -- Performing Test CMAKE_HAVE_LIBC_PTHREAD - Success
[0.754s] -- Found Threads: TRUE  
[0.857s] -- Found rosidl_default_generators: 1.2.0 (/opt/ros/humble/share/rosidl_default_generators/cmake)
[1.017s] -- Found ament_cmake_ros: 0.10.0 (/opt/ros/humble/share/ament_cmake_ros/cmake)
[1.194s] -- Using all available rosidl_typesupport_c: rosidl_typesupport_fastrtps_c;rosidl_typesupport_introspection_c
[1.262s] -- Using all available rosidl_typesupport_cpp: rosidl_typesupport_fastrtps_cpp;rosidl_typesupport_introspection_cpp
[1.274s] -- Found PythonInterp: /usr/bin/python3 (found suitable version "3.10.12", minimum required is "3.6") 
[1.276s] -- Found python_cmake_module: 0.10.0 (/opt/ros/humble/share/python_cmake_module/cmake)
[1.292s] -- Found PythonLibs: /usr/lib/x86_64-linux-gnu/libpython3.10.so (found suitable version "3.10.12", minimum required is "3.5") 
[1.292s] -- Using PYTHON_EXECUTABLE: /usr/bin/python3
[1.293s] -- Using PYTHON_INCLUDE_DIRS: /usr/include/python3.10
[1.293s] -- Using PYTHON_LIBRARIES: /usr/lib/x86_64-linux-gnu/libpython3.10.so
[1.306s] -- Found PythonExtra: .so  
[1.330s] -- Found ament_lint_auto: 0.12.10 (/opt/ros/humble/share/ament_lint_auto/cmake)
[1.347s] -- Added test 'copyright' to check source files copyright and LICENSE
[1.348s] -- Added test 'flake8' to check Python code syntax and style conventions
[1.348s] -- Added test 'lint_cmake' to check CMake code style
[1.348s] -- Added test 'pep257' to check Python code against some of the docstring style conventions in PEP 257
[1.349s] -- Added test 'xmllint' to check XML markup files
[1.350s] -- Configuring done
[1.368s] -- Generating done
[1.369s] -- Build files have been written to: /home/leomorningrain/code/ros2-mecanum-bot/build/xpkg_msgs
[1.377s] Invoked command in '/home/leomorningrain/code/ros2-mecanum-bot/build/xpkg_msgs' returned '0': CMAKE_PREFIX_PATH=${CMAKE_PREFIX_PATH}:/opt/ros/humble /usr/bin/cmake /home/leomorningrain/code/ros2-mecanum-bot/src/ros2-mecanum-bot/base/xpkg_msgs -DCMAKE_INSTALL_PREFIX=/home/leomorningrain/code/ros2-mecanum-bot/install/xpkg_msgs
[1.378s] Invoking command in '/home/leomorningrain/code/ros2-mecanum-bot/build/xpkg_msgs': CMAKE_PREFIX_PATH=${CMAKE_PREFIX_PATH}:/opt/ros/humble /usr/bin/cmake --build /home/leomorningrain/code/ros2-mecanum-bot/build/xpkg_msgs -- -j32 -l32
[1.405s] [  2%] [34m[1mGenerating C code for ROS interfaces[0m
[1.411s] [  4%] [34m[1mGenerating C++ code for ROS interfaces[0m
[1.423s] [  4%] Built target ament_cmake_python_copy_xpkg_msgs
[1.573s] running egg_info
[1.573s] creating xpkg_msgs.egg-info
[1.573s] writing xpkg_msgs.egg-info/PKG-INFO
[1.573s] writing dependency_links to xpkg_msgs.egg-info/dependency_links.txt
[1.573s] writing top-level names to xpkg_msgs.egg-info/top_level.txt
[1.573s] writing manifest file 'xpkg_msgs.egg-info/SOURCES.txt'
[1.575s] reading manifest file 'xpkg_msgs.egg-info/SOURCES.txt'
[1.575s] writing manifest file 'xpkg_msgs.egg-info/SOURCES.txt'
[1.594s] [  4%] Built target ament_cmake_python_build_xpkg_msgs_egg
[1.627s] [  4%] Built target xpkg_msgs__cpp
[1.634s] [ 12%] [32mBuilding C object CMakeFiles/xpkg_msgs__rosidl_generator_c.dir/rosidl_generator_c/xpkg_msgs/msg/detail/xmsg_comm_data__functions.c.o[0m
[1.635s] [ 12%] [34m[1mGenerating C++ type support dispatch for ROS interfaces[0m
[1.635s] [ 12%] [34m[1mGenerating C++ type support for eProsima Fast-RTPS[0m
[1.635s] [ 12%] [32mBuilding C object CMakeFiles/xpkg_msgs__rosidl_generator_c.dir/rosidl_generator_c/xpkg_msgs/msg/detail/xmsg_device_list__functions.c.o[0m
[1.635s] [ 14%] [32mBuilding C object CMakeFiles/xpkg_msgs__rosidl_generator_c.dir/rosidl_generator_c/xpkg_msgs/msg/detail/xmsg_device__functions.c.o[0m
[1.635s] [ 17%] [34m[1mGenerating C++ introspection for ROS interfaces[0m
[1.672s] [ 19%] [32m[1mLinking C shared library libxpkg_msgs__rosidl_generator_c.so[0m
[1.698s] [ 19%] Built target xpkg_msgs__rosidl_generator_c
[1.705s] [ 25%] [34m[1mGenerating C introspection for ROS interfaces[0m
[1.705s] [ 25%] [34m[1mGenerating C type support dispatch for ROS interfaces[0m
[1.705s] [ 25%] [34m[1mGenerating C type support for eProsima Fast-RTPS[0m
[1.824s] [ 27%] [32mBuilding CXX object CMakeFiles/xpkg_msgs__rosidl_typesupport_cpp.dir/rosidl_typesupport_cpp/xpkg_msgs/msg/xmsg_comm_data__type_support.cpp.o[0m
[1.827s] [ 31%] [32mBuilding CXX object CMakeFiles/xpkg_msgs__rosidl_typesupport_cpp.dir/rosidl_typesupport_cpp/xpkg_msgs/msg/xmsg_device_list__type_support.cpp.o[0m
[1.827s] [ 31%] [32mBuilding CXX object CMakeFiles/xpkg_msgs__rosidl_typesupport_cpp.dir/rosidl_typesupport_cpp/xpkg_msgs/msg/xmsg_device__type_support.cpp.o[0m
[1.857s] [ 34%] [32mBuilding CXX object CMakeFiles/xpkg_msgs__rosidl_typesupport_introspection_cpp.dir/rosidl_typesupport_introspection_cpp/xpkg_msgs/msg/detail/xmsg_device_list__type_support.cpp.o[0m
[1.858s] [ 36%] [32mBuilding CXX object CMakeFiles/xpkg_msgs__rosidl_typesupport_introspection_cpp.dir/rosidl_typesupport_introspection_cpp/xpkg_msgs/msg/detail/xmsg_device__type_support.cpp.o[0m
[1.859s] [ 38%] [32mBuilding CXX object CMakeFiles/xpkg_msgs__rosidl_typesupport_introspection_cpp.dir/rosidl_typesupport_introspection_cpp/xpkg_msgs/msg/detail/xmsg_comm_data__type_support.cpp.o[0m
[1.860s] [ 40%] [32mBuilding CXX object CMakeFiles/xpkg_msgs__rosidl_typesupport_fastrtps_cpp.dir/rosidl_typesupport_fastrtps_cpp/xpkg_msgs/msg/detail/dds_fastrtps/xmsg_device_list__type_support.cpp.o[0m
[1.860s] [ 42%] [32mBuilding CXX object CMakeFiles/xpkg_msgs__rosidl_typesupport_fastrtps_cpp.dir/rosidl_typesupport_fastrtps_cpp/xpkg_msgs/msg/detail/dds_fastrtps/xmsg_device__type_support.cpp.o[0m
[1.862s] [ 44%] [32mBuilding CXX object CMakeFiles/xpkg_msgs__rosidl_typesupport_fastrtps_cpp.dir/rosidl_typesupport_fastrtps_cpp/xpkg_msgs/msg/detail/dds_fastrtps/xmsg_comm_data__type_support.cpp.o[0m
[1.904s] [ 46%] [32mBuilding CXX object CMakeFiles/xpkg_msgs__rosidl_typesupport_c.dir/rosidl_typesupport_c/xpkg_msgs/msg/xmsg_comm_data__type_support.cpp.o[0m
[1.907s] [ 51%] [32mBuilding CXX object CMakeFiles/xpkg_msgs__rosidl_typesupport_c.dir/rosidl_typesupport_c/xpkg_msgs/msg/xmsg_device_list__type_support.cpp.o[0m
[1.908s] [ 51%] [32mBuilding CXX object CMakeFiles/xpkg_msgs__rosidl_typesupport_c.dir/rosidl_typesupport_c/xpkg_msgs/msg/xmsg_device__type_support.cpp.o[0m
[1.937s] [ 57%] [32mBuilding C object CMakeFiles/xpkg_msgs__rosidl_typesupport_introspection_c.dir/rosidl_typesupport_introspection_c/xpkg_msgs/msg/detail/xmsg_comm_data__type_support.c.o[0m
[1.937s] [ 57%] [32mBuilding C object CMakeFiles/xpkg_msgs__rosidl_typesupport_introspection_c.dir/rosidl_typesupport_introspection_c/xpkg_msgs/msg/detail/xmsg_device__type_support.c.o[0m
[1.937s] [ 57%] [32mBuilding C object CMakeFiles/xpkg_msgs__rosidl_typesupport_introspection_c.dir/rosidl_typesupport_introspection_c/xpkg_msgs/msg/detail/xmsg_device_list__type_support.c.o[0m
[1.937s] [ 59%] [32m[1mLinking CXX shared library libxpkg_msgs__rosidl_typesupport_c.so[0m
[1.973s] [ 59%] Built target xpkg_msgs__rosidl_typesupport_c
[1.980s] [ 61%] [32m[1mLinking C shared library libxpkg_msgs__rosidl_typesupport_introspection_c.so[0m
[1.999s] [ 63%] [32mBuilding CXX object CMakeFiles/xpkg_msgs__rosidl_typesupport_fastrtps_c.dir/rosidl_typesupport_fastrtps_c/xpkg_msgs/msg/detail/xmsg_comm_data__type_support_c.cpp.o[0m
[2.001s] [ 68%] [32mBuilding CXX object CMakeFiles/xpkg_msgs__rosidl_typesupport_fastrtps_c.dir/rosidl_typesupport_fastrtps_c/xpkg_msgs/msg/detail/xmsg_device__type_support_c.cpp.o[0m
[2.001s] [ 65%] [32mBuilding CXX object CMakeFiles/xpkg_msgs__rosidl_typesupport_fastrtps_c.dir/rosidl_typesupport_fastrtps_c/xpkg_msgs/msg/detail/xmsg_device_list__type_support_c.cpp.o[0m
[2.015s] [ 68%] Built target xpkg_msgs__rosidl_typesupport_introspection_c
[2.098s] [ 70%] [32m[1mLinking CXX shared library libxpkg_msgs__rosidl_typesupport_cpp.so[0m
[2.145s] [ 70%] Built target xpkg_msgs__rosidl_typesupport_cpp
[2.266s] [ 72%] [32m[1mLinking CXX shared library libxpkg_msgs__rosidl_typesupport_fastrtps_c.so[0m
[2.283s] [ 74%] [32m[1mLinking CXX shared library libxpkg_msgs__rosidl_typesupport_fastrtps_cpp.so[0m
[2.327s] [ 76%] [32m[1mLinking CXX shared library libxpkg_msgs__rosidl_typesupport_introspection_cpp.so[0m
[2.327s] [ 76%] Built target xpkg_msgs__rosidl_typesupport_fastrtps_c
[2.336s] [ 76%] Built target xpkg_msgs__rosidl_typesupport_fastrtps_cpp
[2.379s] [ 76%] Built target xpkg_msgs__rosidl_typesupport_introspection_cpp
[2.393s] [ 76%] Built target xpkg_msgs
[2.407s] [ 78%] [34m[1mGenerating Python code for ROS interfaces[0m
[2.663s] [ 78%] Built target xpkg_msgs__py
[2.674s] [ 82%] [32mBuilding C object CMakeFiles/xpkg_msgs__rosidl_generator_py.dir/rosidl_generator_py/xpkg_msgs/msg/_xmsg_comm_data_s.c.o[0m
[2.675s] [ 82%] [32mBuilding C object CMakeFiles/xpkg_msgs__rosidl_generator_py.dir/rosidl_generator_py/xpkg_msgs/msg/_xmsg_device_list_s.c.o[0m
[2.675s] [ 85%] [32mBuilding C object CMakeFiles/xpkg_msgs__rosidl_generator_py.dir/rosidl_generator_py/xpkg_msgs/msg/_xmsg_device_s.c.o[0m
[2.735s] [ 87%] [32m[1mLinking C shared library rosidl_generator_py/xpkg_msgs/libxpkg_msgs__rosidl_generator_py.so[0m
[2.760s] [ 87%] Built target xpkg_msgs__rosidl_generator_py
[2.772s] [ 91%] [32mBuilding C object CMakeFiles/xpkg_msgs__rosidl_typesupport_introspection_c__pyext.dir/rosidl_generator_py/xpkg_msgs/_xpkg_msgs_s.ep.rosidl_typesupport_introspection_c.c.o[0m
[2.772s] [ 91%] [32mBuilding C object CMakeFiles/xpkg_msgs__rosidl_typesupport_fastrtps_c__pyext.dir/rosidl_generator_py/xpkg_msgs/_xpkg_msgs_s.ep.rosidl_typesupport_fastrtps_c.c.o[0m
[2.773s] [ 93%] [32mBuilding C object CMakeFiles/xpkg_msgs__rosidl_typesupport_c__pyext.dir/rosidl_generator_py/xpkg_msgs/_xpkg_msgs_s.ep.rosidl_typesupport_c.c.o[0m
[2.830s] [ 97%] [32m[1mLinking C shared library rosidl_generator_py/xpkg_msgs/xpkg_msgs_s__rosidl_typesupport_fastrtps_c.cpython-310-x86_64-linux-gnu.so[0m
[2.830s] [ 97%] [32m[1mLinking C shared library rosidl_generator_py/xpkg_msgs/xpkg_msgs_s__rosidl_typesupport_introspection_c.cpython-310-x86_64-linux-gnu.so[0m
[2.830s] [100%] [32m[1mLinking C shared library rosidl_generator_py/xpkg_msgs/xpkg_msgs_s__rosidl_typesupport_c.cpython-310-x86_64-linux-gnu.so[0m
[2.853s] [100%] Built target xpkg_msgs__rosidl_typesupport_fastrtps_c__pyext
[2.854s] [100%] Built target xpkg_msgs__rosidl_typesupport_c__pyext
[2.854s] [100%] Built target xpkg_msgs__rosidl_typesupport_introspection_c__pyext
[2.863s] Invoked command in '/home/leomorningrain/code/ros2-mecanum-bot/build/xpkg_msgs' returned '0': CMAKE_PREFIX_PATH=${CMAKE_PREFIX_PATH}:/opt/ros/humble /usr/bin/cmake --build /home/leomorningrain/code/ros2-mecanum-bot/build/xpkg_msgs -- -j32 -l32
[2.921s] Invoking command in '/home/leomorningrain/code/ros2-mecanum-bot/build/xpkg_msgs': CMAKE_PREFIX_PATH=${CMAKE_PREFIX_PATH}:/opt/ros/humble /usr/bin/cmake --install /home/leomorningrain/code/ros2-mecanum-bot/build/xpkg_msgs
[2.926s] -- Install configuration: ""
[2.926s] -- Installing: /home/leomorningrain/code/ros2-mecanum-bot/install/xpkg_msgs/share/ament_index/resource_index/rosidl_interfaces/xpkg_msgs
[2.926s] -- Installing: /home/leomorningrain/code/ros2-mecanum-bot/install/xpkg_msgs/include/xpkg_msgs/xpkg_msgs
[2.926s] -- Installing: /home/leomorningrain/code/ros2-mecanum-bot/install/xpkg_msgs/include/xpkg_msgs/xpkg_msgs/msg
[2.926s] -- Installing: /home/leomorningrain/code/ros2-mecanum-bot/install/xpkg_msgs/include/xpkg_msgs/xpkg_msgs/msg/detail
[2.926s] -- Installing: /home/leomorningrain/code/ros2-mecanum-bot/install/xpkg_msgs/include/xpkg_msgs/xpkg_msgs/msg/detail/xmsg_comm_data__functions.h
[2.926s] -- Installing: /home/leomorningrain/code/ros2-mecanum-bot/install/xpkg_msgs/include/xpkg_msgs/xpkg_msgs/msg/detail/xmsg_comm_data__type_support.h
[2.926s] -- Installing: /home/leomorningrain/code/ros2-mecanum-bot/install/xpkg_msgs/include/xpkg_msgs/xpkg_msgs/msg/detail/xmsg_device__type_support.h
[2.926s] -- Installing: /home/leomorningrain/code/ros2-mecanum-bot/install/xpkg_msgs/include/xpkg_msgs/xpkg_msgs/msg/detail/xmsg_device__functions.c
[2.927s] -- Installing: /home/leomorningrain/code/ros2-mecanum-bot/install/xpkg_msgs/include/xpkg_msgs/xpkg_msgs/msg/detail/xmsg_device_list__functions.c
[2.927s] -- Installing: /home/leomorningrain/code/ros2-mecanum-bot/install/xpkg_msgs/include/xpkg_msgs/xpkg_msgs/msg/detail/xmsg_device__struct.h
[2.927s] -- Installing: /home/leomorningrain/code/ros2-mecanum-bot/install/xpkg_msgs/include/xpkg_msgs/xpkg_msgs/msg/detail/xmsg_comm_data__struct.h
[2.927s] -- Installing: /home/leomorningrain/code/ros2-mecanum-bot/install/xpkg_msgs/include/xpkg_msgs/xpkg_msgs/msg/detail/xmsg_device_list__functions.h
[2.927s] -- Installing: /home/leomorningrain/code/ros2-mecanum-bot/install/xpkg_msgs/include/xpkg_msgs/xpkg_msgs/msg/detail/xmsg_device_list__struct.h
[2.927s] -- Installing: /home/leomorningrain/code/ros2-mecanum-bot/install/xpkg_msgs/include/xpkg_msgs/xpkg_msgs/msg/detail/xmsg_comm_data__functions.c
[2.927s] -- Installing: /home/leomorningrain/code/ros2-mecanum-bot/install/xpkg_msgs/include/xpkg_msgs/xpkg_msgs/msg/detail/xmsg_device__functions.h
[2.927s] -- Installing: /home/leomorningrain/code/ros2-mecanum-bot/install/xpkg_msgs/include/xpkg_msgs/xpkg_msgs/msg/detail/xmsg_device_list__type_support.h
[2.927s] -- Installing: /home/leomorningrain/code/ros2-mecanum-bot/install/xpkg_msgs/include/xpkg_msgs/xpkg_msgs/msg/xmsg_device.h
[2.927s] -- Installing: /home/leomorningrain/code/ros2-mecanum-bot/install/xpkg_msgs/include/xpkg_msgs/xpkg_msgs/msg/rosidl_generator_c__visibility_control.h
[2.927s] -- Installing: /home/leomorningrain/code/ros2-mecanum-bot/install/xpkg_msgs/include/xpkg_msgs/xpkg_msgs/msg/xmsg_device_list.h
[2.927s] -- Installing: /home/leomorningrain/code/ros2-mecanum-bot/install/xpkg_msgs/include/xpkg_msgs/xpkg_msgs/msg/xmsg_comm_data.h
[2.927s] -- Installing: /home/leomorningrain/code/ros2-mecanum-bot/install/xpkg_msgs/share/xpkg_msgs/environment/library_path.sh
[2.927s] -- Installing: /home/leomorningrain/code/ros2-mecanum-bot/install/xpkg_msgs/share/xpkg_msgs/environment/library_path.dsv
[2.927s] -- Installing: /home/leomorningrain/code/ros2-mecanum-bot/install/xpkg_msgs/lib/libxpkg_msgs__rosidl_generator_c.so
[2.927s] -- Set runtime path of "/home/leomorningrain/code/ros2-mecanum-bot/install/xpkg_msgs/lib/libxpkg_msgs__rosidl_generator_c.so" to ""
[2.927s] -- Up-to-date: /home/leomorningrain/code/ros2-mecanum-bot/install/xpkg_msgs/include/xpkg_msgs/xpkg_msgs
[2.927s] -- Up-to-date: /home/leomorningrain/code/ros2-mecanum-bot/install/xpkg_msgs/include/xpkg_msgs/xpkg_msgs/msg
[2.927s] -- Installing: /home/leomorningrain/code/ros2-mecanum-bot/install/xpkg_msgs/include/xpkg_msgs/xpkg_msgs/msg/rosidl_typesupport_fastrtps_c__visibility_control.h
[2.927s] -- Up-to-date: /home/leomorningrain/code/ros2-mecanum-bot/install/xpkg_msgs/include/xpkg_msgs/xpkg_msgs/msg/detail
[2.927s] -- Installing: /home/leomorningrain/code/ros2-mecanum-bot/install/xpkg_msgs/include/xpkg_msgs/xpkg_msgs/msg/detail/xmsg_comm_data__rosidl_typesupport_fastrtps_c.h
[2.927s] -- Installing: /home/leomorningrain/code/ros2-mecanum-bot/install/xpkg_msgs/include/xpkg_msgs/xpkg_msgs/msg/detail/xmsg_device_list__rosidl_typesupport_fastrtps_c.h
[2.927s] -- Installing: /home/leomorningrain/code/ros2-mecanum-bot/install/xpkg_msgs/include/xpkg_msgs/xpkg_msgs/msg/detail/xmsg_device__rosidl_typesupport_fastrtps_c.h
[2.927s] -- Installing: /home/leomorningrain/code/ros2-mecanum-bot/install/xpkg_msgs/lib/libxpkg_msgs__rosidl_typesupport_fastrtps_c.so
[2.927s] -- Set runtime path of "/home/leomorningrain/code/ros2-mecanum-bot/install/xpkg_msgs/lib/libxpkg_msgs__rosidl_typesupport_fastrtps_c.so" to ""
[2.927s] -- Up-to-date: /home/leomorningrain/code/ros2-mecanum-bot/install/xpkg_msgs/include/xpkg_msgs/xpkg_msgs
[2.927s] -- Up-to-date: /home/leomorningrain/code/ros2-mecanum-bot/install/xpkg_msgs/include/xpkg_msgs/xpkg_msgs/msg
[2.927s] -- Installing: /home/leomorningrain/code/ros2-mecanum-bot/install/xpkg_msgs/include/xpkg_msgs/xpkg_msgs/msg/xmsg_device_list.hpp
[2.927s] -- Installing: /home/leomorningrain/code/ros2-mecanum-bot/install/xpkg_msgs/include/xpkg_msgs/xpkg_msgs/msg/xmsg_device.hpp
[2.927s] -- Installing: /home/leomorningrain/code/ros2-mecanum-bot/install/xpkg_msgs/include/xpkg_msgs/xpkg_msgs/msg/xmsg_comm_data.hpp
[2.928s] -- Up-to-date: /home/leomorningrain/code/ros2-mecanum-bot/install/xpkg_msgs/include/xpkg_msgs/xpkg_msgs/msg/detail
[2.928s] -- Installing: /home/leomorningrain/code/ros2-mecanum-bot/install/xpkg_msgs/include/xpkg_msgs/xpkg_msgs/msg/detail/xmsg_device_list__builder.hpp
[2.928s] -- Installing: /home/leomorningrain/code/ros2-mecanum-bot/install/xpkg_msgs/include/xpkg_msgs/xpkg_msgs/msg/detail/xmsg_device__traits.hpp
[2.928s] -- Installing: /home/leomorningrain/code/ros2-mecanum-bot/install/xpkg_msgs/include/xpkg_msgs/xpkg_msgs/msg/detail/xmsg_device__builder.hpp
[2.928s] -- Installing: /home/leomorningrain/code/ros2-mecanum-bot/install/xpkg_msgs/include/xpkg_msgs/xpkg_msgs/msg/detail/xmsg_device_list__struct.hpp
[2.928s] -- Installing: /home/leomorningrain/code/ros2-mecanum-bot/install/xpkg_msgs/include/xpkg_msgs/xpkg_msgs/msg/detail/xmsg_device__struct.hpp
[2.928s] -- Installing: /home/leomorningrain/code/ros2-mecanum-bot/install/xpkg_msgs/include/xpkg_msgs/xpkg_msgs/msg/detail/xmsg_comm_data__struct.hpp
[2.928s] -- Installing: /home/leomorningrain/code/ros2-mecanum-bot/install/xpkg_msgs/include/xpkg_msgs/xpkg_msgs/msg/detail/xmsg_comm_data__builder.hpp
[2.928s] -- Installing: /home/leomorningrain/code/ros2-mecanum-bot/install/xpkg_msgs/include/xpkg_msgs/xpkg_msgs/msg/detail/xmsg_device_list__traits.hpp
[2.928s] -- Installing: /home/leomorningrain/code/ros2-mecanum-bot/install/xpkg_msgs/include/xpkg_msgs/xpkg_msgs/msg/detail/xmsg_comm_data__traits.hpp
[2.928s] -- Up-to-date: /home/leomorningrain/code/ros2-mecanum-bot/install/xpkg_msgs/include/xpkg_msgs/xpkg_msgs
[2.928s] -- Up-to-date: /home/leomorningrain/code/ros2-mecanum-bot/install/xpkg_msgs/include/xpkg_msgs/xpkg_msgs/msg
[2.928s] -- Up-to-date: /home/leomorningrain/code/ros2-mecanum-bot/install/xpkg_msgs/include/xpkg_msgs/xpkg_msgs/msg/detail
[2.928s] -- Installing: /home/leomorningrain/code/ros2-mecanum-bot/install/xpkg_msgs/include/xpkg_msgs/xpkg_msgs/msg/detail/xmsg_comm_data__rosidl_typesupport_fastrtps_cpp.hpp
[2.928s] -- Installing: /home/leomorningrain/code/ros2-mecanum-bot/install/xpkg_msgs/include/xpkg_msgs/xpkg_msgs/msg/detail/xmsg_device_list__rosidl_typesupport_fastrtps_cpp.hpp
[2.928s] -- Installing: /home/leomorningrain/code/ros2-mecanum-bot/install/xpkg_msgs/include/xpkg_msgs/xpkg_msgs/msg/detail/xmsg_device__rosidl_typesupport_fastrtps_cpp.hpp
[2.928s] -- Installing: /home/leomorningrain/code/ros2-mecanum-bot/install/xpkg_msgs/include/xpkg_msgs/xpkg_msgs/msg/detail/dds_fastrtps
[2.928s] -- Installing: /home/leomorningrain/code/ros2-mecanum-bot/install/xpkg_msgs/include/xpkg_msgs/xpkg_msgs/msg/rosidl_typesupport_fastrtps_cpp__visibility_control.h
[2.928s] -- Installing: /home/leomorningrain/code/ros2-mecanum-bot/install/xpkg_msgs/lib/libxpkg_msgs__rosidl_typesupport_fastrtps_cpp.so
[2.928s] -- Set runtime path of "/home/leomorningrain/code/ros2-mecanum-bot/install/xpkg_msgs/lib/libxpkg_msgs__rosidl_typesupport_fastrtps_cpp.so" to ""
[2.928s] -- Up-to-date: /home/leomorningrain/code/ros2-mecanum-bot/install/xpkg_msgs/include/xpkg_msgs/xpkg_msgs
[2.928s] -- Up-to-date: /home/leomorningrain/code/ros2-mecanum-bot/install/xpkg_msgs/include/xpkg_msgs/xpkg_msgs/msg
[2.928s] -- Installing: /home/leomorningrain/code/ros2-mecanum-bot/install/xpkg_msgs/include/xpkg_msgs/xpkg_msgs/msg/rosidl_typesupport_introspection_c__visibility_control.h
[2.928s] -- Up-to-date: /home/leomorningrain/code/ros2-mecanum-bot/install/xpkg_msgs/include/xpkg_msgs/xpkg_msgs/msg/detail
[2.928s] -- Installing: /home/leomorningrain/code/ros2-mecanum-bot/install/xpkg_msgs/include/xpkg_msgs/xpkg_msgs/msg/detail/xmsg_device_list__type_support.c
[2.928s] -- Installing: /home/leomorningrain/code/ros2-mecanum-bot/install/xpkg_msgs/include/xpkg_msgs/xpkg_msgs/msg/detail/xmsg_comm_data__rosidl_typesupport_introspection_c.h
[2.928s] -- Installing: /home/leomorningrain/code/ros2-mecanum-bot/install/xpkg_msgs/include/xpkg_msgs/xpkg_msgs/msg/detail/xmsg_device_list__rosidl_typesupport_introspection_c.h
[2.928s] -- Installing: /home/leomorningrain/code/ros2-mecanum-bot/install/xpkg_msgs/include/xpkg_msgs/xpkg_msgs/msg/detail/xmsg_comm_data__type_support.c
[2.928s] -- Installing: /home/leomorningrain/code/ros2-mecanum-bot/install/xpkg_msgs/include/xpkg_msgs/xpkg_msgs/msg/detail/xmsg_device__type_support.c
[2.928s] -- Installing: /home/leomorningrain/code/ros2-mecanum-bot/install/xpkg_msgs/include/xpkg_msgs/xpkg_msgs/msg/detail/xmsg_device__rosidl_typesupport_introspection_c.h
[2.928s] -- Installing: /home/leomorningrain/code/ros2-mecanum-bot/install/xpkg_msgs/lib/libxpkg_msgs__rosidl_typesupport_introspection_c.so
[2.928s] -- Set runtime path of "/home/leomorningrain/code/ros2-mecanum-bot/install/xpkg_msgs/lib/libxpkg_msgs__rosidl_typesupport_introspection_c.so" to ""
[2.929s] -- Installing: /home/leomorningrain/code/ros2-mecanum-bot/install/xpkg_msgs/lib/libxpkg_msgs__rosidl_typesupport_c.so
[2.929s] -- Set runtime path of "/home/leomorningrain/code/ros2-mecanum-bot/install/xpkg_msgs/lib/libxpkg_msgs__rosidl_typesupport_c.so" to ""
[2.929s] -- Up-to-date: /home/leomorningrain/code/ros2-mecanum-bot/install/xpkg_msgs/include/xpkg_msgs/xpkg_msgs
[2.929s] -- Up-to-date: /home/leomorningrain/code/ros2-mecanum-bot/install/xpkg_msgs/include/xpkg_msgs/xpkg_msgs/msg
[2.929s] -- Up-to-date: /home/leomorningrain/code/ros2-mecanum-bot/install/xpkg_msgs/include/xpkg_msgs/xpkg_msgs/msg/detail
[2.929s] -- Installing: /home/leomorningrain/code/ros2-mecanum-bot/install/xpkg_msgs/include/xpkg_msgs/xpkg_msgs/msg/detail/xmsg_device__type_support.cpp
[2.929s] -- Installing: /home/leomorningrain/code/ros2-mecanum-bot/install/xpkg_msgs/include/xpkg_msgs/xpkg_msgs/msg/detail/xmsg_device_list__rosidl_typesupport_introspection_cpp.hpp
[2.929s] -- Installing: /home/leomorningrain/code/ros2-mecanum-bot/install/xpkg_msgs/include/xpkg_msgs/xpkg_msgs/msg/detail/xmsg_comm_data__type_support.cpp
[2.929s] -- Installing: /home/leomorningrain/code/ros2-mecanum-bot/install/xpkg_msgs/include/xpkg_msgs/xpkg_msgs/msg/detail/xmsg_device_list__type_support.cpp
[2.929s] -- Installing: /home/leomorningrain/code/ros2-mecanum-bot/install/xpkg_msgs/include/xpkg_msgs/xpkg_msgs/msg/detail/xmsg_comm_data__rosidl_typesupport_introspection_cpp.hpp
[2.929s] -- Installing: /home/leomorningrain/code/ros2-mecanum-bot/install/xpkg_msgs/include/xpkg_msgs/xpkg_msgs/msg/detail/xmsg_device__rosidl_typesupport_introspection_cpp.hpp
[2.929s] -- Installing: /home/leomorningrain/code/ros2-mecanum-bot/install/xpkg_msgs/lib/libxpkg_msgs__rosidl_typesupport_introspection_cpp.so
[2.929s] -- Set runtime path of "/home/leomorningrain/code/ros2-mecanum-bot/install/xpkg_msgs/lib/libxpkg_msgs__rosidl_typesupport_introspection_cpp.so" to ""
[2.929s] -- Installing: /home/leomorningrain/code/ros2-mecanum-bot/install/xpkg_msgs/lib/libxpkg_msgs__rosidl_typesupport_cpp.so
[2.929s] -- Set runtime path of "/home/leomorningrain/code/ros2-mecanum-bot/install/xpkg_msgs/lib/libxpkg_msgs__rosidl_typesupport_cpp.so" to ""
[2.929s] -- Installing: /home/leomorningrain/code/ros2-mecanum-bot/install/xpkg_msgs/share/xpkg_msgs/environment/pythonpath.sh
[2.929s] -- Installing: /home/leomorningrain/code/ros2-mecanum-bot/install/xpkg_msgs/share/xpkg_msgs/environment/pythonpath.dsv
[2.929s] -- Installing: /home/leomorningrain/code/ros2-mecanum-bot/install/xpkg_msgs/local/lib/python3.10/dist-packages/xpkg_msgs-0.1.0-py3.10.egg-info
[2.929s] -- Installing: /home/leomorningrain/code/ros2-mecanum-bot/install/xpkg_msgs/local/lib/python3.10/dist-packages/xpkg_msgs-0.1.0-py3.10.egg-info/top_level.txt
[2.929s] -- Installing: /home/leomorningrain/code/ros2-mecanum-bot/install/xpkg_msgs/local/lib/python3.10/dist-packages/xpkg_msgs-0.1.0-py3.10.egg-info/PKG-INFO
[2.929s] -- Installing: /home/leomorningrain/code/ros2-mecanum-bot/install/xpkg_msgs/local/lib/python3.10/dist-packages/xpkg_msgs-0.1.0-py3.10.egg-info/SOURCES.txt
[2.930s] -- Installing: /home/leomorningrain/code/ros2-mecanum-bot/install/xpkg_msgs/local/lib/python3.10/dist-packages/xpkg_msgs-0.1.0-py3.10.egg-info/dependency_links.txt
[2.930s] -- Installing: /home/leomorningrain/code/ros2-mecanum-bot/install/xpkg_msgs/local/lib/python3.10/dist-packages/xpkg_msgs
[2.930s] -- Installing: /home/leomorningrain/code/ros2-mecanum-bot/install/xpkg_msgs/local/lib/python3.10/dist-packages/xpkg_msgs/xpkg_msgs_s__rosidl_typesupport_introspection_c.cpython-310-x86_64-linux-gnu.so
[2.930s] -- Installing: /home/leomorningrain/code/ros2-mecanum-bot/install/xpkg_msgs/local/lib/python3.10/dist-packages/xpkg_msgs/_xpkg_msgs_s.ep.rosidl_typesupport_fastrtps_c.c
[2.930s] -- Installing: /home/leomorningrain/code/ros2-mecanum-bot/install/xpkg_msgs/local/lib/python3.10/dist-packages/xpkg_msgs/xpkg_msgs_s__rosidl_typesupport_c.cpython-310-x86_64-linux-gnu.so
[2.930s] -- Installing: /home/leomorningrain/code/ros2-mecanum-bot/install/xpkg_msgs/local/lib/python3.10/dist-packages/xpkg_msgs/xpkg_msgs_s__rosidl_typesupport_fastrtps_c.cpython-310-x86_64-linux-gnu.so
[2.930s] -- Installing: /home/leomorningrain/code/ros2-mecanum-bot/install/xpkg_msgs/local/lib/python3.10/dist-packages/xpkg_msgs/msg
[2.930s] -- Installing: /home/leomorningrain/code/ros2-mecanum-bot/install/xpkg_msgs/local/lib/python3.10/dist-packages/xpkg_msgs/msg/_xmsg_comm_data_s.c
[2.930s] -- Installing: /home/leomorningrain/code/ros2-mecanum-bot/install/xpkg_msgs/local/lib/python3.10/dist-packages/xpkg_msgs/msg/_xmsg_comm_data.py
[2.930s] -- Installing: /home/leomorningrain/code/ros2-mecanum-bot/install/xpkg_msgs/local/lib/python3.10/dist-packages/xpkg_msgs/msg/_xmsg_device_s.c
[2.930s] -- Installing: /home/leomorningrain/code/ros2-mecanum-bot/install/xpkg_msgs/local/lib/python3.10/dist-packages/xpkg_msgs/msg/__init__.py
[2.930s] -- Installing: /home/leomorningrain/code/ros2-mecanum-bot/install/xpkg_msgs/local/lib/python3.10/dist-packages/xpkg_msgs/msg/_xmsg_device_list.py
[2.930s] -- Installing: /home/leomorningrain/code/ros2-mecanum-bot/install/xpkg_msgs/local/lib/python3.10/dist-packages/xpkg_msgs/msg/_xmsg_device.py
[2.930s] -- Installing: /home/leomorningrain/code/ros2-mecanum-bot/install/xpkg_msgs/local/lib/python3.10/dist-packages/xpkg_msgs/msg/_xmsg_device_list_s.c
[2.930s] -- Installing: /home/leomorningrain/code/ros2-mecanum-bot/install/xpkg_msgs/local/lib/python3.10/dist-packages/xpkg_msgs/libxpkg_msgs__rosidl_generator_py.so
[2.930s] -- Installing: /home/leomorningrain/code/ros2-mecanum-bot/install/xpkg_msgs/local/lib/python3.10/dist-packages/xpkg_msgs/__init__.py
[2.930s] -- Installing: /home/leomorningrain/code/ros2-mecanum-bot/install/xpkg_msgs/local/lib/python3.10/dist-packages/xpkg_msgs/_xpkg_msgs_s.ep.rosidl_typesupport_introspection_c.c
[2.930s] -- Installing: /home/leomorningrain/code/ros2-mecanum-bot/install/xpkg_msgs/local/lib/python3.10/dist-packages/xpkg_msgs/_xpkg_msgs_s.ep.rosidl_typesupport_c.c
[2.952s] Listing '/home/leomorningrain/code/ros2-mecanum-bot/install/xpkg_msgs/local/lib/python3.10/dist-packages/xpkg_msgs'...
[2.952s] Compiling '/home/leomorningrain/code/ros2-mecanum-bot/install/xpkg_msgs/local/lib/python3.10/dist-packages/xpkg_msgs/__init__.py'...
[2.952s] Listing '/home/leomorningrain/code/ros2-mecanum-bot/install/xpkg_msgs/local/lib/python3.10/dist-packages/xpkg_msgs/msg'...
[2.952s] Compiling '/home/leomorningrain/code/ros2-mecanum-bot/install/xpkg_msgs/local/lib/python3.10/dist-packages/xpkg_msgs/msg/__init__.py'...
[2.952s] Compiling '/home/leomorningrain/code/ros2-mecanum-bot/install/xpkg_msgs/local/lib/python3.10/dist-packages/xpkg_msgs/msg/_xmsg_comm_data.py'...
[2.952s] Compiling '/home/leomorningrain/code/ros2-mecanum-bot/install/xpkg_msgs/local/lib/python3.10/dist-packages/xpkg_msgs/msg/_xmsg_device.py'...
[2.952s] Compiling '/home/leomorningrain/code/ros2-mecanum-bot/install/xpkg_msgs/local/lib/python3.10/dist-packages/xpkg_msgs/msg/_xmsg_device_list.py'...
[2.955s] -- Installing: /home/leomorningrain/code/ros2-mecanum-bot/install/xpkg_msgs/local/lib/python3.10/dist-packages/xpkg_msgs/xpkg_msgs_s__rosidl_typesupport_fastrtps_c.cpython-310-x86_64-linux-gnu.so
[2.955s] -- Set runtime path of "/home/leomorningrain/code/ros2-mecanum-bot/install/xpkg_msgs/local/lib/python3.10/dist-packages/xpkg_msgs/xpkg_msgs_s__rosidl_typesupport_fastrtps_c.cpython-310-x86_64-linux-gnu.so" to ""
[2.955s] -- Installing: /home/leomorningrain/code/ros2-mecanum-bot/install/xpkg_msgs/local/lib/python3.10/dist-packages/xpkg_msgs/xpkg_msgs_s__rosidl_typesupport_introspection_c.cpython-310-x86_64-linux-gnu.so
[2.956s] -- Set runtime path of "/home/leomorningrain/code/ros2-mecanum-bot/install/xpkg_msgs/local/lib/python3.10/dist-packages/xpkg_msgs/xpkg_msgs_s__rosidl_typesupport_introspection_c.cpython-310-x86_64-linux-gnu.so" to ""
[2.956s] -- Installing: /home/leomorningrain/code/ros2-mecanum-bot/install/xpkg_msgs/local/lib/python3.10/dist-packages/xpkg_msgs/xpkg_msgs_s__rosidl_typesupport_c.cpython-310-x86_64-linux-gnu.so
[2.956s] -- Set runtime path of "/home/leomorningrain/code/ros2-mecanum-bot/install/xpkg_msgs/local/lib/python3.10/dist-packages/xpkg_msgs/xpkg_msgs_s__rosidl_typesupport_c.cpython-310-x86_64-linux-gnu.so" to ""
[2.956s] -- Installing: /home/leomorningrain/code/ros2-mecanum-bot/install/xpkg_msgs/lib/libxpkg_msgs__rosidl_generator_py.so
[2.956s] -- Set runtime path of "/home/leomorningrain/code/ros2-mecanum-bot/install/xpkg_msgs/lib/libxpkg_msgs__rosidl_generator_py.so" to ""
[2.956s] -- Installing: /home/leomorningrain/code/ros2-mecanum-bot/install/xpkg_msgs/share/xpkg_msgs/msg/XmsgCommData.idl
[2.956s] -- Installing: /home/leomorningrain/code/ros2-mecanum-bot/install/xpkg_msgs/share/xpkg_msgs/msg/XmsgDeviceList.idl
[2.956s] -- Installing: /home/leomorningrain/code/ros2-mecanum-bot/install/xpkg_msgs/share/xpkg_msgs/msg/XmsgDevice.idl
[2.956s] -- Installing: /home/leomorningrain/code/ros2-mecanum-bot/install/xpkg_msgs/share/xpkg_msgs/msg/XmsgCommData.msg
[2.956s] -- Installing: /home/leomorningrain/code/ros2-mecanum-bot/install/xpkg_msgs/share/xpkg_msgs/msg/XmsgDeviceList.msg
[2.956s] -- Installing: /home/leomorningrain/code/ros2-mecanum-bot/install/xpkg_msgs/share/xpkg_msgs/msg/XmsgDevice.msg
[2.956s] -- Installing: /home/leomorningrain/code/ros2-mecanum-bot/install/xpkg_msgs/share/ament_index/resource_index/package_run_dependencies/xpkg_msgs
[2.956s] -- Installing: /home/leomorningrain/code/ros2-mecanum-bot/install/xpkg_msgs/share/ament_index/resource_index/parent_prefix_path/xpkg_msgs
[2.956s] -- Installing: /home/leomorningrain/code/ros2-mecanum-bot/install/xpkg_msgs/share/xpkg_msgs/environment/ament_prefix_path.sh
[2.956s] -- Installing: /home/leomorningrain/code/ros2-mecanum-bot/install/xpkg_msgs/share/xpkg_msgs/environment/ament_prefix_path.dsv
[2.956s] -- Installing: /home/leomorningrain/code/ros2-mecanum-bot/install/xpkg_msgs/share/xpkg_msgs/environment/path.sh
[2.956s] -- Installing: /home/leomorningrain/code/ros2-mecanum-bot/install/xpkg_msgs/share/xpkg_msgs/environment/path.dsv
[2.956s] -- Installing: /home/leomorningrain/code/ros2-mecanum-bot/install/xpkg_msgs/share/xpkg_msgs/local_setup.bash
[2.956s] -- Installing: /home/leomorningrain/code/ros2-mecanum-bot/install/xpkg_msgs/share/xpkg_msgs/local_setup.sh
[2.957s] -- Installing: /home/leomorningrain/code/ros2-mecanum-bot/install/xpkg_msgs/share/xpkg_msgs/local_setup.zsh
[2.957s] -- Installing: /home/leomorningrain/code/ros2-mecanum-bot/install/xpkg_msgs/share/xpkg_msgs/local_setup.dsv
[2.957s] -- Installing: /home/leomorningrain/code/ros2-mecanum-bot/install/xpkg_msgs/share/xpkg_msgs/package.dsv
[2.957s] -- Installing: /home/leomorningrain/code/ros2-mecanum-bot/install/xpkg_msgs/share/ament_index/resource_index/packages/xpkg_msgs
[2.957s] -- Installing: /home/leomorningrain/code/ros2-mecanum-bot/install/xpkg_msgs/share/xpkg_msgs/cmake/export_xpkg_msgs__rosidl_generator_cExport.cmake
[2.957s] -- Installing: /home/leomorningrain/code/ros2-mecanum-bot/install/xpkg_msgs/share/xpkg_msgs/cmake/export_xpkg_msgs__rosidl_generator_cExport-noconfig.cmake
[2.957s] -- Installing: /home/leomorningrain/code/ros2-mecanum-bot/install/xpkg_msgs/share/xpkg_msgs/cmake/export_xpkg_msgs__rosidl_typesupport_fastrtps_cExport.cmake
[2.957s] -- Installing: /home/leomorningrain/code/ros2-mecanum-bot/install/xpkg_msgs/share/xpkg_msgs/cmake/export_xpkg_msgs__rosidl_typesupport_fastrtps_cExport-noconfig.cmake
[2.957s] -- Installing: /home/leomorningrain/code/ros2-mecanum-bot/install/xpkg_msgs/share/xpkg_msgs/cmake/export_xpkg_msgs__rosidl_generator_cppExport.cmake
[2.957s] -- Installing: /home/leomorningrain/code/ros2-mecanum-bot/install/xpkg_msgs/share/xpkg_msgs/cmake/export_xpkg_msgs__rosidl_typesupport_fastrtps_cppExport.cmake
[2.957s] -- Installing: /home/leomorningrain/code/ros2-mecanum-bot/install/xpkg_msgs/share/xpkg_msgs/cmake/export_xpkg_msgs__rosidl_typesupport_fastrtps_cppExport-noconfig.cmake
[2.957s] -- Installing: /home/leomorningrain/code/ros2-mecanum-bot/install/xpkg_msgs/share/xpkg_msgs/cmake/xpkg_msgs__rosidl_typesupport_introspection_cExport.cmake
[2.957s] -- Installing: /home/leomorningrain/code/ros2-mecanum-bot/install/xpkg_msgs/share/xpkg_msgs/cmake/xpkg_msgs__rosidl_typesupport_introspection_cExport-noconfig.cmake
[2.957s] -- Installing: /home/leomorningrain/code/ros2-mecanum-bot/install/xpkg_msgs/share/xpkg_msgs/cmake/xpkg_msgs__rosidl_typesupport_cExport.cmake
[2.957s] -- Installing: /home/leomorningrain/code/ros2-mecanum-bot/install/xpkg_msgs/share/xpkg_msgs/cmake/xpkg_msgs__rosidl_typesupport_cExport-noconfig.cmake
[2.957s] -- Installing: /home/leomorningrain/code/ros2-mecanum-bot/install/xpkg_msgs/share/xpkg_msgs/cmake/xpkg_msgs__rosidl_typesupport_introspection_cppExport.cmake
[2.957s] -- Installing: /home/leomorningrain/code/ros2-mecanum-bot/install/xpkg_msgs/share/xpkg_msgs/cmake/xpkg_msgs__rosidl_typesupport_introspection_cppExport-noconfig.cmake
[2.957s] -- Installing: /home/leomorningrain/code/ros2-mecanum-bot/install/xpkg_msgs/share/xpkg_msgs/cmake/xpkg_msgs__rosidl_typesupport_cppExport.cmake
[2.957s] -- Installing: /home/leomorningrain/code/ros2-mecanum-bot/install/xpkg_msgs/share/xpkg_msgs/cmake/xpkg_msgs__rosidl_typesupport_cppExport-noconfig.cmake
[2.957s] -- Installing: /home/leomorningrain/code/ros2-mecanum-bot/install/xpkg_msgs/share/xpkg_msgs/cmake/export_xpkg_msgs__rosidl_generator_pyExport.cmake
[2.957s] -- Installing: /home/leomorningrain/code/ros2-mecanum-bot/install/xpkg_msgs/share/xpkg_msgs/cmake/export_xpkg_msgs__rosidl_generator_pyExport-noconfig.cmake
[2.957s] -- Installing: /home/leomorningrain/code/ros2-mecanum-bot/install/xpkg_msgs/share/xpkg_msgs/cmake/rosidl_cmake-extras.cmake
[2.957s] -- Installing: /home/leomorningrain/code/ros2-mecanum-bot/install/xpkg_msgs/share/xpkg_msgs/cmake/ament_cmake_export_dependencies-extras.cmake
[2.957s] -- Installing: /home/leomorningrain/code/ros2-mecanum-bot/install/xpkg_msgs/share/xpkg_msgs/cmake/ament_cmake_export_include_directories-extras.cmake
[2.957s] -- Installing: /home/leomorningrain/code/ros2-mecanum-bot/install/xpkg_msgs/share/xpkg_msgs/cmake/ament_cmake_export_libraries-extras.cmake
[2.958s] -- Installing: /home/leomorningrain/code/ros2-mecanum-bot/install/xpkg_msgs/share/xpkg_msgs/cmake/ament_cmake_export_targets-extras.cmake
[2.958s] -- Installing: /home/leomorningrain/code/ros2-mecanum-bot/install/xpkg_msgs/share/xpkg_msgs/cmake/rosidl_cmake_export_typesupport_targets-extras.cmake
[2.958s] -- Installing: /home/leomorningrain/code/ros2-mecanum-bot/install/xpkg_msgs/share/xpkg_msgs/cmake/rosidl_cmake_export_typesupport_libraries-extras.cmake
[2.958s] -- Installing: /home/leomorningrain/code/ros2-mecanum-bot/install/xpkg_msgs/share/xpkg_msgs/cmake/xpkg_msgsConfig.cmake
[2.958s] -- Installing: /home/leomorningrain/code/ros2-mecanum-bot/install/xpkg_msgs/share/xpkg_msgs/cmake/xpkg_msgsConfig-version.cmake
[2.958s] -- Installing: /home/leomorningrain/code/ros2-mecanum-bot/install/xpkg_msgs/share/xpkg_msgs/package.xml
[2.960s] Invoked command in '/home/leomorningrain/code/ros2-mecanum-bot/build/xpkg_msgs' returned '0': CMAKE_PREFIX_PATH=${CMAKE_PREFIX_PATH}:/opt/ros/humble /usr/bin/cmake --install /home/leomorningrain/code/ros2-mecanum-bot/build/xpkg_msgs
