[0.041s] Invoking command in '/home/leomorningrain/code/sdk_mark2_mcnm_ws/build/xpkg_msgs': CMAKE_PREFIX_PATH=${CMAKE_PREFIX_PATH}:/opt/ros/humble /usr/bin/cmake --build /home/leomorningrain/code/sdk_mark2_mcnm_ws/build/xpkg_msgs -- -j32 -l32
[0.188s] [  2%] Built target xpkg_msgs__cpp
[0.189s] [ 12%] Built target xpkg_msgs__rosidl_generator_c
[0.221s] [ 12%] Built target ament_cmake_python_copy_xpkg_msgs
[0.275s] [ 23%] Built target xpkg_msgs__rosidl_typesupport_cpp
[0.277s] [ 34%] Built target xpkg_msgs__rosidl_typesupport_fastrtps_cpp
[0.278s] [ 44%] Built target xpkg_msgs__rosidl_typesupport_introspection_cpp
[0.312s] [ 55%] Built target xpkg_msgs__rosidl_typesupport_c
[0.313s] [ 65%] Built target xpkg_msgs__rosidl_typesupport_introspection_c
[0.313s] [ 76%] Built target xpkg_msgs__rosidl_typesupport_fastrtps_c
[0.369s] [ 76%] Built target xpkg_msgs
[0.432s] [ 78%] Built target xpkg_msgs__py
[0.502s] [ 87%] Built target xpkg_msgs__rosidl_generator_py
[0.567s] [ 91%] Built target xpkg_msgs__rosidl_typesupport_fastrtps_c__pyext
[0.568s] [ 95%] Built target xpkg_msgs__rosidl_typesupport_introspection_c__pyext
[0.570s] [100%] Built target xpkg_msgs__rosidl_typesupport_c__pyext
[0.820s] running egg_info
[0.821s] writing xpkg_msgs.egg-info/PKG-INFO
[0.822s] writing dependency_links to xpkg_msgs.egg-info/dependency_links.txt
[0.822s] writing top-level names to xpkg_msgs.egg-info/top_level.txt
[0.826s] reading manifest file 'xpkg_msgs.egg-info/SOURCES.txt'
[0.827s] writing manifest file 'xpkg_msgs.egg-info/SOURCES.txt'
[0.872s] [100%] Built target ament_cmake_python_build_xpkg_msgs_egg
[0.891s] Invoked command in '/home/leomorningrain/code/sdk_mark2_mcnm_ws/build/xpkg_msgs' returned '0': CMAKE_PREFIX_PATH=${CMAKE_PREFIX_PATH}:/opt/ros/humble /usr/bin/cmake --build /home/leomorningrain/code/sdk_mark2_mcnm_ws/build/xpkg_msgs -- -j32 -l32
[1.112s] Invoking command in '/home/leomorningrain/code/sdk_mark2_mcnm_ws/build/xpkg_msgs': CMAKE_PREFIX_PATH=${CMAKE_PREFIX_PATH}:/opt/ros/humble /usr/bin/cmake --install /home/leomorningrain/code/sdk_mark2_mcnm_ws/build/xpkg_msgs
[1.133s] -- Install configuration: ""
[1.134s] -- Up-to-date: /home/leomorningrain/code/sdk_mark2_mcnm_ws/install/xpkg_msgs/share/ament_index/resource_index/rosidl_interfaces/xpkg_msgs
[1.134s] -- Up-to-date: /home/leomorningrain/code/sdk_mark2_mcnm_ws/install/xpkg_msgs/include/xpkg_msgs/xpkg_msgs
[1.135s] -- Up-to-date: /home/leomorningrain/code/sdk_mark2_mcnm_ws/install/xpkg_msgs/include/xpkg_msgs/xpkg_msgs/msg
[1.135s] -- Up-to-date: /home/leomorningrain/code/sdk_mark2_mcnm_ws/install/xpkg_msgs/include/xpkg_msgs/xpkg_msgs/msg/detail
[1.135s] -- Up-to-date: /home/leomorningrain/code/sdk_mark2_mcnm_ws/install/xpkg_msgs/include/xpkg_msgs/xpkg_msgs/msg/detail/xmsg_comm_data__functions.h
[1.135s] -- Up-to-date: /home/leomorningrain/code/sdk_mark2_mcnm_ws/install/xpkg_msgs/include/xpkg_msgs/xpkg_msgs/msg/detail/xmsg_comm_data__type_support.h
[1.135s] -- Up-to-date: /home/leomorningrain/code/sdk_mark2_mcnm_ws/install/xpkg_msgs/include/xpkg_msgs/xpkg_msgs/msg/detail/xmsg_device__type_support.h
[1.136s] -- Up-to-date: /home/leomorningrain/code/sdk_mark2_mcnm_ws/install/xpkg_msgs/include/xpkg_msgs/xpkg_msgs/msg/detail/xmsg_device__functions.c
[1.136s] -- Up-to-date: /home/leomorningrain/code/sdk_mark2_mcnm_ws/install/xpkg_msgs/include/xpkg_msgs/xpkg_msgs/msg/detail/xmsg_device_list__functions.c
[1.136s] -- Up-to-date: /home/leomorningrain/code/sdk_mark2_mcnm_ws/install/xpkg_msgs/include/xpkg_msgs/xpkg_msgs/msg/detail/xmsg_device__struct.h
[1.137s] -- Up-to-date: /home/leomorningrain/code/sdk_mark2_mcnm_ws/install/xpkg_msgs/include/xpkg_msgs/xpkg_msgs/msg/detail/xmsg_comm_data__struct.h
[1.137s] -- Up-to-date: /home/leomorningrain/code/sdk_mark2_mcnm_ws/install/xpkg_msgs/include/xpkg_msgs/xpkg_msgs/msg/detail/xmsg_device_list__functions.h
[1.137s] -- Up-to-date: /home/leomorningrain/code/sdk_mark2_mcnm_ws/install/xpkg_msgs/include/xpkg_msgs/xpkg_msgs/msg/detail/xmsg_device_list__struct.h
[1.138s] -- Up-to-date: /home/leomorningrain/code/sdk_mark2_mcnm_ws/install/xpkg_msgs/include/xpkg_msgs/xpkg_msgs/msg/detail/xmsg_comm_data__functions.c
[1.138s] -- Up-to-date: /home/leomorningrain/code/sdk_mark2_mcnm_ws/install/xpkg_msgs/include/xpkg_msgs/xpkg_msgs/msg/detail/xmsg_device__functions.h
[1.139s] -- Up-to-date: /home/leomorningrain/code/sdk_mark2_mcnm_ws/install/xpkg_msgs/include/xpkg_msgs/xpkg_msgs/msg/detail/xmsg_device_list__type_support.h
[1.140s] -- Up-to-date: /home/leomorningrain/code/sdk_mark2_mcnm_ws/install/xpkg_msgs/include/xpkg_msgs/xpkg_msgs/msg/xmsg_device.h
[1.140s] -- Up-to-date: /home/leomorningrain/code/sdk_mark2_mcnm_ws/install/xpkg_msgs/include/xpkg_msgs/xpkg_msgs/msg/rosidl_generator_c__visibility_control.h
[1.141s] -- Up-to-date: /home/leomorningrain/code/sdk_mark2_mcnm_ws/install/xpkg_msgs/include/xpkg_msgs/xpkg_msgs/msg/xmsg_device_list.h
[1.141s] -- Up-to-date: /home/leomorningrain/code/sdk_mark2_mcnm_ws/install/xpkg_msgs/include/xpkg_msgs/xpkg_msgs/msg/xmsg_comm_data.h
[1.141s] -- Up-to-date: /home/leomorningrain/code/sdk_mark2_mcnm_ws/install/xpkg_msgs/share/xpkg_msgs/environment/library_path.sh
[1.142s] -- Up-to-date: /home/leomorningrain/code/sdk_mark2_mcnm_ws/install/xpkg_msgs/share/xpkg_msgs/environment/library_path.dsv
[1.142s] -- Up-to-date: /home/leomorningrain/code/sdk_mark2_mcnm_ws/install/xpkg_msgs/lib/libxpkg_msgs__rosidl_generator_c.so
[1.143s] -- Up-to-date: /home/leomorningrain/code/sdk_mark2_mcnm_ws/install/xpkg_msgs/include/xpkg_msgs/xpkg_msgs
[1.143s] -- Up-to-date: /home/leomorningrain/code/sdk_mark2_mcnm_ws/install/xpkg_msgs/include/xpkg_msgs/xpkg_msgs/msg
[1.144s] -- Up-to-date: /home/leomorningrain/code/sdk_mark2_mcnm_ws/install/xpkg_msgs/include/xpkg_msgs/xpkg_msgs/msg/rosidl_typesupport_fastrtps_c__visibility_control.h
[1.144s] -- Up-to-date: /home/leomorningrain/code/sdk_mark2_mcnm_ws/install/xpkg_msgs/include/xpkg_msgs/xpkg_msgs/msg/detail
[1.144s] -- Up-to-date: /home/leomorningrain/code/sdk_mark2_mcnm_ws/install/xpkg_msgs/include/xpkg_msgs/xpkg_msgs/msg/detail/xmsg_comm_data__rosidl_typesupport_fastrtps_c.h
[1.145s] -- Up-to-date: /home/leomorningrain/code/sdk_mark2_mcnm_ws/install/xpkg_msgs/include/xpkg_msgs/xpkg_msgs/msg/detail/xmsg_device_list__rosidl_typesupport_fastrtps_c.h
[1.145s] -- Up-to-date: /home/leomorningrain/code/sdk_mark2_mcnm_ws/install/xpkg_msgs/include/xpkg_msgs/xpkg_msgs/msg/detail/xmsg_device__rosidl_typesupport_fastrtps_c.h
[1.145s] -- Up-to-date: /home/leomorningrain/code/sdk_mark2_mcnm_ws/install/xpkg_msgs/lib/libxpkg_msgs__rosidl_typesupport_fastrtps_c.so
[1.145s] -- Up-to-date: /home/leomorningrain/code/sdk_mark2_mcnm_ws/install/xpkg_msgs/include/xpkg_msgs/xpkg_msgs
[1.146s] -- Up-to-date: /home/leomorningrain/code/sdk_mark2_mcnm_ws/install/xpkg_msgs/include/xpkg_msgs/xpkg_msgs/msg
[1.146s] -- Up-to-date: /home/leomorningrain/code/sdk_mark2_mcnm_ws/install/xpkg_msgs/include/xpkg_msgs/xpkg_msgs/msg/xmsg_device_list.hpp
[1.146s] -- Up-to-date: /home/leomorningrain/code/sdk_mark2_mcnm_ws/install/xpkg_msgs/include/xpkg_msgs/xpkg_msgs/msg/xmsg_device.hpp
[1.146s] -- Up-to-date: /home/leomorningrain/code/sdk_mark2_mcnm_ws/install/xpkg_msgs/include/xpkg_msgs/xpkg_msgs/msg/xmsg_comm_data.hpp
[1.146s] -- Up-to-date: /home/leomorningrain/code/sdk_mark2_mcnm_ws/install/xpkg_msgs/include/xpkg_msgs/xpkg_msgs/msg/detail
[1.147s] -- Up-to-date: /home/leomorningrain/code/sdk_mark2_mcnm_ws/install/xpkg_msgs/include/xpkg_msgs/xpkg_msgs/msg/detail/xmsg_device_list__builder.hpp
[1.147s] -- Up-to-date: /home/leomorningrain/code/sdk_mark2_mcnm_ws/install/xpkg_msgs/include/xpkg_msgs/xpkg_msgs/msg/detail/xmsg_device__traits.hpp
[1.147s] -- Up-to-date: /home/leomorningrain/code/sdk_mark2_mcnm_ws/install/xpkg_msgs/include/xpkg_msgs/xpkg_msgs/msg/detail/xmsg_device__builder.hpp
[1.147s] -- Up-to-date: /home/leomorningrain/code/sdk_mark2_mcnm_ws/install/xpkg_msgs/include/xpkg_msgs/xpkg_msgs/msg/detail/xmsg_device_list__struct.hpp
[1.147s] -- Up-to-date: /home/leomorningrain/code/sdk_mark2_mcnm_ws/install/xpkg_msgs/include/xpkg_msgs/xpkg_msgs/msg/detail/xmsg_device__struct.hpp
[1.147s] -- Up-to-date: /home/leomorningrain/code/sdk_mark2_mcnm_ws/install/xpkg_msgs/include/xpkg_msgs/xpkg_msgs/msg/detail/xmsg_comm_data__struct.hpp
[1.148s] -- Up-to-date: /home/leomorningrain/code/sdk_mark2_mcnm_ws/install/xpkg_msgs/include/xpkg_msgs/xpkg_msgs/msg/detail/xmsg_comm_data__builder.hpp
[1.148s] -- Up-to-date: /home/leomorningrain/code/sdk_mark2_mcnm_ws/install/xpkg_msgs/include/xpkg_msgs/xpkg_msgs/msg/detail/xmsg_device_list__traits.hpp
[1.148s] -- Up-to-date: /home/leomorningrain/code/sdk_mark2_mcnm_ws/install/xpkg_msgs/include/xpkg_msgs/xpkg_msgs/msg/detail/xmsg_comm_data__traits.hpp
[1.148s] -- Up-to-date: /home/leomorningrain/code/sdk_mark2_mcnm_ws/install/xpkg_msgs/include/xpkg_msgs/xpkg_msgs
[1.148s] -- Up-to-date: /home/leomorningrain/code/sdk_mark2_mcnm_ws/install/xpkg_msgs/include/xpkg_msgs/xpkg_msgs/msg
[1.148s] -- Up-to-date: /home/leomorningrain/code/sdk_mark2_mcnm_ws/install/xpkg_msgs/include/xpkg_msgs/xpkg_msgs/msg/detail
[1.149s] -- Up-to-date: /home/leomorningrain/code/sdk_mark2_mcnm_ws/install/xpkg_msgs/include/xpkg_msgs/xpkg_msgs/msg/detail/xmsg_comm_data__rosidl_typesupport_fastrtps_cpp.hpp
[1.149s] -- Up-to-date: /home/leomorningrain/code/sdk_mark2_mcnm_ws/install/xpkg_msgs/include/xpkg_msgs/xpkg_msgs/msg/detail/xmsg_device_list__rosidl_typesupport_fastrtps_cpp.hpp
[1.149s] -- Up-to-date: /home/leomorningrain/code/sdk_mark2_mcnm_ws/install/xpkg_msgs/include/xpkg_msgs/xpkg_msgs/msg/detail/xmsg_device__rosidl_typesupport_fastrtps_cpp.hpp
[1.149s] -- Up-to-date: /home/leomorningrain/code/sdk_mark2_mcnm_ws/install/xpkg_msgs/include/xpkg_msgs/xpkg_msgs/msg/detail/dds_fastrtps
[1.149s] -- Up-to-date: /home/leomorningrain/code/sdk_mark2_mcnm_ws/install/xpkg_msgs/include/xpkg_msgs/xpkg_msgs/msg/rosidl_typesupport_fastrtps_cpp__visibility_control.h
[1.150s] -- Up-to-date: /home/leomorningrain/code/sdk_mark2_mcnm_ws/install/xpkg_msgs/lib/libxpkg_msgs__rosidl_typesupport_fastrtps_cpp.so
[1.150s] -- Up-to-date: /home/leomorningrain/code/sdk_mark2_mcnm_ws/install/xpkg_msgs/include/xpkg_msgs/xpkg_msgs
[1.150s] -- Up-to-date: /home/leomorningrain/code/sdk_mark2_mcnm_ws/install/xpkg_msgs/include/xpkg_msgs/xpkg_msgs/msg
[1.150s] -- Up-to-date: /home/leomorningrain/code/sdk_mark2_mcnm_ws/install/xpkg_msgs/include/xpkg_msgs/xpkg_msgs/msg/rosidl_typesupport_introspection_c__visibility_control.h
[1.150s] -- Up-to-date: /home/leomorningrain/code/sdk_mark2_mcnm_ws/install/xpkg_msgs/include/xpkg_msgs/xpkg_msgs/msg/detail
[1.150s] -- Up-to-date: /home/leomorningrain/code/sdk_mark2_mcnm_ws/install/xpkg_msgs/include/xpkg_msgs/xpkg_msgs/msg/detail/xmsg_device_list__type_support.c
[1.151s] -- Up-to-date: /home/leomorningrain/code/sdk_mark2_mcnm_ws/install/xpkg_msgs/include/xpkg_msgs/xpkg_msgs/msg/detail/xmsg_comm_data__rosidl_typesupport_introspection_c.h
[1.151s] -- Up-to-date: /home/leomorningrain/code/sdk_mark2_mcnm_ws/install/xpkg_msgs/include/xpkg_msgs/xpkg_msgs/msg/detail/xmsg_device_list__rosidl_typesupport_introspection_c.h
[1.151s] -- Up-to-date: /home/leomorningrain/code/sdk_mark2_mcnm_ws/install/xpkg_msgs/include/xpkg_msgs/xpkg_msgs/msg/detail/xmsg_comm_data__type_support.c
[1.151s] -- Up-to-date: /home/leomorningrain/code/sdk_mark2_mcnm_ws/install/xpkg_msgs/include/xpkg_msgs/xpkg_msgs/msg/detail/xmsg_device__type_support.c
[1.151s] -- Up-to-date: /home/leomorningrain/code/sdk_mark2_mcnm_ws/install/xpkg_msgs/include/xpkg_msgs/xpkg_msgs/msg/detail/xmsg_device__rosidl_typesupport_introspection_c.h
[1.151s] -- Up-to-date: /home/leomorningrain/code/sdk_mark2_mcnm_ws/install/xpkg_msgs/lib/libxpkg_msgs__rosidl_typesupport_introspection_c.so
[1.152s] -- Up-to-date: /home/leomorningrain/code/sdk_mark2_mcnm_ws/install/xpkg_msgs/lib/libxpkg_msgs__rosidl_typesupport_c.so
[1.152s] -- Up-to-date: /home/leomorningrain/code/sdk_mark2_mcnm_ws/install/xpkg_msgs/include/xpkg_msgs/xpkg_msgs
[1.152s] -- Up-to-date: /home/leomorningrain/code/sdk_mark2_mcnm_ws/install/xpkg_msgs/include/xpkg_msgs/xpkg_msgs/msg
[1.152s] -- Up-to-date: /home/leomorningrain/code/sdk_mark2_mcnm_ws/install/xpkg_msgs/include/xpkg_msgs/xpkg_msgs/msg/detail
[1.152s] -- Up-to-date: /home/leomorningrain/code/sdk_mark2_mcnm_ws/install/xpkg_msgs/include/xpkg_msgs/xpkg_msgs/msg/detail/xmsg_device__type_support.cpp
[1.152s] -- Up-to-date: /home/leomorningrain/code/sdk_mark2_mcnm_ws/install/xpkg_msgs/include/xpkg_msgs/xpkg_msgs/msg/detail/xmsg_device_list__rosidl_typesupport_introspection_cpp.hpp
[1.153s] -- Up-to-date: /home/leomorningrain/code/sdk_mark2_mcnm_ws/install/xpkg_msgs/include/xpkg_msgs/xpkg_msgs/msg/detail/xmsg_comm_data__type_support.cpp
[1.153s] -- Up-to-date: /home/leomorningrain/code/sdk_mark2_mcnm_ws/install/xpkg_msgs/include/xpkg_msgs/xpkg_msgs/msg/detail/xmsg_device_list__type_support.cpp
[1.153s] -- Up-to-date: /home/leomorningrain/code/sdk_mark2_mcnm_ws/install/xpkg_msgs/include/xpkg_msgs/xpkg_msgs/msg/detail/xmsg_comm_data__rosidl_typesupport_introspection_cpp.hpp
[1.153s] -- Up-to-date: /home/leomorningrain/code/sdk_mark2_mcnm_ws/install/xpkg_msgs/include/xpkg_msgs/xpkg_msgs/msg/detail/xmsg_device__rosidl_typesupport_introspection_cpp.hpp
[1.153s] -- Up-to-date: /home/leomorningrain/code/sdk_mark2_mcnm_ws/install/xpkg_msgs/lib/libxpkg_msgs__rosidl_typesupport_introspection_cpp.so
[1.153s] -- Up-to-date: /home/leomorningrain/code/sdk_mark2_mcnm_ws/install/xpkg_msgs/lib/libxpkg_msgs__rosidl_typesupport_cpp.so
[1.154s] -- Up-to-date: /home/leomorningrain/code/sdk_mark2_mcnm_ws/install/xpkg_msgs/share/xpkg_msgs/environment/pythonpath.sh
[1.154s] -- Up-to-date: /home/leomorningrain/code/sdk_mark2_mcnm_ws/install/xpkg_msgs/share/xpkg_msgs/environment/pythonpath.dsv
[1.154s] -- Up-to-date: /home/leomorningrain/code/sdk_mark2_mcnm_ws/install/xpkg_msgs/local/lib/python3.10/dist-packages/xpkg_msgs-0.1.0-py3.10.egg-info
[1.154s] -- Installing: /home/leomorningrain/code/sdk_mark2_mcnm_ws/install/xpkg_msgs/local/lib/python3.10/dist-packages/xpkg_msgs-0.1.0-py3.10.egg-info/top_level.txt
[1.154s] -- Installing: /home/leomorningrain/code/sdk_mark2_mcnm_ws/install/xpkg_msgs/local/lib/python3.10/dist-packages/xpkg_msgs-0.1.0-py3.10.egg-info/PKG-INFO
[1.154s] -- Installing: /home/leomorningrain/code/sdk_mark2_mcnm_ws/install/xpkg_msgs/local/lib/python3.10/dist-packages/xpkg_msgs-0.1.0-py3.10.egg-info/SOURCES.txt
[1.155s] -- Installing: /home/leomorningrain/code/sdk_mark2_mcnm_ws/install/xpkg_msgs/local/lib/python3.10/dist-packages/xpkg_msgs-0.1.0-py3.10.egg-info/dependency_links.txt
[1.155s] -- Up-to-date: /home/leomorningrain/code/sdk_mark2_mcnm_ws/install/xpkg_msgs/local/lib/python3.10/dist-packages/xpkg_msgs
[1.155s] -- Up-to-date: /home/leomorningrain/code/sdk_mark2_mcnm_ws/install/xpkg_msgs/local/lib/python3.10/dist-packages/xpkg_msgs/xpkg_msgs_s__rosidl_typesupport_introspection_c.cpython-310-x86_64-linux-gnu.so
[1.155s] -- Up-to-date: /home/leomorningrain/code/sdk_mark2_mcnm_ws/install/xpkg_msgs/local/lib/python3.10/dist-packages/xpkg_msgs/_xpkg_msgs_s.ep.rosidl_typesupport_fastrtps_c.c
[1.155s] -- Up-to-date: /home/leomorningrain/code/sdk_mark2_mcnm_ws/install/xpkg_msgs/local/lib/python3.10/dist-packages/xpkg_msgs/xpkg_msgs_s__rosidl_typesupport_c.cpython-310-x86_64-linux-gnu.so
[1.155s] -- Up-to-date: /home/leomorningrain/code/sdk_mark2_mcnm_ws/install/xpkg_msgs/local/lib/python3.10/dist-packages/xpkg_msgs/xpkg_msgs_s__rosidl_typesupport_fastrtps_c.cpython-310-x86_64-linux-gnu.so
[1.155s] -- Up-to-date: /home/leomorningrain/code/sdk_mark2_mcnm_ws/install/xpkg_msgs/local/lib/python3.10/dist-packages/xpkg_msgs/msg
[1.156s] -- Up-to-date: /home/leomorningrain/code/sdk_mark2_mcnm_ws/install/xpkg_msgs/local/lib/python3.10/dist-packages/xpkg_msgs/msg/_xmsg_comm_data_s.c
[1.156s] -- Up-to-date: /home/leomorningrain/code/sdk_mark2_mcnm_ws/install/xpkg_msgs/local/lib/python3.10/dist-packages/xpkg_msgs/msg/_xmsg_comm_data.py
[1.156s] -- Up-to-date: /home/leomorningrain/code/sdk_mark2_mcnm_ws/install/xpkg_msgs/local/lib/python3.10/dist-packages/xpkg_msgs/msg/_xmsg_device_s.c
[1.156s] -- Up-to-date: /home/leomorningrain/code/sdk_mark2_mcnm_ws/install/xpkg_msgs/local/lib/python3.10/dist-packages/xpkg_msgs/msg/__init__.py
[1.156s] -- Up-to-date: /home/leomorningrain/code/sdk_mark2_mcnm_ws/install/xpkg_msgs/local/lib/python3.10/dist-packages/xpkg_msgs/msg/_xmsg_device_list.py
[1.156s] -- Up-to-date: /home/leomorningrain/code/sdk_mark2_mcnm_ws/install/xpkg_msgs/local/lib/python3.10/dist-packages/xpkg_msgs/msg/_xmsg_device.py
[1.156s] -- Up-to-date: /home/leomorningrain/code/sdk_mark2_mcnm_ws/install/xpkg_msgs/local/lib/python3.10/dist-packages/xpkg_msgs/msg/_xmsg_device_list_s.c
[1.156s] -- Up-to-date: /home/leomorningrain/code/sdk_mark2_mcnm_ws/install/xpkg_msgs/local/lib/python3.10/dist-packages/xpkg_msgs/libxpkg_msgs__rosidl_generator_py.so
[1.157s] -- Up-to-date: /home/leomorningrain/code/sdk_mark2_mcnm_ws/install/xpkg_msgs/local/lib/python3.10/dist-packages/xpkg_msgs/__init__.py
[1.157s] -- Up-to-date: /home/leomorningrain/code/sdk_mark2_mcnm_ws/install/xpkg_msgs/local/lib/python3.10/dist-packages/xpkg_msgs/_xpkg_msgs_s.ep.rosidl_typesupport_introspection_c.c
[1.157s] -- Up-to-date: /home/leomorningrain/code/sdk_mark2_mcnm_ws/install/xpkg_msgs/local/lib/python3.10/dist-packages/xpkg_msgs/_xpkg_msgs_s.ep.rosidl_typesupport_c.c
[1.210s] Listing '/home/leomorningrain/code/sdk_mark2_mcnm_ws/install/xpkg_msgs/local/lib/python3.10/dist-packages/xpkg_msgs'...
[1.211s] Listing '/home/leomorningrain/code/sdk_mark2_mcnm_ws/install/xpkg_msgs/local/lib/python3.10/dist-packages/xpkg_msgs/msg'...
[1.221s] -- Up-to-date: /home/leomorningrain/code/sdk_mark2_mcnm_ws/install/xpkg_msgs/local/lib/python3.10/dist-packages/xpkg_msgs/xpkg_msgs_s__rosidl_typesupport_fastrtps_c.cpython-310-x86_64-linux-gnu.so
[1.222s] -- Up-to-date: /home/leomorningrain/code/sdk_mark2_mcnm_ws/install/xpkg_msgs/local/lib/python3.10/dist-packages/xpkg_msgs/xpkg_msgs_s__rosidl_typesupport_introspection_c.cpython-310-x86_64-linux-gnu.so
[1.222s] -- Up-to-date: /home/leomorningrain/code/sdk_mark2_mcnm_ws/install/xpkg_msgs/local/lib/python3.10/dist-packages/xpkg_msgs/xpkg_msgs_s__rosidl_typesupport_c.cpython-310-x86_64-linux-gnu.so
[1.222s] -- Up-to-date: /home/leomorningrain/code/sdk_mark2_mcnm_ws/install/xpkg_msgs/lib/libxpkg_msgs__rosidl_generator_py.so
[1.223s] -- Up-to-date: /home/leomorningrain/code/sdk_mark2_mcnm_ws/install/xpkg_msgs/share/xpkg_msgs/msg/XmsgCommData.idl
[1.223s] -- Up-to-date: /home/leomorningrain/code/sdk_mark2_mcnm_ws/install/xpkg_msgs/share/xpkg_msgs/msg/XmsgDeviceList.idl
[1.223s] -- Up-to-date: /home/leomorningrain/code/sdk_mark2_mcnm_ws/install/xpkg_msgs/share/xpkg_msgs/msg/XmsgDevice.idl
[1.224s] -- Up-to-date: /home/leomorningrain/code/sdk_mark2_mcnm_ws/install/xpkg_msgs/share/xpkg_msgs/msg/XmsgCommData.msg
[1.224s] -- Up-to-date: /home/leomorningrain/code/sdk_mark2_mcnm_ws/install/xpkg_msgs/share/xpkg_msgs/msg/XmsgDeviceList.msg
[1.224s] -- Up-to-date: /home/leomorningrain/code/sdk_mark2_mcnm_ws/install/xpkg_msgs/share/xpkg_msgs/msg/XmsgDevice.msg
[1.225s] -- Up-to-date: /home/leomorningrain/code/sdk_mark2_mcnm_ws/install/xpkg_msgs/share/ament_index/resource_index/package_run_dependencies/xpkg_msgs
[1.225s] -- Up-to-date: /home/leomorningrain/code/sdk_mark2_mcnm_ws/install/xpkg_msgs/share/ament_index/resource_index/parent_prefix_path/xpkg_msgs
[1.225s] -- Up-to-date: /home/leomorningrain/code/sdk_mark2_mcnm_ws/install/xpkg_msgs/share/xpkg_msgs/environment/ament_prefix_path.sh
[1.226s] -- Up-to-date: /home/leomorningrain/code/sdk_mark2_mcnm_ws/install/xpkg_msgs/share/xpkg_msgs/environment/ament_prefix_path.dsv
[1.226s] -- Up-to-date: /home/leomorningrain/code/sdk_mark2_mcnm_ws/install/xpkg_msgs/share/xpkg_msgs/environment/path.sh
[1.226s] -- Up-to-date: /home/leomorningrain/code/sdk_mark2_mcnm_ws/install/xpkg_msgs/share/xpkg_msgs/environment/path.dsv
[1.226s] -- Up-to-date: /home/leomorningrain/code/sdk_mark2_mcnm_ws/install/xpkg_msgs/share/xpkg_msgs/local_setup.bash
[1.226s] -- Up-to-date: /home/leomorningrain/code/sdk_mark2_mcnm_ws/install/xpkg_msgs/share/xpkg_msgs/local_setup.sh
[1.226s] -- Up-to-date: /home/leomorningrain/code/sdk_mark2_mcnm_ws/install/xpkg_msgs/share/xpkg_msgs/local_setup.zsh
[1.227s] -- Up-to-date: /home/leomorningrain/code/sdk_mark2_mcnm_ws/install/xpkg_msgs/share/xpkg_msgs/local_setup.dsv
[1.227s] -- Installing: /home/leomorningrain/code/sdk_mark2_mcnm_ws/install/xpkg_msgs/share/xpkg_msgs/package.dsv
[1.227s] -- Up-to-date: /home/leomorningrain/code/sdk_mark2_mcnm_ws/install/xpkg_msgs/share/ament_index/resource_index/packages/xpkg_msgs
[1.227s] -- Up-to-date: /home/leomorningrain/code/sdk_mark2_mcnm_ws/install/xpkg_msgs/share/xpkg_msgs/cmake/export_xpkg_msgs__rosidl_generator_cExport.cmake
[1.227s] -- Up-to-date: /home/leomorningrain/code/sdk_mark2_mcnm_ws/install/xpkg_msgs/share/xpkg_msgs/cmake/export_xpkg_msgs__rosidl_generator_cExport-noconfig.cmake
[1.227s] -- Up-to-date: /home/leomorningrain/code/sdk_mark2_mcnm_ws/install/xpkg_msgs/share/xpkg_msgs/cmake/export_xpkg_msgs__rosidl_typesupport_fastrtps_cExport.cmake
[1.228s] -- Up-to-date: /home/leomorningrain/code/sdk_mark2_mcnm_ws/install/xpkg_msgs/share/xpkg_msgs/cmake/export_xpkg_msgs__rosidl_typesupport_fastrtps_cExport-noconfig.cmake
[1.228s] -- Up-to-date: /home/leomorningrain/code/sdk_mark2_mcnm_ws/install/xpkg_msgs/share/xpkg_msgs/cmake/export_xpkg_msgs__rosidl_generator_cppExport.cmake
[1.228s] -- Up-to-date: /home/leomorningrain/code/sdk_mark2_mcnm_ws/install/xpkg_msgs/share/xpkg_msgs/cmake/export_xpkg_msgs__rosidl_typesupport_fastrtps_cppExport.cmake
[1.228s] -- Up-to-date: /home/leomorningrain/code/sdk_mark2_mcnm_ws/install/xpkg_msgs/share/xpkg_msgs/cmake/export_xpkg_msgs__rosidl_typesupport_fastrtps_cppExport-noconfig.cmake
[1.228s] -- Up-to-date: /home/leomorningrain/code/sdk_mark2_mcnm_ws/install/xpkg_msgs/share/xpkg_msgs/cmake/xpkg_msgs__rosidl_typesupport_introspection_cExport.cmake
[1.228s] -- Up-to-date: /home/leomorningrain/code/sdk_mark2_mcnm_ws/install/xpkg_msgs/share/xpkg_msgs/cmake/xpkg_msgs__rosidl_typesupport_introspection_cExport-noconfig.cmake
[1.229s] -- Up-to-date: /home/leomorningrain/code/sdk_mark2_mcnm_ws/install/xpkg_msgs/share/xpkg_msgs/cmake/xpkg_msgs__rosidl_typesupport_cExport.cmake
[1.229s] -- Up-to-date: /home/leomorningrain/code/sdk_mark2_mcnm_ws/install/xpkg_msgs/share/xpkg_msgs/cmake/xpkg_msgs__rosidl_typesupport_cExport-noconfig.cmake
[1.230s] -- Up-to-date: /home/leomorningrain/code/sdk_mark2_mcnm_ws/install/xpkg_msgs/share/xpkg_msgs/cmake/xpkg_msgs__rosidl_typesupport_introspection_cppExport.cmake
[1.231s] -- Up-to-date: /home/leomorningrain/code/sdk_mark2_mcnm_ws/install/xpkg_msgs/share/xpkg_msgs/cmake/xpkg_msgs__rosidl_typesupport_introspection_cppExport-noconfig.cmake
[1.232s] -- Up-to-date: /home/leomorningrain/code/sdk_mark2_mcnm_ws/install/xpkg_msgs/share/xpkg_msgs/cmake/xpkg_msgs__rosidl_typesupport_cppExport.cmake
[1.233s] -- Up-to-date: /home/leomorningrain/code/sdk_mark2_mcnm_ws/install/xpkg_msgs/share/xpkg_msgs/cmake/xpkg_msgs__rosidl_typesupport_cppExport-noconfig.cmake
[1.235s] -- Up-to-date: /home/leomorningrain/code/sdk_mark2_mcnm_ws/install/xpkg_msgs/share/xpkg_msgs/cmake/export_xpkg_msgs__rosidl_generator_pyExport.cmake
[1.235s] -- Up-to-date: /home/leomorningrain/code/sdk_mark2_mcnm_ws/install/xpkg_msgs/share/xpkg_msgs/cmake/export_xpkg_msgs__rosidl_generator_pyExport-noconfig.cmake
[1.236s] -- Up-to-date: /home/leomorningrain/code/sdk_mark2_mcnm_ws/install/xpkg_msgs/share/xpkg_msgs/cmake/rosidl_cmake-extras.cmake
[1.236s] -- Up-to-date: /home/leomorningrain/code/sdk_mark2_mcnm_ws/install/xpkg_msgs/share/xpkg_msgs/cmake/ament_cmake_export_dependencies-extras.cmake
[1.236s] -- Up-to-date: /home/leomorningrain/code/sdk_mark2_mcnm_ws/install/xpkg_msgs/share/xpkg_msgs/cmake/ament_cmake_export_include_directories-extras.cmake
[1.237s] -- Up-to-date: /home/leomorningrain/code/sdk_mark2_mcnm_ws/install/xpkg_msgs/share/xpkg_msgs/cmake/ament_cmake_export_libraries-extras.cmake
[1.237s] -- Up-to-date: /home/leomorningrain/code/sdk_mark2_mcnm_ws/install/xpkg_msgs/share/xpkg_msgs/cmake/ament_cmake_export_targets-extras.cmake
[1.238s] -- Up-to-date: /home/leomorningrain/code/sdk_mark2_mcnm_ws/install/xpkg_msgs/share/xpkg_msgs/cmake/rosidl_cmake_export_typesupport_targets-extras.cmake
[1.238s] -- Up-to-date: /home/leomorningrain/code/sdk_mark2_mcnm_ws/install/xpkg_msgs/share/xpkg_msgs/cmake/rosidl_cmake_export_typesupport_libraries-extras.cmake
[1.239s] -- Up-to-date: /home/leomorningrain/code/sdk_mark2_mcnm_ws/install/xpkg_msgs/share/xpkg_msgs/cmake/xpkg_msgsConfig.cmake
[1.240s] -- Up-to-date: /home/leomorningrain/code/sdk_mark2_mcnm_ws/install/xpkg_msgs/share/xpkg_msgs/cmake/xpkg_msgsConfig-version.cmake
[1.240s] -- Up-to-date: /home/leomorningrain/code/sdk_mark2_mcnm_ws/install/xpkg_msgs/share/xpkg_msgs/package.xml
[1.241s] Invoked command in '/home/leomorningrain/code/sdk_mark2_mcnm_ws/build/xpkg_msgs' returned '0': CMAKE_PREFIX_PATH=${CMAKE_PREFIX_PATH}:/opt/ros/humble /usr/bin/cmake --install /home/leomorningrain/code/sdk_mark2_mcnm_ws/build/xpkg_msgs
