[0.008s] Invoking command in '/home/leomorningrain/code/ws01_plumbing/build/cpp02_service': CMAKE_PREFIX_PATH=/home/leomorningrain/code/ws01_plumbing/install/base_interfaces_demo:/home/leomorningrain/code/ws01_plumbing/install/cpp02_service:/home/leomorningrain/code/ws01_plumbing/install/cpp01_topic:/home/leomorningrain/code/ws01_plumbing/install/py01_topic:/opt/ros/humble LD_LIBRARY_PATH=/home/leomorningrain/code/ws01_plumbing/install/base_interfaces_demo/lib:/opt/ros/humble/opt/rviz_ogre_vendor/lib:/opt/ros/humble/lib/x86_64-linux-gnu:/opt/ros/humble/lib:/usr/local/lib:/usr/local/lib /usr/bin/cmake --build /home/leomorningrain/code/ws01_plumbing/build/cpp02_service -- -j32 -l32
[0.028s] [35m[1mConsolidate compiler generated dependencies of target demo02_client_cpp[0m
[0.035s] [ 50%] Built target demo01_server_cpp
[0.037s] [ 75%] [32mBuilding CXX object CMakeFiles/demo02_client_cpp.dir/src/demo02_client_cpp.cpp.o[0m
[1.089s] In file included from [01m[K/opt/ros/humble/include/rclcpp/rclcpp/client.hpp:40[m[K,
[1.089s]                  from [01m[K/opt/ros/humble/include/rclcpp/rclcpp/callback_group.hpp:24[m[K,
[1.089s]                  from [01m[K/opt/ros/humble/include/rclcpp/rclcpp/any_executable.hpp:20[m[K,
[1.089s]                  from [01m[K/opt/ros/humble/include/rclcpp/rclcpp/memory_strategy.hpp:25[m[K,
[1.089s]                  from [01m[K/opt/ros/humble/include/rclcpp/rclcpp/memory_strategies.hpp:18[m[K,
[1.089s]                  from [01m[K/opt/ros/humble/include/rclcpp/rclcpp/executor_options.hpp:20[m[K,
[1.089s]                  from [01m[K/opt/ros/humble/include/rclcpp/rclcpp/executor.hpp:37[m[K,
[1.089s]                  from [01m[K/opt/ros/humble/include/rclcpp/rclcpp/executors/multi_threaded_executor.hpp:25[m[K,
[1.089s]                  from [01m[K/opt/ros/humble/include/rclcpp/rclcpp/executors.hpp:21[m[K,
[1.090s]                  from [01m[K/opt/ros/humble/include/rclcpp/rclcpp/rclcpp.hpp:155[m[K,
[1.090s]                  from [01m[K/home/leomorningrain/code/ws01_plumbing/src/cpp02_service/src/demo02_client_cpp.cpp:18[m[K:
[1.090s] [01m[K/home/leomorningrain/code/ws01_plumbing/src/cpp02_service/src/demo02_client_cpp.cpp:[m[K In member function ‘[01m[Kbool AddIntsClient::connect_server()[m[K’:
[1.090s] [01m[K/home/leomorningrain/code/ws01_plumbing/src/cpp02_service/src/demo02_client_cpp.cpp:50:43:[m[K [01;31m[Kerror: [m[Ktoo many arguments to function ‘[01m[Krclcpp::Logger rclcpp::get_logger(const string&)[m[K’
[1.090s]    50 |             RCLCPP_INFO([01;31m[Krclcpp::get_logger("rclcpp", "服务连接中")[m[K);
[1.090s]       |                         [01;31m[K~~~~~~~~~~~~~~~~~~^~~~~~~~~~~~~~~~~~~~~~~~[m[K
[1.090s] In file included from [01m[K/opt/ros/humble/include/rclcpp/rclcpp/logging.hpp:23[m[K,
[1.090s]                  from [01m[K/opt/ros/humble/include/rclcpp/rclcpp/client.hpp:40[m[K,
[1.090s]                  from [01m[K/opt/ros/humble/include/rclcpp/rclcpp/callback_group.hpp:24[m[K,
[1.090s]                  from [01m[K/opt/ros/humble/include/rclcpp/rclcpp/any_executable.hpp:20[m[K,
[1.090s]                  from [01m[K/opt/ros/humble/include/rclcpp/rclcpp/memory_strategy.hpp:25[m[K,
[1.090s]                  from [01m[K/opt/ros/humble/include/rclcpp/rclcpp/memory_strategies.hpp:18[m[K,
[1.090s]                  from [01m[K/opt/ros/humble/include/rclcpp/rclcpp/executor_options.hpp:20[m[K,
[1.090s]                  from [01m[K/opt/ros/humble/include/rclcpp/rclcpp/executor.hpp:37[m[K,
[1.090s]                  from [01m[K/opt/ros/humble/include/rclcpp/rclcpp/executors/multi_threaded_executor.hpp:25[m[K,
[1.090s]                  from [01m[K/opt/ros/humble/include/rclcpp/rclcpp/executors.hpp:21[m[K,
[1.090s]                  from [01m[K/opt/ros/humble/include/rclcpp/rclcpp/rclcpp.hpp:155[m[K,
[1.090s]                  from [01m[K/home/leomorningrain/code/ws01_plumbing/src/cpp02_service/src/demo02_client_cpp.cpp:18[m[K:
[1.090s] [01m[K/opt/ros/humble/include/rclcpp/rclcpp/logger.hpp:106:17:[m[K [01;36m[Knote: [m[Kdeclared here
[1.090s]   106 |   friend Logger [01;36m[Krclcpp[m[K::get_logger(const std::string & name);
[1.091s]       |                 [01;36m[K^~~~~~[m[K
[1.091s] In file included from [01m[K/opt/ros/humble/include/rclcpp/rclcpp/client.hpp:40[m[K,
[1.091s]                  from [01m[K/opt/ros/humble/include/rclcpp/rclcpp/callback_group.hpp:24[m[K,
[1.091s]                  from [01m[K/opt/ros/humble/include/rclcpp/rclcpp/any_executable.hpp:20[m[K,
[1.091s]                  from [01m[K/opt/ros/humble/include/rclcpp/rclcpp/memory_strategy.hpp:25[m[K,
[1.091s]                  from [01m[K/opt/ros/humble/include/rclcpp/rclcpp/memory_strategies.hpp:18[m[K,
[1.091s]                  from [01m[K/opt/ros/humble/include/rclcpp/rclcpp/executor_options.hpp:20[m[K,
[1.091s]                  from [01m[K/opt/ros/humble/include/rclcpp/rclcpp/executor.hpp:37[m[K,
[1.091s]                  from [01m[K/opt/ros/humble/include/rclcpp/rclcpp/executors/multi_threaded_executor.hpp:25[m[K,
[1.091s]                  from [01m[K/opt/ros/humble/include/rclcpp/rclcpp/executors.hpp:21[m[K,
[1.091s]                  from [01m[K/opt/ros/humble/include/rclcpp/rclcpp/rclcpp.hpp:155[m[K,
[1.091s]                  from [01m[K/home/leomorningrain/code/ws01_plumbing/src/cpp02_service/src/demo02_client_cpp.cpp:18[m[K:
[1.091s] [01m[K/home/leomorningrain/code/ws01_plumbing/src/cpp02_service/src/demo02_client_cpp.cpp:50:43:[m[K [01;31m[Kerror: [m[Ktoo many arguments to function ‘[01m[Krclcpp::Logger rclcpp::get_logger(const string&)[m[K’
[1.091s]    50 |             RCLCPP_INFO([01;31m[Krclcpp::get_logger("rclcpp", "服务连接中")[m[K);
[1.091s]       |                         [01;31m[K~~~~~~~~~~~~~~~~~~^~~~~~~~~~~~~~~~~~~~~~~~[m[K
[1.091s] In file included from [01m[K/opt/ros/humble/include/rclcpp/rclcpp/logging.hpp:23[m[K,
[1.091s]                  from [01m[K/opt/ros/humble/include/rclcpp/rclcpp/client.hpp:40[m[K,
[1.091s]                  from [01m[K/opt/ros/humble/include/rclcpp/rclcpp/callback_group.hpp:24[m[K,
[1.091s]                  from [01m[K/opt/ros/humble/include/rclcpp/rclcpp/any_executable.hpp:20[m[K,
[1.092s]                  from [01m[K/opt/ros/humble/include/rclcpp/rclcpp/memory_strategy.hpp:25[m[K,
[1.092s]                  from [01m[K/opt/ros/humble/include/rclcpp/rclcpp/memory_strategies.hpp:18[m[K,
[1.092s]                  from [01m[K/opt/ros/humble/include/rclcpp/rclcpp/executor_options.hpp:20[m[K,
[1.092s]                  from [01m[K/opt/ros/humble/include/rclcpp/rclcpp/executor.hpp:37[m[K,
[1.092s]                  from [01m[K/opt/ros/humble/include/rclcpp/rclcpp/executors/multi_threaded_executor.hpp:25[m[K,
[1.092s]                  from [01m[K/opt/ros/humble/include/rclcpp/rclcpp/executors.hpp:21[m[K,
[1.092s]                  from [01m[K/opt/ros/humble/include/rclcpp/rclcpp/rclcpp.hpp:155[m[K,
[1.092s]                  from [01m[K/home/leomorningrain/code/ws01_plumbing/src/cpp02_service/src/demo02_client_cpp.cpp:18[m[K:
[1.092s] [01m[K/opt/ros/humble/include/rclcpp/rclcpp/logger.hpp:106:17:[m[K [01;36m[Knote: [m[Kdeclared here
[1.092s]   106 |   friend Logger [01;36m[Krclcpp[m[K::get_logger(const std::string & name);
[1.092s]       |                 [01;36m[K^~~~~~[m[K
[1.092s] In file included from [01m[K/opt/ros/humble/include/rclcpp/rclcpp/logging.hpp:24[m[K,
[1.092s]                  from [01m[K/opt/ros/humble/include/rclcpp/rclcpp/client.hpp:40[m[K,
[1.092s]                  from [01m[K/opt/ros/humble/include/rclcpp/rclcpp/callback_group.hpp:24[m[K,
[1.092s]                  from [01m[K/opt/ros/humble/include/rclcpp/rclcpp/any_executable.hpp:20[m[K,
[1.092s]                  from [01m[K/opt/ros/humble/include/rclcpp/rclcpp/memory_strategy.hpp:25[m[K,
[1.092s]                  from [01m[K/opt/ros/humble/include/rclcpp/rclcpp/memory_strategies.hpp:18[m[K,
[1.092s]                  from [01m[K/opt/ros/humble/include/rclcpp/rclcpp/executor_options.hpp:20[m[K,
[1.092s]                  from [01m[K/opt/ros/humble/include/rclcpp/rclcpp/executor.hpp:37[m[K,
[1.092s]                  from [01m[K/opt/ros/humble/include/rclcpp/rclcpp/executors/multi_threaded_executor.hpp:25[m[K,
[1.092s]                  from [01m[K/opt/ros/humble/include/rclcpp/rclcpp/executors.hpp:21[m[K,
[1.092s]                  from [01m[K/opt/ros/humble/include/rclcpp/rclcpp/rclcpp.hpp:155[m[K,
[1.092s]                  from [01m[K/home/leomorningrain/code/ws01_plumbing/src/cpp02_service/src/demo02_client_cpp.cpp:18[m[K:
[1.092s] [01m[K/home/leomorningrain/code/ws01_plumbing/src/cpp02_service/src/demo02_client_cpp.cpp:50:43:[m[K [01;31m[Kerror: [m[Ktoo many arguments to function ‘[01m[Krclcpp::Logger rclcpp::get_logger(const string&)[m[K’
[1.092s]    50 |             RCLCPP_INFO([01;31m[Krclcpp::get_logger("rclcpp", "服务连接中")[m[K);
[1.092s]       |                         [01;31m[K~~~~~~~~~~~~~~~~~~^~~~~~~~~~~~~~~~~~~~~~~~[m[K
[1.092s] In file included from [01m[K/opt/ros/humble/include/rclcpp/rclcpp/logging.hpp:23[m[K,
[1.092s]                  from [01m[K/opt/ros/humble/include/rclcpp/rclcpp/client.hpp:40[m[K,
[1.092s]                  from [01m[K/opt/ros/humble/include/rclcpp/rclcpp/callback_group.hpp:24[m[K,
[1.092s]                  from [01m[K/opt/ros/humble/include/rclcpp/rclcpp/any_executable.hpp:20[m[K,
[1.092s]                  from [01m[K/opt/ros/humble/include/rclcpp/rclcpp/memory_strategy.hpp:25[m[K,
[1.092s]                  from [01m[K/opt/ros/humble/include/rclcpp/rclcpp/memory_strategies.hpp:18[m[K,
[1.092s]                  from [01m[K/opt/ros/humble/include/rclcpp/rclcpp/executor_options.hpp:20[m[K,
[1.092s]                  from [01m[K/opt/ros/humble/include/rclcpp/rclcpp/executor.hpp:37[m[K,
[1.092s]                  from [01m[K/opt/ros/humble/include/rclcpp/rclcpp/executors/multi_threaded_executor.hpp:25[m[K,
[1.092s]                  from [01m[K/opt/ros/humble/include/rclcpp/rclcpp/executors.hpp:21[m[K,
[1.092s]                  from [01m[K/opt/ros/humble/include/rclcpp/rclcpp/rclcpp.hpp:155[m[K,
[1.092s]                  from [01m[K/home/leomorningrain/code/ws01_plumbing/src/cpp02_service/src/demo02_client_cpp.cpp:18[m[K:
[1.092s] [01m[K/opt/ros/humble/include/rclcpp/rclcpp/logger.hpp:106:17:[m[K [01;36m[Knote: [m[Kdeclared here
[1.092s]   106 |   friend Logger [01;36m[Krclcpp[m[K::get_logger(const std::string & name);
[1.092s]       |                 [01;36m[K^~~~~~[m[K
[1.092s] In file included from [01m[K/opt/ros/humble/include/rclcpp/rclcpp/logging.hpp:24[m[K,
[1.092s]                  from [01m[K/opt/ros/humble/include/rclcpp/rclcpp/client.hpp:40[m[K,
[1.092s]                  from [01m[K/opt/ros/humble/include/rclcpp/rclcpp/callback_group.hpp:24[m[K,
[1.092s]                  from [01m[K/opt/ros/humble/include/rclcpp/rclcpp/any_executable.hpp:20[m[K,
[1.092s]                  from [01m[K/opt/ros/humble/include/rclcpp/rclcpp/memory_strategy.hpp:25[m[K,
[1.092s]                  from [01m[K/opt/ros/humble/include/rclcpp/rclcpp/memory_strategies.hpp:18[m[K,
[1.092s]                  from [01m[K/opt/ros/humble/include/rclcpp/rclcpp/executor_options.hpp:20[m[K,
[1.093s]                  from [01m[K/opt/ros/humble/include/rclcpp/rclcpp/executor.hpp:37[m[K,
[1.093s]                  from [01m[K/opt/ros/humble/include/rclcpp/rclcpp/executors/multi_threaded_executor.hpp:25[m[K,
[1.093s]                  from [01m[K/opt/ros/humble/include/rclcpp/rclcpp/executors.hpp:21[m[K,
[1.093s]                  from [01m[K/opt/ros/humble/include/rclcpp/rclcpp/rclcpp.hpp:155[m[K,
[1.093s]                  from [01m[K/home/leomorningrain/code/ws01_plumbing/src/cpp02_service/src/demo02_client_cpp.cpp:18[m[K:
[1.093s] [01m[K/home/leomorningrain/code/ws01_plumbing/src/cpp02_service/src/demo02_client_cpp.cpp:50:43:[m[K [01;31m[Kerror: [m[Ktoo many arguments to function ‘[01m[Krclcpp::Logger rclcpp::get_logger(const string&)[m[K’
[1.093s]    50 |             RCLCPP_INFO([01;31m[Krclcpp::get_logger("rclcpp", "服务连接中")[m[K);
[1.093s]       |                         [01;31m[K~~~~~~~~~~~~~~~~~~^~~~~~~~~~~~~~~~~~~~~~~~[m[K
[1.093s] In file included from [01m[K/opt/ros/humble/include/rclcpp/rclcpp/logging.hpp:23[m[K,
[1.093s]                  from [01m[K/opt/ros/humble/include/rclcpp/rclcpp/client.hpp:40[m[K,
[1.093s]                  from [01m[K/opt/ros/humble/include/rclcpp/rclcpp/callback_group.hpp:24[m[K,
[1.093s]                  from [01m[K/opt/ros/humble/include/rclcpp/rclcpp/any_executable.hpp:20[m[K,
[1.093s]                  from [01m[K/opt/ros/humble/include/rclcpp/rclcpp/memory_strategy.hpp:25[m[K,
[1.093s]                  from [01m[K/opt/ros/humble/include/rclcpp/rclcpp/memory_strategies.hpp:18[m[K,
[1.093s]                  from [01m[K/opt/ros/humble/include/rclcpp/rclcpp/executor_options.hpp:20[m[K,
[1.093s]                  from [01m[K/opt/ros/humble/include/rclcpp/rclcpp/executor.hpp:37[m[K,
[1.093s]                  from [01m[K/opt/ros/humble/include/rclcpp/rclcpp/executors/multi_threaded_executor.hpp:25[m[K,
[1.093s]                  from [01m[K/opt/ros/humble/include/rclcpp/rclcpp/executors.hpp:21[m[K,
[1.093s]                  from [01m[K/opt/ros/humble/include/rclcpp/rclcpp/rclcpp.hpp:155[m[K,
[1.093s]                  from [01m[K/home/leomorningrain/code/ws01_plumbing/src/cpp02_service/src/demo02_client_cpp.cpp:18[m[K:
[1.093s] [01m[K/opt/ros/humble/include/rclcpp/rclcpp/logger.hpp:106:17:[m[K [01;36m[Knote: [m[Kdeclared here
[1.093s]   106 |   friend Logger [01;36m[Krclcpp[m[K::get_logger(const std::string & name);
[1.093s]       |                 [01;36m[K^~~~~~[m[K
[1.093s] In file included from [01m[K/opt/ros/humble/include/rclcpp/rclcpp/logging.hpp:24[m[K,
[1.093s]                  from [01m[K/opt/ros/humble/include/rclcpp/rclcpp/client.hpp:40[m[K,
[1.093s]                  from [01m[K/opt/ros/humble/include/rclcpp/rclcpp/callback_group.hpp:24[m[K,
[1.093s]                  from [01m[K/opt/ros/humble/include/rclcpp/rclcpp/any_executable.hpp:20[m[K,
[1.093s]                  from [01m[K/opt/ros/humble/include/rclcpp/rclcpp/memory_strategy.hpp:25[m[K,
[1.093s]                  from [01m[K/opt/ros/humble/include/rclcpp/rclcpp/memory_strategies.hpp:18[m[K,
[1.093s]                  from [01m[K/opt/ros/humble/include/rclcpp/rclcpp/executor_options.hpp:20[m[K,
[1.093s]                  from [01m[K/opt/ros/humble/include/rclcpp/rclcpp/executor.hpp:37[m[K,
[1.093s]                  from [01m[K/opt/ros/humble/include/rclcpp/rclcpp/executors/multi_threaded_executor.hpp:25[m[K,
[1.093s]                  from [01m[K/opt/ros/humble/include/rclcpp/rclcpp/executors.hpp:21[m[K,
[1.093s]                  from [01m[K/opt/ros/humble/include/rclcpp/rclcpp/rclcpp.hpp:155[m[K,
[1.093s]                  from [01m[K/home/leomorningrain/code/ws01_plumbing/src/cpp02_service/src/demo02_client_cpp.cpp:18[m[K:
[1.093s] [01m[K/home/leomorningrain/code/ws01_plumbing/src/cpp02_service/src/demo02_client_cpp.cpp:50:13:[m[K [01;31m[Kerror: [m[Kexpected primary-expression before ‘[01m[K)[m[K’ token
[1.093s]    50 |             [01;31m[KRCLCPP_INFO[m[K(rclcpp::get_logger("rclcpp", "服务连接中"));
[1.093s]       |             [01;31m[K^~~~~~~~~~~[m[K
[1.336s] gmake[2]: *** [CMakeFiles/demo02_client_cpp.dir/build.make:76: CMakeFiles/demo02_client_cpp.dir/src/demo02_client_cpp.cpp.o] Error 1
[1.337s] gmake[1]: *** [CMakeFiles/Makefile2:165: CMakeFiles/demo02_client_cpp.dir/all] Error 2
[1.337s] gmake: *** [Makefile:146: all] Error 2
[1.338s] Invoked command in '/home/leomorningrain/code/ws01_plumbing/build/cpp02_service' returned '2': CMAKE_PREFIX_PATH=/home/leomorningrain/code/ws01_plumbing/install/base_interfaces_demo:/home/leomorningrain/code/ws01_plumbing/install/cpp02_service:/home/leomorningrain/code/ws01_plumbing/install/cpp01_topic:/home/leomorningrain/code/ws01_plumbing/install/py01_topic:/opt/ros/humble LD_LIBRARY_PATH=/home/leomorningrain/code/ws01_plumbing/install/base_interfaces_demo/lib:/opt/ros/humble/opt/rviz_ogre_vendor/lib:/opt/ros/humble/lib/x86_64-linux-gnu:/opt/ros/humble/lib:/usr/local/lib:/usr/local/lib /usr/bin/cmake --build /home/leomorningrain/code/ws01_plumbing/build/cpp02_service -- -j32 -l32
