[0.007s] Invoking command in '/home/leomorningrain/code/sdk_mark2_mcnm_ws/build/xpkg_comm': AMENT_PREFIX_PATH=/home/leomorningrain/code/sdk_mark2_mcnm_ws/install/xpkg_msgs:${AMENT_PREFIX_PATH} CMAKE_PREFIX_PATH=/home/leomorningrain/code/sdk_mark2_mcnm_ws/install/xpkg_msgs:/opt/ros/humble LD_LIBRARY_PATH=/home/leomorningrain/code/sdk_mark2_mcnm_ws/install/xpkg_msgs/lib:/usr/lib/x86_64-linux-gnu/gazebo-11/plugins:/opt/ros/humble/opt/rviz_ogre_vendor/lib:/opt/ros/humble/lib/x86_64-linux-gnu:/opt/ros/humble/lib:/usr/local/lib PYTHONPATH=/home/leomorningrain/code/sdk_mark2_mcnm_ws/install/xpkg_msgs/local/lib/python3.10/dist-packages:${PYTHONPATH} /usr/bin/cmake /home/leomorningrain/code/sdk_mark2_mcnm_ws/src/base/xpkg_comm -DCMAKE_INSTALL_PREFIX=/home/leomorningrain/code/sdk_mark2_mcnm_ws/install/xpkg_comm
[0.063s] -- The C compiler identification is GNU 11.4.0
[0.093s] -- The CXX compiler identification is GNU 11.4.0
[0.097s] -- Detecting C compiler ABI info
[0.131s] -- Detecting C compiler ABI info - done
[0.136s] -- Check for working C compiler: /usr/bin/cc - skipped
[0.137s] -- Detecting C compile features
[0.137s] -- Detecting C compile features - done
[0.138s] -- Detecting CXX compiler ABI info
[0.176s] -- Detecting CXX compiler ABI info - done
[0.180s] -- Check for working CXX compiler: /usr/bin/c++ - skipped
[0.180s] -- Detecting CXX compile features
[0.181s] -- Detecting CXX compile features - done
[0.181s] -- Your ROS version is ROS2
[0.181s] -- Found ament_cmake: 1.3.8 (/opt/ros/humble/share/ament_cmake/cmake)
[0.257s] -- Found Python3: /usr/bin/python3 (found version "3.10.12") found components: Interpreter 
[0.299s] -- Found rclcpp: 16.0.8 (/opt/ros/humble/share/rclcpp/cmake)
[0.318s] -- Found rosidl_generator_c: 3.1.5 (/opt/ros/humble/share/rosidl_generator_c/cmake)
[0.320s] -- Found rosidl_adapter: 3.1.5 (/opt/ros/humble/share/rosidl_adapter/cmake)
[0.324s] -- Found rosidl_generator_cpp: 3.1.5 (/opt/ros/humble/share/rosidl_generator_cpp/cmake)
[0.330s] -- Using all available rosidl_typesupport_c: rosidl_typesupport_fastrtps_c;rosidl_typesupport_introspection_c
[0.338s] -- Using all available rosidl_typesupport_cpp: rosidl_typesupport_fastrtps_cpp;rosidl_typesupport_introspection_cpp
[0.369s] -- Found rmw_implementation_cmake: 6.1.1 (/opt/ros/humble/share/rmw_implementation_cmake/cmake)
[0.370s] -- Found rmw_fastrtps_cpp: 6.2.6 (/opt/ros/humble/share/rmw_fastrtps_cpp/cmake)
[0.415s] -- Found OpenSSL: /usr/lib/x86_64-linux-gnu/libcrypto.so (found version "3.0.2")  
[0.429s] -- Found FastRTPS: /opt/ros/humble/include  
[0.451s] -- Using RMW implementation 'rmw_fastrtps_cpp' as default
[0.455s] -- Looking for pthread.h
[0.489s] -- Looking for pthread.h - found
[0.489s] -- Performing Test CMAKE_HAVE_LIBC_PTHREAD
[0.527s] -- Performing Test CMAKE_HAVE_LIBC_PTHREAD - Success
[0.528s] -- Found Threads: TRUE  
[0.601s] -- Found xpkg_msgs: 0.1.0 (/home/leomorningrain/code/sdk_mark2_mcnm_ws/install/xpkg_msgs/share/xpkg_msgs/cmake)
[0.615s] -- Found ament_lint_auto: 0.12.10 (/opt/ros/humble/share/ament_lint_auto/cmake)
[0.655s] -- Added test 'copyright' to check source files copyright and LICENSE
[0.656s] -- Added test 'cppcheck' to perform static code analysis on C / C++ code
[0.656s] -- Configured cppcheck include dirs: /home/leomorningrain/code/sdk_mark2_mcnm_ws/src/base/xpkg_comm/../..;/home/leomorningrain/code/sdk_mark2_mcnm_ws/src/base/xpkg_comm/..;/home/leomorningrain/code/sdk_mark2_mcnm_ws/src/base/xpkg_comm/.;/home/leomorningrain/code/sdk_mark2_mcnm_ws/src/base/xpkg_comm/include;/home/leomorningrain/code/sdk_mark2_mcnm_ws/src/base/xpkg_comm/include/LIB_JSON;/home/leomorningrain/code/sdk_mark2_mcnm_ws/src/base/xpkg_comm/include/ROS_INF;/home/leomorningrain/code/sdk_mark2_mcnm_ws/src/base/xpkg_comm/include/COMM_INF;/home/leomorningrain/code/sdk_mark2_mcnm_ws/src/base/xpkg_comm/include/FUNC;/home/leomorningrain/code/sdk_mark2_mcnm_ws/src/base/xpkg_comm/include/proto;/home/leomorningrain/code/sdk_mark2_mcnm_ws/src/base/xpkg_comm/include/nanopb
[0.656s] -- Configured cppcheck exclude dirs and/or files: 
[0.657s] -- Added test 'cpplint' to check C / C++ code against the Google style
[0.657s] -- Configured cpplint exclude dirs and/or files: 
[0.658s] -- Added test 'flake8' to check Python code syntax and style conventions
[0.658s] -- Added test 'lint_cmake' to check CMake code style
[0.658s] -- Added test 'pep257' to check Python code against some of the docstring style conventions in PEP 257
[0.659s] -- Added test 'uncrustify' to check C / C++ code style
[0.659s] -- Configured uncrustify additional arguments: 
[0.659s] -- Added test 'xmllint' to check XML markup files
[0.660s] -- Configuring done
[0.665s] -- Generating done
[0.665s] -- Build files have been written to: /home/leomorningrain/code/sdk_mark2_mcnm_ws/build/xpkg_comm
[0.671s] Invoked command in '/home/leomorningrain/code/sdk_mark2_mcnm_ws/build/xpkg_comm' returned '0': AMENT_PREFIX_PATH=/home/leomorningrain/code/sdk_mark2_mcnm_ws/install/xpkg_msgs:${AMENT_PREFIX_PATH} CMAKE_PREFIX_PATH=/home/leomorningrain/code/sdk_mark2_mcnm_ws/install/xpkg_msgs:/opt/ros/humble LD_LIBRARY_PATH=/home/leomorningrain/code/sdk_mark2_mcnm_ws/install/xpkg_msgs/lib:/usr/lib/x86_64-linux-gnu/gazebo-11/plugins:/opt/ros/humble/opt/rviz_ogre_vendor/lib:/opt/ros/humble/lib/x86_64-linux-gnu:/opt/ros/humble/lib:/usr/local/lib PYTHONPATH=/home/leomorningrain/code/sdk_mark2_mcnm_ws/install/xpkg_msgs/local/lib/python3.10/dist-packages:${PYTHONPATH} /usr/bin/cmake /home/leomorningrain/code/sdk_mark2_mcnm_ws/src/base/xpkg_comm -DCMAKE_INSTALL_PREFIX=/home/leomorningrain/code/sdk_mark2_mcnm_ws/install/xpkg_comm
[0.671s] Invoking command in '/home/leomorningrain/code/sdk_mark2_mcnm_ws/build/xpkg_comm': AMENT_PREFIX_PATH=/home/leomorningrain/code/sdk_mark2_mcnm_ws/install/xpkg_msgs:${AMENT_PREFIX_PATH} CMAKE_PREFIX_PATH=/home/leomorningrain/code/sdk_mark2_mcnm_ws/install/xpkg_msgs:/opt/ros/humble LD_LIBRARY_PATH=/home/leomorningrain/code/sdk_mark2_mcnm_ws/install/xpkg_msgs/lib:/usr/lib/x86_64-linux-gnu/gazebo-11/plugins:/opt/ros/humble/opt/rviz_ogre_vendor/lib:/opt/ros/humble/lib/x86_64-linux-gnu:/opt/ros/humble/lib:/usr/local/lib PYTHONPATH=/home/leomorningrain/code/sdk_mark2_mcnm_ws/install/xpkg_msgs/local/lib/python3.10/dist-packages:${PYTHONPATH} /usr/bin/cmake --build /home/leomorningrain/code/sdk_mark2_mcnm_ws/build/xpkg_comm -- -j32 -l32
[0.694s] [ 15%] [32mBuilding CXX object CMakeFiles/xnode_comm.dir/src/xnode_comm.cpp.o[0m
[0.694s] [ 15%] [32mBuilding CXX object CMakeFiles/xnode_comm.dir/src/ROS_INF/ros2_interface.cpp.o[0m
[0.694s] [ 23%] [32mBuilding CXX object CMakeFiles/xnode_comm.dir/src/COMM_INF/comm_inf_com.cpp.o[0m
[0.694s] [ 30%] [32mBuilding CXX object CMakeFiles/xnode_comm.dir/src/COMM_INF/comm_inf_tcp.cpp.o[0m
[0.694s] [ 38%] [32mBuilding C object CMakeFiles/xnode_comm.dir/src/COMM_INF/mongoose.c.o[0m
[0.695s] [ 46%] [32mBuilding C object CMakeFiles/xnode_comm.dir/src/proto/hex_bridge_types.pb.c.o[0m
[0.695s] [ 53%] [32mBuilding C object CMakeFiles/xnode_comm.dir/src/proto/hexstd_can_msg.pb.c.o[0m
[0.696s] [ 61%] [32mBuilding CXX object CMakeFiles/xnode_comm.dir/src/FUNC/comm_func.cpp.o[0m
[0.697s] [ 69%] [32mBuilding C object CMakeFiles/xnode_comm.dir/src/proto/hex_bridge.pb.c.o[0m
[0.697s] [ 84%] [32mBuilding C object CMakeFiles/xnode_comm.dir/src/nanopb/pb_encode.c.o[0m
[0.697s] [ 84%] [32mBuilding C object CMakeFiles/xnode_comm.dir/src/nanopb/pb_common.c.o[0m
[0.698s] [ 92%] [32mBuilding C object CMakeFiles/xnode_comm.dir/src/nanopb/pb_decode.c.o[0m
[0.815s] [01m[K/home/leomorningrain/code/sdk_mark2_mcnm_ws/src/base/xpkg_comm/src/COMM_INF/comm_inf_com.cpp:[m[K In member function ‘[01m[Kstd::vector<unsigned char> CommINFCOM::COMDataRecv()[m[K’:
[0.815s] [01m[K/home/leomorningrain/code/sdk_mark2_mcnm_ws/src/base/xpkg_comm/src/COMM_INF/comm_inf_com.cpp:254:20:[m[K [01;35m[Kwarning: [m[Kvariable ‘[01m[Ktime[m[K’ set but not used [[01;35m[K]8;;https://gcc.gnu.org/onlinedocs/gcc/Warning-Options.html#index-Wunused-but-set-variable-Wunused-but-set-variable]8;;[m[K]
[0.815s]   254 |     struct timeval [01;35m[Ktime[m[K;
[0.815s]       |                    [01;35m[K^~~~[m[K
[6.139s] [100%] [32m[1mLinking CXX executable xnode_comm[0m
[6.418s] [100%] Built target xnode_comm
[6.424s] Invoked command in '/home/leomorningrain/code/sdk_mark2_mcnm_ws/build/xpkg_comm' returned '0': AMENT_PREFIX_PATH=/home/leomorningrain/code/sdk_mark2_mcnm_ws/install/xpkg_msgs:${AMENT_PREFIX_PATH} CMAKE_PREFIX_PATH=/home/leomorningrain/code/sdk_mark2_mcnm_ws/install/xpkg_msgs:/opt/ros/humble LD_LIBRARY_PATH=/home/leomorningrain/code/sdk_mark2_mcnm_ws/install/xpkg_msgs/lib:/usr/lib/x86_64-linux-gnu/gazebo-11/plugins:/opt/ros/humble/opt/rviz_ogre_vendor/lib:/opt/ros/humble/lib/x86_64-linux-gnu:/opt/ros/humble/lib:/usr/local/lib PYTHONPATH=/home/leomorningrain/code/sdk_mark2_mcnm_ws/install/xpkg_msgs/local/lib/python3.10/dist-packages:${PYTHONPATH} /usr/bin/cmake --build /home/leomorningrain/code/sdk_mark2_mcnm_ws/build/xpkg_comm -- -j32 -l32
[6.450s] Invoking command in '/home/leomorningrain/code/sdk_mark2_mcnm_ws/build/xpkg_comm': AMENT_PREFIX_PATH=/home/leomorningrain/code/sdk_mark2_mcnm_ws/install/xpkg_msgs:${AMENT_PREFIX_PATH} CMAKE_PREFIX_PATH=/home/leomorningrain/code/sdk_mark2_mcnm_ws/install/xpkg_msgs:/opt/ros/humble LD_LIBRARY_PATH=/home/leomorningrain/code/sdk_mark2_mcnm_ws/install/xpkg_msgs/lib:/usr/lib/x86_64-linux-gnu/gazebo-11/plugins:/opt/ros/humble/opt/rviz_ogre_vendor/lib:/opt/ros/humble/lib/x86_64-linux-gnu:/opt/ros/humble/lib:/usr/local/lib PYTHONPATH=/home/leomorningrain/code/sdk_mark2_mcnm_ws/install/xpkg_msgs/local/lib/python3.10/dist-packages:${PYTHONPATH} /usr/bin/cmake --install /home/leomorningrain/code/sdk_mark2_mcnm_ws/build/xpkg_comm
[6.453s] -- Install configuration: ""
[6.453s] -- Installing: /home/leomorningrain/code/sdk_mark2_mcnm_ws/install/xpkg_comm/share/ament_index/resource_index/package_run_dependencies/xpkg_comm
[6.453s] -- Installing: /home/leomorningrain/code/sdk_mark2_mcnm_ws/install/xpkg_comm/share/ament_index/resource_index/parent_prefix_path/xpkg_comm
[6.453s] -- Installing: /home/leomorningrain/code/sdk_mark2_mcnm_ws/install/xpkg_comm/share/xpkg_comm/environment/ament_prefix_path.sh
[6.454s] -- Installing: /home/leomorningrain/code/sdk_mark2_mcnm_ws/install/xpkg_comm/share/xpkg_comm/environment/ament_prefix_path.dsv
[6.454s] -- Installing: /home/leomorningrain/code/sdk_mark2_mcnm_ws/install/xpkg_comm/share/xpkg_comm/environment/path.sh
[6.454s] -- Installing: /home/leomorningrain/code/sdk_mark2_mcnm_ws/install/xpkg_comm/share/xpkg_comm/environment/path.dsv
[6.454s] -- Installing: /home/leomorningrain/code/sdk_mark2_mcnm_ws/install/xpkg_comm/share/xpkg_comm/local_setup.bash
[6.454s] -- Installing: /home/leomorningrain/code/sdk_mark2_mcnm_ws/install/xpkg_comm/share/xpkg_comm/local_setup.sh
[6.454s] -- Installing: /home/leomorningrain/code/sdk_mark2_mcnm_ws/install/xpkg_comm/share/xpkg_comm/local_setup.zsh
[6.454s] -- Installing: /home/leomorningrain/code/sdk_mark2_mcnm_ws/install/xpkg_comm/share/xpkg_comm/local_setup.dsv
[6.454s] -- Installing: /home/leomorningrain/code/sdk_mark2_mcnm_ws/install/xpkg_comm/share/xpkg_comm/package.dsv
[6.454s] -- Installing: /home/leomorningrain/code/sdk_mark2_mcnm_ws/install/xpkg_comm/share/ament_index/resource_index/packages/xpkg_comm
[6.454s] -- Installing: /home/leomorningrain/code/sdk_mark2_mcnm_ws/install/xpkg_comm/share/xpkg_comm/cmake/xpkg_commConfig.cmake
[6.454s] -- Installing: /home/leomorningrain/code/sdk_mark2_mcnm_ws/install/xpkg_comm/share/xpkg_comm/cmake/xpkg_commConfig-version.cmake
[6.454s] -- Installing: /home/leomorningrain/code/sdk_mark2_mcnm_ws/install/xpkg_comm/share/xpkg_comm/package.xml
[6.454s] -- Installing: /home/leomorningrain/code/sdk_mark2_mcnm_ws/install/xpkg_comm/lib/xpkg_comm/xnode_comm
[6.457s] -- Set runtime path of "/home/leomorningrain/code/sdk_mark2_mcnm_ws/install/xpkg_comm/lib/xpkg_comm/xnode_comm" to ""
[6.457s] -- Installing: /home/leomorningrain/code/sdk_mark2_mcnm_ws/install/xpkg_comm/share/xpkg_comm/launch
[6.457s] -- Installing: /home/leomorningrain/code/sdk_mark2_mcnm_ws/install/xpkg_comm/share/xpkg_comm/launch/ROS2
[6.457s] -- Installing: /home/leomorningrain/code/sdk_mark2_mcnm_ws/install/xpkg_comm/share/xpkg_comm/launch/ROS2/xnode_comm_test.launch.py
[6.457s] -- Installing: /home/leomorningrain/code/sdk_mark2_mcnm_ws/install/xpkg_comm/share/xpkg_comm/launch/ROS2/xnode_comm_test.launch.xml
[6.457s] -- Installing: /home/leomorningrain/code/sdk_mark2_mcnm_ws/install/xpkg_comm/share/xpkg_comm/launch/ROS1
[6.457s] -- Installing: /home/leomorningrain/code/sdk_mark2_mcnm_ws/install/xpkg_comm/share/xpkg_comm/launch/ROS1/xnode_comm_test.launch
[6.457s] -- Installing: /home/leomorningrain/code/sdk_mark2_mcnm_ws/install/xpkg_comm/share/xpkg_comm/scripts
[6.457s] -- Installing: /home/leomorningrain/code/sdk_mark2_mcnm_ws/install/xpkg_comm/share/xpkg_comm/scripts/script_init.py
[6.457s] -- Installing: /home/leomorningrain/code/sdk_mark2_mcnm_ws/install/xpkg_comm/share/xpkg_comm/scripts/CAN_COM_HUB.rules
[6.458s] Invoked command in '/home/leomorningrain/code/sdk_mark2_mcnm_ws/build/xpkg_comm' returned '0': AMENT_PREFIX_PATH=/home/leomorningrain/code/sdk_mark2_mcnm_ws/install/xpkg_msgs:${AMENT_PREFIX_PATH} CMAKE_PREFIX_PATH=/home/leomorningrain/code/sdk_mark2_mcnm_ws/install/xpkg_msgs:/opt/ros/humble LD_LIBRARY_PATH=/home/leomorningrain/code/sdk_mark2_mcnm_ws/install/xpkg_msgs/lib:/usr/lib/x86_64-linux-gnu/gazebo-11/plugins:/opt/ros/humble/opt/rviz_ogre_vendor/lib:/opt/ros/humble/lib/x86_64-linux-gnu:/opt/ros/humble/lib:/usr/local/lib PYTHONPATH=/home/leomorningrain/code/sdk_mark2_mcnm_ws/install/xpkg_msgs/local/lib/python3.10/dist-packages:${PYTHONPATH} /usr/bin/cmake --install /home/leomorningrain/code/sdk_mark2_mcnm_ws/build/xpkg_comm
