[35m[1mConsolidate compiler generated dependencies of target xnode_comm[0m
[100%] Built target xnode_comm
-- Install configuration: ""
-- Up-to-date: /home/leomorningrain/code/ros2-mecanum-bot/install/xpkg_comm/share/ament_index/resource_index/package_run_dependencies/xpkg_comm
-- Up-to-date: /home/leomorningrain/code/ros2-mecanum-bot/install/xpkg_comm/share/ament_index/resource_index/parent_prefix_path/xpkg_comm
-- Up-to-date: /home/leomorningrain/code/ros2-mecanum-bot/install/xpkg_comm/share/xpkg_comm/environment/ament_prefix_path.sh
-- Up-to-date: /home/leomorningrain/code/ros2-mecanum-bot/install/xpkg_comm/share/xpkg_comm/environment/ament_prefix_path.dsv
-- Up-to-date: /home/leomorningrain/code/ros2-mecanum-bot/install/xpkg_comm/share/xpkg_comm/environment/path.sh
-- Up-to-date: /home/leomorningrain/code/ros2-mecanum-bot/install/xpkg_comm/share/xpkg_comm/environment/path.dsv
-- Up-to-date: /home/leomorningrain/code/ros2-mecanum-bot/install/xpkg_comm/share/xpkg_comm/local_setup.bash
-- Up-to-date: /home/leomorningrain/code/ros2-mecanum-bot/install/xpkg_comm/share/xpkg_comm/local_setup.sh
-- Up-to-date: /home/leomorningrain/code/ros2-mecanum-bot/install/xpkg_comm/share/xpkg_comm/local_setup.zsh
-- Up-to-date: /home/leomorningrain/code/ros2-mecanum-bot/install/xpkg_comm/share/xpkg_comm/local_setup.dsv
-- Installing: /home/leomorningrain/code/ros2-mecanum-bot/install/xpkg_comm/share/xpkg_comm/package.dsv
-- Up-to-date: /home/leomorningrain/code/ros2-mecanum-bot/install/xpkg_comm/share/ament_index/resource_index/packages/xpkg_comm
-- Up-to-date: /home/leomorningrain/code/ros2-mecanum-bot/install/xpkg_comm/share/xpkg_comm/cmake/xpkg_commConfig.cmake
-- Up-to-date: /home/leomorningrain/code/ros2-mecanum-bot/install/xpkg_comm/share/xpkg_comm/cmake/xpkg_commConfig-version.cmake
-- Up-to-date: /home/leomorningrain/code/ros2-mecanum-bot/install/xpkg_comm/share/xpkg_comm/package.xml
-- Up-to-date: /home/leomorningrain/code/ros2-mecanum-bot/install/xpkg_comm/lib/xpkg_comm/xnode_comm
-- Up-to-date: /home/leomorningrain/code/ros2-mecanum-bot/install/xpkg_comm/share/xpkg_comm/launch
-- Up-to-date: /home/leomorningrain/code/ros2-mecanum-bot/install/xpkg_comm/share/xpkg_comm/launch/ROS2
-- Up-to-date: /home/leomorningrain/code/ros2-mecanum-bot/install/xpkg_comm/share/xpkg_comm/launch/ROS2/xnode_comm_test.launch.py
-- Up-to-date: /home/leomorningrain/code/ros2-mecanum-bot/install/xpkg_comm/share/xpkg_comm/launch/ROS2/xnode_comm_test.launch.xml
-- Up-to-date: /home/leomorningrain/code/ros2-mecanum-bot/install/xpkg_comm/share/xpkg_comm/launch/ROS1
-- Up-to-date: /home/leomorningrain/code/ros2-mecanum-bot/install/xpkg_comm/share/xpkg_comm/launch/ROS1/xnode_comm_test.launch
-- Up-to-date: /home/leomorningrain/code/ros2-mecanum-bot/install/xpkg_comm/share/xpkg_comm/scripts
-- Up-to-date: /home/leomorningrain/code/ros2-mecanum-bot/install/xpkg_comm/share/xpkg_comm/scripts/script_init.py
-- Up-to-date: /home/leomorningrain/code/ros2-mecanum-bot/install/xpkg_comm/share/xpkg_comm/scripts/CAN_COM_HUB.rules
