[0.008s] Invoking command in '/home/leomorningrain/code/ros2-mecanum-bot/build/xpkg_comm': AMENT_PREFIX_PATH=/home/leomorningrain/code/ros2-mecanum-bot/install/xpkg_msgs:${AMENT_PREFIX_PATH} CMAKE_PREFIX_PATH=/home/leomorningrain/code/ros2-mecanum-bot/install/xpkg_msgs:/home/leomorningrain/code/ros2-mecanum-bot/install/mecanumbot_teleop:/home/leomorningrain/code/ros2-mecanum-bot/install/mecanumbot_hardware:/home/leomorningrain/code/ros2-mecanum-bot/install/mecanumbot_bringup:/home/leomorningrain/code/ros2-mecanum-bot/install/mecanumbot_description:/home/leomorningrain/code/ros2-mecanum-bot/install/mecanumbot_controller:/home/leomorningrain/code/ros2-mecanum-bot/install/mecanumbot_control:/opt/ros/humble LD_LIBRARY_PATH=/home/leomorningrain/code/ros2-mecanum-bot/install/xpkg_msgs/lib:/home/leomorningrain/code/ros2-mecanum-bot/install/mecanumbot_hardware/lib:/home/leomorningrain/code/ros2-mecanum-bot/install/mecanumbot_controller/lib:/usr/lib/x86_64-linux-gnu/gazebo-11/plugins:/opt/ros/humble/opt/rviz_ogre_vendor/lib:/opt/ros/humble/lib/x86_64-linux-gnu:/opt/ros/humble/lib:/usr/local/lib PYTHONPATH=/home/leomorningrain/code/ros2-mecanum-bot/install/xpkg_msgs/local/lib/python3.10/dist-packages:${PYTHONPATH} /usr/bin/cmake --build /home/leomorningrain/code/ros2-mecanum-bot/build/xpkg_comm -- -j32 -l32
[0.035s] [35m[1mConsolidate compiler generated dependencies of target xnode_comm[0m
[0.052s] [100%] Built target xnode_comm
[0.060s] Invoked command in '/home/leomorningrain/code/ros2-mecanum-bot/build/xpkg_comm' returned '0': AMENT_PREFIX_PATH=/home/leomorningrain/code/ros2-mecanum-bot/install/xpkg_msgs:${AMENT_PREFIX_PATH} CMAKE_PREFIX_PATH=/home/leomorningrain/code/ros2-mecanum-bot/install/xpkg_msgs:/home/leomorningrain/code/ros2-mecanum-bot/install/mecanumbot_teleop:/home/leomorningrain/code/ros2-mecanum-bot/install/mecanumbot_hardware:/home/leomorningrain/code/ros2-mecanum-bot/install/mecanumbot_bringup:/home/leomorningrain/code/ros2-mecanum-bot/install/mecanumbot_description:/home/leomorningrain/code/ros2-mecanum-bot/install/mecanumbot_controller:/home/leomorningrain/code/ros2-mecanum-bot/install/mecanumbot_control:/opt/ros/humble LD_LIBRARY_PATH=/home/leomorningrain/code/ros2-mecanum-bot/install/xpkg_msgs/lib:/home/leomorningrain/code/ros2-mecanum-bot/install/mecanumbot_hardware/lib:/home/leomorningrain/code/ros2-mecanum-bot/install/mecanumbot_controller/lib:/usr/lib/x86_64-linux-gnu/gazebo-11/plugins:/opt/ros/humble/opt/rviz_ogre_vendor/lib:/opt/ros/humble/lib/x86_64-linux-gnu:/opt/ros/humble/lib:/usr/local/lib PYTHONPATH=/home/leomorningrain/code/ros2-mecanum-bot/install/xpkg_msgs/local/lib/python3.10/dist-packages:${PYTHONPATH} /usr/bin/cmake --build /home/leomorningrain/code/ros2-mecanum-bot/build/xpkg_comm -- -j32 -l32
[0.082s] Invoking command in '/home/leomorningrain/code/ros2-mecanum-bot/build/xpkg_comm': AMENT_PREFIX_PATH=/home/leomorningrain/code/ros2-mecanum-bot/install/xpkg_msgs:${AMENT_PREFIX_PATH} CMAKE_PREFIX_PATH=/home/leomorningrain/code/ros2-mecanum-bot/install/xpkg_msgs:/home/leomorningrain/code/ros2-mecanum-bot/install/mecanumbot_teleop:/home/leomorningrain/code/ros2-mecanum-bot/install/mecanumbot_hardware:/home/leomorningrain/code/ros2-mecanum-bot/install/mecanumbot_bringup:/home/leomorningrain/code/ros2-mecanum-bot/install/mecanumbot_description:/home/leomorningrain/code/ros2-mecanum-bot/install/mecanumbot_controller:/home/leomorningrain/code/ros2-mecanum-bot/install/mecanumbot_control:/opt/ros/humble LD_LIBRARY_PATH=/home/leomorningrain/code/ros2-mecanum-bot/install/xpkg_msgs/lib:/home/leomorningrain/code/ros2-mecanum-bot/install/mecanumbot_hardware/lib:/home/leomorningrain/code/ros2-mecanum-bot/install/mecanumbot_controller/lib:/usr/lib/x86_64-linux-gnu/gazebo-11/plugins:/opt/ros/humble/opt/rviz_ogre_vendor/lib:/opt/ros/humble/lib/x86_64-linux-gnu:/opt/ros/humble/lib:/usr/local/lib PYTHONPATH=/home/leomorningrain/code/ros2-mecanum-bot/install/xpkg_msgs/local/lib/python3.10/dist-packages:${PYTHONPATH} /usr/bin/cmake --install /home/leomorningrain/code/ros2-mecanum-bot/build/xpkg_comm
[0.088s] -- Install configuration: ""
[0.089s] -- Up-to-date: /home/leomorningrain/code/ros2-mecanum-bot/install/xpkg_comm/share/ament_index/resource_index/package_run_dependencies/xpkg_comm
[0.089s] -- Up-to-date: /home/leomorningrain/code/ros2-mecanum-bot/install/xpkg_comm/share/ament_index/resource_index/parent_prefix_path/xpkg_comm
[0.089s] -- Up-to-date: /home/leomorningrain/code/ros2-mecanum-bot/install/xpkg_comm/share/xpkg_comm/environment/ament_prefix_path.sh
[0.089s] -- Up-to-date: /home/leomorningrain/code/ros2-mecanum-bot/install/xpkg_comm/share/xpkg_comm/environment/ament_prefix_path.dsv
[0.089s] -- Up-to-date: /home/leomorningrain/code/ros2-mecanum-bot/install/xpkg_comm/share/xpkg_comm/environment/path.sh
[0.089s] -- Up-to-date: /home/leomorningrain/code/ros2-mecanum-bot/install/xpkg_comm/share/xpkg_comm/environment/path.dsv
[0.089s] -- Up-to-date: /home/leomorningrain/code/ros2-mecanum-bot/install/xpkg_comm/share/xpkg_comm/local_setup.bash
[0.089s] -- Up-to-date: /home/leomorningrain/code/ros2-mecanum-bot/install/xpkg_comm/share/xpkg_comm/local_setup.sh
[0.089s] -- Up-to-date: /home/leomorningrain/code/ros2-mecanum-bot/install/xpkg_comm/share/xpkg_comm/local_setup.zsh
[0.089s] -- Up-to-date: /home/leomorningrain/code/ros2-mecanum-bot/install/xpkg_comm/share/xpkg_comm/local_setup.dsv
[0.090s] -- Installing: /home/leomorningrain/code/ros2-mecanum-bot/install/xpkg_comm/share/xpkg_comm/package.dsv
[0.090s] -- Up-to-date: /home/leomorningrain/code/ros2-mecanum-bot/install/xpkg_comm/share/ament_index/resource_index/packages/xpkg_comm
[0.090s] -- Up-to-date: /home/leomorningrain/code/ros2-mecanum-bot/install/xpkg_comm/share/xpkg_comm/cmake/xpkg_commConfig.cmake
[0.091s] -- Up-to-date: /home/leomorningrain/code/ros2-mecanum-bot/install/xpkg_comm/share/xpkg_comm/cmake/xpkg_commConfig-version.cmake
[0.091s] -- Up-to-date: /home/leomorningrain/code/ros2-mecanum-bot/install/xpkg_comm/share/xpkg_comm/package.xml
[0.091s] -- Up-to-date: /home/leomorningrain/code/ros2-mecanum-bot/install/xpkg_comm/lib/xpkg_comm/xnode_comm
[0.091s] -- Up-to-date: /home/leomorningrain/code/ros2-mecanum-bot/install/xpkg_comm/share/xpkg_comm/launch
[0.091s] -- Up-to-date: /home/leomorningrain/code/ros2-mecanum-bot/install/xpkg_comm/share/xpkg_comm/launch/ROS2
[0.091s] -- Up-to-date: /home/leomorningrain/code/ros2-mecanum-bot/install/xpkg_comm/share/xpkg_comm/launch/ROS2/xnode_comm_test.launch.py
[0.091s] -- Up-to-date: /home/leomorningrain/code/ros2-mecanum-bot/install/xpkg_comm/share/xpkg_comm/launch/ROS2/xnode_comm_test.launch.xml
[0.091s] -- Up-to-date: /home/leomorningrain/code/ros2-mecanum-bot/install/xpkg_comm/share/xpkg_comm/launch/ROS1
[0.091s] -- Up-to-date: /home/leomorningrain/code/ros2-mecanum-bot/install/xpkg_comm/share/xpkg_comm/launch/ROS1/xnode_comm_test.launch
[0.091s] -- Up-to-date: /home/leomorningrain/code/ros2-mecanum-bot/install/xpkg_comm/share/xpkg_comm/scripts
[0.091s] -- Up-to-date: /home/leomorningrain/code/ros2-mecanum-bot/install/xpkg_comm/share/xpkg_comm/scripts/script_init.py
[0.091s] -- Up-to-date: /home/leomorningrain/code/ros2-mecanum-bot/install/xpkg_comm/share/xpkg_comm/scripts/CAN_COM_HUB.rules
[0.092s] Invoked command in '/home/leomorningrain/code/ros2-mecanum-bot/build/xpkg_comm' returned '0': AMENT_PREFIX_PATH=/home/leomorningrain/code/ros2-mecanum-bot/install/xpkg_msgs:${AMENT_PREFIX_PATH} CMAKE_PREFIX_PATH=/home/leomorningrain/code/ros2-mecanum-bot/install/xpkg_msgs:/home/leomorningrain/code/ros2-mecanum-bot/install/mecanumbot_teleop:/home/leomorningrain/code/ros2-mecanum-bot/install/mecanumbot_hardware:/home/leomorningrain/code/ros2-mecanum-bot/install/mecanumbot_bringup:/home/leomorningrain/code/ros2-mecanum-bot/install/mecanumbot_description:/home/leomorningrain/code/ros2-mecanum-bot/install/mecanumbot_controller:/home/leomorningrain/code/ros2-mecanum-bot/install/mecanumbot_control:/opt/ros/humble LD_LIBRARY_PATH=/home/leomorningrain/code/ros2-mecanum-bot/install/xpkg_msgs/lib:/home/leomorningrain/code/ros2-mecanum-bot/install/mecanumbot_hardware/lib:/home/leomorningrain/code/ros2-mecanum-bot/install/mecanumbot_controller/lib:/usr/lib/x86_64-linux-gnu/gazebo-11/plugins:/opt/ros/humble/opt/rviz_ogre_vendor/lib:/opt/ros/humble/lib/x86_64-linux-gnu:/opt/ros/humble/lib:/usr/local/lib PYTHONPATH=/home/leomorningrain/code/ros2-mecanum-bot/install/xpkg_msgs/local/lib/python3.10/dist-packages:${PYTHONPATH} /usr/bin/cmake --install /home/leomorningrain/code/ros2-mecanum-bot/build/xpkg_comm
