[  2%] Built target xpkg_msgs__cpp
[ 12%] Built target xpkg_msgs__rosidl_generator_c
[ 12%] Built target ament_cmake_python_copy_xpkg_msgs
[ 23%] Built target xpkg_msgs__rosidl_typesupport_cpp
[ 44%] Built target xpkg_msgs__rosidl_typesupport_fastrtps_cpp
[ 36%] Built target xpkg_msgs__rosidl_typesupport_introspection_cpp
[ 65%] Built target xpkg_msgs__rosidl_typesupport_fastrtps_c
[ 65%] Built target xpkg_msgs__rosidl_typesupport_c
[ 76%] Built target xpkg_msgs__rosidl_typesupport_introspection_c
[ 76%] Built target xpkg_msgs
[ 78%] Built target xpkg_msgs__py
[ 87%] Built target xpkg_msgs__rosidl_generator_py
[100%] Built target xpkg_msgs__rosidl_typesupport_fastrtps_c__pyext
[100%] Built target xpkg_msgs__rosidl_typesupport_c__pyext
[100%] Built target xpkg_msgs__rosidl_typesupport_introspection_c__pyext
running egg_info
writing xpkg_msgs.egg-info/PKG-INFO
writing dependency_links to xpkg_msgs.egg-info/dependency_links.txt
writing top-level names to xpkg_msgs.egg-info/top_level.txt
reading manifest file 'xpkg_msgs.egg-info/SOURCES.txt'
writing manifest file 'xpkg_msgs.egg-info/SOURCES.txt'
[100%] Built target ament_cmake_python_build_xpkg_msgs_egg
-- Install configuration: ""
-- Up-to-date: /home/leomorningrain/code/sdk_mark2_mcnm_ws/install/xpkg_msgs/share/ament_index/resource_index/rosidl_interfaces/xpkg_msgs
-- Up-to-date: /home/leomorningrain/code/sdk_mark2_mcnm_ws/install/xpkg_msgs/include/xpkg_msgs/xpkg_msgs
-- Up-to-date: /home/leomorningrain/code/sdk_mark2_mcnm_ws/install/xpkg_msgs/include/xpkg_msgs/xpkg_msgs/msg
-- Up-to-date: /home/leomorningrain/code/sdk_mark2_mcnm_ws/install/xpkg_msgs/include/xpkg_msgs/xpkg_msgs/msg/detail
-- Up-to-date: /home/leomorningrain/code/sdk_mark2_mcnm_ws/install/xpkg_msgs/include/xpkg_msgs/xpkg_msgs/msg/detail/xmsg_comm_data__functions.h
-- Up-to-date: /home/leomorningrain/code/sdk_mark2_mcnm_ws/install/xpkg_msgs/include/xpkg_msgs/xpkg_msgs/msg/detail/xmsg_comm_data__type_support.h
-- Up-to-date: /home/leomorningrain/code/sdk_mark2_mcnm_ws/install/xpkg_msgs/include/xpkg_msgs/xpkg_msgs/msg/detail/xmsg_device__type_support.h
-- Up-to-date: /home/leomorningrain/code/sdk_mark2_mcnm_ws/install/xpkg_msgs/include/xpkg_msgs/xpkg_msgs/msg/detail/xmsg_device__functions.c
-- Up-to-date: /home/leomorningrain/code/sdk_mark2_mcnm_ws/install/xpkg_msgs/include/xpkg_msgs/xpkg_msgs/msg/detail/xmsg_device_list__functions.c
-- Up-to-date: /home/leomorningrain/code/sdk_mark2_mcnm_ws/install/xpkg_msgs/include/xpkg_msgs/xpkg_msgs/msg/detail/xmsg_device__struct.h
-- Up-to-date: /home/leomorningrain/code/sdk_mark2_mcnm_ws/install/xpkg_msgs/include/xpkg_msgs/xpkg_msgs/msg/detail/xmsg_comm_data__struct.h
-- Up-to-date: /home/leomorningrain/code/sdk_mark2_mcnm_ws/install/xpkg_msgs/include/xpkg_msgs/xpkg_msgs/msg/detail/xmsg_device_list__functions.h
-- Up-to-date: /home/leomorningrain/code/sdk_mark2_mcnm_ws/install/xpkg_msgs/include/xpkg_msgs/xpkg_msgs/msg/detail/xmsg_device_list__struct.h
-- Up-to-date: /home/leomorningrain/code/sdk_mark2_mcnm_ws/install/xpkg_msgs/include/xpkg_msgs/xpkg_msgs/msg/detail/xmsg_comm_data__functions.c
-- Up-to-date: /home/leomorningrain/code/sdk_mark2_mcnm_ws/install/xpkg_msgs/include/xpkg_msgs/xpkg_msgs/msg/detail/xmsg_device__functions.h
-- Up-to-date: /home/leomorningrain/code/sdk_mark2_mcnm_ws/install/xpkg_msgs/include/xpkg_msgs/xpkg_msgs/msg/detail/xmsg_device_list__type_support.h
-- Up-to-date: /home/leomorningrain/code/sdk_mark2_mcnm_ws/install/xpkg_msgs/include/xpkg_msgs/xpkg_msgs/msg/xmsg_device.h
-- Up-to-date: /home/leomorningrain/code/sdk_mark2_mcnm_ws/install/xpkg_msgs/include/xpkg_msgs/xpkg_msgs/msg/rosidl_generator_c__visibility_control.h
-- Up-to-date: /home/leomorningrain/code/sdk_mark2_mcnm_ws/install/xpkg_msgs/include/xpkg_msgs/xpkg_msgs/msg/xmsg_device_list.h
-- Up-to-date: /home/leomorningrain/code/sdk_mark2_mcnm_ws/install/xpkg_msgs/include/xpkg_msgs/xpkg_msgs/msg/xmsg_comm_data.h
-- Up-to-date: /home/leomorningrain/code/sdk_mark2_mcnm_ws/install/xpkg_msgs/share/xpkg_msgs/environment/library_path.sh
-- Up-to-date: /home/leomorningrain/code/sdk_mark2_mcnm_ws/install/xpkg_msgs/share/xpkg_msgs/environment/library_path.dsv
-- Up-to-date: /home/leomorningrain/code/sdk_mark2_mcnm_ws/install/xpkg_msgs/lib/libxpkg_msgs__rosidl_generator_c.so
-- Up-to-date: /home/leomorningrain/code/sdk_mark2_mcnm_ws/install/xpkg_msgs/include/xpkg_msgs/xpkg_msgs
-- Up-to-date: /home/leomorningrain/code/sdk_mark2_mcnm_ws/install/xpkg_msgs/include/xpkg_msgs/xpkg_msgs/msg
-- Up-to-date: /home/leomorningrain/code/sdk_mark2_mcnm_ws/install/xpkg_msgs/include/xpkg_msgs/xpkg_msgs/msg/rosidl_typesupport_fastrtps_c__visibility_control.h
-- Up-to-date: /home/leomorningrain/code/sdk_mark2_mcnm_ws/install/xpkg_msgs/include/xpkg_msgs/xpkg_msgs/msg/detail
-- Up-to-date: /home/leomorningrain/code/sdk_mark2_mcnm_ws/install/xpkg_msgs/include/xpkg_msgs/xpkg_msgs/msg/detail/xmsg_comm_data__rosidl_typesupport_fastrtps_c.h
-- Up-to-date: /home/leomorningrain/code/sdk_mark2_mcnm_ws/install/xpkg_msgs/include/xpkg_msgs/xpkg_msgs/msg/detail/xmsg_device_list__rosidl_typesupport_fastrtps_c.h
-- Up-to-date: /home/leomorningrain/code/sdk_mark2_mcnm_ws/install/xpkg_msgs/include/xpkg_msgs/xpkg_msgs/msg/detail/xmsg_device__rosidl_typesupport_fastrtps_c.h
-- Up-to-date: /home/leomorningrain/code/sdk_mark2_mcnm_ws/install/xpkg_msgs/lib/libxpkg_msgs__rosidl_typesupport_fastrtps_c.so
-- Up-to-date: /home/leomorningrain/code/sdk_mark2_mcnm_ws/install/xpkg_msgs/include/xpkg_msgs/xpkg_msgs
-- Up-to-date: /home/leomorningrain/code/sdk_mark2_mcnm_ws/install/xpkg_msgs/include/xpkg_msgs/xpkg_msgs/msg
-- Up-to-date: /home/leomorningrain/code/sdk_mark2_mcnm_ws/install/xpkg_msgs/include/xpkg_msgs/xpkg_msgs/msg/xmsg_device_list.hpp
-- Up-to-date: /home/leomorningrain/code/sdk_mark2_mcnm_ws/install/xpkg_msgs/include/xpkg_msgs/xpkg_msgs/msg/xmsg_device.hpp
-- Up-to-date: /home/leomorningrain/code/sdk_mark2_mcnm_ws/install/xpkg_msgs/include/xpkg_msgs/xpkg_msgs/msg/xmsg_comm_data.hpp
-- Up-to-date: /home/leomorningrain/code/sdk_mark2_mcnm_ws/install/xpkg_msgs/include/xpkg_msgs/xpkg_msgs/msg/detail
-- Up-to-date: /home/leomorningrain/code/sdk_mark2_mcnm_ws/install/xpkg_msgs/include/xpkg_msgs/xpkg_msgs/msg/detail/xmsg_device_list__builder.hpp
-- Up-to-date: /home/leomorningrain/code/sdk_mark2_mcnm_ws/install/xpkg_msgs/include/xpkg_msgs/xpkg_msgs/msg/detail/xmsg_device__traits.hpp
-- Up-to-date: /home/leomorningrain/code/sdk_mark2_mcnm_ws/install/xpkg_msgs/include/xpkg_msgs/xpkg_msgs/msg/detail/xmsg_device__builder.hpp
-- Up-to-date: /home/leomorningrain/code/sdk_mark2_mcnm_ws/install/xpkg_msgs/include/xpkg_msgs/xpkg_msgs/msg/detail/xmsg_device_list__struct.hpp
-- Up-to-date: /home/leomorningrain/code/sdk_mark2_mcnm_ws/install/xpkg_msgs/include/xpkg_msgs/xpkg_msgs/msg/detail/xmsg_device__struct.hpp
-- Up-to-date: /home/leomorningrain/code/sdk_mark2_mcnm_ws/install/xpkg_msgs/include/xpkg_msgs/xpkg_msgs/msg/detail/xmsg_comm_data__struct.hpp
-- Up-to-date: /home/leomorningrain/code/sdk_mark2_mcnm_ws/install/xpkg_msgs/include/xpkg_msgs/xpkg_msgs/msg/detail/xmsg_comm_data__builder.hpp
-- Up-to-date: /home/leomorningrain/code/sdk_mark2_mcnm_ws/install/xpkg_msgs/include/xpkg_msgs/xpkg_msgs/msg/detail/xmsg_device_list__traits.hpp
-- Up-to-date: /home/leomorningrain/code/sdk_mark2_mcnm_ws/install/xpkg_msgs/include/xpkg_msgs/xpkg_msgs/msg/detail/xmsg_comm_data__traits.hpp
-- Up-to-date: /home/leomorningrain/code/sdk_mark2_mcnm_ws/install/xpkg_msgs/include/xpkg_msgs/xpkg_msgs
-- Up-to-date: /home/leomorningrain/code/sdk_mark2_mcnm_ws/install/xpkg_msgs/include/xpkg_msgs/xpkg_msgs/msg
-- Up-to-date: /home/leomorningrain/code/sdk_mark2_mcnm_ws/install/xpkg_msgs/include/xpkg_msgs/xpkg_msgs/msg/detail
-- Up-to-date: /home/leomorningrain/code/sdk_mark2_mcnm_ws/install/xpkg_msgs/include/xpkg_msgs/xpkg_msgs/msg/detail/xmsg_comm_data__rosidl_typesupport_fastrtps_cpp.hpp
-- Up-to-date: /home/leomorningrain/code/sdk_mark2_mcnm_ws/install/xpkg_msgs/include/xpkg_msgs/xpkg_msgs/msg/detail/xmsg_device_list__rosidl_typesupport_fastrtps_cpp.hpp
-- Up-to-date: /home/leomorningrain/code/sdk_mark2_mcnm_ws/install/xpkg_msgs/include/xpkg_msgs/xpkg_msgs/msg/detail/xmsg_device__rosidl_typesupport_fastrtps_cpp.hpp
-- Up-to-date: /home/leomorningrain/code/sdk_mark2_mcnm_ws/install/xpkg_msgs/include/xpkg_msgs/xpkg_msgs/msg/detail/dds_fastrtps
-- Up-to-date: /home/leomorningrain/code/sdk_mark2_mcnm_ws/install/xpkg_msgs/include/xpkg_msgs/xpkg_msgs/msg/rosidl_typesupport_fastrtps_cpp__visibility_control.h
-- Up-to-date: /home/leomorningrain/code/sdk_mark2_mcnm_ws/install/xpkg_msgs/lib/libxpkg_msgs__rosidl_typesupport_fastrtps_cpp.so
-- Up-to-date: /home/leomorningrain/code/sdk_mark2_mcnm_ws/install/xpkg_msgs/include/xpkg_msgs/xpkg_msgs
-- Up-to-date: /home/leomorningrain/code/sdk_mark2_mcnm_ws/install/xpkg_msgs/include/xpkg_msgs/xpkg_msgs/msg
-- Up-to-date: /home/leomorningrain/code/sdk_mark2_mcnm_ws/install/xpkg_msgs/include/xpkg_msgs/xpkg_msgs/msg/rosidl_typesupport_introspection_c__visibility_control.h
-- Up-to-date: /home/leomorningrain/code/sdk_mark2_mcnm_ws/install/xpkg_msgs/include/xpkg_msgs/xpkg_msgs/msg/detail
-- Up-to-date: /home/leomorningrain/code/sdk_mark2_mcnm_ws/install/xpkg_msgs/include/xpkg_msgs/xpkg_msgs/msg/detail/xmsg_device_list__type_support.c
-- Up-to-date: /home/leomorningrain/code/sdk_mark2_mcnm_ws/install/xpkg_msgs/include/xpkg_msgs/xpkg_msgs/msg/detail/xmsg_comm_data__rosidl_typesupport_introspection_c.h
-- Up-to-date: /home/leomorningrain/code/sdk_mark2_mcnm_ws/install/xpkg_msgs/include/xpkg_msgs/xpkg_msgs/msg/detail/xmsg_device_list__rosidl_typesupport_introspection_c.h
-- Up-to-date: /home/leomorningrain/code/sdk_mark2_mcnm_ws/install/xpkg_msgs/include/xpkg_msgs/xpkg_msgs/msg/detail/xmsg_comm_data__type_support.c
-- Up-to-date: /home/leomorningrain/code/sdk_mark2_mcnm_ws/install/xpkg_msgs/include/xpkg_msgs/xpkg_msgs/msg/detail/xmsg_device__type_support.c
-- Up-to-date: /home/leomorningrain/code/sdk_mark2_mcnm_ws/install/xpkg_msgs/include/xpkg_msgs/xpkg_msgs/msg/detail/xmsg_device__rosidl_typesupport_introspection_c.h
-- Up-to-date: /home/leomorningrain/code/sdk_mark2_mcnm_ws/install/xpkg_msgs/lib/libxpkg_msgs__rosidl_typesupport_introspection_c.so
-- Up-to-date: /home/leomorningrain/code/sdk_mark2_mcnm_ws/install/xpkg_msgs/lib/libxpkg_msgs__rosidl_typesupport_c.so
-- Up-to-date: /home/leomorningrain/code/sdk_mark2_mcnm_ws/install/xpkg_msgs/include/xpkg_msgs/xpkg_msgs
-- Up-to-date: /home/leomorningrain/code/sdk_mark2_mcnm_ws/install/xpkg_msgs/include/xpkg_msgs/xpkg_msgs/msg
-- Up-to-date: /home/leomorningrain/code/sdk_mark2_mcnm_ws/install/xpkg_msgs/include/xpkg_msgs/xpkg_msgs/msg/detail
-- Up-to-date: /home/leomorningrain/code/sdk_mark2_mcnm_ws/install/xpkg_msgs/include/xpkg_msgs/xpkg_msgs/msg/detail/xmsg_device__type_support.cpp
-- Up-to-date: /home/leomorningrain/code/sdk_mark2_mcnm_ws/install/xpkg_msgs/include/xpkg_msgs/xpkg_msgs/msg/detail/xmsg_device_list__rosidl_typesupport_introspection_cpp.hpp
-- Up-to-date: /home/leomorningrain/code/sdk_mark2_mcnm_ws/install/xpkg_msgs/include/xpkg_msgs/xpkg_msgs/msg/detail/xmsg_comm_data__type_support.cpp
-- Up-to-date: /home/leomorningrain/code/sdk_mark2_mcnm_ws/install/xpkg_msgs/include/xpkg_msgs/xpkg_msgs/msg/detail/xmsg_device_list__type_support.cpp
-- Up-to-date: /home/leomorningrain/code/sdk_mark2_mcnm_ws/install/xpkg_msgs/include/xpkg_msgs/xpkg_msgs/msg/detail/xmsg_comm_data__rosidl_typesupport_introspection_cpp.hpp
-- Up-to-date: /home/leomorningrain/code/sdk_mark2_mcnm_ws/install/xpkg_msgs/include/xpkg_msgs/xpkg_msgs/msg/detail/xmsg_device__rosidl_typesupport_introspection_cpp.hpp
-- Up-to-date: /home/leomorningrain/code/sdk_mark2_mcnm_ws/install/xpkg_msgs/lib/libxpkg_msgs__rosidl_typesupport_introspection_cpp.so
-- Up-to-date: /home/leomorningrain/code/sdk_mark2_mcnm_ws/install/xpkg_msgs/lib/libxpkg_msgs__rosidl_typesupport_cpp.so
-- Up-to-date: /home/leomorningrain/code/sdk_mark2_mcnm_ws/install/xpkg_msgs/share/xpkg_msgs/environment/pythonpath.sh
-- Up-to-date: /home/leomorningrain/code/sdk_mark2_mcnm_ws/install/xpkg_msgs/share/xpkg_msgs/environment/pythonpath.dsv
-- Up-to-date: /home/leomorningrain/code/sdk_mark2_mcnm_ws/install/xpkg_msgs/local/lib/python3.10/dist-packages/xpkg_msgs-0.1.0-py3.10.egg-info
-- Installing: /home/leomorningrain/code/sdk_mark2_mcnm_ws/install/xpkg_msgs/local/lib/python3.10/dist-packages/xpkg_msgs-0.1.0-py3.10.egg-info/top_level.txt
-- Installing: /home/leomorningrain/code/sdk_mark2_mcnm_ws/install/xpkg_msgs/local/lib/python3.10/dist-packages/xpkg_msgs-0.1.0-py3.10.egg-info/PKG-INFO
-- Installing: /home/leomorningrain/code/sdk_mark2_mcnm_ws/install/xpkg_msgs/local/lib/python3.10/dist-packages/xpkg_msgs-0.1.0-py3.10.egg-info/SOURCES.txt
-- Installing: /home/leomorningrain/code/sdk_mark2_mcnm_ws/install/xpkg_msgs/local/lib/python3.10/dist-packages/xpkg_msgs-0.1.0-py3.10.egg-info/dependency_links.txt
-- Up-to-date: /home/leomorningrain/code/sdk_mark2_mcnm_ws/install/xpkg_msgs/local/lib/python3.10/dist-packages/xpkg_msgs
-- Up-to-date: /home/leomorningrain/code/sdk_mark2_mcnm_ws/install/xpkg_msgs/local/lib/python3.10/dist-packages/xpkg_msgs/xpkg_msgs_s__rosidl_typesupport_introspection_c.cpython-310-x86_64-linux-gnu.so
-- Up-to-date: /home/leomorningrain/code/sdk_mark2_mcnm_ws/install/xpkg_msgs/local/lib/python3.10/dist-packages/xpkg_msgs/_xpkg_msgs_s.ep.rosidl_typesupport_fastrtps_c.c
-- Up-to-date: /home/leomorningrain/code/sdk_mark2_mcnm_ws/install/xpkg_msgs/local/lib/python3.10/dist-packages/xpkg_msgs/xpkg_msgs_s__rosidl_typesupport_c.cpython-310-x86_64-linux-gnu.so
-- Up-to-date: /home/leomorningrain/code/sdk_mark2_mcnm_ws/install/xpkg_msgs/local/lib/python3.10/dist-packages/xpkg_msgs/xpkg_msgs_s__rosidl_typesupport_fastrtps_c.cpython-310-x86_64-linux-gnu.so
-- Up-to-date: /home/leomorningrain/code/sdk_mark2_mcnm_ws/install/xpkg_msgs/local/lib/python3.10/dist-packages/xpkg_msgs/msg
-- Up-to-date: /home/leomorningrain/code/sdk_mark2_mcnm_ws/install/xpkg_msgs/local/lib/python3.10/dist-packages/xpkg_msgs/msg/_xmsg_comm_data_s.c
-- Up-to-date: /home/leomorningrain/code/sdk_mark2_mcnm_ws/install/xpkg_msgs/local/lib/python3.10/dist-packages/xpkg_msgs/msg/_xmsg_comm_data.py
-- Up-to-date: /home/leomorningrain/code/sdk_mark2_mcnm_ws/install/xpkg_msgs/local/lib/python3.10/dist-packages/xpkg_msgs/msg/_xmsg_device_s.c
-- Up-to-date: /home/leomorningrain/code/sdk_mark2_mcnm_ws/install/xpkg_msgs/local/lib/python3.10/dist-packages/xpkg_msgs/msg/__init__.py
-- Up-to-date: /home/leomorningrain/code/sdk_mark2_mcnm_ws/install/xpkg_msgs/local/lib/python3.10/dist-packages/xpkg_msgs/msg/_xmsg_device_list.py
-- Up-to-date: /home/leomorningrain/code/sdk_mark2_mcnm_ws/install/xpkg_msgs/local/lib/python3.10/dist-packages/xpkg_msgs/msg/_xmsg_device.py
-- Up-to-date: /home/leomorningrain/code/sdk_mark2_mcnm_ws/install/xpkg_msgs/local/lib/python3.10/dist-packages/xpkg_msgs/msg/_xmsg_device_list_s.c
-- Up-to-date: /home/leomorningrain/code/sdk_mark2_mcnm_ws/install/xpkg_msgs/local/lib/python3.10/dist-packages/xpkg_msgs/libxpkg_msgs__rosidl_generator_py.so
-- Up-to-date: /home/leomorningrain/code/sdk_mark2_mcnm_ws/install/xpkg_msgs/local/lib/python3.10/dist-packages/xpkg_msgs/__init__.py
-- Up-to-date: /home/leomorningrain/code/sdk_mark2_mcnm_ws/install/xpkg_msgs/local/lib/python3.10/dist-packages/xpkg_msgs/_xpkg_msgs_s.ep.rosidl_typesupport_introspection_c.c
-- Up-to-date: /home/leomorningrain/code/sdk_mark2_mcnm_ws/install/xpkg_msgs/local/lib/python3.10/dist-packages/xpkg_msgs/_xpkg_msgs_s.ep.rosidl_typesupport_c.c
Listing '/home/leomorningrain/code/sdk_mark2_mcnm_ws/install/xpkg_msgs/local/lib/python3.10/dist-packages/xpkg_msgs'...
Listing '/home/leomorningrain/code/sdk_mark2_mcnm_ws/install/xpkg_msgs/local/lib/python3.10/dist-packages/xpkg_msgs/msg'...
-- Up-to-date: /home/leomorningrain/code/sdk_mark2_mcnm_ws/install/xpkg_msgs/local/lib/python3.10/dist-packages/xpkg_msgs/xpkg_msgs_s__rosidl_typesupport_fastrtps_c.cpython-310-x86_64-linux-gnu.so
-- Up-to-date: /home/leomorningrain/code/sdk_mark2_mcnm_ws/install/xpkg_msgs/local/lib/python3.10/dist-packages/xpkg_msgs/xpkg_msgs_s__rosidl_typesupport_introspection_c.cpython-310-x86_64-linux-gnu.so
-- Up-to-date: /home/leomorningrain/code/sdk_mark2_mcnm_ws/install/xpkg_msgs/local/lib/python3.10/dist-packages/xpkg_msgs/xpkg_msgs_s__rosidl_typesupport_c.cpython-310-x86_64-linux-gnu.so
-- Up-to-date: /home/leomorningrain/code/sdk_mark2_mcnm_ws/install/xpkg_msgs/lib/libxpkg_msgs__rosidl_generator_py.so
-- Up-to-date: /home/leomorningrain/code/sdk_mark2_mcnm_ws/install/xpkg_msgs/share/xpkg_msgs/msg/XmsgCommData.idl
-- Up-to-date: /home/leomorningrain/code/sdk_mark2_mcnm_ws/install/xpkg_msgs/share/xpkg_msgs/msg/XmsgDeviceList.idl
-- Up-to-date: /home/leomorningrain/code/sdk_mark2_mcnm_ws/install/xpkg_msgs/share/xpkg_msgs/msg/XmsgDevice.idl
-- Up-to-date: /home/leomorningrain/code/sdk_mark2_mcnm_ws/install/xpkg_msgs/share/xpkg_msgs/msg/XmsgCommData.msg
-- Up-to-date: /home/leomorningrain/code/sdk_mark2_mcnm_ws/install/xpkg_msgs/share/xpkg_msgs/msg/XmsgDeviceList.msg
-- Up-to-date: /home/leomorningrain/code/sdk_mark2_mcnm_ws/install/xpkg_msgs/share/xpkg_msgs/msg/XmsgDevice.msg
-- Up-to-date: /home/leomorningrain/code/sdk_mark2_mcnm_ws/install/xpkg_msgs/share/ament_index/resource_index/package_run_dependencies/xpkg_msgs
-- Up-to-date: /home/leomorningrain/code/sdk_mark2_mcnm_ws/install/xpkg_msgs/share/ament_index/resource_index/parent_prefix_path/xpkg_msgs
-- Up-to-date: /home/leomorningrain/code/sdk_mark2_mcnm_ws/install/xpkg_msgs/share/xpkg_msgs/environment/ament_prefix_path.sh
-- Up-to-date: /home/leomorningrain/code/sdk_mark2_mcnm_ws/install/xpkg_msgs/share/xpkg_msgs/environment/ament_prefix_path.dsv
-- Up-to-date: /home/leomorningrain/code/sdk_mark2_mcnm_ws/install/xpkg_msgs/share/xpkg_msgs/environment/path.sh
-- Up-to-date: /home/leomorningrain/code/sdk_mark2_mcnm_ws/install/xpkg_msgs/share/xpkg_msgs/environment/path.dsv
-- Up-to-date: /home/leomorningrain/code/sdk_mark2_mcnm_ws/install/xpkg_msgs/share/xpkg_msgs/local_setup.bash
-- Up-to-date: /home/leomorningrain/code/sdk_mark2_mcnm_ws/install/xpkg_msgs/share/xpkg_msgs/local_setup.sh
-- Up-to-date: /home/leomorningrain/code/sdk_mark2_mcnm_ws/install/xpkg_msgs/share/xpkg_msgs/local_setup.zsh
-- Up-to-date: /home/leomorningrain/code/sdk_mark2_mcnm_ws/install/xpkg_msgs/share/xpkg_msgs/local_setup.dsv
-- Installing: /home/leomorningrain/code/sdk_mark2_mcnm_ws/install/xpkg_msgs/share/xpkg_msgs/package.dsv
-- Up-to-date: /home/leomorningrain/code/sdk_mark2_mcnm_ws/install/xpkg_msgs/share/ament_index/resource_index/packages/xpkg_msgs
-- Up-to-date: /home/leomorningrain/code/sdk_mark2_mcnm_ws/install/xpkg_msgs/share/xpkg_msgs/cmake/export_xpkg_msgs__rosidl_generator_cExport.cmake
-- Up-to-date: /home/leomorningrain/code/sdk_mark2_mcnm_ws/install/xpkg_msgs/share/xpkg_msgs/cmake/export_xpkg_msgs__rosidl_generator_cExport-noconfig.cmake
-- Up-to-date: /home/leomorningrain/code/sdk_mark2_mcnm_ws/install/xpkg_msgs/share/xpkg_msgs/cmake/export_xpkg_msgs__rosidl_typesupport_fastrtps_cExport.cmake
-- Up-to-date: /home/leomorningrain/code/sdk_mark2_mcnm_ws/install/xpkg_msgs/share/xpkg_msgs/cmake/export_xpkg_msgs__rosidl_typesupport_fastrtps_cExport-noconfig.cmake
-- Up-to-date: /home/leomorningrain/code/sdk_mark2_mcnm_ws/install/xpkg_msgs/share/xpkg_msgs/cmake/export_xpkg_msgs__rosidl_generator_cppExport.cmake
-- Up-to-date: /home/leomorningrain/code/sdk_mark2_mcnm_ws/install/xpkg_msgs/share/xpkg_msgs/cmake/export_xpkg_msgs__rosidl_typesupport_fastrtps_cppExport.cmake
-- Up-to-date: /home/leomorningrain/code/sdk_mark2_mcnm_ws/install/xpkg_msgs/share/xpkg_msgs/cmake/export_xpkg_msgs__rosidl_typesupport_fastrtps_cppExport-noconfig.cmake
-- Up-to-date: /home/leomorningrain/code/sdk_mark2_mcnm_ws/install/xpkg_msgs/share/xpkg_msgs/cmake/xpkg_msgs__rosidl_typesupport_introspection_cExport.cmake
-- Up-to-date: /home/leomorningrain/code/sdk_mark2_mcnm_ws/install/xpkg_msgs/share/xpkg_msgs/cmake/xpkg_msgs__rosidl_typesupport_introspection_cExport-noconfig.cmake
-- Up-to-date: /home/leomorningrain/code/sdk_mark2_mcnm_ws/install/xpkg_msgs/share/xpkg_msgs/cmake/xpkg_msgs__rosidl_typesupport_cExport.cmake
-- Up-to-date: /home/leomorningrain/code/sdk_mark2_mcnm_ws/install/xpkg_msgs/share/xpkg_msgs/cmake/xpkg_msgs__rosidl_typesupport_cExport-noconfig.cmake
-- Up-to-date: /home/leomorningrain/code/sdk_mark2_mcnm_ws/install/xpkg_msgs/share/xpkg_msgs/cmake/xpkg_msgs__rosidl_typesupport_introspection_cppExport.cmake
-- Up-to-date: /home/leomorningrain/code/sdk_mark2_mcnm_ws/install/xpkg_msgs/share/xpkg_msgs/cmake/xpkg_msgs__rosidl_typesupport_introspection_cppExport-noconfig.cmake
-- Up-to-date: /home/leomorningrain/code/sdk_mark2_mcnm_ws/install/xpkg_msgs/share/xpkg_msgs/cmake/xpkg_msgs__rosidl_typesupport_cppExport.cmake
-- Up-to-date: /home/leomorningrain/code/sdk_mark2_mcnm_ws/install/xpkg_msgs/share/xpkg_msgs/cmake/xpkg_msgs__rosidl_typesupport_cppExport-noconfig.cmake
-- Up-to-date: /home/leomorningrain/code/sdk_mark2_mcnm_ws/install/xpkg_msgs/share/xpkg_msgs/cmake/export_xpkg_msgs__rosidl_generator_pyExport.cmake
-- Up-to-date: /home/leomorningrain/code/sdk_mark2_mcnm_ws/install/xpkg_msgs/share/xpkg_msgs/cmake/export_xpkg_msgs__rosidl_generator_pyExport-noconfig.cmake
-- Up-to-date: /home/leomorningrain/code/sdk_mark2_mcnm_ws/install/xpkg_msgs/share/xpkg_msgs/cmake/rosidl_cmake-extras.cmake
-- Up-to-date: /home/leomorningrain/code/sdk_mark2_mcnm_ws/install/xpkg_msgs/share/xpkg_msgs/cmake/ament_cmake_export_dependencies-extras.cmake
-- Up-to-date: /home/leomorningrain/code/sdk_mark2_mcnm_ws/install/xpkg_msgs/share/xpkg_msgs/cmake/ament_cmake_export_include_directories-extras.cmake
-- Up-to-date: /home/leomorningrain/code/sdk_mark2_mcnm_ws/install/xpkg_msgs/share/xpkg_msgs/cmake/ament_cmake_export_libraries-extras.cmake
-- Up-to-date: /home/leomorningrain/code/sdk_mark2_mcnm_ws/install/xpkg_msgs/share/xpkg_msgs/cmake/ament_cmake_export_targets-extras.cmake
-- Up-to-date: /home/leomorningrain/code/sdk_mark2_mcnm_ws/install/xpkg_msgs/share/xpkg_msgs/cmake/rosidl_cmake_export_typesupport_targets-extras.cmake
-- Up-to-date: /home/leomorningrain/code/sdk_mark2_mcnm_ws/install/xpkg_msgs/share/xpkg_msgs/cmake/rosidl_cmake_export_typesupport_libraries-extras.cmake
-- Up-to-date: /home/leomorningrain/code/sdk_mark2_mcnm_ws/install/xpkg_msgs/share/xpkg_msgs/cmake/xpkg_msgsConfig.cmake
-- Up-to-date: /home/leomorningrain/code/sdk_mark2_mcnm_ws/install/xpkg_msgs/share/xpkg_msgs/cmake/xpkg_msgsConfig-version.cmake
-- Up-to-date: /home/leomorningrain/code/sdk_mark2_mcnm_ws/install/xpkg_msgs/share/xpkg_msgs/package.xml
