[0.151s] Invoking command in '/home/leomorningrain/code/town_ws/build/village_wang': CMAKE_PREFIX_PATH=/home/leomorningrain/code/town_ws/install/village_li:/opt/ros/humble /usr/bin/cmake /home/leomorningrain/code/town_ws/src/village_wang -DCMAKE_INSTALL_PREFIX=/home/leomorningrain/code/town_ws/install/village_wang
[0.161s] -- Found ament_cmake: 1.3.8 (/opt/ros/humble/share/ament_cmake/cmake)
[0.230s] -- Found rclcpp: 16.0.8 (/opt/ros/humble/share/rclcpp/cmake)
[0.249s] -- Found rosidl_generator_c: 3.1.5 (/opt/ros/humble/share/rosidl_generator_c/cmake)
[0.251s] -- Found rosidl_adapter: 3.1.5 (/opt/ros/humble/share/rosidl_adapter/cmake)
[0.255s] -- Found rosidl_generator_cpp: 3.1.5 (/opt/ros/humble/share/rosidl_generator_cpp/cmake)
[0.262s] -- Using all available rosidl_typesupport_c: rosidl_typesupport_fastrtps_c;rosidl_typesupport_introspection_c
[0.271s] -- Using all available rosidl_typesupport_cpp: rosidl_typesupport_fastrtps_cpp;rosidl_typesupport_introspection_cpp
[0.312s] -- Found rmw_implementation_cmake: 6.1.1 (/opt/ros/humble/share/rmw_implementation_cmake/cmake)
[0.313s] -- Found rmw_fastrtps_cpp: 6.2.6 (/opt/ros/humble/share/rmw_fastrtps_cpp/cmake)
[0.372s] -- Using RMW implementation 'rmw_fastrtps_cpp' as default
[0.456s] -- Found ament_lint_auto: 0.12.10 (/opt/ros/humble/share/ament_lint_auto/cmake)
[0.494s] -- Added test 'cppcheck' to perform static code analysis on C / C++ code
[0.494s] -- Configured cppcheck include dirs: 
[0.494s] -- Configured cppcheck exclude dirs and/or files: 
[0.494s] -- Added test 'lint_cmake' to check CMake code style
[0.494s] -- Added test 'uncrustify' to check C / C++ code style
[0.494s] -- Configured uncrustify additional arguments: 
[0.494s] -- Added test 'xmllint' to check XML markup files
[0.495s] -- Configuring incomplete, errors occurred!
[0.496s] See also "/home/leomorningrain/code/town_ws/build/village_wang/CMakeFiles/CMakeOutput.log".
[0.496s] [31mCMake Error at CMakeLists.txt:28 (install):
[0.496s]   install does not recognize sub-command TARGET
[0.496s] 
[0.496s] [0m
[0.500s] Invoked command in '/home/leomorningrain/code/town_ws/build/village_wang' returned '1': CMAKE_PREFIX_PATH=/home/leomorningrain/code/town_ws/install/village_li:/opt/ros/humble /usr/bin/cmake /home/leomorningrain/code/town_ws/src/village_wang -DCMAKE_INSTALL_PREFIX=/home/leomorningrain/code/town_ws/install/village_wang
