[0.005s] Invoking command in '/home/leomorningrain/code/ws01_plumbing/build/cpp01_topic': AMENT_PREFIX_PATH=/home/leomorningrain/code/ws01_plumbing/install/base_interfaces_demo:${AMENT_PREFIX_PATH} CMAKE_PREFIX_PATH=/home/leomorningrain/code/ws01_plumbing/install/base_interfaces_demo:/opt/ros/humble /usr/bin/cmake --build /home/leomorningrain/code/ws01_plumbing/build/cpp01_topic -- -j32 -l32
[0.026s] [35m[1mConsolidate compiler generated dependencies of target demo01_talker_str[0m
[0.035s] [ 50%] [32mBuilding CXX object CMakeFiles/demo01_talker_str.dir/src/demo01_talker_str.cpp.o[0m
[2.016s] [100%] [32m[1mLinking CXX executable demo01_talker_str[0m
[2.104s] [100%] Built target demo01_talker_str
[2.114s] Invoked command in '/home/leomorningrain/code/ws01_plumbing/build/cpp01_topic' returned '0': AMENT_PREFIX_PATH=/home/leomorningrain/code/ws01_plumbing/install/base_interfaces_demo:${AMENT_PREFIX_PATH} CMAKE_PREFIX_PATH=/home/leomorningrain/code/ws01_plumbing/install/base_interfaces_demo:/opt/ros/humble /usr/bin/cmake --build /home/leomorningrain/code/ws01_plumbing/build/cpp01_topic -- -j32 -l32
[2.126s] Invoking command in '/home/leomorningrain/code/ws01_plumbing/build/cpp01_topic': AMENT_PREFIX_PATH=/home/leomorningrain/code/ws01_plumbing/install/base_interfaces_demo:${AMENT_PREFIX_PATH} CMAKE_PREFIX_PATH=/home/leomorningrain/code/ws01_plumbing/install/base_interfaces_demo:/opt/ros/humble /usr/bin/cmake --install /home/leomorningrain/code/ws01_plumbing/build/cpp01_topic
[2.130s] -- Install configuration: ""
[2.130s] -- Installing: /home/leomorningrain/code/ws01_plumbing/install/cpp01_topic/lib/cpp01_topic/demo01_talker_str
[2.130s] -- Set runtime path of "/home/leomorningrain/code/ws01_plumbing/install/cpp01_topic/lib/cpp01_topic/demo01_talker_str" to ""
[2.130s] -- Up-to-date: /home/leomorningrain/code/ws01_plumbing/install/cpp01_topic/share/ament_index/resource_index/package_run_dependencies/cpp01_topic
[2.130s] -- Up-to-date: /home/leomorningrain/code/ws01_plumbing/install/cpp01_topic/share/ament_index/resource_index/parent_prefix_path/cpp01_topic
[2.131s] -- Up-to-date: /home/leomorningrain/code/ws01_plumbing/install/cpp01_topic/share/cpp01_topic/environment/ament_prefix_path.sh
[2.131s] -- Up-to-date: /home/leomorningrain/code/ws01_plumbing/install/cpp01_topic/share/cpp01_topic/environment/ament_prefix_path.dsv
[2.131s] -- Up-to-date: /home/leomorningrain/code/ws01_plumbing/install/cpp01_topic/share/cpp01_topic/environment/path.sh
[2.131s] -- Up-to-date: /home/leomorningrain/code/ws01_plumbing/install/cpp01_topic/share/cpp01_topic/environment/path.dsv
[2.131s] -- Up-to-date: /home/leomorningrain/code/ws01_plumbing/install/cpp01_topic/share/cpp01_topic/local_setup.bash
[2.131s] -- Up-to-date: /home/leomorningrain/code/ws01_plumbing/install/cpp01_topic/share/cpp01_topic/local_setup.sh
[2.131s] -- Up-to-date: /home/leomorningrain/code/ws01_plumbing/install/cpp01_topic/share/cpp01_topic/local_setup.zsh
[2.131s] -- Up-to-date: /home/leomorningrain/code/ws01_plumbing/install/cpp01_topic/share/cpp01_topic/local_setup.dsv
[2.131s] -- Installing: /home/leomorningrain/code/ws01_plumbing/install/cpp01_topic/share/cpp01_topic/package.dsv
[2.131s] -- Up-to-date: /home/leomorningrain/code/ws01_plumbing/install/cpp01_topic/share/ament_index/resource_index/packages/cpp01_topic
[2.131s] -- Up-to-date: /home/leomorningrain/code/ws01_plumbing/install/cpp01_topic/share/cpp01_topic/cmake/cpp01_topicConfig.cmake
[2.131s] -- Up-to-date: /home/leomorningrain/code/ws01_plumbing/install/cpp01_topic/share/cpp01_topic/cmake/cpp01_topicConfig-version.cmake
[2.131s] -- Up-to-date: /home/leomorningrain/code/ws01_plumbing/install/cpp01_topic/share/cpp01_topic/package.xml
[2.132s] Invoked command in '/home/leomorningrain/code/ws01_plumbing/build/cpp01_topic' returned '0': AMENT_PREFIX_PATH=/home/leomorningrain/code/ws01_plumbing/install/base_interfaces_demo:${AMENT_PREFIX_PATH} CMAKE_PREFIX_PATH=/home/leomorningrain/code/ws01_plumbing/install/base_interfaces_demo:/opt/ros/humble /usr/bin/cmake --install /home/leomorningrain/code/ws01_plumbing/build/cpp01_topic
