[0.005s] Invoking command in '/home/leomorningrain/code/sdk_mark2_mcnm_ws/build/xpkg_demo': CMAKE_PREFIX_PATH=/opt/ros/humble /usr/bin/cmake /home/leomorningrain/code/sdk_mark2_mcnm_ws/src/demo/demo_general_chassis -DCMAKE_INSTALL_PREFIX=/home/leomorningrain/code/sdk_mark2_mcnm_ws/install/xpkg_demo
[0.050s] -- The C compiler identification is GNU 11.4.0
[0.094s] -- The CXX compiler identification is GNU 11.4.0
[0.098s] -- Detecting C compiler ABI info
[0.132s] -- Detecting C compiler ABI info - done
[0.137s] -- Check for working C compiler: /usr/bin/cc - skipped
[0.137s] -- Detecting C compile features
[0.137s] -- Detecting C compile features - done
[0.139s] -- Detecting CXX compiler ABI info
[0.178s] -- Detecting CXX compiler ABI info - done
[0.182s] -- Check for working CXX compiler: /usr/bin/c++ - skipped
[0.182s] -- Detecting CXX compile features
[0.183s] -- Detecting CXX compile features - done
[0.183s] -- Your ROS version is ROS2
[0.186s] -- Found ament_cmake: 1.3.8 (/opt/ros/humble/share/ament_cmake/cmake)
[0.261s] -- Found Python3: /usr/bin/python3 (found version "3.10.12") found components: Interpreter 
[0.306s] -- Found rclcpp: 16.0.8 (/opt/ros/humble/share/rclcpp/cmake)
[0.331s] -- Found rosidl_generator_c: 3.1.5 (/opt/ros/humble/share/rosidl_generator_c/cmake)
[0.334s] -- Found rosidl_adapter: 3.1.5 (/opt/ros/humble/share/rosidl_adapter/cmake)
[0.338s] -- Found rosidl_generator_cpp: 3.1.5 (/opt/ros/humble/share/rosidl_generator_cpp/cmake)
[0.348s] -- Using all available rosidl_typesupport_c: rosidl_typesupport_fastrtps_c;rosidl_typesupport_introspection_c
[0.357s] -- Using all available rosidl_typesupport_cpp: rosidl_typesupport_fastrtps_cpp;rosidl_typesupport_introspection_cpp
[0.394s] -- Found rmw_implementation_cmake: 6.1.1 (/opt/ros/humble/share/rmw_implementation_cmake/cmake)
[0.396s] -- Found rmw_fastrtps_cpp: 6.2.6 (/opt/ros/humble/share/rmw_fastrtps_cpp/cmake)
[0.446s] -- Found OpenSSL: /usr/lib/x86_64-linux-gnu/libcrypto.so (found version "3.0.2")  
[0.460s] -- Found FastRTPS: /opt/ros/humble/include  
[0.482s] -- Using RMW implementation 'rmw_fastrtps_cpp' as default
[0.487s] -- Looking for pthread.h
[0.527s] -- Looking for pthread.h - found
[0.527s] -- Performing Test CMAKE_HAVE_LIBC_PTHREAD
[0.563s] -- Performing Test CMAKE_HAVE_LIBC_PTHREAD - Success
[0.564s] -- Found Threads: TRUE  
[0.642s] -- Found ament_lint_auto: 0.12.10 (/opt/ros/humble/share/ament_lint_auto/cmake)
[0.683s] -- Added test 'copyright' to check source files copyright and LICENSE
[0.684s] -- Added test 'flake8' to check Python code syntax and style conventions
[0.684s] -- Added test 'lint_cmake' to check CMake code style
[0.684s] -- Added test 'pep257' to check Python code against some of the docstring style conventions in PEP 257
[0.685s] -- Added test 'xmllint' to check XML markup files
[0.686s] -- Configuring done
[0.687s] -- Generating done
[0.688s] -- Build files have been written to: /home/leomorningrain/code/sdk_mark2_mcnm_ws/build/xpkg_demo
[0.693s] Invoked command in '/home/leomorningrain/code/sdk_mark2_mcnm_ws/build/xpkg_demo' returned '0': CMAKE_PREFIX_PATH=/opt/ros/humble /usr/bin/cmake /home/leomorningrain/code/sdk_mark2_mcnm_ws/src/demo/demo_general_chassis -DCMAKE_INSTALL_PREFIX=/home/leomorningrain/code/sdk_mark2_mcnm_ws/install/xpkg_demo
[0.693s] Invoking command in '/home/leomorningrain/code/sdk_mark2_mcnm_ws/build/xpkg_demo': CMAKE_PREFIX_PATH=/opt/ros/humble /usr/bin/cmake --build /home/leomorningrain/code/sdk_mark2_mcnm_ws/build/xpkg_demo -- -j32 -l32
[0.714s] Invoked command in '/home/leomorningrain/code/sdk_mark2_mcnm_ws/build/xpkg_demo' returned '0': CMAKE_PREFIX_PATH=/opt/ros/humble /usr/bin/cmake --build /home/leomorningrain/code/sdk_mark2_mcnm_ws/build/xpkg_demo -- -j32 -l32
[0.726s] Invoking command in '/home/leomorningrain/code/sdk_mark2_mcnm_ws/build/xpkg_demo': CMAKE_PREFIX_PATH=/opt/ros/humble /usr/bin/cmake --install /home/leomorningrain/code/sdk_mark2_mcnm_ws/build/xpkg_demo
[0.729s] -- Install configuration: ""
[0.729s] -- Installing: /home/leomorningrain/code/sdk_mark2_mcnm_ws/install/xpkg_demo/share/ament_index/resource_index/package_run_dependencies/xpkg_demo
[0.729s] -- Installing: /home/leomorningrain/code/sdk_mark2_mcnm_ws/install/xpkg_demo/share/ament_index/resource_index/parent_prefix_path/xpkg_demo
[0.729s] -- Installing: /home/leomorningrain/code/sdk_mark2_mcnm_ws/install/xpkg_demo/share/xpkg_demo/environment/ament_prefix_path.sh
[0.729s] -- Installing: /home/leomorningrain/code/sdk_mark2_mcnm_ws/install/xpkg_demo/share/xpkg_demo/environment/ament_prefix_path.dsv
[0.729s] -- Installing: /home/leomorningrain/code/sdk_mark2_mcnm_ws/install/xpkg_demo/share/xpkg_demo/environment/path.sh
[0.729s] -- Installing: /home/leomorningrain/code/sdk_mark2_mcnm_ws/install/xpkg_demo/share/xpkg_demo/environment/path.dsv
[0.729s] -- Installing: /home/leomorningrain/code/sdk_mark2_mcnm_ws/install/xpkg_demo/share/xpkg_demo/local_setup.bash
[0.729s] -- Installing: /home/leomorningrain/code/sdk_mark2_mcnm_ws/install/xpkg_demo/share/xpkg_demo/local_setup.sh
[0.729s] -- Installing: /home/leomorningrain/code/sdk_mark2_mcnm_ws/install/xpkg_demo/share/xpkg_demo/local_setup.zsh
[0.729s] -- Installing: /home/leomorningrain/code/sdk_mark2_mcnm_ws/install/xpkg_demo/share/xpkg_demo/local_setup.dsv
[0.729s] -- Installing: /home/leomorningrain/code/sdk_mark2_mcnm_ws/install/xpkg_demo/share/xpkg_demo/package.dsv
[0.729s] -- Installing: /home/leomorningrain/code/sdk_mark2_mcnm_ws/install/xpkg_demo/share/ament_index/resource_index/packages/xpkg_demo
[0.729s] -- Installing: /home/leomorningrain/code/sdk_mark2_mcnm_ws/install/xpkg_demo/share/xpkg_demo/cmake/xpkg_demoConfig.cmake
[0.729s] -- Installing: /home/leomorningrain/code/sdk_mark2_mcnm_ws/install/xpkg_demo/share/xpkg_demo/cmake/xpkg_demoConfig-version.cmake
[0.729s] -- Installing: /home/leomorningrain/code/sdk_mark2_mcnm_ws/install/xpkg_demo/share/xpkg_demo/package.xml
[0.730s] -- Installing: /home/leomorningrain/code/sdk_mark2_mcnm_ws/install/xpkg_demo/share/xpkg_demo/demo_vehicle/ROS2
[0.730s] -- Installing: /home/leomorningrain/code/sdk_mark2_mcnm_ws/install/xpkg_demo/share/xpkg_demo/demo_vehicle/ROS2/config
[0.730s] -- Installing: /home/leomorningrain/code/sdk_mark2_mcnm_ws/install/xpkg_demo/share/xpkg_demo/demo_vehicle/ROS2/config/rviz_vehicle.rviz
[0.730s] -- Installing: /home/leomorningrain/code/sdk_mark2_mcnm_ws/install/xpkg_demo/share/xpkg_demo/demo_vehicle/ROS2/launch
[0.730s] -- Installing: /home/leomorningrain/code/sdk_mark2_mcnm_ws/install/xpkg_demo/share/xpkg_demo/demo_vehicle/ROS2/launch/vehicle_ctrl_map.png
[0.730s] -- Installing: /home/leomorningrain/code/sdk_mark2_mcnm_ws/install/xpkg_demo/share/xpkg_demo/demo_vehicle/ROS2/launch/bringup_basic_ctrl.launch.xml
[0.730s] -- Installing: /home/leomorningrain/code/sdk_mark2_mcnm_ws/install/xpkg_demo/share/xpkg_demo/demo_vehicle/ROS2/launch/bringup_basic_ctrl.launch.py
[0.731s] Invoked command in '/home/leomorningrain/code/sdk_mark2_mcnm_ws/build/xpkg_demo' returned '0': CMAKE_PREFIX_PATH=/opt/ros/humble /usr/bin/cmake --install /home/leomorningrain/code/sdk_mark2_mcnm_ws/build/xpkg_demo
