[0.010s] Invoking command in '/home/leomorningrain/code/ws01_plumbing/build/cpp01_topic': CMAKE_PREFIX_PATH=/home/leomorningrain/code/ws01_plumbing/install/base_interfaces_demo:/home/leomorningrain/code/ws01_plumbing/install/cpp01_topic:/home/leomorningrain/code/ws01_plumbing/install/py01_topic:/opt/ros/humble LD_LIBRARY_PATH=/home/leomorningrain/code/ws01_plumbing/install/base_interfaces_demo/lib:/opt/ros/humble/opt/rviz_ogre_vendor/lib:/opt/ros/humble/lib/x86_64-linux-gnu:/opt/ros/humble/lib:/usr/local/lib:/usr/local/lib /usr/bin/cmake --build /home/leomorningrain/code/ws01_plumbing/build/cpp01_topic -- -j32 -l32
[0.022s] -- Found ament_cmake: 1.3.8 (/opt/ros/humble/share/ament_cmake/cmake)
[0.086s] -- Found rclcpp: 16.0.8 (/opt/ros/humble/share/rclcpp/cmake)
[0.101s] -- Found rosidl_generator_c: 3.1.5 (/opt/ros/humble/share/rosidl_generator_c/cmake)
[0.102s] -- Found rosidl_adapter: 3.1.5 (/opt/ros/humble/share/rosidl_adapter/cmake)
[0.105s] -- Found rosidl_generator_cpp: 3.1.5 (/opt/ros/humble/share/rosidl_generator_cpp/cmake)
[0.111s] -- Using all available rosidl_typesupport_c: rosidl_typesupport_fastrtps_c;rosidl_typesupport_introspection_c
[0.119s] -- Using all available rosidl_typesupport_cpp: rosidl_typesupport_fastrtps_cpp;rosidl_typesupport_introspection_cpp
[0.148s] -- Found rmw_implementation_cmake: 6.1.1 (/opt/ros/humble/share/rmw_implementation_cmake/cmake)
[0.149s] -- Found rmw_fastrtps_cpp: 6.2.6 (/opt/ros/humble/share/rmw_fastrtps_cpp/cmake)
[0.211s] -- Using RMW implementation 'rmw_fastrtps_cpp' as default
[0.287s] -- Found base_interfaces_demo: 0.0.0 (/home/leomorningrain/code/ws01_plumbing/install/base_interfaces_demo/share/base_interfaces_demo/cmake)
[0.295s] -- Found ament_lint_auto: 0.12.10 (/opt/ros/humble/share/ament_lint_auto/cmake)
[0.332s] -- Added test 'cppcheck' to perform static code analysis on C / C++ code
[0.332s] -- Configured cppcheck include dirs: $<BUILD_INTERFACE:/home/leomorningrain/code/ws01_plumbing/src/cpp01_topic/include>
[0.332s] -- Configured cppcheck exclude dirs and/or files: 
[0.332s] -- Added test 'lint_cmake' to check CMake code style
[0.333s] -- Added test 'uncrustify' to check C / C++ code style
[0.333s] -- Configured uncrustify additional arguments: 
[0.333s] -- Added test 'xmllint' to check XML markup files
[0.333s] -- Configuring done
[0.342s] -- Generating done
[0.343s] -- Build files have been written to: /home/leomorningrain/code/ws01_plumbing/build/cpp01_topic
[0.360s] [35m[1mConsolidate compiler generated dependencies of target demo04_listener_stu[0m
[0.360s] [35m[1mConsolidate compiler generated dependencies of target demo03_talker_stu[0m
[0.360s] [35m[1mConsolidate compiler generated dependencies of target demo01_talker_str[0m
[0.360s] [35m[1mConsolidate compiler generated dependencies of target demo02_listener_str[0m
[0.366s] [ 12%] [32mBuilding CXX object CMakeFiles/demo04_listener_stu.dir/src/demo04_listener_stu.cpp.o[0m
[0.370s] [ 37%] Built target demo01_talker_str
[0.370s] [ 75%] Built target demo02_listener_str
[0.370s] [ 87%] Built target demo03_talker_stu
[4.536s] [100%] [32m[1mLinking CXX executable demo04_listener_stu[0m
[4.730s] [100%] Built target demo04_listener_stu
[4.741s] Invoked command in '/home/leomorningrain/code/ws01_plumbing/build/cpp01_topic' returned '0': CMAKE_PREFIX_PATH=/home/leomorningrain/code/ws01_plumbing/install/base_interfaces_demo:/home/leomorningrain/code/ws01_plumbing/install/cpp01_topic:/home/leomorningrain/code/ws01_plumbing/install/py01_topic:/opt/ros/humble LD_LIBRARY_PATH=/home/leomorningrain/code/ws01_plumbing/install/base_interfaces_demo/lib:/opt/ros/humble/opt/rviz_ogre_vendor/lib:/opt/ros/humble/lib/x86_64-linux-gnu:/opt/ros/humble/lib:/usr/local/lib:/usr/local/lib /usr/bin/cmake --build /home/leomorningrain/code/ws01_plumbing/build/cpp01_topic -- -j32 -l32
[4.764s] Invoking command in '/home/leomorningrain/code/ws01_plumbing/build/cpp01_topic': CMAKE_PREFIX_PATH=/home/leomorningrain/code/ws01_plumbing/install/base_interfaces_demo:/home/leomorningrain/code/ws01_plumbing/install/cpp01_topic:/home/leomorningrain/code/ws01_plumbing/install/py01_topic:/opt/ros/humble LD_LIBRARY_PATH=/home/leomorningrain/code/ws01_plumbing/install/base_interfaces_demo/lib:/opt/ros/humble/opt/rviz_ogre_vendor/lib:/opt/ros/humble/lib/x86_64-linux-gnu:/opt/ros/humble/lib:/usr/local/lib:/usr/local/lib /usr/bin/cmake --install /home/leomorningrain/code/ws01_plumbing/build/cpp01_topic
[4.768s] -- Install configuration: ""
[4.769s] -- Up-to-date: /home/leomorningrain/code/ws01_plumbing/install/cpp01_topic/lib/cpp01_topic/demo01_talker_str
[4.769s] -- Up-to-date: /home/leomorningrain/code/ws01_plumbing/install/cpp01_topic/lib/cpp01_topic/demo02_listener_str
[4.769s] -- Up-to-date: /home/leomorningrain/code/ws01_plumbing/install/cpp01_topic/lib/cpp01_topic/demo03_talker_stu
[4.769s] -- Installing: /home/leomorningrain/code/ws01_plumbing/install/cpp01_topic/lib/cpp01_topic/demo04_listener_stu
[4.771s] -- Set runtime path of "/home/leomorningrain/code/ws01_plumbing/install/cpp01_topic/lib/cpp01_topic/demo04_listener_stu" to ""
[4.771s] -- Up-to-date: /home/leomorningrain/code/ws01_plumbing/install/cpp01_topic/share/ament_index/resource_index/package_run_dependencies/cpp01_topic
[4.771s] -- Up-to-date: /home/leomorningrain/code/ws01_plumbing/install/cpp01_topic/share/ament_index/resource_index/parent_prefix_path/cpp01_topic
[4.771s] -- Up-to-date: /home/leomorningrain/code/ws01_plumbing/install/cpp01_topic/share/cpp01_topic/environment/ament_prefix_path.sh
[4.771s] -- Installing: /home/leomorningrain/code/ws01_plumbing/install/cpp01_topic/share/cpp01_topic/environment/ament_prefix_path.dsv
[4.771s] -- Up-to-date: /home/leomorningrain/code/ws01_plumbing/install/cpp01_topic/share/cpp01_topic/environment/path.sh
[4.771s] -- Installing: /home/leomorningrain/code/ws01_plumbing/install/cpp01_topic/share/cpp01_topic/environment/path.dsv
[4.772s] -- Up-to-date: /home/leomorningrain/code/ws01_plumbing/install/cpp01_topic/share/cpp01_topic/local_setup.bash
[4.772s] -- Up-to-date: /home/leomorningrain/code/ws01_plumbing/install/cpp01_topic/share/cpp01_topic/local_setup.sh
[4.772s] -- Up-to-date: /home/leomorningrain/code/ws01_plumbing/install/cpp01_topic/share/cpp01_topic/local_setup.zsh
[4.772s] -- Installing: /home/leomorningrain/code/ws01_plumbing/install/cpp01_topic/share/cpp01_topic/local_setup.dsv
[4.772s] -- Installing: /home/leomorningrain/code/ws01_plumbing/install/cpp01_topic/share/cpp01_topic/package.dsv
[4.772s] -- Up-to-date: /home/leomorningrain/code/ws01_plumbing/install/cpp01_topic/share/ament_index/resource_index/packages/cpp01_topic
[4.772s] -- Up-to-date: /home/leomorningrain/code/ws01_plumbing/install/cpp01_topic/share/cpp01_topic/cmake/cpp01_topicConfig.cmake
[4.772s] -- Up-to-date: /home/leomorningrain/code/ws01_plumbing/install/cpp01_topic/share/cpp01_topic/cmake/cpp01_topicConfig-version.cmake
[4.772s] -- Up-to-date: /home/leomorningrain/code/ws01_plumbing/install/cpp01_topic/share/cpp01_topic/package.xml
[4.773s] Invoked command in '/home/leomorningrain/code/ws01_plumbing/build/cpp01_topic' returned '0': CMAKE_PREFIX_PATH=/home/leomorningrain/code/ws01_plumbing/install/base_interfaces_demo:/home/leomorningrain/code/ws01_plumbing/install/cpp01_topic:/home/leomorningrain/code/ws01_plumbing/install/py01_topic:/opt/ros/humble LD_LIBRARY_PATH=/home/leomorningrain/code/ws01_plumbing/install/base_interfaces_demo/lib:/opt/ros/humble/opt/rviz_ogre_vendor/lib:/opt/ros/humble/lib/x86_64-linux-gnu:/opt/ros/humble/lib:/usr/local/lib:/usr/local/lib /usr/bin/cmake --install /home/leomorningrain/code/ws01_plumbing/build/cpp01_topic
