[0.027s] Invoking command in '/home/leomorningrain/code/ros2-mecanum-bot/build/mecanumbot_control': CMAKE_PREFIX_PATH=${CMAKE_PREFIX_PATH}:/opt/ros/humble /usr/bin/cmake --build /home/leomorningrain/code/ros2-mecanum-bot/build/mecanumbot_control -- -j32 -l32
[0.055s] [100%] Built target mecanumbot_control_node
[0.066s] Invoked command in '/home/leomorningrain/code/ros2-mecanum-bot/build/mecanumbot_control' returned '0': CMAKE_PREFIX_PATH=${CMAKE_PREFIX_PATH}:/opt/ros/humble /usr/bin/cmake --build /home/leomorningrain/code/ros2-mecanum-bot/build/mecanumbot_control -- -j32 -l32
[0.083s] Invoking command in '/home/leomorningrain/code/ros2-mecanum-bot/build/mecanumbot_control': CMAKE_PREFIX_PATH=${CMAKE_PREFIX_PATH}:/opt/ros/humble /usr/bin/cmake --install /home/leomorningrain/code/ros2-mecanum-bot/build/mecanumbot_control
[0.089s] -- Install configuration: ""
[0.089s] -- Execute custom install script
[0.089s] -- Up-to-date symlink: /home/leomorningrain/code/ros2-mecanum-bot/install/mecanumbot_control/lib/mecanumbot_control/mecanumbot_control_node
[0.089s] -- Up-to-date symlink: /home/leomorningrain/code/ros2-mecanum-bot/install/mecanumbot_control/share/ament_index/resource_index/package_run_dependencies/mecanumbot_control
[0.089s] -- Up-to-date symlink: /home/leomorningrain/code/ros2-mecanum-bot/install/mecanumbot_control/share/ament_index/resource_index/parent_prefix_path/mecanumbot_control
[0.089s] -- Up-to-date symlink: /home/leomorningrain/code/ros2-mecanum-bot/install/mecanumbot_control/share/mecanumbot_control/environment/ament_prefix_path.sh
[0.090s] -- Up-to-date symlink: /home/leomorningrain/code/ros2-mecanum-bot/install/mecanumbot_control/share/mecanumbot_control/environment/ament_prefix_path.dsv
[0.090s] -- Up-to-date symlink: /home/leomorningrain/code/ros2-mecanum-bot/install/mecanumbot_control/share/mecanumbot_control/environment/path.sh
[0.090s] -- Up-to-date symlink: /home/leomorningrain/code/ros2-mecanum-bot/install/mecanumbot_control/share/mecanumbot_control/environment/path.dsv
[0.091s] -- Up-to-date symlink: /home/leomorningrain/code/ros2-mecanum-bot/install/mecanumbot_control/share/mecanumbot_control/local_setup.bash
[0.091s] -- Up-to-date symlink: /home/leomorningrain/code/ros2-mecanum-bot/install/mecanumbot_control/share/mecanumbot_control/local_setup.sh
[0.091s] -- Up-to-date symlink: /home/leomorningrain/code/ros2-mecanum-bot/install/mecanumbot_control/share/mecanumbot_control/local_setup.zsh
[0.091s] -- Up-to-date symlink: /home/leomorningrain/code/ros2-mecanum-bot/install/mecanumbot_control/share/mecanumbot_control/local_setup.dsv
[0.091s] -- Symlinking: /home/leomorningrain/code/ros2-mecanum-bot/install/mecanumbot_control/share/mecanumbot_control/package.dsv
[0.100s] -- Up-to-date symlink: /home/leomorningrain/code/ros2-mecanum-bot/install/mecanumbot_control/share/ament_index/resource_index/packages/mecanumbot_control
[0.100s] -- Up-to-date symlink: /home/leomorningrain/code/ros2-mecanum-bot/install/mecanumbot_control/share/mecanumbot_control/cmake/mecanumbot_controlConfig.cmake
[0.101s] -- Up-to-date symlink: /home/leomorningrain/code/ros2-mecanum-bot/install/mecanumbot_control/share/mecanumbot_control/cmake/mecanumbot_controlConfig-version.cmake
[0.101s] -- Up-to-date symlink: /home/leomorningrain/code/ros2-mecanum-bot/install/mecanumbot_control/share/mecanumbot_control/package.xml
[0.103s] Invoked command in '/home/leomorningrain/code/ros2-mecanum-bot/build/mecanumbot_control' returned '0': CMAKE_PREFIX_PATH=${CMAKE_PREFIX_PATH}:/opt/ros/humble /usr/bin/cmake --install /home/leomorningrain/code/ros2-mecanum-bot/build/mecanumbot_control
