[0.007s] Invoking command in '/home/leomorningrain/code/ws01_plumbing/build/cpp03_action': CMAKE_PREFIX_PATH=/home/leomorningrain/code/ws01_plumbing/install/base_interfaces_demo:/home/leomorningrain/code/ws01_plumbing/install/cpp03_action:/opt/ros/humble LD_LIBRARY_PATH=/home/leomorningrain/code/ws01_plumbing/install/base_interfaces_demo/lib:/opt/ros/humble/opt/rviz_ogre_vendor/lib:/opt/ros/humble/lib/x86_64-linux-gnu:/opt/ros/humble/lib:/usr/local/lib:/usr/local/lib /usr/bin/cmake --build /home/leomorningrain/code/ws01_plumbing/build/cpp03_action -- -j32 -l32
[0.028s] [35m[1mConsolidate compiler generated dependencies of target demo01_action_server[0m
[0.034s] [ 50%] Built target demo02_action_client
[0.038s] [ 75%] [32mBuilding CXX object CMakeFiles/demo01_action_server.dir/src/demo01_action_server.cpp.o[0m
[1.130s] [01m[K/home/leomorningrain/code/ws01_plumbing/src/cpp03_action/src/demo01_action_server.cpp:[m[K In member function ‘[01m[Krclcpp_action::GoalResponse ProgressActionServer::handle_goal(const GoalUUID&, std::shared_ptr<const base_interfaces_demo::action::Progress_Goal_<std::allocator<void> > >)[m[K’:
[1.130s] [01m[K/home/leomorningrain/code/ws01_plumbing/src/cpp03_action/src/demo01_action_server.cpp:38:74:[m[K [01;35m[Kwarning: [m[Kunused parameter ‘[01m[Kuuid[m[K’ [[01;35m[K]8;;https://gcc.gnu.org/onlinedocs/gcc/Warning-Options.html#index-Wunused-parameter-Wunused-parameter]8;;[m[K]
[1.130s]    38 | oal([01;35m[Kconst rclcpp_action::GoalUUID &uuid[m[K, std::shared_ptr<const Progress::Goal> goal)
[1.130s]       |     [01;35m[K~~~~~~~~~~~~~~~~~~~~~~~~~~~~~~~^~~~[m[K
[1.130s] 
[1.756s] [100%] [32m[1mLinking CXX executable demo01_action_server[0m
[1.828s] [100%] Built target demo01_action_server
[1.838s] Invoked command in '/home/leomorningrain/code/ws01_plumbing/build/cpp03_action' returned '0': CMAKE_PREFIX_PATH=/home/leomorningrain/code/ws01_plumbing/install/base_interfaces_demo:/home/leomorningrain/code/ws01_plumbing/install/cpp03_action:/opt/ros/humble LD_LIBRARY_PATH=/home/leomorningrain/code/ws01_plumbing/install/base_interfaces_demo/lib:/opt/ros/humble/opt/rviz_ogre_vendor/lib:/opt/ros/humble/lib/x86_64-linux-gnu:/opt/ros/humble/lib:/usr/local/lib:/usr/local/lib /usr/bin/cmake --build /home/leomorningrain/code/ws01_plumbing/build/cpp03_action -- -j32 -l32
[1.882s] Invoking command in '/home/leomorningrain/code/ws01_plumbing/build/cpp03_action': CMAKE_PREFIX_PATH=/home/leomorningrain/code/ws01_plumbing/install/base_interfaces_demo:/home/leomorningrain/code/ws01_plumbing/install/cpp03_action:/opt/ros/humble LD_LIBRARY_PATH=/home/leomorningrain/code/ws01_plumbing/install/base_interfaces_demo/lib:/opt/ros/humble/opt/rviz_ogre_vendor/lib:/opt/ros/humble/lib/x86_64-linux-gnu:/opt/ros/humble/lib:/usr/local/lib:/usr/local/lib /usr/bin/cmake --install /home/leomorningrain/code/ws01_plumbing/build/cpp03_action
[1.889s] -- Install configuration: ""
[1.890s] -- Installing: /home/leomorningrain/code/ws01_plumbing/install/cpp03_action/lib/cpp03_action/demo01_action_server
[1.891s] -- Set runtime path of "/home/leomorningrain/code/ws01_plumbing/install/cpp03_action/lib/cpp03_action/demo01_action_server" to ""
[1.891s] -- Up-to-date: /home/leomorningrain/code/ws01_plumbing/install/cpp03_action/lib/cpp03_action/demo02_action_client
[1.892s] -- Up-to-date: /home/leomorningrain/code/ws01_plumbing/install/cpp03_action/share/ament_index/resource_index/package_run_dependencies/cpp03_action
[1.892s] -- Up-to-date: /home/leomorningrain/code/ws01_plumbing/install/cpp03_action/share/ament_index/resource_index/parent_prefix_path/cpp03_action
[1.892s] -- Up-to-date: /home/leomorningrain/code/ws01_plumbing/install/cpp03_action/share/cpp03_action/environment/ament_prefix_path.sh
[1.892s] -- Up-to-date: /home/leomorningrain/code/ws01_plumbing/install/cpp03_action/share/cpp03_action/environment/ament_prefix_path.dsv
[1.892s] -- Up-to-date: /home/leomorningrain/code/ws01_plumbing/install/cpp03_action/share/cpp03_action/environment/path.sh
[1.892s] -- Up-to-date: /home/leomorningrain/code/ws01_plumbing/install/cpp03_action/share/cpp03_action/environment/path.dsv
[1.892s] -- Up-to-date: /home/leomorningrain/code/ws01_plumbing/install/cpp03_action/share/cpp03_action/local_setup.bash
[1.892s] -- Up-to-date: /home/leomorningrain/code/ws01_plumbing/install/cpp03_action/share/cpp03_action/local_setup.sh
[1.892s] -- Up-to-date: /home/leomorningrain/code/ws01_plumbing/install/cpp03_action/share/cpp03_action/local_setup.zsh
[1.892s] -- Up-to-date: /home/leomorningrain/code/ws01_plumbing/install/cpp03_action/share/cpp03_action/local_setup.dsv
[1.892s] -- Installing: /home/leomorningrain/code/ws01_plumbing/install/cpp03_action/share/cpp03_action/package.dsv
[1.892s] -- Up-to-date: /home/leomorningrain/code/ws01_plumbing/install/cpp03_action/share/ament_index/resource_index/packages/cpp03_action
[1.892s] -- Up-to-date: /home/leomorningrain/code/ws01_plumbing/install/cpp03_action/share/cpp03_action/cmake/cpp03_actionConfig.cmake
[1.892s] -- Up-to-date: /home/leomorningrain/code/ws01_plumbing/install/cpp03_action/share/cpp03_action/cmake/cpp03_actionConfig-version.cmake
[1.892s] -- Up-to-date: /home/leomorningrain/code/ws01_plumbing/install/cpp03_action/share/cpp03_action/package.xml
[1.895s] Invoked command in '/home/leomorningrain/code/ws01_plumbing/build/cpp03_action' returned '0': CMAKE_PREFIX_PATH=/home/leomorningrain/code/ws01_plumbing/install/base_interfaces_demo:/home/leomorningrain/code/ws01_plumbing/install/cpp03_action:/opt/ros/humble LD_LIBRARY_PATH=/home/leomorningrain/code/ws01_plumbing/install/base_interfaces_demo/lib:/opt/ros/humble/opt/rviz_ogre_vendor/lib:/opt/ros/humble/lib/x86_64-linux-gnu:/opt/ros/humble/lib:/usr/local/lib:/usr/local/lib /usr/bin/cmake --install /home/leomorningrain/code/ws01_plumbing/build/cpp03_action
