[0.007s] Invoking command in '/home/leomorningrain/code/ws01_plumbing/build/cpp01_topic': CMAKE_PREFIX_PATH=/home/leomorningrain/code/ws01_plumbing/install/base_interfaces_demo:/home/leomorningrain/code/ws01_plumbing/install/cpp01_topic:/home/leomorningrain/code/ws01_plumbing/install/py01_topic:/opt/ros/humble LD_LIBRARY_PATH=/home/leomorningrain/code/ws01_plumbing/install/base_interfaces_demo/lib:/opt/ros/humble/opt/rviz_ogre_vendor/lib:/opt/ros/humble/lib/x86_64-linux-gnu:/opt/ros/humble/lib:/usr/local/lib:/usr/local/lib /usr/bin/cmake --build /home/leomorningrain/code/ws01_plumbing/build/cpp01_topic -- -j32 -l32
[0.030s] [35m[1mConsolidate compiler generated dependencies of target demo03_talker_stu[0m
[0.037s] [ 66%] Built target demo01_talker_str
[0.037s] [ 66%] Built target demo02_listener_str
[0.039s] [100%] Built target demo03_talker_stu
[0.045s] Invoked command in '/home/leomorningrain/code/ws01_plumbing/build/cpp01_topic' returned '0': CMAKE_PREFIX_PATH=/home/leomorningrain/code/ws01_plumbing/install/base_interfaces_demo:/home/leomorningrain/code/ws01_plumbing/install/cpp01_topic:/home/leomorningrain/code/ws01_plumbing/install/py01_topic:/opt/ros/humble LD_LIBRARY_PATH=/home/leomorningrain/code/ws01_plumbing/install/base_interfaces_demo/lib:/opt/ros/humble/opt/rviz_ogre_vendor/lib:/opt/ros/humble/lib/x86_64-linux-gnu:/opt/ros/humble/lib:/usr/local/lib:/usr/local/lib /usr/bin/cmake --build /home/leomorningrain/code/ws01_plumbing/build/cpp01_topic -- -j32 -l32
[0.068s] Invoking command in '/home/leomorningrain/code/ws01_plumbing/build/cpp01_topic': CMAKE_PREFIX_PATH=/home/leomorningrain/code/ws01_plumbing/install/base_interfaces_demo:/home/leomorningrain/code/ws01_plumbing/install/cpp01_topic:/home/leomorningrain/code/ws01_plumbing/install/py01_topic:/opt/ros/humble LD_LIBRARY_PATH=/home/leomorningrain/code/ws01_plumbing/install/base_interfaces_demo/lib:/opt/ros/humble/opt/rviz_ogre_vendor/lib:/opt/ros/humble/lib/x86_64-linux-gnu:/opt/ros/humble/lib:/usr/local/lib:/usr/local/lib /usr/bin/cmake --install /home/leomorningrain/code/ws01_plumbing/build/cpp01_topic
[0.075s] -- Install configuration: ""
[0.076s] -- Up-to-date: /home/leomorningrain/code/ws01_plumbing/install/cpp01_topic/lib/cpp01_topic/demo01_talker_str
[0.076s] -- Up-to-date: /home/leomorningrain/code/ws01_plumbing/install/cpp01_topic/lib/cpp01_topic/demo02_listener_str
[0.076s] -- Up-to-date: /home/leomorningrain/code/ws01_plumbing/install/cpp01_topic/lib/cpp01_topic/demo03_talker_stu
[0.076s] -- Up-to-date: /home/leomorningrain/code/ws01_plumbing/install/cpp01_topic/share/ament_index/resource_index/package_run_dependencies/cpp01_topic
[0.076s] -- Up-to-date: /home/leomorningrain/code/ws01_plumbing/install/cpp01_topic/share/ament_index/resource_index/parent_prefix_path/cpp01_topic
[0.077s] -- Up-to-date: /home/leomorningrain/code/ws01_plumbing/install/cpp01_topic/share/cpp01_topic/environment/ament_prefix_path.sh
[0.077s] -- Up-to-date: /home/leomorningrain/code/ws01_plumbing/install/cpp01_topic/share/cpp01_topic/environment/ament_prefix_path.dsv
[0.077s] -- Up-to-date: /home/leomorningrain/code/ws01_plumbing/install/cpp01_topic/share/cpp01_topic/environment/path.sh
[0.077s] -- Up-to-date: /home/leomorningrain/code/ws01_plumbing/install/cpp01_topic/share/cpp01_topic/environment/path.dsv
[0.077s] -- Up-to-date: /home/leomorningrain/code/ws01_plumbing/install/cpp01_topic/share/cpp01_topic/local_setup.bash
[0.077s] -- Up-to-date: /home/leomorningrain/code/ws01_plumbing/install/cpp01_topic/share/cpp01_topic/local_setup.sh
[0.077s] -- Up-to-date: /home/leomorningrain/code/ws01_plumbing/install/cpp01_topic/share/cpp01_topic/local_setup.zsh
[0.077s] -- Up-to-date: /home/leomorningrain/code/ws01_plumbing/install/cpp01_topic/share/cpp01_topic/local_setup.dsv
[0.078s] -- Installing: /home/leomorningrain/code/ws01_plumbing/install/cpp01_topic/share/cpp01_topic/package.dsv
[0.078s] -- Up-to-date: /home/leomorningrain/code/ws01_plumbing/install/cpp01_topic/share/ament_index/resource_index/packages/cpp01_topic
[0.078s] -- Up-to-date: /home/leomorningrain/code/ws01_plumbing/install/cpp01_topic/share/cpp01_topic/cmake/cpp01_topicConfig.cmake
[0.078s] -- Up-to-date: /home/leomorningrain/code/ws01_plumbing/install/cpp01_topic/share/cpp01_topic/cmake/cpp01_topicConfig-version.cmake
[0.078s] -- Up-to-date: /home/leomorningrain/code/ws01_plumbing/install/cpp01_topic/share/cpp01_topic/package.xml
[0.079s] Invoked command in '/home/leomorningrain/code/ws01_plumbing/build/cpp01_topic' returned '0': CMAKE_PREFIX_PATH=/home/leomorningrain/code/ws01_plumbing/install/base_interfaces_demo:/home/leomorningrain/code/ws01_plumbing/install/cpp01_topic:/home/leomorningrain/code/ws01_plumbing/install/py01_topic:/opt/ros/humble LD_LIBRARY_PATH=/home/leomorningrain/code/ws01_plumbing/install/base_interfaces_demo/lib:/opt/ros/humble/opt/rviz_ogre_vendor/lib:/opt/ros/humble/lib/x86_64-linux-gnu:/opt/ros/humble/lib:/usr/local/lib:/usr/local/lib /usr/bin/cmake --install /home/leomorningrain/code/ws01_plumbing/build/cpp01_topic
