[0.075s] DEBUG:colcon:Command line arguments: ['/usr/bin/colcon', 'build']
[0.075s] DEBUG:colcon:Parsed command line arguments: Namespace(log_base=None, log_level=None, verb_name='build', build_base='build', install_base='install', merge_install=False, symlink_install=False, test_result_base=None, continue_on_error=False, executor='parallel', parallel_workers=32, event_handlers=None, ignore_user_meta=False, metas=['./colcon.meta'], base_paths=['.'], packages_ignore=None, packages_ignore_regex=None, paths=None, packages_up_to=None, packages_up_to_regex=None, packages_above=None, packages_above_and_dependencies=None, packages_above_depth=None, packages_select_by_dep=None, packages_skip_by_dep=None, packages_skip_up_to=None, packages_select_build_failed=False, packages_skip_build_finished=False, packages_select_test_failures=False, packages_skip_test_passed=False, packages_select=None, packages_skip=None, packages_select_regex=None, packages_skip_regex=None, packages_start=None, packages_end=None, allow_overriding=[], cmake_args=None, cmake_target=None, cmake_target_skip_unavailable=False, cmake_clean_cache=False, cmake_clean_first=False, cmake_force_configure=False, ament_cmake_args=None, catkin_cmake_args=None, catkin_skip_building_tests=False, verb_parser=<colcon_defaults.argument_parser.defaults.DefaultArgumentsDecorator object at 0x718dc13510f0>, verb_extension=<colcon_core.verb.build.BuildVerb object at 0x718dc143dd80>, main=<bound method BuildVerb.main of <colcon_core.verb.build.BuildVerb object at 0x718dc143dd80>>)
[0.222s] Level 1:colcon.colcon_core.package_discovery:discover_packages(colcon_meta) check parameters
[0.222s] Level 1:colcon.colcon_core.package_discovery:discover_packages(recursive) check parameters
[0.222s] Level 1:colcon.colcon_core.package_discovery:discover_packages(ignore) check parameters
[0.222s] Level 1:colcon.colcon_core.package_discovery:discover_packages(path) check parameters
[0.222s] Level 1:colcon.colcon_core.package_discovery:discover_packages(colcon_meta) discover
[0.222s] Level 1:colcon.colcon_core.package_discovery:discover_packages(recursive) discover
[0.222s] INFO:colcon.colcon_core.package_discovery:Crawling recursively for packages in '/home/leomorningrain/code/sdk_mark2_mcnm_ws'
[0.222s] Level 1:colcon.colcon_core.package_identification:_identify(.) by extensions ['ignore', 'ignore_ament_install']
[0.222s] Level 1:colcon.colcon_core.package_identification:_identify(.) by extension 'ignore'
[0.223s] Level 1:colcon.colcon_core.package_identification:_identify(.) by extension 'ignore_ament_install'
[0.223s] Level 1:colcon.colcon_core.package_identification:_identify(.) by extensions ['colcon_pkg']
[0.223s] Level 1:colcon.colcon_core.package_identification:_identify(.) by extension 'colcon_pkg'
[0.223s] Level 1:colcon.colcon_core.package_identification:_identify(.) by extensions ['colcon_meta']
[0.223s] Level 1:colcon.colcon_core.package_identification:_identify(.) by extension 'colcon_meta'
[0.223s] Level 1:colcon.colcon_core.package_identification:_identify(.) by extensions ['ros']
[0.223s] Level 1:colcon.colcon_core.package_identification:_identify(.) by extension 'ros'
[0.233s] Level 1:colcon.colcon_core.package_identification:_identify(.) by extensions ['cmake', 'python']
[0.233s] Level 1:colcon.colcon_core.package_identification:_identify(.) by extension 'cmake'
[0.233s] Level 1:colcon.colcon_core.package_identification:_identify(.) by extension 'python'
[0.233s] Level 1:colcon.colcon_core.package_identification:_identify(.) by extensions ['python_setup_py']
[0.233s] Level 1:colcon.colcon_core.package_identification:_identify(.) by extension 'python_setup_py'
[0.233s] Level 1:colcon.colcon_core.package_identification:_identify(build) by extensions ['ignore', 'ignore_ament_install']
[0.234s] Level 1:colcon.colcon_core.package_identification:_identify(build) by extension 'ignore'
[0.234s] Level 1:colcon.colcon_core.package_identification:_identify(build) ignored
[0.234s] Level 1:colcon.colcon_core.package_identification:_identify(install) by extensions ['ignore', 'ignore_ament_install']
[0.234s] Level 1:colcon.colcon_core.package_identification:_identify(install) by extension 'ignore'
[0.234s] Level 1:colcon.colcon_core.package_identification:_identify(install) ignored
[0.234s] Level 1:colcon.colcon_core.package_identification:_identify(log) by extensions ['ignore', 'ignore_ament_install']
[0.234s] Level 1:colcon.colcon_core.package_identification:_identify(log) by extension 'ignore'
[0.234s] Level 1:colcon.colcon_core.package_identification:_identify(log) ignored
[0.234s] Level 1:colcon.colcon_core.package_identification:_identify(src) by extensions ['ignore', 'ignore_ament_install']
[0.234s] Level 1:colcon.colcon_core.package_identification:_identify(src) by extension 'ignore'
[0.234s] Level 1:colcon.colcon_core.package_identification:_identify(src) by extension 'ignore_ament_install'
[0.235s] Level 1:colcon.colcon_core.package_identification:_identify(src) by extensions ['colcon_pkg']
[0.235s] Level 1:colcon.colcon_core.package_identification:_identify(src) by extension 'colcon_pkg'
[0.235s] Level 1:colcon.colcon_core.package_identification:_identify(src) by extensions ['colcon_meta']
[0.235s] Level 1:colcon.colcon_core.package_identification:_identify(src) by extension 'colcon_meta'
[0.235s] Level 1:colcon.colcon_core.package_identification:_identify(src) by extensions ['ros']
[0.235s] Level 1:colcon.colcon_core.package_identification:_identify(src) by extension 'ros'
[0.235s] Level 1:colcon.colcon_core.package_identification:_identify(src) by extensions ['cmake', 'python']
[0.235s] Level 1:colcon.colcon_core.package_identification:_identify(src) by extension 'cmake'
[0.235s] Level 1:colcon.colcon_core.package_identification:_identify(src) by extension 'python'
[0.235s] Level 1:colcon.colcon_core.package_identification:_identify(src) by extensions ['python_setup_py']
[0.235s] Level 1:colcon.colcon_core.package_identification:_identify(src) by extension 'python_setup_py'
[0.235s] Level 1:colcon.colcon_core.package_identification:_identify(src/base) by extensions ['ignore', 'ignore_ament_install']
[0.235s] Level 1:colcon.colcon_core.package_identification:_identify(src/base) by extension 'ignore'
[0.235s] Level 1:colcon.colcon_core.package_identification:_identify(src/base) by extension 'ignore_ament_install'
[0.235s] Level 1:colcon.colcon_core.package_identification:_identify(src/base) by extensions ['colcon_pkg']
[0.235s] Level 1:colcon.colcon_core.package_identification:_identify(src/base) by extension 'colcon_pkg'
[0.235s] Level 1:colcon.colcon_core.package_identification:_identify(src/base) by extensions ['colcon_meta']
[0.235s] Level 1:colcon.colcon_core.package_identification:_identify(src/base) by extension 'colcon_meta'
[0.235s] Level 1:colcon.colcon_core.package_identification:_identify(src/base) by extensions ['ros']
[0.235s] Level 1:colcon.colcon_core.package_identification:_identify(src/base) by extension 'ros'
[0.236s] Level 1:colcon.colcon_core.package_identification:_identify(src/base) by extensions ['cmake', 'python']
[0.236s] Level 1:colcon.colcon_core.package_identification:_identify(src/base) by extension 'cmake'
[0.236s] Level 1:colcon.colcon_core.package_identification:_identify(src/base) by extension 'python'
[0.236s] Level 1:colcon.colcon_core.package_identification:_identify(src/base) by extensions ['python_setup_py']
[0.236s] Level 1:colcon.colcon_core.package_identification:_identify(src/base) by extension 'python_setup_py'
[0.236s] Level 1:colcon.colcon_core.package_identification:_identify(src/base/xpkg_comm) by extensions ['ignore', 'ignore_ament_install']
[0.236s] Level 1:colcon.colcon_core.package_identification:_identify(src/base/xpkg_comm) by extension 'ignore'
[0.236s] Level 1:colcon.colcon_core.package_identification:_identify(src/base/xpkg_comm) by extension 'ignore_ament_install'
[0.236s] Level 1:colcon.colcon_core.package_identification:_identify(src/base/xpkg_comm) by extensions ['colcon_pkg']
[0.236s] Level 1:colcon.colcon_core.package_identification:_identify(src/base/xpkg_comm) by extension 'colcon_pkg'
[0.236s] Level 1:colcon.colcon_core.package_identification:_identify(src/base/xpkg_comm) by extensions ['colcon_meta']
[0.236s] Level 1:colcon.colcon_core.package_identification:_identify(src/base/xpkg_comm) by extension 'colcon_meta'
[0.236s] Level 1:colcon.colcon_core.package_identification:_identify(src/base/xpkg_comm) by extensions ['ros']
[0.236s] Level 1:colcon.colcon_core.package_identification:_identify(src/base/xpkg_comm) by extension 'ros'
[0.246s] DEBUG:colcon.colcon_core.package_identification:Package 'src/base/xpkg_comm' with type 'ros.ament_cmake' and name 'xpkg_comm'
[0.246s] Level 1:colcon.colcon_core.package_identification:_identify(src/base/xpkg_msgs) by extensions ['ignore', 'ignore_ament_install']
[0.246s] Level 1:colcon.colcon_core.package_identification:_identify(src/base/xpkg_msgs) by extension 'ignore'
[0.246s] Level 1:colcon.colcon_core.package_identification:_identify(src/base/xpkg_msgs) by extension 'ignore_ament_install'
[0.246s] Level 1:colcon.colcon_core.package_identification:_identify(src/base/xpkg_msgs) by extensions ['colcon_pkg']
[0.246s] Level 1:colcon.colcon_core.package_identification:_identify(src/base/xpkg_msgs) by extension 'colcon_pkg'
[0.246s] Level 1:colcon.colcon_core.package_identification:_identify(src/base/xpkg_msgs) by extensions ['colcon_meta']
[0.246s] Level 1:colcon.colcon_core.package_identification:_identify(src/base/xpkg_msgs) by extension 'colcon_meta'
[0.246s] Level 1:colcon.colcon_core.package_identification:_identify(src/base/xpkg_msgs) by extensions ['ros']
[0.247s] Level 1:colcon.colcon_core.package_identification:_identify(src/base/xpkg_msgs) by extension 'ros'
[0.260s] DEBUG:colcon.colcon_core.package_identification:Package 'src/base/xpkg_msgs' with type 'ros.ament_cmake' and name 'xpkg_msgs'
[0.260s] Level 1:colcon.colcon_core.package_identification:_identify(src/demo) by extensions ['ignore', 'ignore_ament_install']
[0.260s] Level 1:colcon.colcon_core.package_identification:_identify(src/demo) by extension 'ignore'
[0.260s] Level 1:colcon.colcon_core.package_identification:_identify(src/demo) by extension 'ignore_ament_install'
[0.260s] Level 1:colcon.colcon_core.package_identification:_identify(src/demo) by extensions ['colcon_pkg']
[0.260s] Level 1:colcon.colcon_core.package_identification:_identify(src/demo) by extension 'colcon_pkg'
[0.260s] Level 1:colcon.colcon_core.package_identification:_identify(src/demo) by extensions ['colcon_meta']
[0.260s] Level 1:colcon.colcon_core.package_identification:_identify(src/demo) by extension 'colcon_meta'
[0.260s] Level 1:colcon.colcon_core.package_identification:_identify(src/demo) by extensions ['ros']
[0.260s] Level 1:colcon.colcon_core.package_identification:_identify(src/demo) by extension 'ros'
[0.260s] Level 1:colcon.colcon_core.package_identification:_identify(src/demo) by extensions ['cmake', 'python']
[0.260s] Level 1:colcon.colcon_core.package_identification:_identify(src/demo) by extension 'cmake'
[0.260s] Level 1:colcon.colcon_core.package_identification:_identify(src/demo) by extension 'python'
[0.260s] Level 1:colcon.colcon_core.package_identification:_identify(src/demo) by extensions ['python_setup_py']
[0.260s] Level 1:colcon.colcon_core.package_identification:_identify(src/demo) by extension 'python_setup_py'
[0.260s] Level 1:colcon.colcon_core.package_identification:_identify(src/demo/demo_general_chassis) by extensions ['ignore', 'ignore_ament_install']
[0.261s] Level 1:colcon.colcon_core.package_identification:_identify(src/demo/demo_general_chassis) by extension 'ignore'
[0.261s] Level 1:colcon.colcon_core.package_identification:_identify(src/demo/demo_general_chassis) by extension 'ignore_ament_install'
[0.261s] Level 1:colcon.colcon_core.package_identification:_identify(src/demo/demo_general_chassis) by extensions ['colcon_pkg']
[0.261s] Level 1:colcon.colcon_core.package_identification:_identify(src/demo/demo_general_chassis) by extension 'colcon_pkg'
[0.261s] Level 1:colcon.colcon_core.package_identification:_identify(src/demo/demo_general_chassis) by extensions ['colcon_meta']
[0.261s] Level 1:colcon.colcon_core.package_identification:_identify(src/demo/demo_general_chassis) by extension 'colcon_meta'
[0.261s] Level 1:colcon.colcon_core.package_identification:_identify(src/demo/demo_general_chassis) by extensions ['ros']
[0.261s] Level 1:colcon.colcon_core.package_identification:_identify(src/demo/demo_general_chassis) by extension 'ros'
[0.264s] DEBUG:colcon.colcon_core.package_identification:Package 'src/demo/demo_general_chassis' with type 'ros.ament_cmake' and name 'xpkg_demo'
[0.264s] Level 1:colcon.colcon_core.package_identification:_identify(src/drivers) by extensions ['ignore', 'ignore_ament_install']
[0.264s] Level 1:colcon.colcon_core.package_identification:_identify(src/drivers) by extension 'ignore'
[0.264s] Level 1:colcon.colcon_core.package_identification:_identify(src/drivers) by extension 'ignore_ament_install'
[0.264s] Level 1:colcon.colcon_core.package_identification:_identify(src/drivers) by extensions ['colcon_pkg']
[0.264s] Level 1:colcon.colcon_core.package_identification:_identify(src/drivers) by extension 'colcon_pkg'
[0.264s] Level 1:colcon.colcon_core.package_identification:_identify(src/drivers) by extensions ['colcon_meta']
[0.264s] Level 1:colcon.colcon_core.package_identification:_identify(src/drivers) by extension 'colcon_meta'
[0.264s] Level 1:colcon.colcon_core.package_identification:_identify(src/drivers) by extensions ['ros']
[0.264s] Level 1:colcon.colcon_core.package_identification:_identify(src/drivers) by extension 'ros'
[0.264s] Level 1:colcon.colcon_core.package_identification:_identify(src/drivers) by extensions ['cmake', 'python']
[0.264s] Level 1:colcon.colcon_core.package_identification:_identify(src/drivers) by extension 'cmake'
[0.264s] Level 1:colcon.colcon_core.package_identification:_identify(src/drivers) by extension 'python'
[0.265s] Level 1:colcon.colcon_core.package_identification:_identify(src/drivers) by extensions ['python_setup_py']
[0.265s] Level 1:colcon.colcon_core.package_identification:_identify(src/drivers) by extension 'python_setup_py'
[0.265s] Level 1:colcon.colcon_core.package_identification:_identify(src/drivers/xpkg_vehicle) by extensions ['ignore', 'ignore_ament_install']
[0.265s] Level 1:colcon.colcon_core.package_identification:_identify(src/drivers/xpkg_vehicle) by extension 'ignore'
[0.265s] Level 1:colcon.colcon_core.package_identification:_identify(src/drivers/xpkg_vehicle) by extension 'ignore_ament_install'
[0.265s] Level 1:colcon.colcon_core.package_identification:_identify(src/drivers/xpkg_vehicle) by extensions ['colcon_pkg']
[0.265s] Level 1:colcon.colcon_core.package_identification:_identify(src/drivers/xpkg_vehicle) by extension 'colcon_pkg'
[0.265s] Level 1:colcon.colcon_core.package_identification:_identify(src/drivers/xpkg_vehicle) by extensions ['colcon_meta']
[0.265s] Level 1:colcon.colcon_core.package_identification:_identify(src/drivers/xpkg_vehicle) by extension 'colcon_meta'
[0.265s] Level 1:colcon.colcon_core.package_identification:_identify(src/drivers/xpkg_vehicle) by extensions ['ros']
[0.265s] Level 1:colcon.colcon_core.package_identification:_identify(src/drivers/xpkg_vehicle) by extension 'ros'
[0.275s] DEBUG:colcon.colcon_core.package_identification:Package 'src/drivers/xpkg_vehicle' with type 'ros.ament_cmake' and name 'xpkg_vehicle'
[0.275s] Level 1:colcon.colcon_core.package_identification:_identify(src/urdf) by extensions ['ignore', 'ignore_ament_install']
[0.275s] Level 1:colcon.colcon_core.package_identification:_identify(src/urdf) by extension 'ignore'
[0.275s] Level 1:colcon.colcon_core.package_identification:_identify(src/urdf) by extension 'ignore_ament_install'
[0.275s] Level 1:colcon.colcon_core.package_identification:_identify(src/urdf) by extensions ['colcon_pkg']
[0.275s] Level 1:colcon.colcon_core.package_identification:_identify(src/urdf) by extension 'colcon_pkg'
[0.275s] Level 1:colcon.colcon_core.package_identification:_identify(src/urdf) by extensions ['colcon_meta']
[0.275s] Level 1:colcon.colcon_core.package_identification:_identify(src/urdf) by extension 'colcon_meta'
[0.275s] Level 1:colcon.colcon_core.package_identification:_identify(src/urdf) by extensions ['ros']
[0.275s] Level 1:colcon.colcon_core.package_identification:_identify(src/urdf) by extension 'ros'
[0.275s] Level 1:colcon.colcon_core.package_identification:_identify(src/urdf) by extensions ['cmake', 'python']
[0.275s] Level 1:colcon.colcon_core.package_identification:_identify(src/urdf) by extension 'cmake'
[0.275s] Level 1:colcon.colcon_core.package_identification:_identify(src/urdf) by extension 'python'
[0.276s] Level 1:colcon.colcon_core.package_identification:_identify(src/urdf) by extensions ['python_setup_py']
[0.276s] Level 1:colcon.colcon_core.package_identification:_identify(src/urdf) by extension 'python_setup_py'
[0.276s] Level 1:colcon.colcon_core.package_identification:_identify(src/urdf/xpkg_urdf_mark2_mcnm) by extensions ['ignore', 'ignore_ament_install']
[0.276s] Level 1:colcon.colcon_core.package_identification:_identify(src/urdf/xpkg_urdf_mark2_mcnm) by extension 'ignore'
[0.276s] Level 1:colcon.colcon_core.package_identification:_identify(src/urdf/xpkg_urdf_mark2_mcnm) by extension 'ignore_ament_install'
[0.276s] Level 1:colcon.colcon_core.package_identification:_identify(src/urdf/xpkg_urdf_mark2_mcnm) by extensions ['colcon_pkg']
[0.276s] Level 1:colcon.colcon_core.package_identification:_identify(src/urdf/xpkg_urdf_mark2_mcnm) by extension 'colcon_pkg'
[0.276s] Level 1:colcon.colcon_core.package_identification:_identify(src/urdf/xpkg_urdf_mark2_mcnm) by extensions ['colcon_meta']
[0.276s] Level 1:colcon.colcon_core.package_identification:_identify(src/urdf/xpkg_urdf_mark2_mcnm) by extension 'colcon_meta'
[0.276s] Level 1:colcon.colcon_core.package_identification:_identify(src/urdf/xpkg_urdf_mark2_mcnm) by extensions ['ros']
[0.276s] Level 1:colcon.colcon_core.package_identification:_identify(src/urdf/xpkg_urdf_mark2_mcnm) by extension 'ros'
[0.282s] DEBUG:colcon.colcon_core.package_identification:Package 'src/urdf/xpkg_urdf_mark2_mcnm' with type 'ros.ament_cmake' and name 'xpkg_urdf_mark2_mcnm'
[0.282s] Level 1:colcon.colcon_core.package_identification:_identify(xone) by extensions ['ignore', 'ignore_ament_install']
[0.282s] Level 1:colcon.colcon_core.package_identification:_identify(xone) by extension 'ignore'
[0.282s] Level 1:colcon.colcon_core.package_identification:_identify(xone) by extension 'ignore_ament_install'
[0.282s] Level 1:colcon.colcon_core.package_identification:_identify(xone) by extensions ['colcon_pkg']
[0.282s] Level 1:colcon.colcon_core.package_identification:_identify(xone) by extension 'colcon_pkg'
[0.282s] Level 1:colcon.colcon_core.package_identification:_identify(xone) by extensions ['colcon_meta']
[0.282s] Level 1:colcon.colcon_core.package_identification:_identify(xone) by extension 'colcon_meta'
[0.282s] Level 1:colcon.colcon_core.package_identification:_identify(xone) by extensions ['ros']
[0.282s] Level 1:colcon.colcon_core.package_identification:_identify(xone) by extension 'ros'
[0.282s] Level 1:colcon.colcon_core.package_identification:_identify(xone) by extensions ['cmake', 'python']
[0.282s] Level 1:colcon.colcon_core.package_identification:_identify(xone) by extension 'cmake'
[0.282s] Level 1:colcon.colcon_core.package_identification:_identify(xone) by extension 'python'
[0.282s] Level 1:colcon.colcon_core.package_identification:_identify(xone) by extensions ['python_setup_py']
[0.282s] Level 1:colcon.colcon_core.package_identification:_identify(xone) by extension 'python_setup_py'
[0.283s] Level 1:colcon.colcon_core.package_identification:_identify(xone/auth) by extensions ['ignore', 'ignore_ament_install']
[0.283s] Level 1:colcon.colcon_core.package_identification:_identify(xone/auth) by extension 'ignore'
[0.283s] Level 1:colcon.colcon_core.package_identification:_identify(xone/auth) by extension 'ignore_ament_install'
[0.283s] Level 1:colcon.colcon_core.package_identification:_identify(xone/auth) by extensions ['colcon_pkg']
[0.283s] Level 1:colcon.colcon_core.package_identification:_identify(xone/auth) by extension 'colcon_pkg'
[0.283s] Level 1:colcon.colcon_core.package_identification:_identify(xone/auth) by extensions ['colcon_meta']
[0.283s] Level 1:colcon.colcon_core.package_identification:_identify(xone/auth) by extension 'colcon_meta'
[0.283s] Level 1:colcon.colcon_core.package_identification:_identify(xone/auth) by extensions ['ros']
[0.283s] Level 1:colcon.colcon_core.package_identification:_identify(xone/auth) by extension 'ros'
[0.283s] Level 1:colcon.colcon_core.package_identification:_identify(xone/auth) by extensions ['cmake', 'python']
[0.283s] Level 1:colcon.colcon_core.package_identification:_identify(xone/auth) by extension 'cmake'
[0.283s] Level 1:colcon.colcon_core.package_identification:_identify(xone/auth) by extension 'python'
[0.283s] Level 1:colcon.colcon_core.package_identification:_identify(xone/auth) by extensions ['python_setup_py']
[0.283s] Level 1:colcon.colcon_core.package_identification:_identify(xone/auth) by extension 'python_setup_py'
[0.283s] Level 1:colcon.colcon_core.package_identification:_identify(xone/bus) by extensions ['ignore', 'ignore_ament_install']
[0.283s] Level 1:colcon.colcon_core.package_identification:_identify(xone/bus) by extension 'ignore'
[0.284s] Level 1:colcon.colcon_core.package_identification:_identify(xone/bus) by extension 'ignore_ament_install'
[0.284s] Level 1:colcon.colcon_core.package_identification:_identify(xone/bus) by extensions ['colcon_pkg']
[0.284s] Level 1:colcon.colcon_core.package_identification:_identify(xone/bus) by extension 'colcon_pkg'
[0.284s] Level 1:colcon.colcon_core.package_identification:_identify(xone/bus) by extensions ['colcon_meta']
[0.284s] Level 1:colcon.colcon_core.package_identification:_identify(xone/bus) by extension 'colcon_meta'
[0.284s] Level 1:colcon.colcon_core.package_identification:_identify(xone/bus) by extensions ['ros']
[0.284s] Level 1:colcon.colcon_core.package_identification:_identify(xone/bus) by extension 'ros'
[0.284s] Level 1:colcon.colcon_core.package_identification:_identify(xone/bus) by extensions ['cmake', 'python']
[0.284s] Level 1:colcon.colcon_core.package_identification:_identify(xone/bus) by extension 'cmake'
[0.284s] Level 1:colcon.colcon_core.package_identification:_identify(xone/bus) by extension 'python'
[0.284s] Level 1:colcon.colcon_core.package_identification:_identify(xone/bus) by extensions ['python_setup_py']
[0.284s] Level 1:colcon.colcon_core.package_identification:_identify(xone/bus) by extension 'python_setup_py'
[0.284s] Level 1:colcon.colcon_core.package_identification:_identify(xone/driver) by extensions ['ignore', 'ignore_ament_install']
[0.284s] Level 1:colcon.colcon_core.package_identification:_identify(xone/driver) by extension 'ignore'
[0.284s] Level 1:colcon.colcon_core.package_identification:_identify(xone/driver) by extension 'ignore_ament_install'
[0.284s] Level 1:colcon.colcon_core.package_identification:_identify(xone/driver) by extensions ['colcon_pkg']
[0.284s] Level 1:colcon.colcon_core.package_identification:_identify(xone/driver) by extension 'colcon_pkg'
[0.284s] Level 1:colcon.colcon_core.package_identification:_identify(xone/driver) by extensions ['colcon_meta']
[0.285s] Level 1:colcon.colcon_core.package_identification:_identify(xone/driver) by extension 'colcon_meta'
[0.285s] Level 1:colcon.colcon_core.package_identification:_identify(xone/driver) by extensions ['ros']
[0.285s] Level 1:colcon.colcon_core.package_identification:_identify(xone/driver) by extension 'ros'
[0.285s] Level 1:colcon.colcon_core.package_identification:_identify(xone/driver) by extensions ['cmake', 'python']
[0.285s] Level 1:colcon.colcon_core.package_identification:_identify(xone/driver) by extension 'cmake'
[0.285s] Level 1:colcon.colcon_core.package_identification:_identify(xone/driver) by extension 'python'
[0.285s] Level 1:colcon.colcon_core.package_identification:_identify(xone/driver) by extensions ['python_setup_py']
[0.285s] Level 1:colcon.colcon_core.package_identification:_identify(xone/driver) by extension 'python_setup_py'
[0.285s] Level 1:colcon.colcon_core.package_identification:_identify(xone/install) by extensions ['ignore', 'ignore_ament_install']
[0.285s] Level 1:colcon.colcon_core.package_identification:_identify(xone/install) by extension 'ignore'
[0.285s] Level 1:colcon.colcon_core.package_identification:_identify(xone/install) by extension 'ignore_ament_install'
[0.285s] Level 1:colcon.colcon_core.package_identification:_identify(xone/install) by extensions ['colcon_pkg']
[0.285s] Level 1:colcon.colcon_core.package_identification:_identify(xone/install) by extension 'colcon_pkg'
[0.285s] Level 1:colcon.colcon_core.package_identification:_identify(xone/install) by extensions ['colcon_meta']
[0.285s] Level 1:colcon.colcon_core.package_identification:_identify(xone/install) by extension 'colcon_meta'
[0.286s] Level 1:colcon.colcon_core.package_identification:_identify(xone/install) by extensions ['ros']
[0.286s] Level 1:colcon.colcon_core.package_identification:_identify(xone/install) by extension 'ros'
[0.286s] Level 1:colcon.colcon_core.package_identification:_identify(xone/install) by extensions ['cmake', 'python']
[0.286s] Level 1:colcon.colcon_core.package_identification:_identify(xone/install) by extension 'cmake'
[0.286s] Level 1:colcon.colcon_core.package_identification:_identify(xone/install) by extension 'python'
[0.286s] Level 1:colcon.colcon_core.package_identification:_identify(xone/install) by extensions ['python_setup_py']
[0.286s] Level 1:colcon.colcon_core.package_identification:_identify(xone/install) by extension 'python_setup_py'
[0.286s] Level 1:colcon.colcon_core.package_identification:_identify(xone/transport) by extensions ['ignore', 'ignore_ament_install']
[0.286s] Level 1:colcon.colcon_core.package_identification:_identify(xone/transport) by extension 'ignore'
[0.286s] Level 1:colcon.colcon_core.package_identification:_identify(xone/transport) by extension 'ignore_ament_install'
[0.286s] Level 1:colcon.colcon_core.package_identification:_identify(xone/transport) by extensions ['colcon_pkg']
[0.286s] Level 1:colcon.colcon_core.package_identification:_identify(xone/transport) by extension 'colcon_pkg'
[0.286s] Level 1:colcon.colcon_core.package_identification:_identify(xone/transport) by extensions ['colcon_meta']
[0.286s] Level 1:colcon.colcon_core.package_identification:_identify(xone/transport) by extension 'colcon_meta'
[0.287s] Level 1:colcon.colcon_core.package_identification:_identify(xone/transport) by extensions ['ros']
[0.287s] Level 1:colcon.colcon_core.package_identification:_identify(xone/transport) by extension 'ros'
[0.287s] Level 1:colcon.colcon_core.package_identification:_identify(xone/transport) by extensions ['cmake', 'python']
[0.287s] Level 1:colcon.colcon_core.package_identification:_identify(xone/transport) by extension 'cmake'
[0.287s] Level 1:colcon.colcon_core.package_identification:_identify(xone/transport) by extension 'python'
[0.287s] Level 1:colcon.colcon_core.package_identification:_identify(xone/transport) by extensions ['python_setup_py']
[0.287s] Level 1:colcon.colcon_core.package_identification:_identify(xone/transport) by extension 'python_setup_py'
[0.287s] Level 1:colcon.colcon_core.package_discovery:discover_packages(recursive) using defaults
[0.287s] Level 1:colcon.colcon_core.package_discovery:discover_packages(ignore) discover
[0.287s] Level 1:colcon.colcon_core.package_discovery:discover_packages(ignore) using defaults
[0.287s] Level 1:colcon.colcon_core.package_discovery:discover_packages(path) discover
[0.287s] Level 1:colcon.colcon_core.package_discovery:discover_packages(path) using defaults
[0.310s] Level 1:colcon.colcon_core.package_discovery:discover_packages(prefix_path) check parameters
[0.310s] Level 1:colcon.colcon_core.package_discovery:discover_packages(prefix_path) discover
[0.312s] DEBUG:colcon.colcon_installed_package_information.package_discovery:Found 5 installed packages in /home/leomorningrain/code/sdk_mark2_mcnm_ws/install
[0.314s] DEBUG:colcon.colcon_installed_package_information.package_discovery:Found 340 installed packages in /opt/ros/humble
[0.316s] Level 1:colcon.colcon_core.package_discovery:discover_packages(prefix_path) using defaults
[0.376s] Level 5:colcon.colcon_core.verb:set package 'xpkg_demo' build argument 'cmake_args' from command line to 'None'
[0.376s] Level 5:colcon.colcon_core.verb:set package 'xpkg_demo' build argument 'cmake_target' from command line to 'None'
[0.376s] Level 5:colcon.colcon_core.verb:set package 'xpkg_demo' build argument 'cmake_target_skip_unavailable' from command line to 'False'
[0.376s] Level 5:colcon.colcon_core.verb:set package 'xpkg_demo' build argument 'cmake_clean_cache' from command line to 'False'
[0.376s] Level 5:colcon.colcon_core.verb:set package 'xpkg_demo' build argument 'cmake_clean_first' from command line to 'False'
[0.376s] Level 5:colcon.colcon_core.verb:set package 'xpkg_demo' build argument 'cmake_force_configure' from command line to 'False'
[0.376s] Level 5:colcon.colcon_core.verb:set package 'xpkg_demo' build argument 'ament_cmake_args' from command line to 'None'
[0.376s] Level 5:colcon.colcon_core.verb:set package 'xpkg_demo' build argument 'catkin_cmake_args' from command line to 'None'
[0.376s] Level 5:colcon.colcon_core.verb:set package 'xpkg_demo' build argument 'catkin_skip_building_tests' from command line to 'False'
[0.376s] DEBUG:colcon.colcon_core.verb:Building package 'xpkg_demo' with the following arguments: {'ament_cmake_args': None, 'build_base': '/home/leomorningrain/code/sdk_mark2_mcnm_ws/build/xpkg_demo', 'catkin_cmake_args': None, 'catkin_skip_building_tests': False, 'cmake_args': None, 'cmake_clean_cache': False, 'cmake_clean_first': False, 'cmake_force_configure': False, 'cmake_target': None, 'cmake_target_skip_unavailable': False, 'install_base': '/home/leomorningrain/code/sdk_mark2_mcnm_ws/install/xpkg_demo', 'merge_install': False, 'path': '/home/leomorningrain/code/sdk_mark2_mcnm_ws/src/demo/demo_general_chassis', 'symlink_install': False, 'test_result_base': None}
[0.377s] Level 5:colcon.colcon_core.verb:set package 'xpkg_msgs' build argument 'cmake_args' from command line to 'None'
[0.377s] Level 5:colcon.colcon_core.verb:set package 'xpkg_msgs' build argument 'cmake_target' from command line to 'None'
[0.377s] Level 5:colcon.colcon_core.verb:set package 'xpkg_msgs' build argument 'cmake_target_skip_unavailable' from command line to 'False'
[0.377s] Level 5:colcon.colcon_core.verb:set package 'xpkg_msgs' build argument 'cmake_clean_cache' from command line to 'False'
[0.377s] Level 5:colcon.colcon_core.verb:set package 'xpkg_msgs' build argument 'cmake_clean_first' from command line to 'False'
[0.377s] Level 5:colcon.colcon_core.verb:set package 'xpkg_msgs' build argument 'cmake_force_configure' from command line to 'False'
[0.377s] Level 5:colcon.colcon_core.verb:set package 'xpkg_msgs' build argument 'ament_cmake_args' from command line to 'None'
[0.377s] Level 5:colcon.colcon_core.verb:set package 'xpkg_msgs' build argument 'catkin_cmake_args' from command line to 'None'
[0.377s] Level 5:colcon.colcon_core.verb:set package 'xpkg_msgs' build argument 'catkin_skip_building_tests' from command line to 'False'
[0.377s] DEBUG:colcon.colcon_core.verb:Building package 'xpkg_msgs' with the following arguments: {'ament_cmake_args': None, 'build_base': '/home/leomorningrain/code/sdk_mark2_mcnm_ws/build/xpkg_msgs', 'catkin_cmake_args': None, 'catkin_skip_building_tests': False, 'cmake_args': None, 'cmake_clean_cache': False, 'cmake_clean_first': False, 'cmake_force_configure': False, 'cmake_target': None, 'cmake_target_skip_unavailable': False, 'install_base': '/home/leomorningrain/code/sdk_mark2_mcnm_ws/install/xpkg_msgs', 'merge_install': False, 'path': '/home/leomorningrain/code/sdk_mark2_mcnm_ws/src/base/xpkg_msgs', 'symlink_install': False, 'test_result_base': None}
[0.378s] Level 5:colcon.colcon_core.verb:set package 'xpkg_urdf_mark2_mcnm' build argument 'cmake_args' from command line to 'None'
[0.378s] Level 5:colcon.colcon_core.verb:set package 'xpkg_urdf_mark2_mcnm' build argument 'cmake_target' from command line to 'None'
[0.378s] Level 5:colcon.colcon_core.verb:set package 'xpkg_urdf_mark2_mcnm' build argument 'cmake_target_skip_unavailable' from command line to 'False'
[0.378s] Level 5:colcon.colcon_core.verb:set package 'xpkg_urdf_mark2_mcnm' build argument 'cmake_clean_cache' from command line to 'False'
[0.378s] Level 5:colcon.colcon_core.verb:set package 'xpkg_urdf_mark2_mcnm' build argument 'cmake_clean_first' from command line to 'False'
[0.378s] Level 5:colcon.colcon_core.verb:set package 'xpkg_urdf_mark2_mcnm' build argument 'cmake_force_configure' from command line to 'False'
[0.378s] Level 5:colcon.colcon_core.verb:set package 'xpkg_urdf_mark2_mcnm' build argument 'ament_cmake_args' from command line to 'None'
[0.378s] Level 5:colcon.colcon_core.verb:set package 'xpkg_urdf_mark2_mcnm' build argument 'catkin_cmake_args' from command line to 'None'
[0.378s] Level 5:colcon.colcon_core.verb:set package 'xpkg_urdf_mark2_mcnm' build argument 'catkin_skip_building_tests' from command line to 'False'
[0.378s] DEBUG:colcon.colcon_core.verb:Building package 'xpkg_urdf_mark2_mcnm' with the following arguments: {'ament_cmake_args': None, 'build_base': '/home/leomorningrain/code/sdk_mark2_mcnm_ws/build/xpkg_urdf_mark2_mcnm', 'catkin_cmake_args': None, 'catkin_skip_building_tests': False, 'cmake_args': None, 'cmake_clean_cache': False, 'cmake_clean_first': False, 'cmake_force_configure': False, 'cmake_target': None, 'cmake_target_skip_unavailable': False, 'install_base': '/home/leomorningrain/code/sdk_mark2_mcnm_ws/install/xpkg_urdf_mark2_mcnm', 'merge_install': False, 'path': '/home/leomorningrain/code/sdk_mark2_mcnm_ws/src/urdf/xpkg_urdf_mark2_mcnm', 'symlink_install': False, 'test_result_base': None}
[0.379s] Level 5:colcon.colcon_core.verb:set package 'xpkg_comm' build argument 'cmake_args' from command line to 'None'
[0.379s] Level 5:colcon.colcon_core.verb:set package 'xpkg_comm' build argument 'cmake_target' from command line to 'None'
[0.379s] Level 5:colcon.colcon_core.verb:set package 'xpkg_comm' build argument 'cmake_target_skip_unavailable' from command line to 'False'
[0.379s] Level 5:colcon.colcon_core.verb:set package 'xpkg_comm' build argument 'cmake_clean_cache' from command line to 'False'
[0.379s] Level 5:colcon.colcon_core.verb:set package 'xpkg_comm' build argument 'cmake_clean_first' from command line to 'False'
[0.379s] Level 5:colcon.colcon_core.verb:set package 'xpkg_comm' build argument 'cmake_force_configure' from command line to 'False'
[0.379s] Level 5:colcon.colcon_core.verb:set package 'xpkg_comm' build argument 'ament_cmake_args' from command line to 'None'
[0.379s] Level 5:colcon.colcon_core.verb:set package 'xpkg_comm' build argument 'catkin_cmake_args' from command line to 'None'
[0.379s] Level 5:colcon.colcon_core.verb:set package 'xpkg_comm' build argument 'catkin_skip_building_tests' from command line to 'False'
[0.379s] DEBUG:colcon.colcon_core.verb:Building package 'xpkg_comm' with the following arguments: {'ament_cmake_args': None, 'build_base': '/home/leomorningrain/code/sdk_mark2_mcnm_ws/build/xpkg_comm', 'catkin_cmake_args': None, 'catkin_skip_building_tests': False, 'cmake_args': None, 'cmake_clean_cache': False, 'cmake_clean_first': False, 'cmake_force_configure': False, 'cmake_target': None, 'cmake_target_skip_unavailable': False, 'install_base': '/home/leomorningrain/code/sdk_mark2_mcnm_ws/install/xpkg_comm', 'merge_install': False, 'path': '/home/leomorningrain/code/sdk_mark2_mcnm_ws/src/base/xpkg_comm', 'symlink_install': False, 'test_result_base': None}
[0.380s] Level 5:colcon.colcon_core.verb:set package 'xpkg_vehicle' build argument 'cmake_args' from command line to 'None'
[0.380s] Level 5:colcon.colcon_core.verb:set package 'xpkg_vehicle' build argument 'cmake_target' from command line to 'None'
[0.380s] Level 5:colcon.colcon_core.verb:set package 'xpkg_vehicle' build argument 'cmake_target_skip_unavailable' from command line to 'False'
[0.380s] Level 5:colcon.colcon_core.verb:set package 'xpkg_vehicle' build argument 'cmake_clean_cache' from command line to 'False'
[0.380s] Level 5:colcon.colcon_core.verb:set package 'xpkg_vehicle' build argument 'cmake_clean_first' from command line to 'False'
[0.380s] Level 5:colcon.colcon_core.verb:set package 'xpkg_vehicle' build argument 'cmake_force_configure' from command line to 'False'
[0.381s] Level 5:colcon.colcon_core.verb:set package 'xpkg_vehicle' build argument 'ament_cmake_args' from command line to 'None'
[0.381s] Level 5:colcon.colcon_core.verb:set package 'xpkg_vehicle' build argument 'catkin_cmake_args' from command line to 'None'
[0.381s] Level 5:colcon.colcon_core.verb:set package 'xpkg_vehicle' build argument 'catkin_skip_building_tests' from command line to 'False'
[0.381s] DEBUG:colcon.colcon_core.verb:Building package 'xpkg_vehicle' with the following arguments: {'ament_cmake_args': None, 'build_base': '/home/leomorningrain/code/sdk_mark2_mcnm_ws/build/xpkg_vehicle', 'catkin_cmake_args': None, 'catkin_skip_building_tests': False, 'cmake_args': None, 'cmake_clean_cache': False, 'cmake_clean_first': False, 'cmake_force_configure': False, 'cmake_target': None, 'cmake_target_skip_unavailable': False, 'install_base': '/home/leomorningrain/code/sdk_mark2_mcnm_ws/install/xpkg_vehicle', 'merge_install': False, 'path': '/home/leomorningrain/code/sdk_mark2_mcnm_ws/src/drivers/xpkg_vehicle', 'symlink_install': False, 'test_result_base': None}
[0.381s] INFO:colcon.colcon_core.executor:Executing jobs using 'parallel' executor
[0.384s] DEBUG:colcon.colcon_parallel_executor.executor.parallel:run_until_complete
[0.384s] INFO:colcon.colcon_ros.task.ament_cmake.build:Building ROS package in '/home/leomorningrain/code/sdk_mark2_mcnm_ws/src/base/xpkg_msgs' with build type 'ament_cmake'
[0.384s] INFO:colcon.colcon_cmake.task.cmake.build:Building CMake package in '/home/leomorningrain/code/sdk_mark2_mcnm_ws/src/base/xpkg_msgs'
[0.390s] INFO:colcon.colcon_core.plugin_system:Skipping extension 'colcon_core.shell.bat': Not used on non-Windows systems
[0.391s] INFO:colcon.colcon_core.shell:Skip shell extension 'powershell' for command environment: Not usable outside of PowerShell
[0.391s] DEBUG:colcon.colcon_core.shell:Skip shell extension 'dsv' for command environment
[0.397s] INFO:colcon.colcon_ros.task.ament_cmake.build:Building ROS package in '/home/leomorningrain/code/sdk_mark2_mcnm_ws/src/demo/demo_general_chassis' with build type 'ament_cmake'
[0.398s] INFO:colcon.colcon_cmake.task.cmake.build:Building CMake package in '/home/leomorningrain/code/sdk_mark2_mcnm_ws/src/demo/demo_general_chassis'
[0.399s] INFO:colcon.colcon_core.shell:Skip shell extension 'powershell' for command environment: Not usable outside of PowerShell
[0.399s] DEBUG:colcon.colcon_core.shell:Skip shell extension 'dsv' for command environment
[0.406s] INFO:colcon.colcon_ros.task.ament_cmake.build:Building ROS package in '/home/leomorningrain/code/sdk_mark2_mcnm_ws/src/urdf/xpkg_urdf_mark2_mcnm' with build type 'ament_cmake'
[0.407s] INFO:colcon.colcon_cmake.task.cmake.build:Building CMake package in '/home/leomorningrain/code/sdk_mark2_mcnm_ws/src/urdf/xpkg_urdf_mark2_mcnm'
[0.407s] INFO:colcon.colcon_core.shell:Skip shell extension 'powershell' for command environment: Not usable outside of PowerShell
[0.408s] DEBUG:colcon.colcon_core.shell:Skip shell extension 'dsv' for command environment
[0.429s] DEBUG:colcon.colcon_core.event_handler.log_command:Invoking command in '/home/leomorningrain/code/sdk_mark2_mcnm_ws/build/xpkg_msgs': CMAKE_PREFIX_PATH=${CMAKE_PREFIX_PATH}:/opt/ros/humble /usr/bin/cmake --build /home/leomorningrain/code/sdk_mark2_mcnm_ws/build/xpkg_msgs -- -j32 -l32
[0.436s] DEBUG:colcon.colcon_core.event_handler.log_command:Invoking command in '/home/leomorningrain/code/sdk_mark2_mcnm_ws/build/xpkg_demo': CMAKE_PREFIX_PATH=${CMAKE_PREFIX_PATH}:/opt/ros/humble /usr/bin/cmake --build /home/leomorningrain/code/sdk_mark2_mcnm_ws/build/xpkg_demo -- -j32 -l32
[0.449s] DEBUG:colcon.colcon_core.event_handler.log_command:Invoking command in '/home/leomorningrain/code/sdk_mark2_mcnm_ws/build/xpkg_urdf_mark2_mcnm': CMAKE_PREFIX_PATH=${CMAKE_PREFIX_PATH}:/opt/ros/humble /usr/bin/cmake --build /home/leomorningrain/code/sdk_mark2_mcnm_ws/build/xpkg_urdf_mark2_mcnm -- -j32 -l32
[0.544s] DEBUG:colcon.colcon_core.event_handler.log_command:Invoked command in '/home/leomorningrain/code/sdk_mark2_mcnm_ws/build/xpkg_demo' returned '0': CMAKE_PREFIX_PATH=${CMAKE_PREFIX_PATH}:/opt/ros/humble /usr/bin/cmake --build /home/leomorningrain/code/sdk_mark2_mcnm_ws/build/xpkg_demo -- -j32 -l32
[0.555s] DEBUG:colcon.colcon_core.event_handler.log_command:Invoked command in '/home/leomorningrain/code/sdk_mark2_mcnm_ws/build/xpkg_urdf_mark2_mcnm' returned '0': CMAKE_PREFIX_PATH=${CMAKE_PREFIX_PATH}:/opt/ros/humble /usr/bin/cmake --build /home/leomorningrain/code/sdk_mark2_mcnm_ws/build/xpkg_urdf_mark2_mcnm -- -j32 -l32
[0.655s] DEBUG:colcon.colcon_core.event_handler.log_command:Invoking command in '/home/leomorningrain/code/sdk_mark2_mcnm_ws/build/xpkg_demo': CMAKE_PREFIX_PATH=${CMAKE_PREFIX_PATH}:/opt/ros/humble /usr/bin/cmake --install /home/leomorningrain/code/sdk_mark2_mcnm_ws/build/xpkg_demo
[0.667s] DEBUG:colcon.colcon_core.event_handler.log_command:Invoking command in '/home/leomorningrain/code/sdk_mark2_mcnm_ws/build/xpkg_urdf_mark2_mcnm': CMAKE_PREFIX_PATH=${CMAKE_PREFIX_PATH}:/opt/ros/humble /usr/bin/cmake --install /home/leomorningrain/code/sdk_mark2_mcnm_ws/build/xpkg_urdf_mark2_mcnm
[0.693s] Level 1:colcon.colcon_core.environment:create_environment_scripts_only(xpkg_demo)
[0.713s] DEBUG:colcon.colcon_core.event_handler.log_command:Invoked command in '/home/leomorningrain/code/sdk_mark2_mcnm_ws/build/xpkg_demo' returned '0': CMAKE_PREFIX_PATH=${CMAKE_PREFIX_PATH}:/opt/ros/humble /usr/bin/cmake --install /home/leomorningrain/code/sdk_mark2_mcnm_ws/build/xpkg_demo
[0.719s] Level 1:colcon.colcon_core.environment:checking '/home/leomorningrain/code/sdk_mark2_mcnm_ws/install/xpkg_demo' for CMake module files
[0.721s] Level 1:colcon.colcon_core.environment:checking '/home/leomorningrain/code/sdk_mark2_mcnm_ws/install/xpkg_demo' for CMake config files
[0.722s] Level 1:colcon.colcon_core.shell:create_environment_hook('xpkg_demo', 'cmake_prefix_path')
[0.724s] INFO:colcon.colcon_core.shell:Creating environment hook '/home/leomorningrain/code/sdk_mark2_mcnm_ws/install/xpkg_demo/share/xpkg_demo/hook/cmake_prefix_path.ps1'
[0.726s] INFO:colcon.colcon_core.shell:Creating environment descriptor '/home/leomorningrain/code/sdk_mark2_mcnm_ws/install/xpkg_demo/share/xpkg_demo/hook/cmake_prefix_path.dsv'
[0.728s] INFO:colcon.colcon_core.shell:Creating environment hook '/home/leomorningrain/code/sdk_mark2_mcnm_ws/install/xpkg_demo/share/xpkg_demo/hook/cmake_prefix_path.sh'
[0.731s] Level 1:colcon.colcon_core.environment:checking '/home/leomorningrain/code/sdk_mark2_mcnm_ws/install/xpkg_demo/bin'
[0.731s] Level 1:colcon.colcon_core.environment:checking '/home/leomorningrain/code/sdk_mark2_mcnm_ws/install/xpkg_demo/lib/pkgconfig/xpkg_demo.pc'
[0.732s] Level 1:colcon.colcon_core.environment:checking '/home/leomorningrain/code/sdk_mark2_mcnm_ws/install/xpkg_demo/lib/python3.10/site-packages'
[0.733s] Level 1:colcon.colcon_core.environment:checking '/home/leomorningrain/code/sdk_mark2_mcnm_ws/install/xpkg_demo/bin'
[0.734s] INFO:colcon.colcon_core.shell:Creating package script '/home/leomorningrain/code/sdk_mark2_mcnm_ws/install/xpkg_demo/share/xpkg_demo/package.ps1'
[0.736s] INFO:colcon.colcon_core.shell:Creating package descriptor '/home/leomorningrain/code/sdk_mark2_mcnm_ws/install/xpkg_demo/share/xpkg_demo/package.dsv'
[0.738s] INFO:colcon.colcon_core.shell:Creating package script '/home/leomorningrain/code/sdk_mark2_mcnm_ws/install/xpkg_demo/share/xpkg_demo/package.sh'
[0.740s] INFO:colcon.colcon_core.shell:Creating package script '/home/leomorningrain/code/sdk_mark2_mcnm_ws/install/xpkg_demo/share/xpkg_demo/package.bash'
[0.743s] INFO:colcon.colcon_core.shell:Creating package script '/home/leomorningrain/code/sdk_mark2_mcnm_ws/install/xpkg_demo/share/xpkg_demo/package.zsh'
[0.745s] Level 1:colcon.colcon_core.environment:create_file_with_runtime_dependencies(/home/leomorningrain/code/sdk_mark2_mcnm_ws/install/xpkg_demo/share/colcon-core/packages/xpkg_demo)
[0.751s] Level 1:colcon.colcon_core.environment:create_environment_scripts_only(xpkg_urdf_mark2_mcnm)
[0.753s] Level 1:colcon.colcon_core.environment:checking '/home/leomorningrain/code/sdk_mark2_mcnm_ws/install/xpkg_urdf_mark2_mcnm' for CMake module files
[0.756s] DEBUG:colcon.colcon_core.event_handler.log_command:Invoked command in '/home/leomorningrain/code/sdk_mark2_mcnm_ws/build/xpkg_urdf_mark2_mcnm' returned '0': CMAKE_PREFIX_PATH=${CMAKE_PREFIX_PATH}:/opt/ros/humble /usr/bin/cmake --install /home/leomorningrain/code/sdk_mark2_mcnm_ws/build/xpkg_urdf_mark2_mcnm
[0.758s] Level 1:colcon.colcon_core.environment:checking '/home/leomorningrain/code/sdk_mark2_mcnm_ws/install/xpkg_urdf_mark2_mcnm' for CMake config files
[0.759s] Level 1:colcon.colcon_core.shell:create_environment_hook('xpkg_urdf_mark2_mcnm', 'cmake_prefix_path')
[0.760s] INFO:colcon.colcon_core.shell:Creating environment hook '/home/leomorningrain/code/sdk_mark2_mcnm_ws/install/xpkg_urdf_mark2_mcnm/share/xpkg_urdf_mark2_mcnm/hook/cmake_prefix_path.ps1'
[0.761s] INFO:colcon.colcon_core.shell:Creating environment descriptor '/home/leomorningrain/code/sdk_mark2_mcnm_ws/install/xpkg_urdf_mark2_mcnm/share/xpkg_urdf_mark2_mcnm/hook/cmake_prefix_path.dsv'
[0.762s] INFO:colcon.colcon_core.shell:Creating environment hook '/home/leomorningrain/code/sdk_mark2_mcnm_ws/install/xpkg_urdf_mark2_mcnm/share/xpkg_urdf_mark2_mcnm/hook/cmake_prefix_path.sh'
[0.763s] Level 1:colcon.colcon_core.environment:checking '/home/leomorningrain/code/sdk_mark2_mcnm_ws/install/xpkg_urdf_mark2_mcnm/bin'
[0.764s] Level 1:colcon.colcon_core.environment:checking '/home/leomorningrain/code/sdk_mark2_mcnm_ws/install/xpkg_urdf_mark2_mcnm/lib/pkgconfig/xpkg_urdf_mark2_mcnm.pc'
[0.764s] Level 1:colcon.colcon_core.environment:checking '/home/leomorningrain/code/sdk_mark2_mcnm_ws/install/xpkg_urdf_mark2_mcnm/lib/python3.10/site-packages'
[0.765s] Level 1:colcon.colcon_core.environment:checking '/home/leomorningrain/code/sdk_mark2_mcnm_ws/install/xpkg_urdf_mark2_mcnm/bin'
[0.767s] INFO:colcon.colcon_core.shell:Creating package script '/home/leomorningrain/code/sdk_mark2_mcnm_ws/install/xpkg_urdf_mark2_mcnm/share/xpkg_urdf_mark2_mcnm/package.ps1'
[0.768s] INFO:colcon.colcon_core.shell:Creating package descriptor '/home/leomorningrain/code/sdk_mark2_mcnm_ws/install/xpkg_urdf_mark2_mcnm/share/xpkg_urdf_mark2_mcnm/package.dsv'
[0.769s] INFO:colcon.colcon_core.shell:Creating package script '/home/leomorningrain/code/sdk_mark2_mcnm_ws/install/xpkg_urdf_mark2_mcnm/share/xpkg_urdf_mark2_mcnm/package.sh'
[0.770s] INFO:colcon.colcon_core.shell:Creating package script '/home/leomorningrain/code/sdk_mark2_mcnm_ws/install/xpkg_urdf_mark2_mcnm/share/xpkg_urdf_mark2_mcnm/package.bash'
[0.771s] INFO:colcon.colcon_core.shell:Creating package script '/home/leomorningrain/code/sdk_mark2_mcnm_ws/install/xpkg_urdf_mark2_mcnm/share/xpkg_urdf_mark2_mcnm/package.zsh'
[0.772s] Level 1:colcon.colcon_core.environment:create_file_with_runtime_dependencies(/home/leomorningrain/code/sdk_mark2_mcnm_ws/install/xpkg_urdf_mark2_mcnm/share/colcon-core/packages/xpkg_urdf_mark2_mcnm)
[0.817s] Level 1:colcon.colcon_core.environment:create_environment_scripts_only(xpkg_demo)
[0.818s] Level 1:colcon.colcon_core.environment:checking '/home/leomorningrain/code/sdk_mark2_mcnm_ws/install/xpkg_demo' for CMake module files
[0.821s] Level 1:colcon.colcon_core.environment:checking '/home/leomorningrain/code/sdk_mark2_mcnm_ws/install/xpkg_demo' for CMake config files
[0.822s] Level 1:colcon.colcon_core.shell:create_environment_hook('xpkg_demo', 'cmake_prefix_path')
[0.823s] INFO:colcon.colcon_core.shell:Creating environment hook '/home/leomorningrain/code/sdk_mark2_mcnm_ws/install/xpkg_demo/share/xpkg_demo/hook/cmake_prefix_path.ps1'
[0.824s] INFO:colcon.colcon_core.shell:Creating environment descriptor '/home/leomorningrain/code/sdk_mark2_mcnm_ws/install/xpkg_demo/share/xpkg_demo/hook/cmake_prefix_path.dsv'
[0.826s] INFO:colcon.colcon_core.shell:Creating environment hook '/home/leomorningrain/code/sdk_mark2_mcnm_ws/install/xpkg_demo/share/xpkg_demo/hook/cmake_prefix_path.sh'
[0.828s] Level 1:colcon.colcon_core.environment:checking '/home/leomorningrain/code/sdk_mark2_mcnm_ws/install/xpkg_demo/bin'
[0.828s] Level 1:colcon.colcon_core.environment:checking '/home/leomorningrain/code/sdk_mark2_mcnm_ws/install/xpkg_demo/lib/pkgconfig/xpkg_demo.pc'
[0.829s] Level 1:colcon.colcon_core.environment:checking '/home/leomorningrain/code/sdk_mark2_mcnm_ws/install/xpkg_demo/lib/python3.10/site-packages'
[0.830s] Level 1:colcon.colcon_core.environment:checking '/home/leomorningrain/code/sdk_mark2_mcnm_ws/install/xpkg_demo/bin'
[0.831s] INFO:colcon.colcon_core.shell:Creating package script '/home/leomorningrain/code/sdk_mark2_mcnm_ws/install/xpkg_demo/share/xpkg_demo/package.ps1'
[0.832s] INFO:colcon.colcon_core.shell:Creating package descriptor '/home/leomorningrain/code/sdk_mark2_mcnm_ws/install/xpkg_demo/share/xpkg_demo/package.dsv'
[0.834s] INFO:colcon.colcon_core.shell:Creating package script '/home/leomorningrain/code/sdk_mark2_mcnm_ws/install/xpkg_demo/share/xpkg_demo/package.sh'
[0.835s] INFO:colcon.colcon_core.shell:Creating package script '/home/leomorningrain/code/sdk_mark2_mcnm_ws/install/xpkg_demo/share/xpkg_demo/package.bash'
[0.836s] INFO:colcon.colcon_core.shell:Creating package script '/home/leomorningrain/code/sdk_mark2_mcnm_ws/install/xpkg_demo/share/xpkg_demo/package.zsh'
[0.836s] Level 1:colcon.colcon_core.environment:create_file_with_runtime_dependencies(/home/leomorningrain/code/sdk_mark2_mcnm_ws/install/xpkg_demo/share/colcon-core/packages/xpkg_demo)
[0.843s] Level 1:colcon.colcon_core.environment:create_environment_scripts_only(xpkg_urdf_mark2_mcnm)
[0.844s] Level 1:colcon.colcon_core.environment:checking '/home/leomorningrain/code/sdk_mark2_mcnm_ws/install/xpkg_urdf_mark2_mcnm' for CMake module files
[0.845s] Level 1:colcon.colcon_core.environment:checking '/home/leomorningrain/code/sdk_mark2_mcnm_ws/install/xpkg_urdf_mark2_mcnm' for CMake config files
[0.845s] Level 1:colcon.colcon_core.shell:create_environment_hook('xpkg_urdf_mark2_mcnm', 'cmake_prefix_path')
[0.846s] INFO:colcon.colcon_core.shell:Creating environment hook '/home/leomorningrain/code/sdk_mark2_mcnm_ws/install/xpkg_urdf_mark2_mcnm/share/xpkg_urdf_mark2_mcnm/hook/cmake_prefix_path.ps1'
[0.847s] INFO:colcon.colcon_core.shell:Creating environment descriptor '/home/leomorningrain/code/sdk_mark2_mcnm_ws/install/xpkg_urdf_mark2_mcnm/share/xpkg_urdf_mark2_mcnm/hook/cmake_prefix_path.dsv'
[0.848s] INFO:colcon.colcon_core.shell:Creating environment hook '/home/leomorningrain/code/sdk_mark2_mcnm_ws/install/xpkg_urdf_mark2_mcnm/share/xpkg_urdf_mark2_mcnm/hook/cmake_prefix_path.sh'
[0.849s] Level 1:colcon.colcon_core.environment:checking '/home/leomorningrain/code/sdk_mark2_mcnm_ws/install/xpkg_urdf_mark2_mcnm/bin'
[0.849s] Level 1:colcon.colcon_core.environment:checking '/home/leomorningrain/code/sdk_mark2_mcnm_ws/install/xpkg_urdf_mark2_mcnm/lib/pkgconfig/xpkg_urdf_mark2_mcnm.pc'
[0.850s] Level 1:colcon.colcon_core.environment:checking '/home/leomorningrain/code/sdk_mark2_mcnm_ws/install/xpkg_urdf_mark2_mcnm/lib/python3.10/site-packages'
[0.851s] Level 1:colcon.colcon_core.environment:checking '/home/leomorningrain/code/sdk_mark2_mcnm_ws/install/xpkg_urdf_mark2_mcnm/bin'
[0.851s] INFO:colcon.colcon_core.shell:Creating package script '/home/leomorningrain/code/sdk_mark2_mcnm_ws/install/xpkg_urdf_mark2_mcnm/share/xpkg_urdf_mark2_mcnm/package.ps1'
[0.852s] INFO:colcon.colcon_core.shell:Creating package descriptor '/home/leomorningrain/code/sdk_mark2_mcnm_ws/install/xpkg_urdf_mark2_mcnm/share/xpkg_urdf_mark2_mcnm/package.dsv'
[0.854s] INFO:colcon.colcon_core.shell:Creating package script '/home/leomorningrain/code/sdk_mark2_mcnm_ws/install/xpkg_urdf_mark2_mcnm/share/xpkg_urdf_mark2_mcnm/package.sh'
[0.855s] INFO:colcon.colcon_core.shell:Creating package script '/home/leomorningrain/code/sdk_mark2_mcnm_ws/install/xpkg_urdf_mark2_mcnm/share/xpkg_urdf_mark2_mcnm/package.bash'
[0.856s] INFO:colcon.colcon_core.shell:Creating package script '/home/leomorningrain/code/sdk_mark2_mcnm_ws/install/xpkg_urdf_mark2_mcnm/share/xpkg_urdf_mark2_mcnm/package.zsh'
[0.857s] Level 1:colcon.colcon_core.environment:create_file_with_runtime_dependencies(/home/leomorningrain/code/sdk_mark2_mcnm_ws/install/xpkg_urdf_mark2_mcnm/share/colcon-core/packages/xpkg_urdf_mark2_mcnm)
[1.279s] DEBUG:colcon.colcon_core.event_handler.log_command:Invoked command in '/home/leomorningrain/code/sdk_mark2_mcnm_ws/build/xpkg_msgs' returned '0': CMAKE_PREFIX_PATH=${CMAKE_PREFIX_PATH}:/opt/ros/humble /usr/bin/cmake --build /home/leomorningrain/code/sdk_mark2_mcnm_ws/build/xpkg_msgs -- -j32 -l32
[1.500s] DEBUG:colcon.colcon_core.event_handler.log_command:Invoking command in '/home/leomorningrain/code/sdk_mark2_mcnm_ws/build/xpkg_msgs': CMAKE_PREFIX_PATH=${CMAKE_PREFIX_PATH}:/opt/ros/humble /usr/bin/cmake --install /home/leomorningrain/code/sdk_mark2_mcnm_ws/build/xpkg_msgs
[1.621s] Level 1:colcon.colcon_core.environment:create_environment_scripts_only(xpkg_msgs)
[1.622s] Level 1:colcon.colcon_core.environment:checking '/home/leomorningrain/code/sdk_mark2_mcnm_ws/install/xpkg_msgs' for CMake module files
[1.627s] Level 1:colcon.colcon_core.environment:checking '/home/leomorningrain/code/sdk_mark2_mcnm_ws/install/xpkg_msgs' for CMake config files
[1.629s] DEBUG:colcon.colcon_core.event_handler.log_command:Invoked command in '/home/leomorningrain/code/sdk_mark2_mcnm_ws/build/xpkg_msgs' returned '0': CMAKE_PREFIX_PATH=${CMAKE_PREFIX_PATH}:/opt/ros/humble /usr/bin/cmake --install /home/leomorningrain/code/sdk_mark2_mcnm_ws/build/xpkg_msgs
[1.630s] Level 1:colcon.colcon_core.shell:create_environment_hook('xpkg_msgs', 'cmake_prefix_path')
[1.631s] INFO:colcon.colcon_core.shell:Creating environment hook '/home/leomorningrain/code/sdk_mark2_mcnm_ws/install/xpkg_msgs/share/xpkg_msgs/hook/cmake_prefix_path.ps1'
[1.632s] INFO:colcon.colcon_core.shell:Creating environment descriptor '/home/leomorningrain/code/sdk_mark2_mcnm_ws/install/xpkg_msgs/share/xpkg_msgs/hook/cmake_prefix_path.dsv'
[1.633s] INFO:colcon.colcon_core.shell:Creating environment hook '/home/leomorningrain/code/sdk_mark2_mcnm_ws/install/xpkg_msgs/share/xpkg_msgs/hook/cmake_prefix_path.sh'
[1.634s] Level 1:colcon.colcon_core.environment:checking '/home/leomorningrain/code/sdk_mark2_mcnm_ws/install/xpkg_msgs/lib'
[1.635s] Level 1:colcon.colcon_core.shell:create_environment_hook('xpkg_msgs', 'ld_library_path_lib')
[1.635s] INFO:colcon.colcon_core.shell:Creating environment hook '/home/leomorningrain/code/sdk_mark2_mcnm_ws/install/xpkg_msgs/share/xpkg_msgs/hook/ld_library_path_lib.ps1'
[1.636s] INFO:colcon.colcon_core.shell:Creating environment descriptor '/home/leomorningrain/code/sdk_mark2_mcnm_ws/install/xpkg_msgs/share/xpkg_msgs/hook/ld_library_path_lib.dsv'
[1.637s] INFO:colcon.colcon_core.shell:Creating environment hook '/home/leomorningrain/code/sdk_mark2_mcnm_ws/install/xpkg_msgs/share/xpkg_msgs/hook/ld_library_path_lib.sh'
[1.638s] Level 1:colcon.colcon_core.environment:checking '/home/leomorningrain/code/sdk_mark2_mcnm_ws/install/xpkg_msgs/bin'
[1.638s] Level 1:colcon.colcon_core.environment:checking '/home/leomorningrain/code/sdk_mark2_mcnm_ws/install/xpkg_msgs/lib/pkgconfig/xpkg_msgs.pc'
[1.639s] Level 1:colcon.colcon_core.environment:checking '/home/leomorningrain/code/sdk_mark2_mcnm_ws/install/xpkg_msgs/lib/python3.10/site-packages'
[1.639s] Level 1:colcon.colcon_core.environment:checking '/home/leomorningrain/code/sdk_mark2_mcnm_ws/install/xpkg_msgs/bin'
[1.640s] INFO:colcon.colcon_core.shell:Creating package script '/home/leomorningrain/code/sdk_mark2_mcnm_ws/install/xpkg_msgs/share/xpkg_msgs/package.ps1'
[1.640s] INFO:colcon.colcon_core.shell:Creating package descriptor '/home/leomorningrain/code/sdk_mark2_mcnm_ws/install/xpkg_msgs/share/xpkg_msgs/package.dsv'
[1.641s] INFO:colcon.colcon_core.shell:Creating package script '/home/leomorningrain/code/sdk_mark2_mcnm_ws/install/xpkg_msgs/share/xpkg_msgs/package.sh'
[1.642s] INFO:colcon.colcon_core.shell:Creating package script '/home/leomorningrain/code/sdk_mark2_mcnm_ws/install/xpkg_msgs/share/xpkg_msgs/package.bash'
[1.642s] INFO:colcon.colcon_core.shell:Creating package script '/home/leomorningrain/code/sdk_mark2_mcnm_ws/install/xpkg_msgs/share/xpkg_msgs/package.zsh'
[1.643s] Level 1:colcon.colcon_core.environment:create_file_with_runtime_dependencies(/home/leomorningrain/code/sdk_mark2_mcnm_ws/install/xpkg_msgs/share/colcon-core/packages/xpkg_msgs)
[1.858s] Level 1:colcon.colcon_core.environment:create_environment_scripts_only(xpkg_msgs)
[1.858s] Level 1:colcon.colcon_core.environment:checking '/home/leomorningrain/code/sdk_mark2_mcnm_ws/install/xpkg_msgs' for CMake module files
[1.859s] Level 1:colcon.colcon_core.environment:checking '/home/leomorningrain/code/sdk_mark2_mcnm_ws/install/xpkg_msgs' for CMake config files
[1.860s] Level 1:colcon.colcon_core.shell:create_environment_hook('xpkg_msgs', 'cmake_prefix_path')
[1.860s] INFO:colcon.colcon_core.shell:Creating environment hook '/home/leomorningrain/code/sdk_mark2_mcnm_ws/install/xpkg_msgs/share/xpkg_msgs/hook/cmake_prefix_path.ps1'
[1.861s] INFO:colcon.colcon_core.shell:Creating environment descriptor '/home/leomorningrain/code/sdk_mark2_mcnm_ws/install/xpkg_msgs/share/xpkg_msgs/hook/cmake_prefix_path.dsv'
[1.862s] INFO:colcon.colcon_core.shell:Creating environment hook '/home/leomorningrain/code/sdk_mark2_mcnm_ws/install/xpkg_msgs/share/xpkg_msgs/hook/cmake_prefix_path.sh'
[1.863s] Level 1:colcon.colcon_core.environment:checking '/home/leomorningrain/code/sdk_mark2_mcnm_ws/install/xpkg_msgs/lib'
[1.863s] Level 1:colcon.colcon_core.shell:create_environment_hook('xpkg_msgs', 'ld_library_path_lib')
[1.863s] INFO:colcon.colcon_core.shell:Creating environment hook '/home/leomorningrain/code/sdk_mark2_mcnm_ws/install/xpkg_msgs/share/xpkg_msgs/hook/ld_library_path_lib.ps1'
[1.864s] INFO:colcon.colcon_core.shell:Creating environment descriptor '/home/leomorningrain/code/sdk_mark2_mcnm_ws/install/xpkg_msgs/share/xpkg_msgs/hook/ld_library_path_lib.dsv'
[1.864s] INFO:colcon.colcon_core.shell:Creating environment hook '/home/leomorningrain/code/sdk_mark2_mcnm_ws/install/xpkg_msgs/share/xpkg_msgs/hook/ld_library_path_lib.sh'
[1.865s] Level 1:colcon.colcon_core.environment:checking '/home/leomorningrain/code/sdk_mark2_mcnm_ws/install/xpkg_msgs/bin'
[1.865s] Level 1:colcon.colcon_core.environment:checking '/home/leomorningrain/code/sdk_mark2_mcnm_ws/install/xpkg_msgs/lib/pkgconfig/xpkg_msgs.pc'
[1.865s] Level 1:colcon.colcon_core.environment:checking '/home/leomorningrain/code/sdk_mark2_mcnm_ws/install/xpkg_msgs/lib/python3.10/site-packages'
[1.866s] Level 1:colcon.colcon_core.environment:checking '/home/leomorningrain/code/sdk_mark2_mcnm_ws/install/xpkg_msgs/bin'
[1.867s] INFO:colcon.colcon_core.shell:Creating package script '/home/leomorningrain/code/sdk_mark2_mcnm_ws/install/xpkg_msgs/share/xpkg_msgs/package.ps1'
[1.868s] INFO:colcon.colcon_core.shell:Creating package descriptor '/home/leomorningrain/code/sdk_mark2_mcnm_ws/install/xpkg_msgs/share/xpkg_msgs/package.dsv'
[1.868s] INFO:colcon.colcon_core.shell:Creating package script '/home/leomorningrain/code/sdk_mark2_mcnm_ws/install/xpkg_msgs/share/xpkg_msgs/package.sh'
[1.869s] INFO:colcon.colcon_core.shell:Creating package script '/home/leomorningrain/code/sdk_mark2_mcnm_ws/install/xpkg_msgs/share/xpkg_msgs/package.bash'
[1.869s] INFO:colcon.colcon_core.shell:Creating package script '/home/leomorningrain/code/sdk_mark2_mcnm_ws/install/xpkg_msgs/share/xpkg_msgs/package.zsh'
[1.870s] Level 1:colcon.colcon_core.environment:create_file_with_runtime_dependencies(/home/leomorningrain/code/sdk_mark2_mcnm_ws/install/xpkg_msgs/share/colcon-core/packages/xpkg_msgs)
[1.871s] INFO:colcon.colcon_ros.task.ament_cmake.build:Building ROS package in '/home/leomorningrain/code/sdk_mark2_mcnm_ws/src/base/xpkg_comm' with build type 'ament_cmake'
[1.871s] INFO:colcon.colcon_cmake.task.cmake.build:Building CMake package in '/home/leomorningrain/code/sdk_mark2_mcnm_ws/src/base/xpkg_comm'
[1.871s] INFO:colcon.colcon_core.shell:Skip shell extension 'powershell' for command environment: Not usable outside of PowerShell
[1.871s] DEBUG:colcon.colcon_core.shell:Skip shell extension 'dsv' for command environment
[1.878s] INFO:colcon.colcon_ros.task.ament_cmake.build:Building ROS package in '/home/leomorningrain/code/sdk_mark2_mcnm_ws/src/drivers/xpkg_vehicle' with build type 'ament_cmake'
[1.878s] INFO:colcon.colcon_cmake.task.cmake.build:Building CMake package in '/home/leomorningrain/code/sdk_mark2_mcnm_ws/src/drivers/xpkg_vehicle'
[1.879s] INFO:colcon.colcon_core.shell:Skip shell extension 'powershell' for command environment: Not usable outside of PowerShell
[1.879s] DEBUG:colcon.colcon_core.shell:Skip shell extension 'dsv' for command environment
[1.898s] DEBUG:colcon.colcon_core.event_handler.log_command:Invoking command in '/home/leomorningrain/code/sdk_mark2_mcnm_ws/build/xpkg_comm': CMAKE_PREFIX_PATH=/home/leomorningrain/code/sdk_mark2_mcnm_ws/install/xpkg_msgs:/home/leomorningrain/code/sdk_mark2_mcnm_ws/install/xpkg_vehicle:/home/leomorningrain/code/sdk_mark2_mcnm_ws/install/xpkg_urdf_mark2_mcnm:/home/leomorningrain/code/sdk_mark2_mcnm_ws/install/xpkg_comm:/home/leomorningrain/code/sdk_mark2_mcnm_ws/install/xpkg_demo:/opt/ros/humble LD_LIBRARY_PATH=/home/leomorningrain/code/sdk_mark2_mcnm_ws/install/xpkg_msgs/lib:/usr/lib/x86_64-linux-gnu/gazebo-11/plugins:/opt/ros/humble/opt/rviz_ogre_vendor/lib:/opt/ros/humble/lib/x86_64-linux-gnu:/opt/ros/humble/lib:/usr/local/lib /usr/bin/cmake --build /home/leomorningrain/code/sdk_mark2_mcnm_ws/build/xpkg_comm -- -j32 -l32
[1.906s] DEBUG:colcon.colcon_core.event_handler.log_command:Invoking command in '/home/leomorningrain/code/sdk_mark2_mcnm_ws/build/xpkg_vehicle': CMAKE_PREFIX_PATH=/home/leomorningrain/code/sdk_mark2_mcnm_ws/install/xpkg_msgs:/home/leomorningrain/code/sdk_mark2_mcnm_ws/install/xpkg_vehicle:/home/leomorningrain/code/sdk_mark2_mcnm_ws/install/xpkg_urdf_mark2_mcnm:/home/leomorningrain/code/sdk_mark2_mcnm_ws/install/xpkg_comm:/home/leomorningrain/code/sdk_mark2_mcnm_ws/install/xpkg_demo:/opt/ros/humble LD_LIBRARY_PATH=/home/leomorningrain/code/sdk_mark2_mcnm_ws/install/xpkg_msgs/lib:/usr/lib/x86_64-linux-gnu/gazebo-11/plugins:/opt/ros/humble/opt/rviz_ogre_vendor/lib:/opt/ros/humble/lib/x86_64-linux-gnu:/opt/ros/humble/lib:/usr/local/lib /usr/bin/cmake --build /home/leomorningrain/code/sdk_mark2_mcnm_ws/build/xpkg_vehicle -- -j32 -l32
[2.049s] DEBUG:colcon.colcon_core.event_handler.log_command:Invoked command in '/home/leomorningrain/code/sdk_mark2_mcnm_ws/build/xpkg_comm' returned '0': CMAKE_PREFIX_PATH=/home/leomorningrain/code/sdk_mark2_mcnm_ws/install/xpkg_msgs:/home/leomorningrain/code/sdk_mark2_mcnm_ws/install/xpkg_vehicle:/home/leomorningrain/code/sdk_mark2_mcnm_ws/install/xpkg_urdf_mark2_mcnm:/home/leomorningrain/code/sdk_mark2_mcnm_ws/install/xpkg_comm:/home/leomorningrain/code/sdk_mark2_mcnm_ws/install/xpkg_demo:/opt/ros/humble LD_LIBRARY_PATH=/home/leomorningrain/code/sdk_mark2_mcnm_ws/install/xpkg_msgs/lib:/usr/lib/x86_64-linux-gnu/gazebo-11/plugins:/opt/ros/humble/opt/rviz_ogre_vendor/lib:/opt/ros/humble/lib/x86_64-linux-gnu:/opt/ros/humble/lib:/usr/local/lib /usr/bin/cmake --build /home/leomorningrain/code/sdk_mark2_mcnm_ws/build/xpkg_comm -- -j32 -l32
[2.058s] DEBUG:colcon.colcon_core.event_handler.log_command:Invoked command in '/home/leomorningrain/code/sdk_mark2_mcnm_ws/build/xpkg_vehicle' returned '0': CMAKE_PREFIX_PATH=/home/leomorningrain/code/sdk_mark2_mcnm_ws/install/xpkg_msgs:/home/leomorningrain/code/sdk_mark2_mcnm_ws/install/xpkg_vehicle:/home/leomorningrain/code/sdk_mark2_mcnm_ws/install/xpkg_urdf_mark2_mcnm:/home/leomorningrain/code/sdk_mark2_mcnm_ws/install/xpkg_comm:/home/leomorningrain/code/sdk_mark2_mcnm_ws/install/xpkg_demo:/opt/ros/humble LD_LIBRARY_PATH=/home/leomorningrain/code/sdk_mark2_mcnm_ws/install/xpkg_msgs/lib:/usr/lib/x86_64-linux-gnu/gazebo-11/plugins:/opt/ros/humble/opt/rviz_ogre_vendor/lib:/opt/ros/humble/lib/x86_64-linux-gnu:/opt/ros/humble/lib:/usr/local/lib /usr/bin/cmake --build /home/leomorningrain/code/sdk_mark2_mcnm_ws/build/xpkg_vehicle -- -j32 -l32
[2.132s] DEBUG:colcon.colcon_core.event_handler.log_command:Invoking command in '/home/leomorningrain/code/sdk_mark2_mcnm_ws/build/xpkg_vehicle': CMAKE_PREFIX_PATH=/home/leomorningrain/code/sdk_mark2_mcnm_ws/install/xpkg_msgs:/home/leomorningrain/code/sdk_mark2_mcnm_ws/install/xpkg_vehicle:/home/leomorningrain/code/sdk_mark2_mcnm_ws/install/xpkg_urdf_mark2_mcnm:/home/leomorningrain/code/sdk_mark2_mcnm_ws/install/xpkg_comm:/home/leomorningrain/code/sdk_mark2_mcnm_ws/install/xpkg_demo:/opt/ros/humble LD_LIBRARY_PATH=/home/leomorningrain/code/sdk_mark2_mcnm_ws/install/xpkg_msgs/lib:/usr/lib/x86_64-linux-gnu/gazebo-11/plugins:/opt/ros/humble/opt/rviz_ogre_vendor/lib:/opt/ros/humble/lib/x86_64-linux-gnu:/opt/ros/humble/lib:/usr/local/lib /usr/bin/cmake --install /home/leomorningrain/code/sdk_mark2_mcnm_ws/build/xpkg_vehicle
[2.161s] Level 1:colcon.colcon_core.environment:create_environment_scripts_only(xpkg_vehicle)
[2.161s] DEBUG:colcon.colcon_core.event_handler.log_command:Invoked command in '/home/leomorningrain/code/sdk_mark2_mcnm_ws/build/xpkg_vehicle' returned '0': CMAKE_PREFIX_PATH=/home/leomorningrain/code/sdk_mark2_mcnm_ws/install/xpkg_msgs:/home/leomorningrain/code/sdk_mark2_mcnm_ws/install/xpkg_vehicle:/home/leomorningrain/code/sdk_mark2_mcnm_ws/install/xpkg_urdf_mark2_mcnm:/home/leomorningrain/code/sdk_mark2_mcnm_ws/install/xpkg_comm:/home/leomorningrain/code/sdk_mark2_mcnm_ws/install/xpkg_demo:/opt/ros/humble LD_LIBRARY_PATH=/home/leomorningrain/code/sdk_mark2_mcnm_ws/install/xpkg_msgs/lib:/usr/lib/x86_64-linux-gnu/gazebo-11/plugins:/opt/ros/humble/opt/rviz_ogre_vendor/lib:/opt/ros/humble/lib/x86_64-linux-gnu:/opt/ros/humble/lib:/usr/local/lib /usr/bin/cmake --install /home/leomorningrain/code/sdk_mark2_mcnm_ws/build/xpkg_vehicle
[2.162s] Level 1:colcon.colcon_core.environment:checking '/home/leomorningrain/code/sdk_mark2_mcnm_ws/install/xpkg_vehicle' for CMake module files
[2.163s] Level 1:colcon.colcon_core.environment:checking '/home/leomorningrain/code/sdk_mark2_mcnm_ws/install/xpkg_vehicle' for CMake config files
[2.164s] Level 1:colcon.colcon_core.shell:create_environment_hook('xpkg_vehicle', 'cmake_prefix_path')
[2.164s] INFO:colcon.colcon_core.shell:Creating environment hook '/home/leomorningrain/code/sdk_mark2_mcnm_ws/install/xpkg_vehicle/share/xpkg_vehicle/hook/cmake_prefix_path.ps1'
[2.165s] INFO:colcon.colcon_core.shell:Creating environment descriptor '/home/leomorningrain/code/sdk_mark2_mcnm_ws/install/xpkg_vehicle/share/xpkg_vehicle/hook/cmake_prefix_path.dsv'
[2.165s] INFO:colcon.colcon_core.shell:Creating environment hook '/home/leomorningrain/code/sdk_mark2_mcnm_ws/install/xpkg_vehicle/share/xpkg_vehicle/hook/cmake_prefix_path.sh'
[2.167s] Level 1:colcon.colcon_core.environment:checking '/home/leomorningrain/code/sdk_mark2_mcnm_ws/install/xpkg_vehicle/lib'
[2.167s] Level 1:colcon.colcon_core.environment:checking '/home/leomorningrain/code/sdk_mark2_mcnm_ws/install/xpkg_vehicle/bin'
[2.167s] Level 1:colcon.colcon_core.environment:checking '/home/leomorningrain/code/sdk_mark2_mcnm_ws/install/xpkg_vehicle/lib/pkgconfig/xpkg_vehicle.pc'
[2.167s] Level 1:colcon.colcon_core.environment:checking '/home/leomorningrain/code/sdk_mark2_mcnm_ws/install/xpkg_vehicle/lib/python3.10/site-packages'
[2.168s] Level 1:colcon.colcon_core.environment:checking '/home/leomorningrain/code/sdk_mark2_mcnm_ws/install/xpkg_vehicle/bin'
[2.168s] INFO:colcon.colcon_core.shell:Creating package script '/home/leomorningrain/code/sdk_mark2_mcnm_ws/install/xpkg_vehicle/share/xpkg_vehicle/package.ps1'
[2.169s] INFO:colcon.colcon_core.shell:Creating package descriptor '/home/leomorningrain/code/sdk_mark2_mcnm_ws/install/xpkg_vehicle/share/xpkg_vehicle/package.dsv'
[2.170s] INFO:colcon.colcon_core.shell:Creating package script '/home/leomorningrain/code/sdk_mark2_mcnm_ws/install/xpkg_vehicle/share/xpkg_vehicle/package.sh'
[2.170s] INFO:colcon.colcon_core.shell:Creating package script '/home/leomorningrain/code/sdk_mark2_mcnm_ws/install/xpkg_vehicle/share/xpkg_vehicle/package.bash'
[2.171s] INFO:colcon.colcon_core.shell:Creating package script '/home/leomorningrain/code/sdk_mark2_mcnm_ws/install/xpkg_vehicle/share/xpkg_vehicle/package.zsh'
[2.171s] Level 1:colcon.colcon_core.environment:create_file_with_runtime_dependencies(/home/leomorningrain/code/sdk_mark2_mcnm_ws/install/xpkg_vehicle/share/colcon-core/packages/xpkg_vehicle)
[2.176s] DEBUG:colcon.colcon_core.event_handler.log_command:Invoking command in '/home/leomorningrain/code/sdk_mark2_mcnm_ws/build/xpkg_comm': CMAKE_PREFIX_PATH=/home/leomorningrain/code/sdk_mark2_mcnm_ws/install/xpkg_msgs:/home/leomorningrain/code/sdk_mark2_mcnm_ws/install/xpkg_vehicle:/home/leomorningrain/code/sdk_mark2_mcnm_ws/install/xpkg_urdf_mark2_mcnm:/home/leomorningrain/code/sdk_mark2_mcnm_ws/install/xpkg_comm:/home/leomorningrain/code/sdk_mark2_mcnm_ws/install/xpkg_demo:/opt/ros/humble LD_LIBRARY_PATH=/home/leomorningrain/code/sdk_mark2_mcnm_ws/install/xpkg_msgs/lib:/usr/lib/x86_64-linux-gnu/gazebo-11/plugins:/opt/ros/humble/opt/rviz_ogre_vendor/lib:/opt/ros/humble/lib/x86_64-linux-gnu:/opt/ros/humble/lib:/usr/local/lib /usr/bin/cmake --install /home/leomorningrain/code/sdk_mark2_mcnm_ws/build/xpkg_comm
[2.197s] Level 1:colcon.colcon_core.environment:create_environment_scripts_only(xpkg_comm)
[2.198s] Level 1:colcon.colcon_core.environment:checking '/home/leomorningrain/code/sdk_mark2_mcnm_ws/install/xpkg_comm' for CMake module files
[2.201s] DEBUG:colcon.colcon_core.event_handler.log_command:Invoked command in '/home/leomorningrain/code/sdk_mark2_mcnm_ws/build/xpkg_comm' returned '0': CMAKE_PREFIX_PATH=/home/leomorningrain/code/sdk_mark2_mcnm_ws/install/xpkg_msgs:/home/leomorningrain/code/sdk_mark2_mcnm_ws/install/xpkg_vehicle:/home/leomorningrain/code/sdk_mark2_mcnm_ws/install/xpkg_urdf_mark2_mcnm:/home/leomorningrain/code/sdk_mark2_mcnm_ws/install/xpkg_comm:/home/leomorningrain/code/sdk_mark2_mcnm_ws/install/xpkg_demo:/opt/ros/humble LD_LIBRARY_PATH=/home/leomorningrain/code/sdk_mark2_mcnm_ws/install/xpkg_msgs/lib:/usr/lib/x86_64-linux-gnu/gazebo-11/plugins:/opt/ros/humble/opt/rviz_ogre_vendor/lib:/opt/ros/humble/lib/x86_64-linux-gnu:/opt/ros/humble/lib:/usr/local/lib /usr/bin/cmake --install /home/leomorningrain/code/sdk_mark2_mcnm_ws/build/xpkg_comm
[2.201s] Level 1:colcon.colcon_core.environment:checking '/home/leomorningrain/code/sdk_mark2_mcnm_ws/install/xpkg_comm' for CMake config files
[2.202s] Level 1:colcon.colcon_core.shell:create_environment_hook('xpkg_comm', 'cmake_prefix_path')
[2.202s] INFO:colcon.colcon_core.shell:Creating environment hook '/home/leomorningrain/code/sdk_mark2_mcnm_ws/install/xpkg_comm/share/xpkg_comm/hook/cmake_prefix_path.ps1'
[2.203s] INFO:colcon.colcon_core.shell:Creating environment descriptor '/home/leomorningrain/code/sdk_mark2_mcnm_ws/install/xpkg_comm/share/xpkg_comm/hook/cmake_prefix_path.dsv'
[2.204s] INFO:colcon.colcon_core.shell:Creating environment hook '/home/leomorningrain/code/sdk_mark2_mcnm_ws/install/xpkg_comm/share/xpkg_comm/hook/cmake_prefix_path.sh'
[2.205s] Level 1:colcon.colcon_core.environment:checking '/home/leomorningrain/code/sdk_mark2_mcnm_ws/install/xpkg_comm/lib'
[2.205s] Level 1:colcon.colcon_core.environment:checking '/home/leomorningrain/code/sdk_mark2_mcnm_ws/install/xpkg_comm/bin'
[2.205s] Level 1:colcon.colcon_core.environment:checking '/home/leomorningrain/code/sdk_mark2_mcnm_ws/install/xpkg_comm/lib/pkgconfig/xpkg_comm.pc'
[2.206s] Level 1:colcon.colcon_core.environment:checking '/home/leomorningrain/code/sdk_mark2_mcnm_ws/install/xpkg_comm/lib/python3.10/site-packages'
[2.206s] Level 1:colcon.colcon_core.environment:checking '/home/leomorningrain/code/sdk_mark2_mcnm_ws/install/xpkg_comm/bin'
[2.207s] INFO:colcon.colcon_core.shell:Creating package script '/home/leomorningrain/code/sdk_mark2_mcnm_ws/install/xpkg_comm/share/xpkg_comm/package.ps1'
[2.207s] INFO:colcon.colcon_core.shell:Creating package descriptor '/home/leomorningrain/code/sdk_mark2_mcnm_ws/install/xpkg_comm/share/xpkg_comm/package.dsv'
[2.208s] INFO:colcon.colcon_core.shell:Creating package script '/home/leomorningrain/code/sdk_mark2_mcnm_ws/install/xpkg_comm/share/xpkg_comm/package.sh'
[2.208s] INFO:colcon.colcon_core.shell:Creating package script '/home/leomorningrain/code/sdk_mark2_mcnm_ws/install/xpkg_comm/share/xpkg_comm/package.bash'
[2.209s] INFO:colcon.colcon_core.shell:Creating package script '/home/leomorningrain/code/sdk_mark2_mcnm_ws/install/xpkg_comm/share/xpkg_comm/package.zsh'
[2.209s] Level 1:colcon.colcon_core.environment:create_file_with_runtime_dependencies(/home/leomorningrain/code/sdk_mark2_mcnm_ws/install/xpkg_comm/share/colcon-core/packages/xpkg_comm)
[2.252s] Level 1:colcon.colcon_core.environment:create_environment_scripts_only(xpkg_vehicle)
[2.253s] Level 1:colcon.colcon_core.environment:checking '/home/leomorningrain/code/sdk_mark2_mcnm_ws/install/xpkg_vehicle' for CMake module files
[2.254s] Level 1:colcon.colcon_core.environment:checking '/home/leomorningrain/code/sdk_mark2_mcnm_ws/install/xpkg_vehicle' for CMake config files
[2.255s] Level 1:colcon.colcon_core.shell:create_environment_hook('xpkg_vehicle', 'cmake_prefix_path')
[2.255s] INFO:colcon.colcon_core.shell:Creating environment hook '/home/leomorningrain/code/sdk_mark2_mcnm_ws/install/xpkg_vehicle/share/xpkg_vehicle/hook/cmake_prefix_path.ps1'
[2.256s] INFO:colcon.colcon_core.shell:Creating environment descriptor '/home/leomorningrain/code/sdk_mark2_mcnm_ws/install/xpkg_vehicle/share/xpkg_vehicle/hook/cmake_prefix_path.dsv'
[2.257s] INFO:colcon.colcon_core.shell:Creating environment hook '/home/leomorningrain/code/sdk_mark2_mcnm_ws/install/xpkg_vehicle/share/xpkg_vehicle/hook/cmake_prefix_path.sh'
[2.257s] Level 1:colcon.colcon_core.environment:checking '/home/leomorningrain/code/sdk_mark2_mcnm_ws/install/xpkg_vehicle/lib'
[2.258s] Level 1:colcon.colcon_core.environment:checking '/home/leomorningrain/code/sdk_mark2_mcnm_ws/install/xpkg_vehicle/bin'
[2.258s] Level 1:colcon.colcon_core.environment:checking '/home/leomorningrain/code/sdk_mark2_mcnm_ws/install/xpkg_vehicle/lib/pkgconfig/xpkg_vehicle.pc'
[2.258s] Level 1:colcon.colcon_core.environment:checking '/home/leomorningrain/code/sdk_mark2_mcnm_ws/install/xpkg_vehicle/lib/python3.10/site-packages'
[2.259s] Level 1:colcon.colcon_core.environment:checking '/home/leomorningrain/code/sdk_mark2_mcnm_ws/install/xpkg_vehicle/bin'
[2.259s] INFO:colcon.colcon_core.shell:Creating package script '/home/leomorningrain/code/sdk_mark2_mcnm_ws/install/xpkg_vehicle/share/xpkg_vehicle/package.ps1'
[2.260s] INFO:colcon.colcon_core.shell:Creating package descriptor '/home/leomorningrain/code/sdk_mark2_mcnm_ws/install/xpkg_vehicle/share/xpkg_vehicle/package.dsv'
[2.261s] INFO:colcon.colcon_core.shell:Creating package script '/home/leomorningrain/code/sdk_mark2_mcnm_ws/install/xpkg_vehicle/share/xpkg_vehicle/package.sh'
[2.261s] INFO:colcon.colcon_core.shell:Creating package script '/home/leomorningrain/code/sdk_mark2_mcnm_ws/install/xpkg_vehicle/share/xpkg_vehicle/package.bash'
[2.262s] INFO:colcon.colcon_core.shell:Creating package script '/home/leomorningrain/code/sdk_mark2_mcnm_ws/install/xpkg_vehicle/share/xpkg_vehicle/package.zsh'
[2.262s] Level 1:colcon.colcon_core.environment:create_file_with_runtime_dependencies(/home/leomorningrain/code/sdk_mark2_mcnm_ws/install/xpkg_vehicle/share/colcon-core/packages/xpkg_vehicle)
[2.335s] Level 1:colcon.colcon_core.environment:create_environment_scripts_only(xpkg_comm)
[2.335s] Level 1:colcon.colcon_core.environment:checking '/home/leomorningrain/code/sdk_mark2_mcnm_ws/install/xpkg_comm' for CMake module files
[2.336s] Level 1:colcon.colcon_core.environment:checking '/home/leomorningrain/code/sdk_mark2_mcnm_ws/install/xpkg_comm' for CMake config files
[2.337s] Level 1:colcon.colcon_core.shell:create_environment_hook('xpkg_comm', 'cmake_prefix_path')
[2.338s] INFO:colcon.colcon_core.shell:Creating environment hook '/home/leomorningrain/code/sdk_mark2_mcnm_ws/install/xpkg_comm/share/xpkg_comm/hook/cmake_prefix_path.ps1'
[2.338s] INFO:colcon.colcon_core.shell:Creating environment descriptor '/home/leomorningrain/code/sdk_mark2_mcnm_ws/install/xpkg_comm/share/xpkg_comm/hook/cmake_prefix_path.dsv'
[2.339s] INFO:colcon.colcon_core.shell:Creating environment hook '/home/leomorningrain/code/sdk_mark2_mcnm_ws/install/xpkg_comm/share/xpkg_comm/hook/cmake_prefix_path.sh'
[2.340s] Level 1:colcon.colcon_core.environment:checking '/home/leomorningrain/code/sdk_mark2_mcnm_ws/install/xpkg_comm/lib'
[2.340s] Level 1:colcon.colcon_core.environment:checking '/home/leomorningrain/code/sdk_mark2_mcnm_ws/install/xpkg_comm/bin'
[2.340s] Level 1:colcon.colcon_core.environment:checking '/home/leomorningrain/code/sdk_mark2_mcnm_ws/install/xpkg_comm/lib/pkgconfig/xpkg_comm.pc'
[2.341s] Level 1:colcon.colcon_core.environment:checking '/home/leomorningrain/code/sdk_mark2_mcnm_ws/install/xpkg_comm/lib/python3.10/site-packages'
[2.341s] Level 1:colcon.colcon_core.environment:checking '/home/leomorningrain/code/sdk_mark2_mcnm_ws/install/xpkg_comm/bin'
[2.342s] INFO:colcon.colcon_core.shell:Creating package script '/home/leomorningrain/code/sdk_mark2_mcnm_ws/install/xpkg_comm/share/xpkg_comm/package.ps1'
[2.343s] INFO:colcon.colcon_core.shell:Creating package descriptor '/home/leomorningrain/code/sdk_mark2_mcnm_ws/install/xpkg_comm/share/xpkg_comm/package.dsv'
[2.344s] INFO:colcon.colcon_core.shell:Creating package script '/home/leomorningrain/code/sdk_mark2_mcnm_ws/install/xpkg_comm/share/xpkg_comm/package.sh'
[2.345s] INFO:colcon.colcon_core.shell:Creating package script '/home/leomorningrain/code/sdk_mark2_mcnm_ws/install/xpkg_comm/share/xpkg_comm/package.bash'
[2.346s] INFO:colcon.colcon_core.shell:Creating package script '/home/leomorningrain/code/sdk_mark2_mcnm_ws/install/xpkg_comm/share/xpkg_comm/package.zsh'
[2.347s] Level 1:colcon.colcon_core.environment:create_file_with_runtime_dependencies(/home/leomorningrain/code/sdk_mark2_mcnm_ws/install/xpkg_comm/share/colcon-core/packages/xpkg_comm)
[2.347s] DEBUG:colcon.colcon_parallel_executor.executor.parallel:closing loop
[2.348s] DEBUG:colcon.colcon_parallel_executor.executor.parallel:loop closed
[2.348s] DEBUG:colcon.colcon_parallel_executor.executor.parallel:run_until_complete finished with '0'
[2.348s] DEBUG:colcon.colcon_core.event_reactor:joining thread
[2.362s] INFO:colcon.colcon_core.plugin_system:Skipping extension 'colcon_notification.desktop_notification.terminal_notifier': Not used on non-Darwin systems
[2.363s] INFO:colcon.colcon_core.plugin_system:Skipping extension 'colcon_notification.desktop_notification.win32': Not used on non-Windows systems
[2.363s] INFO:colcon.colcon_notification.desktop_notification:Sending desktop notification using 'notify2'
[2.387s] DEBUG:colcon.colcon_core.event_reactor:joined thread
[2.388s] INFO:colcon.colcon_core.shell:Creating prefix script '/home/leomorningrain/code/sdk_mark2_mcnm_ws/install/local_setup.ps1'
[2.389s] INFO:colcon.colcon_core.shell:Creating prefix util module '/home/leomorningrain/code/sdk_mark2_mcnm_ws/install/_local_setup_util_ps1.py'
[2.391s] INFO:colcon.colcon_core.shell:Creating prefix chain script '/home/leomorningrain/code/sdk_mark2_mcnm_ws/install/setup.ps1'
[2.393s] INFO:colcon.colcon_core.shell:Creating prefix script '/home/leomorningrain/code/sdk_mark2_mcnm_ws/install/local_setup.sh'
[2.394s] INFO:colcon.colcon_core.shell:Creating prefix util module '/home/leomorningrain/code/sdk_mark2_mcnm_ws/install/_local_setup_util_sh.py'
[2.395s] INFO:colcon.colcon_core.shell:Creating prefix chain script '/home/leomorningrain/code/sdk_mark2_mcnm_ws/install/setup.sh'
[2.397s] INFO:colcon.colcon_core.shell:Creating prefix script '/home/leomorningrain/code/sdk_mark2_mcnm_ws/install/local_setup.bash'
[2.398s] INFO:colcon.colcon_core.shell:Creating prefix chain script '/home/leomorningrain/code/sdk_mark2_mcnm_ws/install/setup.bash'
[2.399s] INFO:colcon.colcon_core.shell:Creating prefix script '/home/leomorningrain/code/sdk_mark2_mcnm_ws/install/local_setup.zsh'
[2.400s] INFO:colcon.colcon_core.shell:Creating prefix chain script '/home/leomorningrain/code/sdk_mark2_mcnm_ws/install/setup.zsh'
