-- Install configuration: ""
-- Up-to-date: /home/leomorningrain/code/sdk_mark2_mcnm_ws/install/xpkg_demo/share/ament_index/resource_index/package_run_dependencies/xpkg_demo
-- Up-to-date: /home/leomorningrain/code/sdk_mark2_mcnm_ws/install/xpkg_demo/share/ament_index/resource_index/parent_prefix_path/xpkg_demo
-- Up-to-date: /home/leomorningrain/code/sdk_mark2_mcnm_ws/install/xpkg_demo/share/xpkg_demo/environment/ament_prefix_path.sh
-- Up-to-date: /home/leomorningrain/code/sdk_mark2_mcnm_ws/install/xpkg_demo/share/xpkg_demo/environment/ament_prefix_path.dsv
-- Up-to-date: /home/leomorningrain/code/sdk_mark2_mcnm_ws/install/xpkg_demo/share/xpkg_demo/environment/path.sh
-- Up-to-date: /home/leomorningrain/code/sdk_mark2_mcnm_ws/install/xpkg_demo/share/xpkg_demo/environment/path.dsv
-- Up-to-date: /home/leomorningrain/code/sdk_mark2_mcnm_ws/install/xpkg_demo/share/xpkg_demo/local_setup.bash
-- Up-to-date: /home/leomorningrain/code/sdk_mark2_mcnm_ws/install/xpkg_demo/share/xpkg_demo/local_setup.sh
-- Up-to-date: /home/leomorningrain/code/sdk_mark2_mcnm_ws/install/xpkg_demo/share/xpkg_demo/local_setup.zsh
-- Up-to-date: /home/leomorningrain/code/sdk_mark2_mcnm_ws/install/xpkg_demo/share/xpkg_demo/local_setup.dsv
-- Installing: /home/leomorningrain/code/sdk_mark2_mcnm_ws/install/xpkg_demo/share/xpkg_demo/package.dsv
-- Up-to-date: /home/leomorningrain/code/sdk_mark2_mcnm_ws/install/xpkg_demo/share/ament_index/resource_index/packages/xpkg_demo
-- Up-to-date: /home/leomorningrain/code/sdk_mark2_mcnm_ws/install/xpkg_demo/share/xpkg_demo/cmake/xpkg_demoConfig.cmake
-- Up-to-date: /home/leomorningrain/code/sdk_mark2_mcnm_ws/install/xpkg_demo/share/xpkg_demo/cmake/xpkg_demoConfig-version.cmake
-- Up-to-date: /home/leomorningrain/code/sdk_mark2_mcnm_ws/install/xpkg_demo/share/xpkg_demo/package.xml
-- Up-to-date: /home/leomorningrain/code/sdk_mark2_mcnm_ws/install/xpkg_demo/share/xpkg_demo/demo_vehicle/ROS2
-- Up-to-date: /home/leomorningrain/code/sdk_mark2_mcnm_ws/install/xpkg_demo/share/xpkg_demo/demo_vehicle/ROS2/config
-- Up-to-date: /home/leomorningrain/code/sdk_mark2_mcnm_ws/install/xpkg_demo/share/xpkg_demo/demo_vehicle/ROS2/config/rviz_vehicle.rviz
-- Installing: /home/leomorningrain/code/sdk_mark2_mcnm_ws/install/xpkg_demo/share/xpkg_demo/demo_vehicle/ROS2/config/joystick.yaml
-- Up-to-date: /home/leomorningrain/code/sdk_mark2_mcnm_ws/install/xpkg_demo/share/xpkg_demo/demo_vehicle/ROS2/launch
-- Up-to-date: /home/leomorningrain/code/sdk_mark2_mcnm_ws/install/xpkg_demo/share/xpkg_demo/demo_vehicle/ROS2/launch/vehicle_ctrl_map.png
-- Up-to-date: /home/leomorningrain/code/sdk_mark2_mcnm_ws/install/xpkg_demo/share/xpkg_demo/demo_vehicle/ROS2/launch/bringup_basic_ctrl.launch.xml
-- Up-to-date: /home/leomorningrain/code/sdk_mark2_mcnm_ws/install/xpkg_demo/share/xpkg_demo/demo_vehicle/ROS2/launch/joystick.launch.py
-- Up-to-date: /home/leomorningrain/code/sdk_mark2_mcnm_ws/install/xpkg_demo/share/xpkg_demo/demo_vehicle/ROS2/launch/bringup_basic_ctrl.launch.py
-- Up-to-date: /home/leomorningrain/code/sdk_mark2_mcnm_ws/install/xpkg_demo/share/xpkg_demo/demo_vehicle/ROS2/launch/__pycache__
-- Up-to-date: /home/leomorningrain/code/sdk_mark2_mcnm_ws/install/xpkg_demo/share/xpkg_demo/demo_vehicle/ROS2/launch/__pycache__/joystick.launch.cpython-310.pyc
