[0.004s] Invoking command in '/home/leomorningrain/code/ros2-mecanum-bot/build/mecanumbot_bringup': AMENT_PREFIX_PATH=/home/leomorningrain/code/ros2-mecanum-bot/install/mecanumbot_description:${AMENT_PREFIX_PATH} CMAKE_PREFIX_PATH=/home/leomorningrain/code/ros2-mecanum-bot/install/mecanumbot_description:/opt/ros/humble /usr/bin/cmake /home/leomorningrain/code/ros2-mecanum-bot/src/ros2-mecanum-bot/mecanumbot_bringup -DAMENT_CMAKE_SYMLINK_INSTALL=1 -DCMAKE_INSTALL_PREFIX=/home/leomorningrain/code/ros2-mecanum-bot/install/mecanumbot_bringup
[0.039s] -- The C compiler identification is GNU 11.4.0
[0.075s] -- The CXX compiler identification is GNU 11.4.0
[0.080s] -- Detecting C compiler ABI info
[0.124s] -- Detecting C compiler ABI info - done
[0.130s] -- Check for working C compiler: /usr/bin/cc - skipped
[0.131s] -- Detecting C compile features
[0.131s] -- Detecting C compile features - done
[0.134s] -- Detecting CXX compiler ABI info
[0.189s] -- Detecting CXX compiler ABI info - done
[0.195s] -- Check for working CXX compiler: /usr/bin/c++ - skipped
[0.196s] -- Detecting CXX compile features
[0.196s] -- Detecting CXX compile features - done
[0.197s] -- Found ament_cmake: 1.3.8 (/opt/ros/humble/share/ament_cmake/cmake)
[0.295s] -- Found Python3: /usr/bin/python3 (found version "3.10.12") found components: Interpreter 
[0.336s] -- Override CMake install command with custom implementation using symlinks instead of copying resources
[0.392s] -- Configuring done
[0.394s] -- Generating done
[0.394s] -- Build files have been written to: /home/leomorningrain/code/ros2-mecanum-bot/build/mecanumbot_bringup
[0.397s] Invoked command in '/home/leomorningrain/code/ros2-mecanum-bot/build/mecanumbot_bringup' returned '0': AMENT_PREFIX_PATH=/home/leomorningrain/code/ros2-mecanum-bot/install/mecanumbot_description:${AMENT_PREFIX_PATH} CMAKE_PREFIX_PATH=/home/leomorningrain/code/ros2-mecanum-bot/install/mecanumbot_description:/opt/ros/humble /usr/bin/cmake /home/leomorningrain/code/ros2-mecanum-bot/src/ros2-mecanum-bot/mecanumbot_bringup -DAMENT_CMAKE_SYMLINK_INSTALL=1 -DCMAKE_INSTALL_PREFIX=/home/leomorningrain/code/ros2-mecanum-bot/install/mecanumbot_bringup
[0.399s] Invoking command in '/home/leomorningrain/code/ros2-mecanum-bot/build/mecanumbot_bringup': AMENT_PREFIX_PATH=/home/leomorningrain/code/ros2-mecanum-bot/install/mecanumbot_description:${AMENT_PREFIX_PATH} CMAKE_PREFIX_PATH=/home/leomorningrain/code/ros2-mecanum-bot/install/mecanumbot_description:/opt/ros/humble /usr/bin/cmake --build /home/leomorningrain/code/ros2-mecanum-bot/build/mecanumbot_bringup -- -j32 -l32
[0.425s] Invoked command in '/home/leomorningrain/code/ros2-mecanum-bot/build/mecanumbot_bringup' returned '0': AMENT_PREFIX_PATH=/home/leomorningrain/code/ros2-mecanum-bot/install/mecanumbot_description:${AMENT_PREFIX_PATH} CMAKE_PREFIX_PATH=/home/leomorningrain/code/ros2-mecanum-bot/install/mecanumbot_description:/opt/ros/humble /usr/bin/cmake --build /home/leomorningrain/code/ros2-mecanum-bot/build/mecanumbot_bringup -- -j32 -l32
[0.440s] Invoking command in '/home/leomorningrain/code/ros2-mecanum-bot/build/mecanumbot_bringup': AMENT_PREFIX_PATH=/home/leomorningrain/code/ros2-mecanum-bot/install/mecanumbot_description:${AMENT_PREFIX_PATH} CMAKE_PREFIX_PATH=/home/leomorningrain/code/ros2-mecanum-bot/install/mecanumbot_description:/opt/ros/humble /usr/bin/cmake --install /home/leomorningrain/code/ros2-mecanum-bot/build/mecanumbot_bringup
[0.444s] -- Install configuration: ""
[0.445s] -- Execute custom install script
[0.445s] -- Symlinking: /home/leomorningrain/code/ros2-mecanum-bot/install/mecanumbot_bringup/share/mecanumbot_bringup/launch/mecanumbot_hardware.py
[0.451s] -- Symlinking: /home/leomorningrain/code/ros2-mecanum-bot/install/mecanumbot_bringup/share/mecanumbot_bringup/launch/mecanumbot_state_publisher.py
[0.457s] -- Symlinking: /home/leomorningrain/code/ros2-mecanum-bot/install/mecanumbot_bringup/share/mecanumbot_bringup/launch/mecanumbot_teleop.py
[0.464s] -- Symlinking: /home/leomorningrain/code/ros2-mecanum-bot/install/mecanumbot_bringup/share/mecanumbot_bringup/launch/rviz2.py
[0.470s] -- Symlinking: /home/leomorningrain/code/ros2-mecanum-bot/install/mecanumbot_bringup/share/ament_index/resource_index/package_run_dependencies/mecanumbot_bringup
[0.476s] -- Symlinking: /home/leomorningrain/code/ros2-mecanum-bot/install/mecanumbot_bringup/share/ament_index/resource_index/parent_prefix_path/mecanumbot_bringup
[0.482s] -- Symlinking: /home/leomorningrain/code/ros2-mecanum-bot/install/mecanumbot_bringup/share/mecanumbot_bringup/environment/ament_prefix_path.sh
[0.488s] -- Symlinking: /home/leomorningrain/code/ros2-mecanum-bot/install/mecanumbot_bringup/share/mecanumbot_bringup/environment/ament_prefix_path.dsv
[0.494s] -- Symlinking: /home/leomorningrain/code/ros2-mecanum-bot/install/mecanumbot_bringup/share/mecanumbot_bringup/environment/path.sh
[0.499s] -- Symlinking: /home/leomorningrain/code/ros2-mecanum-bot/install/mecanumbot_bringup/share/mecanumbot_bringup/environment/path.dsv
[0.505s] -- Symlinking: /home/leomorningrain/code/ros2-mecanum-bot/install/mecanumbot_bringup/share/mecanumbot_bringup/local_setup.bash
[0.511s] -- Symlinking: /home/leomorningrain/code/ros2-mecanum-bot/install/mecanumbot_bringup/share/mecanumbot_bringup/local_setup.sh
[0.517s] -- Symlinking: /home/leomorningrain/code/ros2-mecanum-bot/install/mecanumbot_bringup/share/mecanumbot_bringup/local_setup.zsh
[0.522s] -- Symlinking: /home/leomorningrain/code/ros2-mecanum-bot/install/mecanumbot_bringup/share/mecanumbot_bringup/local_setup.dsv
[0.529s] -- Symlinking: /home/leomorningrain/code/ros2-mecanum-bot/install/mecanumbot_bringup/share/mecanumbot_bringup/package.dsv
[0.535s] -- Symlinking: /home/leomorningrain/code/ros2-mecanum-bot/install/mecanumbot_bringup/share/ament_index/resource_index/packages/mecanumbot_bringup
[0.541s] -- Symlinking: /home/leomorningrain/code/ros2-mecanum-bot/install/mecanumbot_bringup/share/mecanumbot_bringup/cmake/mecanumbot_bringupConfig.cmake
[0.547s] -- Symlinking: /home/leomorningrain/code/ros2-mecanum-bot/install/mecanumbot_bringup/share/mecanumbot_bringup/cmake/mecanumbot_bringupConfig-version.cmake
[0.553s] -- Symlinking: /home/leomorningrain/code/ros2-mecanum-bot/install/mecanumbot_bringup/share/mecanumbot_bringup/package.xml
[0.561s] Invoked command in '/home/leomorningrain/code/ros2-mecanum-bot/build/mecanumbot_bringup' returned '0': AMENT_PREFIX_PATH=/home/leomorningrain/code/ros2-mecanum-bot/install/mecanumbot_description:${AMENT_PREFIX_PATH} CMAKE_PREFIX_PATH=/home/leomorningrain/code/ros2-mecanum-bot/install/mecanumbot_description:/opt/ros/humble /usr/bin/cmake --install /home/leomorningrain/code/ros2-mecanum-bot/build/mecanumbot_bringup
