[0.007s] Invoking command in '/home/leomorningrain/code/ws01_plumbing/build/cpp01_topic': CMAKE_PREFIX_PATH=/home/leomorningrain/code/ws01_plumbing/install/base_interfaces_demo:/home/leomorningrain/code/ws01_plumbing/install/cpp01_topic:/home/leomorningrain/code/ws01_plumbing/install/py01_topic:/opt/ros/humble LD_LIBRARY_PATH=/home/leomorningrain/code/ws01_plumbing/install/base_interfaces_demo/lib:/opt/ros/humble/opt/rviz_ogre_vendor/lib:/opt/ros/humble/lib/x86_64-linux-gnu:/opt/ros/humble/lib:/usr/local/lib:/usr/local/lib /usr/bin/cmake --build /home/leomorningrain/code/ws01_plumbing/build/cpp01_topic -- -j32 -l32
[0.023s] -- Found ament_cmake: 1.3.8 (/opt/ros/humble/share/ament_cmake/cmake)
[0.092s] -- Found rclcpp: 16.0.8 (/opt/ros/humble/share/rclcpp/cmake)
[0.110s] -- Found rosidl_generator_c: 3.1.5 (/opt/ros/humble/share/rosidl_generator_c/cmake)
[0.111s] -- Found rosidl_adapter: 3.1.5 (/opt/ros/humble/share/rosidl_adapter/cmake)
[0.114s] -- Found rosidl_generator_cpp: 3.1.5 (/opt/ros/humble/share/rosidl_generator_cpp/cmake)
[0.120s] -- Using all available rosidl_typesupport_c: rosidl_typesupport_fastrtps_c;rosidl_typesupport_introspection_c
[0.127s] -- Using all available rosidl_typesupport_cpp: rosidl_typesupport_fastrtps_cpp;rosidl_typesupport_introspection_cpp
[0.159s] -- Found rmw_implementation_cmake: 6.1.1 (/opt/ros/humble/share/rmw_implementation_cmake/cmake)
[0.160s] -- Found rmw_fastrtps_cpp: 6.2.6 (/opt/ros/humble/share/rmw_fastrtps_cpp/cmake)
[0.221s] -- Using RMW implementation 'rmw_fastrtps_cpp' as default
[0.306s] -- Found base_interfaces_demo: 0.0.0 (/home/leomorningrain/code/ws01_plumbing/install/base_interfaces_demo/share/base_interfaces_demo/cmake)
[0.315s] -- Found ament_lint_auto: 0.12.10 (/opt/ros/humble/share/ament_lint_auto/cmake)
[0.355s] -- Added test 'cppcheck' to perform static code analysis on C / C++ code
[0.355s] -- Configured cppcheck include dirs: $<BUILD_INTERFACE:/home/leomorningrain/code/ws01_plumbing/src/cpp01_topic/include>
[0.355s] -- Configured cppcheck exclude dirs and/or files: 
[0.355s] -- Added test 'lint_cmake' to check CMake code style
[0.356s] -- Added test 'uncrustify' to check C / C++ code style
[0.356s] -- Configured uncrustify additional arguments: 
[0.356s] -- Added test 'xmllint' to check XML markup files
[0.356s] -- Configuring done
[0.358s] [31mCMake Error at CMakeLists.txt:17 (add_executable):
[0.358s]   Cannot find source file:
[0.358s] 
[0.358s]     src/demo04_listener_stu.cpp
[0.359s] 
[0.359s]   Tried extensions .c .C .c++ .cc .cpp .cxx .cu .mpp .m .M .mm .ixx .cppm .h
[0.359s]   .hh .h++ .hm .hpp .hxx .in .txx .f .F .for .f77 .f90 .f95 .f03 .hip .ispc
[0.359s] 
[0.359s] [0m
[0.359s] [31mCMake Error at CMakeLists.txt:17 (add_executable):
[0.359s]   No SOURCES given to target: demo04_listener_stu
[0.359s] 
[0.359s] [0m
[0.359s] [0mCMake Generate step failed.  Build files cannot be regenerated correctly.[0m
[0.363s] gmake: *** [Makefile:308: cmake_check_build_system] Error 1
[0.365s] Invoked command in '/home/leomorningrain/code/ws01_plumbing/build/cpp01_topic' returned '2': CMAKE_PREFIX_PATH=/home/leomorningrain/code/ws01_plumbing/install/base_interfaces_demo:/home/leomorningrain/code/ws01_plumbing/install/cpp01_topic:/home/leomorningrain/code/ws01_plumbing/install/py01_topic:/opt/ros/humble LD_LIBRARY_PATH=/home/leomorningrain/code/ws01_plumbing/install/base_interfaces_demo/lib:/opt/ros/humble/opt/rviz_ogre_vendor/lib:/opt/ros/humble/lib/x86_64-linux-gnu:/opt/ros/humble/lib:/usr/local/lib:/usr/local/lib /usr/bin/cmake --build /home/leomorningrain/code/ws01_plumbing/build/cpp01_topic -- -j32 -l32
