[0.032s] Invoking command in '/home/leomorningrain/code/sdk_mark2_mcnm_ws/build/xpkg_msgs': CMAKE_PREFIX_PATH=/opt/ros/humble /usr/bin/cmake --build /home/leomorningrain/code/sdk_mark2_mcnm_ws/build/xpkg_msgs -- -j32 -l32
[0.138s] [35m[1mConsolidate compiler generated dependencies of target xpkg_msgs__rosidl_generator_c[0m
[0.168s] [  2%] Built target xpkg_msgs__cpp
[0.178s] [ 12%] Built target xpkg_msgs__rosidl_generator_c
[0.195s] [ 12%] Built target ament_cmake_python_copy_xpkg_msgs
[0.203s] [35m[1mConsolidate compiler generated dependencies of target xpkg_msgs__rosidl_typesupport_cpp[0m
[0.205s] [35m[1mConsolidate compiler generated dependencies of target xpkg_msgs__rosidl_typesupport_fastrtps_cpp[0m
[0.207s] [35m[1mConsolidate compiler generated dependencies of target xpkg_msgs__rosidl_typesupport_introspection_cpp[0m
[0.212s] [35m[1mConsolidate compiler generated dependencies of target xpkg_msgs__rosidl_typesupport_introspection_c[0m
[0.217s] [35m[1mConsolidate compiler generated dependencies of target xpkg_msgs__rosidl_typesupport_fastrtps_c[0m
[0.219s] [35m[1mConsolidate compiler generated dependencies of target xpkg_msgs__rosidl_typesupport_c[0m
[0.261s] [ 23%] Built target xpkg_msgs__rosidl_typesupport_cpp
[0.261s] [ 34%] Built target xpkg_msgs__rosidl_typesupport_introspection_c
[0.263s] [ 44%] Built target xpkg_msgs__rosidl_typesupport_fastrtps_cpp
[0.264s] [ 55%] Built target xpkg_msgs__rosidl_typesupport_c
[0.265s] [ 65%] Built target xpkg_msgs__rosidl_typesupport_introspection_cpp
[0.267s] [ 76%] Built target xpkg_msgs__rosidl_typesupport_fastrtps_c
[0.317s] [ 76%] Built target xpkg_msgs
[0.385s] [ 78%] Built target xpkg_msgs__py
[0.424s] [35m[1mConsolidate compiler generated dependencies of target xpkg_msgs__rosidl_generator_py[0m
[0.467s] [ 87%] Built target xpkg_msgs__rosidl_generator_py
[0.501s] [35m[1mConsolidate compiler generated dependencies of target xpkg_msgs__rosidl_typesupport_fastrtps_c__pyext[0m
[0.503s] [35m[1mConsolidate compiler generated dependencies of target xpkg_msgs__rosidl_typesupport_c__pyext[0m
[0.503s] [35m[1mConsolidate compiler generated dependencies of target xpkg_msgs__rosidl_typesupport_introspection_c__pyext[0m
[0.542s] [ 91%] Built target xpkg_msgs__rosidl_typesupport_fastrtps_c__pyext
[0.545s] [ 95%] Built target xpkg_msgs__rosidl_typesupport_c__pyext
[0.546s] [100%] Built target xpkg_msgs__rosidl_typesupport_introspection_c__pyext
[0.827s] running egg_info
[0.828s] writing xpkg_msgs.egg-info/PKG-INFO
[0.829s] writing dependency_links to xpkg_msgs.egg-info/dependency_links.txt
[0.830s] writing top-level names to xpkg_msgs.egg-info/top_level.txt
[0.834s] reading manifest file 'xpkg_msgs.egg-info/SOURCES.txt'
[0.835s] writing manifest file 'xpkg_msgs.egg-info/SOURCES.txt'
[0.894s] [100%] Built target ament_cmake_python_build_xpkg_msgs_egg
[0.925s] Invoked command in '/home/leomorningrain/code/sdk_mark2_mcnm_ws/build/xpkg_msgs' returned '0': CMAKE_PREFIX_PATH=/opt/ros/humble /usr/bin/cmake --build /home/leomorningrain/code/sdk_mark2_mcnm_ws/build/xpkg_msgs -- -j32 -l32
[1.160s] Invoking command in '/home/leomorningrain/code/sdk_mark2_mcnm_ws/build/xpkg_msgs': CMAKE_PREFIX_PATH=/opt/ros/humble /usr/bin/cmake --install /home/leomorningrain/code/sdk_mark2_mcnm_ws/build/xpkg_msgs
[1.183s] -- Install configuration: ""
[1.184s] -- Up-to-date: /home/leomorningrain/code/sdk_mark2_mcnm_ws/install/xpkg_msgs/share/ament_index/resource_index/rosidl_interfaces/xpkg_msgs
[1.184s] -- Up-to-date: /home/leomorningrain/code/sdk_mark2_mcnm_ws/install/xpkg_msgs/include/xpkg_msgs/xpkg_msgs
[1.184s] -- Up-to-date: /home/leomorningrain/code/sdk_mark2_mcnm_ws/install/xpkg_msgs/include/xpkg_msgs/xpkg_msgs/msg
[1.184s] -- Up-to-date: /home/leomorningrain/code/sdk_mark2_mcnm_ws/install/xpkg_msgs/include/xpkg_msgs/xpkg_msgs/msg/detail
[1.184s] -- Up-to-date: /home/leomorningrain/code/sdk_mark2_mcnm_ws/install/xpkg_msgs/include/xpkg_msgs/xpkg_msgs/msg/detail/xmsg_comm_data__functions.h
[1.184s] -- Up-to-date: /home/leomorningrain/code/sdk_mark2_mcnm_ws/install/xpkg_msgs/include/xpkg_msgs/xpkg_msgs/msg/detail/xmsg_comm_data__type_support.h
[1.185s] -- Up-to-date: /home/leomorningrain/code/sdk_mark2_mcnm_ws/install/xpkg_msgs/include/xpkg_msgs/xpkg_msgs/msg/detail/xmsg_device__type_support.h
[1.185s] -- Up-to-date: /home/leomorningrain/code/sdk_mark2_mcnm_ws/install/xpkg_msgs/include/xpkg_msgs/xpkg_msgs/msg/detail/xmsg_device__functions.c
[1.185s] -- Up-to-date: /home/leomorningrain/code/sdk_mark2_mcnm_ws/install/xpkg_msgs/include/xpkg_msgs/xpkg_msgs/msg/detail/xmsg_device_list__functions.c
[1.186s] -- Up-to-date: /home/leomorningrain/code/sdk_mark2_mcnm_ws/install/xpkg_msgs/include/xpkg_msgs/xpkg_msgs/msg/detail/xmsg_device__struct.h
[1.186s] -- Up-to-date: /home/leomorningrain/code/sdk_mark2_mcnm_ws/install/xpkg_msgs/include/xpkg_msgs/xpkg_msgs/msg/detail/xmsg_comm_data__struct.h
[1.187s] -- Up-to-date: /home/leomorningrain/code/sdk_mark2_mcnm_ws/install/xpkg_msgs/include/xpkg_msgs/xpkg_msgs/msg/detail/xmsg_device_list__functions.h
[1.187s] -- Up-to-date: /home/leomorningrain/code/sdk_mark2_mcnm_ws/install/xpkg_msgs/include/xpkg_msgs/xpkg_msgs/msg/detail/xmsg_device_list__struct.h
[1.188s] -- Up-to-date: /home/leomorningrain/code/sdk_mark2_mcnm_ws/install/xpkg_msgs/include/xpkg_msgs/xpkg_msgs/msg/detail/xmsg_comm_data__functions.c
[1.188s] -- Up-to-date: /home/leomorningrain/code/sdk_mark2_mcnm_ws/install/xpkg_msgs/include/xpkg_msgs/xpkg_msgs/msg/detail/xmsg_device__functions.h
[1.188s] -- Up-to-date: /home/leomorningrain/code/sdk_mark2_mcnm_ws/install/xpkg_msgs/include/xpkg_msgs/xpkg_msgs/msg/detail/xmsg_device_list__type_support.h
[1.188s] -- Up-to-date: /home/leomorningrain/code/sdk_mark2_mcnm_ws/install/xpkg_msgs/include/xpkg_msgs/xpkg_msgs/msg/xmsg_device.h
[1.188s] -- Up-to-date: /home/leomorningrain/code/sdk_mark2_mcnm_ws/install/xpkg_msgs/include/xpkg_msgs/xpkg_msgs/msg/rosidl_generator_c__visibility_control.h
[1.188s] -- Up-to-date: /home/leomorningrain/code/sdk_mark2_mcnm_ws/install/xpkg_msgs/include/xpkg_msgs/xpkg_msgs/msg/xmsg_device_list.h
[1.189s] -- Up-to-date: /home/leomorningrain/code/sdk_mark2_mcnm_ws/install/xpkg_msgs/include/xpkg_msgs/xpkg_msgs/msg/xmsg_comm_data.h
[1.189s] -- Up-to-date: /home/leomorningrain/code/sdk_mark2_mcnm_ws/install/xpkg_msgs/share/xpkg_msgs/environment/library_path.sh
[1.189s] -- Up-to-date: /home/leomorningrain/code/sdk_mark2_mcnm_ws/install/xpkg_msgs/share/xpkg_msgs/environment/library_path.dsv
[1.190s] -- Up-to-date: /home/leomorningrain/code/sdk_mark2_mcnm_ws/install/xpkg_msgs/lib/libxpkg_msgs__rosidl_generator_c.so
[1.190s] -- Up-to-date: /home/leomorningrain/code/sdk_mark2_mcnm_ws/install/xpkg_msgs/include/xpkg_msgs/xpkg_msgs
[1.191s] -- Up-to-date: /home/leomorningrain/code/sdk_mark2_mcnm_ws/install/xpkg_msgs/include/xpkg_msgs/xpkg_msgs/msg
[1.191s] -- Up-to-date: /home/leomorningrain/code/sdk_mark2_mcnm_ws/install/xpkg_msgs/include/xpkg_msgs/xpkg_msgs/msg/rosidl_typesupport_fastrtps_c__visibility_control.h
[1.191s] -- Up-to-date: /home/leomorningrain/code/sdk_mark2_mcnm_ws/install/xpkg_msgs/include/xpkg_msgs/xpkg_msgs/msg/detail
[1.192s] -- Up-to-date: /home/leomorningrain/code/sdk_mark2_mcnm_ws/install/xpkg_msgs/include/xpkg_msgs/xpkg_msgs/msg/detail/xmsg_comm_data__rosidl_typesupport_fastrtps_c.h
[1.192s] -- Up-to-date: /home/leomorningrain/code/sdk_mark2_mcnm_ws/install/xpkg_msgs/include/xpkg_msgs/xpkg_msgs/msg/detail/xmsg_device_list__rosidl_typesupport_fastrtps_c.h
[1.192s] -- Up-to-date: /home/leomorningrain/code/sdk_mark2_mcnm_ws/install/xpkg_msgs/include/xpkg_msgs/xpkg_msgs/msg/detail/xmsg_device__rosidl_typesupport_fastrtps_c.h
[1.192s] -- Up-to-date: /home/leomorningrain/code/sdk_mark2_mcnm_ws/install/xpkg_msgs/lib/libxpkg_msgs__rosidl_typesupport_fastrtps_c.so
[1.192s] -- Up-to-date: /home/leomorningrain/code/sdk_mark2_mcnm_ws/install/xpkg_msgs/include/xpkg_msgs/xpkg_msgs
[1.193s] -- Up-to-date: /home/leomorningrain/code/sdk_mark2_mcnm_ws/install/xpkg_msgs/include/xpkg_msgs/xpkg_msgs/msg
[1.193s] -- Up-to-date: /home/leomorningrain/code/sdk_mark2_mcnm_ws/install/xpkg_msgs/include/xpkg_msgs/xpkg_msgs/msg/xmsg_device_list.hpp
[1.193s] -- Up-to-date: /home/leomorningrain/code/sdk_mark2_mcnm_ws/install/xpkg_msgs/include/xpkg_msgs/xpkg_msgs/msg/xmsg_device.hpp
[1.193s] -- Up-to-date: /home/leomorningrain/code/sdk_mark2_mcnm_ws/install/xpkg_msgs/include/xpkg_msgs/xpkg_msgs/msg/xmsg_comm_data.hpp
[1.194s] -- Up-to-date: /home/leomorningrain/code/sdk_mark2_mcnm_ws/install/xpkg_msgs/include/xpkg_msgs/xpkg_msgs/msg/detail
[1.194s] -- Up-to-date: /home/leomorningrain/code/sdk_mark2_mcnm_ws/install/xpkg_msgs/include/xpkg_msgs/xpkg_msgs/msg/detail/xmsg_device_list__builder.hpp
[1.194s] -- Up-to-date: /home/leomorningrain/code/sdk_mark2_mcnm_ws/install/xpkg_msgs/include/xpkg_msgs/xpkg_msgs/msg/detail/xmsg_device__traits.hpp
[1.195s] -- Up-to-date: /home/leomorningrain/code/sdk_mark2_mcnm_ws/install/xpkg_msgs/include/xpkg_msgs/xpkg_msgs/msg/detail/xmsg_device__builder.hpp
[1.195s] -- Up-to-date: /home/leomorningrain/code/sdk_mark2_mcnm_ws/install/xpkg_msgs/include/xpkg_msgs/xpkg_msgs/msg/detail/xmsg_device_list__struct.hpp
[1.195s] -- Up-to-date: /home/leomorningrain/code/sdk_mark2_mcnm_ws/install/xpkg_msgs/include/xpkg_msgs/xpkg_msgs/msg/detail/xmsg_device__struct.hpp
[1.195s] -- Up-to-date: /home/leomorningrain/code/sdk_mark2_mcnm_ws/install/xpkg_msgs/include/xpkg_msgs/xpkg_msgs/msg/detail/xmsg_comm_data__struct.hpp
[1.195s] -- Up-to-date: /home/leomorningrain/code/sdk_mark2_mcnm_ws/install/xpkg_msgs/include/xpkg_msgs/xpkg_msgs/msg/detail/xmsg_comm_data__builder.hpp
[1.195s] -- Up-to-date: /home/leomorningrain/code/sdk_mark2_mcnm_ws/install/xpkg_msgs/include/xpkg_msgs/xpkg_msgs/msg/detail/xmsg_device_list__traits.hpp
[1.195s] -- Up-to-date: /home/leomorningrain/code/sdk_mark2_mcnm_ws/install/xpkg_msgs/include/xpkg_msgs/xpkg_msgs/msg/detail/xmsg_comm_data__traits.hpp
[1.195s] -- Up-to-date: /home/leomorningrain/code/sdk_mark2_mcnm_ws/install/xpkg_msgs/include/xpkg_msgs/xpkg_msgs
[1.195s] -- Up-to-date: /home/leomorningrain/code/sdk_mark2_mcnm_ws/install/xpkg_msgs/include/xpkg_msgs/xpkg_msgs/msg
[1.195s] -- Up-to-date: /home/leomorningrain/code/sdk_mark2_mcnm_ws/install/xpkg_msgs/include/xpkg_msgs/xpkg_msgs/msg/detail
[1.196s] -- Up-to-date: /home/leomorningrain/code/sdk_mark2_mcnm_ws/install/xpkg_msgs/include/xpkg_msgs/xpkg_msgs/msg/detail/xmsg_comm_data__rosidl_typesupport_fastrtps_cpp.hpp
[1.196s] -- Up-to-date: /home/leomorningrain/code/sdk_mark2_mcnm_ws/install/xpkg_msgs/include/xpkg_msgs/xpkg_msgs/msg/detail/xmsg_device_list__rosidl_typesupport_fastrtps_cpp.hpp
[1.196s] -- Up-to-date: /home/leomorningrain/code/sdk_mark2_mcnm_ws/install/xpkg_msgs/include/xpkg_msgs/xpkg_msgs/msg/detail/xmsg_device__rosidl_typesupport_fastrtps_cpp.hpp
[1.196s] -- Up-to-date: /home/leomorningrain/code/sdk_mark2_mcnm_ws/install/xpkg_msgs/include/xpkg_msgs/xpkg_msgs/msg/detail/dds_fastrtps
[1.196s] -- Up-to-date: /home/leomorningrain/code/sdk_mark2_mcnm_ws/install/xpkg_msgs/include/xpkg_msgs/xpkg_msgs/msg/rosidl_typesupport_fastrtps_cpp__visibility_control.h
[1.196s] -- Up-to-date: /home/leomorningrain/code/sdk_mark2_mcnm_ws/install/xpkg_msgs/lib/libxpkg_msgs__rosidl_typesupport_fastrtps_cpp.so
[1.196s] -- Up-to-date: /home/leomorningrain/code/sdk_mark2_mcnm_ws/install/xpkg_msgs/include/xpkg_msgs/xpkg_msgs
[1.196s] -- Up-to-date: /home/leomorningrain/code/sdk_mark2_mcnm_ws/install/xpkg_msgs/include/xpkg_msgs/xpkg_msgs/msg
[1.196s] -- Up-to-date: /home/leomorningrain/code/sdk_mark2_mcnm_ws/install/xpkg_msgs/include/xpkg_msgs/xpkg_msgs/msg/rosidl_typesupport_introspection_c__visibility_control.h
[1.196s] -- Up-to-date: /home/leomorningrain/code/sdk_mark2_mcnm_ws/install/xpkg_msgs/include/xpkg_msgs/xpkg_msgs/msg/detail
[1.197s] -- Up-to-date: /home/leomorningrain/code/sdk_mark2_mcnm_ws/install/xpkg_msgs/include/xpkg_msgs/xpkg_msgs/msg/detail/xmsg_device_list__type_support.c
[1.197s] -- Up-to-date: /home/leomorningrain/code/sdk_mark2_mcnm_ws/install/xpkg_msgs/include/xpkg_msgs/xpkg_msgs/msg/detail/xmsg_comm_data__rosidl_typesupport_introspection_c.h
[1.197s] -- Up-to-date: /home/leomorningrain/code/sdk_mark2_mcnm_ws/install/xpkg_msgs/include/xpkg_msgs/xpkg_msgs/msg/detail/xmsg_device_list__rosidl_typesupport_introspection_c.h
[1.197s] -- Up-to-date: /home/leomorningrain/code/sdk_mark2_mcnm_ws/install/xpkg_msgs/include/xpkg_msgs/xpkg_msgs/msg/detail/xmsg_comm_data__type_support.c
[1.197s] -- Up-to-date: /home/leomorningrain/code/sdk_mark2_mcnm_ws/install/xpkg_msgs/include/xpkg_msgs/xpkg_msgs/msg/detail/xmsg_device__type_support.c
[1.197s] -- Up-to-date: /home/leomorningrain/code/sdk_mark2_mcnm_ws/install/xpkg_msgs/include/xpkg_msgs/xpkg_msgs/msg/detail/xmsg_device__rosidl_typesupport_introspection_c.h
[1.197s] -- Up-to-date: /home/leomorningrain/code/sdk_mark2_mcnm_ws/install/xpkg_msgs/lib/libxpkg_msgs__rosidl_typesupport_introspection_c.so
[1.197s] -- Up-to-date: /home/leomorningrain/code/sdk_mark2_mcnm_ws/install/xpkg_msgs/lib/libxpkg_msgs__rosidl_typesupport_c.so
[1.198s] -- Up-to-date: /home/leomorningrain/code/sdk_mark2_mcnm_ws/install/xpkg_msgs/include/xpkg_msgs/xpkg_msgs
[1.198s] -- Up-to-date: /home/leomorningrain/code/sdk_mark2_mcnm_ws/install/xpkg_msgs/include/xpkg_msgs/xpkg_msgs/msg
[1.198s] -- Up-to-date: /home/leomorningrain/code/sdk_mark2_mcnm_ws/install/xpkg_msgs/include/xpkg_msgs/xpkg_msgs/msg/detail
[1.198s] -- Up-to-date: /home/leomorningrain/code/sdk_mark2_mcnm_ws/install/xpkg_msgs/include/xpkg_msgs/xpkg_msgs/msg/detail/xmsg_device__type_support.cpp
[1.198s] -- Up-to-date: /home/leomorningrain/code/sdk_mark2_mcnm_ws/install/xpkg_msgs/include/xpkg_msgs/xpkg_msgs/msg/detail/xmsg_device_list__rosidl_typesupport_introspection_cpp.hpp
[1.198s] -- Up-to-date: /home/leomorningrain/code/sdk_mark2_mcnm_ws/install/xpkg_msgs/include/xpkg_msgs/xpkg_msgs/msg/detail/xmsg_comm_data__type_support.cpp
[1.198s] -- Up-to-date: /home/leomorningrain/code/sdk_mark2_mcnm_ws/install/xpkg_msgs/include/xpkg_msgs/xpkg_msgs/msg/detail/xmsg_device_list__type_support.cpp
[1.198s] -- Up-to-date: /home/leomorningrain/code/sdk_mark2_mcnm_ws/install/xpkg_msgs/include/xpkg_msgs/xpkg_msgs/msg/detail/xmsg_comm_data__rosidl_typesupport_introspection_cpp.hpp
[1.198s] -- Up-to-date: /home/leomorningrain/code/sdk_mark2_mcnm_ws/install/xpkg_msgs/include/xpkg_msgs/xpkg_msgs/msg/detail/xmsg_device__rosidl_typesupport_introspection_cpp.hpp
[1.198s] -- Up-to-date: /home/leomorningrain/code/sdk_mark2_mcnm_ws/install/xpkg_msgs/lib/libxpkg_msgs__rosidl_typesupport_introspection_cpp.so
[1.199s] -- Up-to-date: /home/leomorningrain/code/sdk_mark2_mcnm_ws/install/xpkg_msgs/lib/libxpkg_msgs__rosidl_typesupport_cpp.so
[1.199s] -- Up-to-date: /home/leomorningrain/code/sdk_mark2_mcnm_ws/install/xpkg_msgs/share/xpkg_msgs/environment/pythonpath.sh
[1.199s] -- Up-to-date: /home/leomorningrain/code/sdk_mark2_mcnm_ws/install/xpkg_msgs/share/xpkg_msgs/environment/pythonpath.dsv
[1.199s] -- Up-to-date: /home/leomorningrain/code/sdk_mark2_mcnm_ws/install/xpkg_msgs/local/lib/python3.10/dist-packages/xpkg_msgs-0.1.0-py3.10.egg-info
[1.199s] -- Installing: /home/leomorningrain/code/sdk_mark2_mcnm_ws/install/xpkg_msgs/local/lib/python3.10/dist-packages/xpkg_msgs-0.1.0-py3.10.egg-info/top_level.txt
[1.199s] -- Installing: /home/leomorningrain/code/sdk_mark2_mcnm_ws/install/xpkg_msgs/local/lib/python3.10/dist-packages/xpkg_msgs-0.1.0-py3.10.egg-info/PKG-INFO
[1.199s] -- Installing: /home/leomorningrain/code/sdk_mark2_mcnm_ws/install/xpkg_msgs/local/lib/python3.10/dist-packages/xpkg_msgs-0.1.0-py3.10.egg-info/SOURCES.txt
[1.199s] -- Installing: /home/leomorningrain/code/sdk_mark2_mcnm_ws/install/xpkg_msgs/local/lib/python3.10/dist-packages/xpkg_msgs-0.1.0-py3.10.egg-info/dependency_links.txt
[1.199s] -- Up-to-date: /home/leomorningrain/code/sdk_mark2_mcnm_ws/install/xpkg_msgs/local/lib/python3.10/dist-packages/xpkg_msgs
[1.200s] -- Up-to-date: /home/leomorningrain/code/sdk_mark2_mcnm_ws/install/xpkg_msgs/local/lib/python3.10/dist-packages/xpkg_msgs/xpkg_msgs_s__rosidl_typesupport_introspection_c.cpython-310-x86_64-linux-gnu.so
[1.200s] -- Up-to-date: /home/leomorningrain/code/sdk_mark2_mcnm_ws/install/xpkg_msgs/local/lib/python3.10/dist-packages/xpkg_msgs/_xpkg_msgs_s.ep.rosidl_typesupport_fastrtps_c.c
[1.200s] -- Up-to-date: /home/leomorningrain/code/sdk_mark2_mcnm_ws/install/xpkg_msgs/local/lib/python3.10/dist-packages/xpkg_msgs/xpkg_msgs_s__rosidl_typesupport_c.cpython-310-x86_64-linux-gnu.so
[1.200s] -- Up-to-date: /home/leomorningrain/code/sdk_mark2_mcnm_ws/install/xpkg_msgs/local/lib/python3.10/dist-packages/xpkg_msgs/xpkg_msgs_s__rosidl_typesupport_fastrtps_c.cpython-310-x86_64-linux-gnu.so
[1.200s] -- Up-to-date: /home/leomorningrain/code/sdk_mark2_mcnm_ws/install/xpkg_msgs/local/lib/python3.10/dist-packages/xpkg_msgs/msg
[1.200s] -- Up-to-date: /home/leomorningrain/code/sdk_mark2_mcnm_ws/install/xpkg_msgs/local/lib/python3.10/dist-packages/xpkg_msgs/msg/_xmsg_comm_data_s.c
[1.200s] -- Up-to-date: /home/leomorningrain/code/sdk_mark2_mcnm_ws/install/xpkg_msgs/local/lib/python3.10/dist-packages/xpkg_msgs/msg/_xmsg_comm_data.py
[1.200s] -- Up-to-date: /home/leomorningrain/code/sdk_mark2_mcnm_ws/install/xpkg_msgs/local/lib/python3.10/dist-packages/xpkg_msgs/msg/_xmsg_device_s.c
[1.200s] -- Up-to-date: /home/leomorningrain/code/sdk_mark2_mcnm_ws/install/xpkg_msgs/local/lib/python3.10/dist-packages/xpkg_msgs/msg/__init__.py
[1.201s] -- Up-to-date: /home/leomorningrain/code/sdk_mark2_mcnm_ws/install/xpkg_msgs/local/lib/python3.10/dist-packages/xpkg_msgs/msg/_xmsg_device_list.py
[1.201s] -- Up-to-date: /home/leomorningrain/code/sdk_mark2_mcnm_ws/install/xpkg_msgs/local/lib/python3.10/dist-packages/xpkg_msgs/msg/_xmsg_device.py
[1.201s] -- Up-to-date: /home/leomorningrain/code/sdk_mark2_mcnm_ws/install/xpkg_msgs/local/lib/python3.10/dist-packages/xpkg_msgs/msg/_xmsg_device_list_s.c
[1.201s] -- Up-to-date: /home/leomorningrain/code/sdk_mark2_mcnm_ws/install/xpkg_msgs/local/lib/python3.10/dist-packages/xpkg_msgs/libxpkg_msgs__rosidl_generator_py.so
[1.201s] -- Up-to-date: /home/leomorningrain/code/sdk_mark2_mcnm_ws/install/xpkg_msgs/local/lib/python3.10/dist-packages/xpkg_msgs/__init__.py
[1.201s] -- Up-to-date: /home/leomorningrain/code/sdk_mark2_mcnm_ws/install/xpkg_msgs/local/lib/python3.10/dist-packages/xpkg_msgs/_xpkg_msgs_s.ep.rosidl_typesupport_introspection_c.c
[1.201s] -- Up-to-date: /home/leomorningrain/code/sdk_mark2_mcnm_ws/install/xpkg_msgs/local/lib/python3.10/dist-packages/xpkg_msgs/_xpkg_msgs_s.ep.rosidl_typesupport_c.c
[1.261s] Listing '/home/leomorningrain/code/sdk_mark2_mcnm_ws/install/xpkg_msgs/local/lib/python3.10/dist-packages/xpkg_msgs'...
[1.261s] Listing '/home/leomorningrain/code/sdk_mark2_mcnm_ws/install/xpkg_msgs/local/lib/python3.10/dist-packages/xpkg_msgs/msg'...
[1.272s] -- Up-to-date: /home/leomorningrain/code/sdk_mark2_mcnm_ws/install/xpkg_msgs/local/lib/python3.10/dist-packages/xpkg_msgs/xpkg_msgs_s__rosidl_typesupport_fastrtps_c.cpython-310-x86_64-linux-gnu.so
[1.272s] -- Up-to-date: /home/leomorningrain/code/sdk_mark2_mcnm_ws/install/xpkg_msgs/local/lib/python3.10/dist-packages/xpkg_msgs/xpkg_msgs_s__rosidl_typesupport_introspection_c.cpython-310-x86_64-linux-gnu.so
[1.273s] -- Up-to-date: /home/leomorningrain/code/sdk_mark2_mcnm_ws/install/xpkg_msgs/local/lib/python3.10/dist-packages/xpkg_msgs/xpkg_msgs_s__rosidl_typesupport_c.cpython-310-x86_64-linux-gnu.so
[1.274s] -- Up-to-date: /home/leomorningrain/code/sdk_mark2_mcnm_ws/install/xpkg_msgs/lib/libxpkg_msgs__rosidl_generator_py.so
[1.274s] -- Up-to-date: /home/leomorningrain/code/sdk_mark2_mcnm_ws/install/xpkg_msgs/share/xpkg_msgs/msg/XmsgCommData.idl
[1.275s] -- Up-to-date: /home/leomorningrain/code/sdk_mark2_mcnm_ws/install/xpkg_msgs/share/xpkg_msgs/msg/XmsgDeviceList.idl
[1.275s] -- Up-to-date: /home/leomorningrain/code/sdk_mark2_mcnm_ws/install/xpkg_msgs/share/xpkg_msgs/msg/XmsgDevice.idl
[1.276s] -- Up-to-date: /home/leomorningrain/code/sdk_mark2_mcnm_ws/install/xpkg_msgs/share/xpkg_msgs/msg/XmsgCommData.msg
[1.276s] -- Up-to-date: /home/leomorningrain/code/sdk_mark2_mcnm_ws/install/xpkg_msgs/share/xpkg_msgs/msg/XmsgDeviceList.msg
[1.276s] -- Up-to-date: /home/leomorningrain/code/sdk_mark2_mcnm_ws/install/xpkg_msgs/share/xpkg_msgs/msg/XmsgDevice.msg
[1.277s] -- Up-to-date: /home/leomorningrain/code/sdk_mark2_mcnm_ws/install/xpkg_msgs/share/ament_index/resource_index/package_run_dependencies/xpkg_msgs
[1.277s] -- Up-to-date: /home/leomorningrain/code/sdk_mark2_mcnm_ws/install/xpkg_msgs/share/ament_index/resource_index/parent_prefix_path/xpkg_msgs
[1.277s] -- Up-to-date: /home/leomorningrain/code/sdk_mark2_mcnm_ws/install/xpkg_msgs/share/xpkg_msgs/environment/ament_prefix_path.sh
[1.278s] -- Up-to-date: /home/leomorningrain/code/sdk_mark2_mcnm_ws/install/xpkg_msgs/share/xpkg_msgs/environment/ament_prefix_path.dsv
[1.278s] -- Up-to-date: /home/leomorningrain/code/sdk_mark2_mcnm_ws/install/xpkg_msgs/share/xpkg_msgs/environment/path.sh
[1.278s] -- Up-to-date: /home/leomorningrain/code/sdk_mark2_mcnm_ws/install/xpkg_msgs/share/xpkg_msgs/environment/path.dsv
[1.278s] -- Up-to-date: /home/leomorningrain/code/sdk_mark2_mcnm_ws/install/xpkg_msgs/share/xpkg_msgs/local_setup.bash
[1.279s] -- Up-to-date: /home/leomorningrain/code/sdk_mark2_mcnm_ws/install/xpkg_msgs/share/xpkg_msgs/local_setup.sh
[1.279s] -- Up-to-date: /home/leomorningrain/code/sdk_mark2_mcnm_ws/install/xpkg_msgs/share/xpkg_msgs/local_setup.zsh
[1.279s] -- Up-to-date: /home/leomorningrain/code/sdk_mark2_mcnm_ws/install/xpkg_msgs/share/xpkg_msgs/local_setup.dsv
[1.279s] -- Installing: /home/leomorningrain/code/sdk_mark2_mcnm_ws/install/xpkg_msgs/share/xpkg_msgs/package.dsv
[1.279s] -- Up-to-date: /home/leomorningrain/code/sdk_mark2_mcnm_ws/install/xpkg_msgs/share/ament_index/resource_index/packages/xpkg_msgs
[1.280s] -- Up-to-date: /home/leomorningrain/code/sdk_mark2_mcnm_ws/install/xpkg_msgs/share/xpkg_msgs/cmake/export_xpkg_msgs__rosidl_generator_cExport.cmake
[1.280s] -- Up-to-date: /home/leomorningrain/code/sdk_mark2_mcnm_ws/install/xpkg_msgs/share/xpkg_msgs/cmake/export_xpkg_msgs__rosidl_generator_cExport-noconfig.cmake
[1.280s] -- Up-to-date: /home/leomorningrain/code/sdk_mark2_mcnm_ws/install/xpkg_msgs/share/xpkg_msgs/cmake/export_xpkg_msgs__rosidl_typesupport_fastrtps_cExport.cmake
[1.280s] -- Up-to-date: /home/leomorningrain/code/sdk_mark2_mcnm_ws/install/xpkg_msgs/share/xpkg_msgs/cmake/export_xpkg_msgs__rosidl_typesupport_fastrtps_cExport-noconfig.cmake
[1.281s] -- Up-to-date: /home/leomorningrain/code/sdk_mark2_mcnm_ws/install/xpkg_msgs/share/xpkg_msgs/cmake/export_xpkg_msgs__rosidl_generator_cppExport.cmake
[1.281s] -- Up-to-date: /home/leomorningrain/code/sdk_mark2_mcnm_ws/install/xpkg_msgs/share/xpkg_msgs/cmake/export_xpkg_msgs__rosidl_typesupport_fastrtps_cppExport.cmake
[1.281s] -- Up-to-date: /home/leomorningrain/code/sdk_mark2_mcnm_ws/install/xpkg_msgs/share/xpkg_msgs/cmake/export_xpkg_msgs__rosidl_typesupport_fastrtps_cppExport-noconfig.cmake
[1.281s] -- Up-to-date: /home/leomorningrain/code/sdk_mark2_mcnm_ws/install/xpkg_msgs/share/xpkg_msgs/cmake/xpkg_msgs__rosidl_typesupport_introspection_cExport.cmake
[1.282s] -- Up-to-date: /home/leomorningrain/code/sdk_mark2_mcnm_ws/install/xpkg_msgs/share/xpkg_msgs/cmake/xpkg_msgs__rosidl_typesupport_introspection_cExport-noconfig.cmake
[1.282s] -- Up-to-date: /home/leomorningrain/code/sdk_mark2_mcnm_ws/install/xpkg_msgs/share/xpkg_msgs/cmake/xpkg_msgs__rosidl_typesupport_cExport.cmake
[1.282s] -- Up-to-date: /home/leomorningrain/code/sdk_mark2_mcnm_ws/install/xpkg_msgs/share/xpkg_msgs/cmake/xpkg_msgs__rosidl_typesupport_cExport-noconfig.cmake
[1.283s] -- Up-to-date: /home/leomorningrain/code/sdk_mark2_mcnm_ws/install/xpkg_msgs/share/xpkg_msgs/cmake/xpkg_msgs__rosidl_typesupport_introspection_cppExport.cmake
[1.284s] -- Up-to-date: /home/leomorningrain/code/sdk_mark2_mcnm_ws/install/xpkg_msgs/share/xpkg_msgs/cmake/xpkg_msgs__rosidl_typesupport_introspection_cppExport-noconfig.cmake
[1.284s] -- Up-to-date: /home/leomorningrain/code/sdk_mark2_mcnm_ws/install/xpkg_msgs/share/xpkg_msgs/cmake/xpkg_msgs__rosidl_typesupport_cppExport.cmake
[1.284s] -- Up-to-date: /home/leomorningrain/code/sdk_mark2_mcnm_ws/install/xpkg_msgs/share/xpkg_msgs/cmake/xpkg_msgs__rosidl_typesupport_cppExport-noconfig.cmake
[1.285s] -- Up-to-date: /home/leomorningrain/code/sdk_mark2_mcnm_ws/install/xpkg_msgs/share/xpkg_msgs/cmake/export_xpkg_msgs__rosidl_generator_pyExport.cmake
[1.286s] -- Up-to-date: /home/leomorningrain/code/sdk_mark2_mcnm_ws/install/xpkg_msgs/share/xpkg_msgs/cmake/export_xpkg_msgs__rosidl_generator_pyExport-noconfig.cmake
[1.289s] -- Up-to-date: /home/leomorningrain/code/sdk_mark2_mcnm_ws/install/xpkg_msgs/share/xpkg_msgs/cmake/rosidl_cmake-extras.cmake
[1.289s] -- Up-to-date: /home/leomorningrain/code/sdk_mark2_mcnm_ws/install/xpkg_msgs/share/xpkg_msgs/cmake/ament_cmake_export_dependencies-extras.cmake
[1.290s] -- Up-to-date: /home/leomorningrain/code/sdk_mark2_mcnm_ws/install/xpkg_msgs/share/xpkg_msgs/cmake/ament_cmake_export_include_directories-extras.cmake
[1.290s] -- Up-to-date: /home/leomorningrain/code/sdk_mark2_mcnm_ws/install/xpkg_msgs/share/xpkg_msgs/cmake/ament_cmake_export_libraries-extras.cmake
[1.290s] -- Up-to-date: /home/leomorningrain/code/sdk_mark2_mcnm_ws/install/xpkg_msgs/share/xpkg_msgs/cmake/ament_cmake_export_targets-extras.cmake
[1.291s] -- Up-to-date: /home/leomorningrain/code/sdk_mark2_mcnm_ws/install/xpkg_msgs/share/xpkg_msgs/cmake/rosidl_cmake_export_typesupport_targets-extras.cmake
[1.291s] -- Up-to-date: /home/leomorningrain/code/sdk_mark2_mcnm_ws/install/xpkg_msgs/share/xpkg_msgs/cmake/rosidl_cmake_export_typesupport_libraries-extras.cmake
[1.291s] -- Up-to-date: /home/leomorningrain/code/sdk_mark2_mcnm_ws/install/xpkg_msgs/share/xpkg_msgs/cmake/xpkg_msgsConfig.cmake
[1.292s] -- Up-to-date: /home/leomorningrain/code/sdk_mark2_mcnm_ws/install/xpkg_msgs/share/xpkg_msgs/cmake/xpkg_msgsConfig-version.cmake
[1.292s] -- Up-to-date: /home/leomorningrain/code/sdk_mark2_mcnm_ws/install/xpkg_msgs/share/xpkg_msgs/package.xml
[1.293s] Invoked command in '/home/leomorningrain/code/sdk_mark2_mcnm_ws/build/xpkg_msgs' returned '0': CMAKE_PREFIX_PATH=/opt/ros/humble /usr/bin/cmake --install /home/leomorningrain/code/sdk_mark2_mcnm_ws/build/xpkg_msgs
