-- The C compiler identification is GNU 11.4.0
-- The CXX compiler identification is GNU 11.4.0
-- Detecting C compiler ABI info
-- Detecting C compiler ABI info - done
-- Check for working C compiler: /usr/bin/cc - skipped
-- Detecting C compile features
-- Detecting C compile features - done
-- Detecting CXX compiler ABI info
-- Detecting CXX compiler ABI info - done
-- Check for working CXX compiler: /usr/bin/c++ - skipped
-- Detecting CXX compile features
-- Detecting CXX compile features - done
-- Found ament_cmake: 1.3.8 (/opt/ros/humble/share/ament_cmake/cmake)
-- Found Python3: /usr/bin/python3 (found version "3.10.12") found components: Interpreter 
-- Override CMake install command with custom implementation using symlinks instead of copying resources
-- Found controller_interface: 2.40.0 (/opt/ros/humble/share/controller_interface/cmake)
-- Found rosidl_generator_c: 3.1.5 (/opt/ros/humble/share/rosidl_generator_c/cmake)
-- Found rosidl_adapter: 3.1.5 (/opt/ros/humble/share/rosidl_adapter/cmake)
-- Found rosidl_generator_cpp: 3.1.5 (/opt/ros/humble/share/rosidl_generator_cpp/cmake)
-- Using all available rosidl_typesupport_c: rosidl_typesupport_fastrtps_c;rosidl_typesupport_introspection_c
-- Using all available rosidl_typesupport_cpp: rosidl_typesupport_fastrtps_cpp;rosidl_typesupport_introspection_cpp
-- Found rmw_implementation_cmake: 6.1.1 (/opt/ros/humble/share/rmw_implementation_cmake/cmake)
-- Found rmw_fastrtps_cpp: 6.2.6 (/opt/ros/humble/share/rmw_fastrtps_cpp/cmake)
-- Found TinyXML2 via Config file: TinyXML2_DIR-NOTFOUND
-- Found OpenSSL: /usr/lib/x86_64-linux-gnu/libcrypto.so (found version "3.0.2")  
-- Found TinyXML2 via Config file: TinyXML2_DIR-NOTFOUND
-- Found FastRTPS: /opt/ros/humble/include  
-- Found TinyXML2 via Config file: TinyXML2_DIR-NOTFOUND
-- Found TinyXML2 via Config file: TinyXML2_DIR-NOTFOUND
-- Using RMW implementation 'rmw_fastrtps_cpp' as default
-- Looking for pthread.h
-- Looking for pthread.h - found
-- Performing Test CMAKE_HAVE_LIBC_PTHREAD
-- Performing Test CMAKE_HAVE_LIBC_PTHREAD - Success
-- Found Threads: TRUE  
-- Found realtime_tools: 2.5.0 (/opt/ros/humble/share/realtime_tools/cmake)
-- Configuring done
-- Generating done
-- Build files have been written to: /home/leomorningrain/code/ros2-mecanum-bot/build/mecanumbot_controller
[ 33%] [32mBuilding CXX object CMakeFiles/mecanumbot_controller.dir/src/mecanumbot_drive_controller.cpp.o[0m
[ 66%] [32mBuilding CXX object CMakeFiles/mecanumbot_controller.dir/src/mecanumbot_wheel.cpp.o[0m
[01m[K/home/leomorningrain/code/ros2-mecanum-bot/src/ros2-mecanum-bot/mecanumbot_controller/src/mecanumbot_drive_controller.cpp:[m[K In member function ‘[01m[Kvirtual controller_interface::return_type debict::mecanumbot::controller::MecanumbotDriveController::update(const rclcpp::Time&, const rclcpp::Duration&)[m[K’:
[01m[K/home/leomorningrain/code/ros2-mecanum-bot/src/ros2-mecanum-bot/mecanumbot_controller/src/mecanumbot_drive_controller.cpp:60:90:[m[K [01;35m[Kwarning: [m[Kunused parameter ‘[01m[Ktime[m[K’ [[01;35m[K]8;;https://gcc.gnu.org/onlinedocs/gcc/Warning-Options.html#index-Wunused-parameter-Wunused-parameter]8;;[m[K]
   60 | type MecanumbotDriveController::update([01;35m[Kconst rclcpp::Time & time[m[K, const rclcpp::Duration & period)
      |                                        [01;35m[K~~~~~~~~~~~~~~~~~~~~~^~~~[m[K

[01m[K/home/leomorningrain/code/ros2-mecanum-bot/src/ros2-mecanum-bot/mecanumbot_controller/src/mecanumbot_drive_controller.cpp:60:121:[m[K [01;35m[Kwarning: [m[Kunused parameter ‘[01m[Kperiod[m[K’ [[01;35m[K]8;;https://gcc.gnu.org/onlinedocs/gcc/Warning-Options.html#index-Wunused-parameter-Wunused-parameter]8;;[m[K]
   60 | ler::update(const rclcpp::Time & time, [01;35m[Kconst rclcpp::Duration & period[m[K)
      |                                        [01;35m[K~~~~~~~~~~~~~~~~~~~~~~~~~^~~~~~[m[K

[100%] [32m[1mLinking CXX shared library libmecanumbot_controller.so[0m
[100%] Built target mecanumbot_controller
-- Install configuration: ""
-- Execute custom install script
-- Symlinking: /home/leomorningrain/code/ros2-mecanum-bot/install/mecanumbot_controller/share/mecanumbot_controller//mecanumbot_controller.xml
-- Symlinking: /home/leomorningrain/code/ros2-mecanum-bot/install/mecanumbot_controller/lib/libmecanumbot_controller.so
-- Symlinking: /home/leomorningrain/code/ros2-mecanum-bot/install/mecanumbot_controller/include/include/mecanumbot_controller/mecanumbot_controller_compiler.h
-- Symlinking: /home/leomorningrain/code/ros2-mecanum-bot/install/mecanumbot_controller/include/include/mecanumbot_controller/mecanumbot_drive_controller.hpp
-- Symlinking: /home/leomorningrain/code/ros2-mecanum-bot/install/mecanumbot_controller/include/include/mecanumbot_controller/mecanumbot_wheel.hpp
-- Symlinking: /home/leomorningrain/code/ros2-mecanum-bot/install/mecanumbot_controller/share/mecanumbot_controller/environment/library_path.sh
-- Symlinking: /home/leomorningrain/code/ros2-mecanum-bot/install/mecanumbot_controller/share/mecanumbot_controller/environment/library_path.dsv
-- Symlinking: /home/leomorningrain/code/ros2-mecanum-bot/install/mecanumbot_controller/share/ament_index/resource_index/package_run_dependencies/mecanumbot_controller
-- Symlinking: /home/leomorningrain/code/ros2-mecanum-bot/install/mecanumbot_controller/share/ament_index/resource_index/parent_prefix_path/mecanumbot_controller
-- Symlinking: /home/leomorningrain/code/ros2-mecanum-bot/install/mecanumbot_controller/share/mecanumbot_controller/environment/ament_prefix_path.sh
-- Symlinking: /home/leomorningrain/code/ros2-mecanum-bot/install/mecanumbot_controller/share/mecanumbot_controller/environment/ament_prefix_path.dsv
-- Symlinking: /home/leomorningrain/code/ros2-mecanum-bot/install/mecanumbot_controller/share/mecanumbot_controller/environment/path.sh
-- Symlinking: /home/leomorningrain/code/ros2-mecanum-bot/install/mecanumbot_controller/share/mecanumbot_controller/environment/path.dsv
-- Symlinking: /home/leomorningrain/code/ros2-mecanum-bot/install/mecanumbot_controller/share/mecanumbot_controller/local_setup.bash
-- Symlinking: /home/leomorningrain/code/ros2-mecanum-bot/install/mecanumbot_controller/share/mecanumbot_controller/local_setup.sh
-- Symlinking: /home/leomorningrain/code/ros2-mecanum-bot/install/mecanumbot_controller/share/mecanumbot_controller/local_setup.zsh
-- Symlinking: /home/leomorningrain/code/ros2-mecanum-bot/install/mecanumbot_controller/share/mecanumbot_controller/local_setup.dsv
-- Symlinking: /home/leomorningrain/code/ros2-mecanum-bot/install/mecanumbot_controller/share/mecanumbot_controller/package.dsv
-- Symlinking: /home/leomorningrain/code/ros2-mecanum-bot/install/mecanumbot_controller/share/ament_index/resource_index/packages/mecanumbot_controller
-- Symlinking: /home/leomorningrain/code/ros2-mecanum-bot/install/mecanumbot_controller/share/ament_index/resource_index/controller_interface__pluginlib__plugin/mecanumbot_controller
-- Symlinking: /home/leomorningrain/code/ros2-mecanum-bot/install/mecanumbot_controller/share/mecanumbot_controller/cmake/ament_cmake_export_include_directories-extras.cmake
-- Symlinking: /home/leomorningrain/code/ros2-mecanum-bot/install/mecanumbot_controller/share/mecanumbot_controller/cmake/ament_cmake_export_libraries-extras.cmake
-- Symlinking: /home/leomorningrain/code/ros2-mecanum-bot/install/mecanumbot_controller/share/mecanumbot_controller/cmake/ament_cmake_export_dependencies-extras.cmake
-- Symlinking: /home/leomorningrain/code/ros2-mecanum-bot/install/mecanumbot_controller/share/mecanumbot_controller/cmake/mecanumbot_controllerConfig.cmake
-- Symlinking: /home/leomorningrain/code/ros2-mecanum-bot/install/mecanumbot_controller/share/mecanumbot_controller/cmake/mecanumbot_controllerConfig-version.cmake
-- Symlinking: /home/leomorningrain/code/ros2-mecanum-bot/install/mecanumbot_controller/share/mecanumbot_controller/package.xml
