[0.008s] Invoking command in '/home/leomorningrain/code/ros2-mecanum-bot/build/mecanumbot_controller': CMAKE_PREFIX_PATH=/opt/ros/humble /usr/bin/cmake /home/leomorningrain/code/ros2-mecanum-bot/src/ros2-mecanum-bot/mecanumbot_controller -DAMENT_CMAKE_SYMLINK_INSTALL=1 -DCMAKE_INSTALL_PREFIX=/home/leomorningrain/code/ros2-mecanum-bot/install/mecanumbot_controller
[0.056s] -- The C compiler identification is GNU 11.4.0
[0.094s] -- The CXX compiler identification is GNU 11.4.0
[0.099s] -- Detecting C compiler ABI info
[0.138s] -- Detecting C compiler ABI info - done
[0.143s] -- Check for working C compiler: /usr/bin/cc - skipped
[0.143s] -- Detecting C compile features
[0.143s] -- Detecting C compile features - done
[0.145s] -- Detecting CXX compiler ABI info
[0.195s] -- Detecting CXX compiler ABI info - done
[0.199s] -- Check for working CXX compiler: /usr/bin/c++ - skipped
[0.200s] -- Detecting CXX compile features
[0.200s] -- Detecting CXX compile features - done
[0.201s] -- Found ament_cmake: 1.3.8 (/opt/ros/humble/share/ament_cmake/cmake)
[0.303s] -- Found Python3: /usr/bin/python3 (found version "3.10.12") found components: Interpreter 
[0.347s] -- Override CMake install command with custom implementation using symlinks instead of copying resources
[0.368s] -- Found controller_interface: 2.40.0 (/opt/ros/humble/share/controller_interface/cmake)
[0.398s] -- Found rosidl_generator_c: 3.1.5 (/opt/ros/humble/share/rosidl_generator_c/cmake)
[0.402s] -- Found rosidl_adapter: 3.1.5 (/opt/ros/humble/share/rosidl_adapter/cmake)
[0.408s] -- Found rosidl_generator_cpp: 3.1.5 (/opt/ros/humble/share/rosidl_generator_cpp/cmake)
[0.419s] -- Using all available rosidl_typesupport_c: rosidl_typesupport_fastrtps_c;rosidl_typesupport_introspection_c
[0.432s] -- Using all available rosidl_typesupport_cpp: rosidl_typesupport_fastrtps_cpp;rosidl_typesupport_introspection_cpp
[0.915s] -- Found rmw_implementation_cmake: 6.1.1 (/opt/ros/humble/share/rmw_implementation_cmake/cmake)
[0.916s] -- Found rmw_fastrtps_cpp: 6.2.6 (/opt/ros/humble/share/rmw_fastrtps_cpp/cmake)
[0.941s] -- Found TinyXML2 via Config file: TinyXML2_DIR-NOTFOUND
[0.974s] -- Found OpenSSL: /usr/lib/x86_64-linux-gnu/libcrypto.so (found version "3.0.2")  
[0.976s] -- Found TinyXML2 via Config file: TinyXML2_DIR-NOTFOUND
[0.986s] -- Found FastRTPS: /opt/ros/humble/include  
[0.993s] -- Found TinyXML2 via Config file: TinyXML2_DIR-NOTFOUND
[0.998s] -- Found TinyXML2 via Config file: TinyXML2_DIR-NOTFOUND
[1.006s] -- Using RMW implementation 'rmw_fastrtps_cpp' as default
[1.012s] -- Looking for pthread.h
[1.056s] -- Looking for pthread.h - found
[1.057s] -- Performing Test CMAKE_HAVE_LIBC_PTHREAD
[1.104s] -- Performing Test CMAKE_HAVE_LIBC_PTHREAD - Success
[1.107s] -- Found Threads: TRUE  
[1.297s] -- Found realtime_tools: 2.5.0 (/opt/ros/humble/share/realtime_tools/cmake)
[1.537s] -- Configuring done
[1.561s] -- Generating done
[1.562s] -- Build files have been written to: /home/leomorningrain/code/ros2-mecanum-bot/build/mecanumbot_controller
[1.570s] Invoked command in '/home/leomorningrain/code/ros2-mecanum-bot/build/mecanumbot_controller' returned '0': CMAKE_PREFIX_PATH=/opt/ros/humble /usr/bin/cmake /home/leomorningrain/code/ros2-mecanum-bot/src/ros2-mecanum-bot/mecanumbot_controller -DAMENT_CMAKE_SYMLINK_INSTALL=1 -DCMAKE_INSTALL_PREFIX=/home/leomorningrain/code/ros2-mecanum-bot/install/mecanumbot_controller
[1.572s] Invoking command in '/home/leomorningrain/code/ros2-mecanum-bot/build/mecanumbot_controller': CMAKE_PREFIX_PATH=/opt/ros/humble /usr/bin/cmake --build /home/leomorningrain/code/ros2-mecanum-bot/build/mecanumbot_controller -- -j32 -l32
[1.606s] [ 33%] [32mBuilding CXX object CMakeFiles/mecanumbot_controller.dir/src/mecanumbot_drive_controller.cpp.o[0m
[1.609s] [ 66%] [32mBuilding CXX object CMakeFiles/mecanumbot_controller.dir/src/mecanumbot_wheel.cpp.o[0m
[3.191s] [01m[K/home/leomorningrain/code/ros2-mecanum-bot/src/ros2-mecanum-bot/mecanumbot_controller/src/mecanumbot_drive_controller.cpp:[m[K In member function ‘[01m[Kvirtual controller_interface::return_type debict::mecanumbot::controller::MecanumbotDriveController::update(const rclcpp::Time&, const rclcpp::Duration&)[m[K’:
[3.191s] [01m[K/home/leomorningrain/code/ros2-mecanum-bot/src/ros2-mecanum-bot/mecanumbot_controller/src/mecanumbot_drive_controller.cpp:60:90:[m[K [01;35m[Kwarning: [m[Kunused parameter ‘[01m[Ktime[m[K’ [[01;35m[K]8;;https://gcc.gnu.org/onlinedocs/gcc/Warning-Options.html#index-Wunused-parameter-Wunused-parameter]8;;[m[K]
[3.191s]    60 | type MecanumbotDriveController::update([01;35m[Kconst rclcpp::Time & time[m[K, const rclcpp::Duration & period)
[3.192s]       |                                        [01;35m[K~~~~~~~~~~~~~~~~~~~~~^~~~[m[K
[3.192s] 
[3.192s] [01m[K/home/leomorningrain/code/ros2-mecanum-bot/src/ros2-mecanum-bot/mecanumbot_controller/src/mecanumbot_drive_controller.cpp:60:121:[m[K [01;35m[Kwarning: [m[Kunused parameter ‘[01m[Kperiod[m[K’ [[01;35m[K]8;;https://gcc.gnu.org/onlinedocs/gcc/Warning-Options.html#index-Wunused-parameter-Wunused-parameter]8;;[m[K]
[3.192s]    60 | ler::update(const rclcpp::Time & time, [01;35m[Kconst rclcpp::Duration & period[m[K)
[3.192s]       |                                        [01;35m[K~~~~~~~~~~~~~~~~~~~~~~~~~^~~~~~[m[K
[3.192s] 
[6.450s] [100%] [32m[1mLinking CXX shared library libmecanumbot_controller.so[0m
[6.729s] [100%] Built target mecanumbot_controller
[6.734s] Invoked command in '/home/leomorningrain/code/ros2-mecanum-bot/build/mecanumbot_controller' returned '0': CMAKE_PREFIX_PATH=/opt/ros/humble /usr/bin/cmake --build /home/leomorningrain/code/ros2-mecanum-bot/build/mecanumbot_controller -- -j32 -l32
[6.750s] Invoking command in '/home/leomorningrain/code/ros2-mecanum-bot/build/mecanumbot_controller': CMAKE_PREFIX_PATH=/opt/ros/humble /usr/bin/cmake --install /home/leomorningrain/code/ros2-mecanum-bot/build/mecanumbot_controller
[6.753s] -- Install configuration: ""
[6.754s] -- Execute custom install script
[6.754s] -- Symlinking: /home/leomorningrain/code/ros2-mecanum-bot/install/mecanumbot_controller/share/mecanumbot_controller//mecanumbot_controller.xml
[6.759s] -- Symlinking: /home/leomorningrain/code/ros2-mecanum-bot/install/mecanumbot_controller/lib/libmecanumbot_controller.so
[6.764s] -- Symlinking: /home/leomorningrain/code/ros2-mecanum-bot/install/mecanumbot_controller/include/include/mecanumbot_controller/mecanumbot_controller_compiler.h
[6.768s] -- Symlinking: /home/leomorningrain/code/ros2-mecanum-bot/install/mecanumbot_controller/include/include/mecanumbot_controller/mecanumbot_drive_controller.hpp
[6.773s] -- Symlinking: /home/leomorningrain/code/ros2-mecanum-bot/install/mecanumbot_controller/include/include/mecanumbot_controller/mecanumbot_wheel.hpp
[6.778s] -- Symlinking: /home/leomorningrain/code/ros2-mecanum-bot/install/mecanumbot_controller/share/mecanumbot_controller/environment/library_path.sh
[6.782s] -- Symlinking: /home/leomorningrain/code/ros2-mecanum-bot/install/mecanumbot_controller/share/mecanumbot_controller/environment/library_path.dsv
[6.787s] -- Symlinking: /home/leomorningrain/code/ros2-mecanum-bot/install/mecanumbot_controller/share/ament_index/resource_index/package_run_dependencies/mecanumbot_controller
[6.792s] -- Symlinking: /home/leomorningrain/code/ros2-mecanum-bot/install/mecanumbot_controller/share/ament_index/resource_index/parent_prefix_path/mecanumbot_controller
[6.796s] -- Symlinking: /home/leomorningrain/code/ros2-mecanum-bot/install/mecanumbot_controller/share/mecanumbot_controller/environment/ament_prefix_path.sh
[6.801s] -- Symlinking: /home/leomorningrain/code/ros2-mecanum-bot/install/mecanumbot_controller/share/mecanumbot_controller/environment/ament_prefix_path.dsv
[6.806s] -- Symlinking: /home/leomorningrain/code/ros2-mecanum-bot/install/mecanumbot_controller/share/mecanumbot_controller/environment/path.sh
[6.810s] -- Symlinking: /home/leomorningrain/code/ros2-mecanum-bot/install/mecanumbot_controller/share/mecanumbot_controller/environment/path.dsv
[6.815s] -- Symlinking: /home/leomorningrain/code/ros2-mecanum-bot/install/mecanumbot_controller/share/mecanumbot_controller/local_setup.bash
[6.820s] -- Symlinking: /home/leomorningrain/code/ros2-mecanum-bot/install/mecanumbot_controller/share/mecanumbot_controller/local_setup.sh
[6.825s] -- Symlinking: /home/leomorningrain/code/ros2-mecanum-bot/install/mecanumbot_controller/share/mecanumbot_controller/local_setup.zsh
[6.829s] -- Symlinking: /home/leomorningrain/code/ros2-mecanum-bot/install/mecanumbot_controller/share/mecanumbot_controller/local_setup.dsv
[6.834s] -- Symlinking: /home/leomorningrain/code/ros2-mecanum-bot/install/mecanumbot_controller/share/mecanumbot_controller/package.dsv
[6.839s] -- Symlinking: /home/leomorningrain/code/ros2-mecanum-bot/install/mecanumbot_controller/share/ament_index/resource_index/packages/mecanumbot_controller
[6.843s] -- Symlinking: /home/leomorningrain/code/ros2-mecanum-bot/install/mecanumbot_controller/share/ament_index/resource_index/controller_interface__pluginlib__plugin/mecanumbot_controller
[6.848s] -- Symlinking: /home/leomorningrain/code/ros2-mecanum-bot/install/mecanumbot_controller/share/mecanumbot_controller/cmake/ament_cmake_export_include_directories-extras.cmake
[6.853s] -- Symlinking: /home/leomorningrain/code/ros2-mecanum-bot/install/mecanumbot_controller/share/mecanumbot_controller/cmake/ament_cmake_export_libraries-extras.cmake
[6.858s] -- Symlinking: /home/leomorningrain/code/ros2-mecanum-bot/install/mecanumbot_controller/share/mecanumbot_controller/cmake/ament_cmake_export_dependencies-extras.cmake
[6.862s] -- Symlinking: /home/leomorningrain/code/ros2-mecanum-bot/install/mecanumbot_controller/share/mecanumbot_controller/cmake/mecanumbot_controllerConfig.cmake
[6.866s] -- Symlinking: /home/leomorningrain/code/ros2-mecanum-bot/install/mecanumbot_controller/share/mecanumbot_controller/cmake/mecanumbot_controllerConfig-version.cmake
[6.871s] -- Symlinking: /home/leomorningrain/code/ros2-mecanum-bot/install/mecanumbot_controller/share/mecanumbot_controller/package.xml
[6.876s] Invoked command in '/home/leomorningrain/code/ros2-mecanum-bot/build/mecanumbot_controller' returned '0': CMAKE_PREFIX_PATH=/opt/ros/humble /usr/bin/cmake --install /home/leomorningrain/code/ros2-mecanum-bot/build/mecanumbot_controller
