[0.044s] DEBUG:colcon:Command line arguments: ['/usr/bin/colcon', 'build']
[0.044s] DEBUG:colcon:Parsed command line arguments: Namespace(log_base=None, log_level=None, verb_name='build', build_base='build', install_base='install', merge_install=False, symlink_install=False, test_result_base=None, continue_on_error=False, executor='parallel', parallel_workers=32, event_handlers=None, ignore_user_meta=False, metas=['./colcon.meta'], base_paths=['.'], packages_ignore=None, packages_ignore_regex=None, paths=None, packages_up_to=None, packages_up_to_regex=None, packages_above=None, packages_above_and_dependencies=None, packages_above_depth=None, packages_select_by_dep=None, packages_skip_by_dep=None, packages_skip_up_to=None, packages_select_build_failed=False, packages_skip_build_finished=False, packages_select_test_failures=False, packages_skip_test_passed=False, packages_select=None, packages_skip=None, packages_select_regex=None, packages_skip_regex=None, packages_start=None, packages_end=None, allow_overriding=[], cmake_args=None, cmake_target=None, cmake_target_skip_unavailable=False, cmake_clean_cache=False, cmake_clean_first=False, cmake_force_configure=False, ament_cmake_args=None, catkin_cmake_args=None, catkin_skip_building_tests=False, verb_parser=<colcon_defaults.argument_parser.defaults.DefaultArgumentsDecorator object at 0x7c2e8eb347f0>, verb_extension=<colcon_core.verb.build.BuildVerb object at 0x7c2e8ecffa30>, main=<bound method BuildVerb.main of <colcon_core.verb.build.BuildVerb object at 0x7c2e8ecffa30>>)
[0.108s] Level 1:colcon.colcon_core.package_discovery:discover_packages(colcon_meta) check parameters
[0.108s] Level 1:colcon.colcon_core.package_discovery:discover_packages(recursive) check parameters
[0.108s] Level 1:colcon.colcon_core.package_discovery:discover_packages(ignore) check parameters
[0.108s] Level 1:colcon.colcon_core.package_discovery:discover_packages(path) check parameters
[0.108s] Level 1:colcon.colcon_core.package_discovery:discover_packages(colcon_meta) discover
[0.108s] Level 1:colcon.colcon_core.package_discovery:discover_packages(recursive) discover
[0.108s] INFO:colcon.colcon_core.package_discovery:Crawling recursively for packages in '/home/leomorningrain/code/ws01_plumbing'
[0.108s] Level 1:colcon.colcon_core.package_identification:_identify(.) by extensions ['ignore', 'ignore_ament_install']
[0.108s] Level 1:colcon.colcon_core.package_identification:_identify(.) by extension 'ignore'
[0.108s] Level 1:colcon.colcon_core.package_identification:_identify(.) by extension 'ignore_ament_install'
[0.109s] Level 1:colcon.colcon_core.package_identification:_identify(.) by extensions ['colcon_pkg']
[0.109s] Level 1:colcon.colcon_core.package_identification:_identify(.) by extension 'colcon_pkg'
[0.109s] Level 1:colcon.colcon_core.package_identification:_identify(.) by extensions ['colcon_meta']
[0.109s] Level 1:colcon.colcon_core.package_identification:_identify(.) by extension 'colcon_meta'
[0.109s] Level 1:colcon.colcon_core.package_identification:_identify(.) by extensions ['ros']
[0.109s] Level 1:colcon.colcon_core.package_identification:_identify(.) by extension 'ros'
[0.114s] Level 1:colcon.colcon_core.package_identification:_identify(.) by extensions ['cmake', 'python']
[0.114s] Level 1:colcon.colcon_core.package_identification:_identify(.) by extension 'cmake'
[0.114s] Level 1:colcon.colcon_core.package_identification:_identify(.) by extension 'python'
[0.114s] Level 1:colcon.colcon_core.package_identification:_identify(.) by extensions ['python_setup_py']
[0.114s] Level 1:colcon.colcon_core.package_identification:_identify(.) by extension 'python_setup_py'
[0.114s] Level 1:colcon.colcon_core.package_identification:_identify(build) by extensions ['ignore', 'ignore_ament_install']
[0.114s] Level 1:colcon.colcon_core.package_identification:_identify(build) by extension 'ignore'
[0.114s] Level 1:colcon.colcon_core.package_identification:_identify(build) ignored
[0.114s] Level 1:colcon.colcon_core.package_identification:_identify(install) by extensions ['ignore', 'ignore_ament_install']
[0.114s] Level 1:colcon.colcon_core.package_identification:_identify(install) by extension 'ignore'
[0.114s] Level 1:colcon.colcon_core.package_identification:_identify(install) ignored
[0.114s] Level 1:colcon.colcon_core.package_identification:_identify(log) by extensions ['ignore', 'ignore_ament_install']
[0.114s] Level 1:colcon.colcon_core.package_identification:_identify(log) by extension 'ignore'
[0.114s] Level 1:colcon.colcon_core.package_identification:_identify(log) ignored
[0.114s] Level 1:colcon.colcon_core.package_identification:_identify(src) by extensions ['ignore', 'ignore_ament_install']
[0.115s] Level 1:colcon.colcon_core.package_identification:_identify(src) by extension 'ignore'
[0.115s] Level 1:colcon.colcon_core.package_identification:_identify(src) by extension 'ignore_ament_install'
[0.115s] Level 1:colcon.colcon_core.package_identification:_identify(src) by extensions ['colcon_pkg']
[0.115s] Level 1:colcon.colcon_core.package_identification:_identify(src) by extension 'colcon_pkg'
[0.115s] Level 1:colcon.colcon_core.package_identification:_identify(src) by extensions ['colcon_meta']
[0.115s] Level 1:colcon.colcon_core.package_identification:_identify(src) by extension 'colcon_meta'
[0.115s] Level 1:colcon.colcon_core.package_identification:_identify(src) by extensions ['ros']
[0.115s] Level 1:colcon.colcon_core.package_identification:_identify(src) by extension 'ros'
[0.115s] Level 1:colcon.colcon_core.package_identification:_identify(src) by extensions ['cmake', 'python']
[0.115s] Level 1:colcon.colcon_core.package_identification:_identify(src) by extension 'cmake'
[0.115s] Level 1:colcon.colcon_core.package_identification:_identify(src) by extension 'python'
[0.115s] Level 1:colcon.colcon_core.package_identification:_identify(src) by extensions ['python_setup_py']
[0.115s] Level 1:colcon.colcon_core.package_identification:_identify(src) by extension 'python_setup_py'
[0.115s] Level 1:colcon.colcon_core.package_identification:_identify(src/base_interfaces_demo) by extensions ['ignore', 'ignore_ament_install']
[0.115s] Level 1:colcon.colcon_core.package_identification:_identify(src/base_interfaces_demo) by extension 'ignore'
[0.115s] Level 1:colcon.colcon_core.package_identification:_identify(src/base_interfaces_demo) by extension 'ignore_ament_install'
[0.115s] Level 1:colcon.colcon_core.package_identification:_identify(src/base_interfaces_demo) by extensions ['colcon_pkg']
[0.115s] Level 1:colcon.colcon_core.package_identification:_identify(src/base_interfaces_demo) by extension 'colcon_pkg'
[0.115s] Level 1:colcon.colcon_core.package_identification:_identify(src/base_interfaces_demo) by extensions ['colcon_meta']
[0.115s] Level 1:colcon.colcon_core.package_identification:_identify(src/base_interfaces_demo) by extension 'colcon_meta'
[0.115s] Level 1:colcon.colcon_core.package_identification:_identify(src/base_interfaces_demo) by extensions ['ros']
[0.115s] Level 1:colcon.colcon_core.package_identification:_identify(src/base_interfaces_demo) by extension 'ros'
[0.116s] DEBUG:colcon.colcon_core.package_identification:Package 'src/base_interfaces_demo' with type 'ros.ament_cmake' and name 'base_interfaces_demo'
[0.116s] Level 1:colcon.colcon_core.package_identification:_identify(src/build) by extensions ['ignore', 'ignore_ament_install']
[0.116s] Level 1:colcon.colcon_core.package_identification:_identify(src/build) by extension 'ignore'
[0.116s] Level 1:colcon.colcon_core.package_identification:_identify(src/build) ignored
[0.116s] Level 1:colcon.colcon_core.package_identification:_identify(src/cpp01_topic) by extensions ['ignore', 'ignore_ament_install']
[0.116s] Level 1:colcon.colcon_core.package_identification:_identify(src/cpp01_topic) by extension 'ignore'
[0.116s] Level 1:colcon.colcon_core.package_identification:_identify(src/cpp01_topic) by extension 'ignore_ament_install'
[0.116s] Level 1:colcon.colcon_core.package_identification:_identify(src/cpp01_topic) by extensions ['colcon_pkg']
[0.116s] Level 1:colcon.colcon_core.package_identification:_identify(src/cpp01_topic) by extension 'colcon_pkg'
[0.116s] Level 1:colcon.colcon_core.package_identification:_identify(src/cpp01_topic) by extensions ['colcon_meta']
[0.116s] Level 1:colcon.colcon_core.package_identification:_identify(src/cpp01_topic) by extension 'colcon_meta'
[0.116s] Level 1:colcon.colcon_core.package_identification:_identify(src/cpp01_topic) by extensions ['ros']
[0.116s] Level 1:colcon.colcon_core.package_identification:_identify(src/cpp01_topic) by extension 'ros'
[0.117s] DEBUG:colcon.colcon_core.package_identification:Package 'src/cpp01_topic' with type 'ros.ament_cmake' and name 'cpp01_topic'
[0.117s] Level 1:colcon.colcon_core.package_identification:_identify(src/cpp02_service) by extensions ['ignore', 'ignore_ament_install']
[0.117s] Level 1:colcon.colcon_core.package_identification:_identify(src/cpp02_service) by extension 'ignore'
[0.117s] Level 1:colcon.colcon_core.package_identification:_identify(src/cpp02_service) by extension 'ignore_ament_install'
[0.117s] Level 1:colcon.colcon_core.package_identification:_identify(src/cpp02_service) by extensions ['colcon_pkg']
[0.117s] Level 1:colcon.colcon_core.package_identification:_identify(src/cpp02_service) by extension 'colcon_pkg'
[0.117s] Level 1:colcon.colcon_core.package_identification:_identify(src/cpp02_service) by extensions ['colcon_meta']
[0.117s] Level 1:colcon.colcon_core.package_identification:_identify(src/cpp02_service) by extension 'colcon_meta'
[0.117s] Level 1:colcon.colcon_core.package_identification:_identify(src/cpp02_service) by extensions ['ros']
[0.117s] Level 1:colcon.colcon_core.package_identification:_identify(src/cpp02_service) by extension 'ros'
[0.117s] DEBUG:colcon.colcon_core.package_identification:Package 'src/cpp02_service' with type 'ros.ament_cmake' and name 'cpp02_service'
[0.117s] Level 1:colcon.colcon_core.package_identification:_identify(src/cpp03_action) by extensions ['ignore', 'ignore_ament_install']
[0.117s] Level 1:colcon.colcon_core.package_identification:_identify(src/cpp03_action) by extension 'ignore'
[0.117s] Level 1:colcon.colcon_core.package_identification:_identify(src/cpp03_action) by extension 'ignore_ament_install'
[0.117s] Level 1:colcon.colcon_core.package_identification:_identify(src/cpp03_action) by extensions ['colcon_pkg']
[0.117s] Level 1:colcon.colcon_core.package_identification:_identify(src/cpp03_action) by extension 'colcon_pkg'
[0.117s] Level 1:colcon.colcon_core.package_identification:_identify(src/cpp03_action) by extensions ['colcon_meta']
[0.117s] Level 1:colcon.colcon_core.package_identification:_identify(src/cpp03_action) by extension 'colcon_meta'
[0.117s] Level 1:colcon.colcon_core.package_identification:_identify(src/cpp03_action) by extensions ['ros']
[0.117s] Level 1:colcon.colcon_core.package_identification:_identify(src/cpp03_action) by extension 'ros'
[0.118s] DEBUG:colcon.colcon_core.package_identification:Package 'src/cpp03_action' with type 'ros.ament_cmake' and name 'cpp03_action'
[0.118s] Level 1:colcon.colcon_core.package_identification:_identify(src/install) by extensions ['ignore', 'ignore_ament_install']
[0.118s] Level 1:colcon.colcon_core.package_identification:_identify(src/install) by extension 'ignore'
[0.118s] Level 1:colcon.colcon_core.package_identification:_identify(src/install) ignored
[0.118s] Level 1:colcon.colcon_core.package_identification:_identify(src/log) by extensions ['ignore', 'ignore_ament_install']
[0.118s] Level 1:colcon.colcon_core.package_identification:_identify(src/log) by extension 'ignore'
[0.118s] Level 1:colcon.colcon_core.package_identification:_identify(src/log) ignored
[0.118s] Level 1:colcon.colcon_core.package_identification:_identify(src/py01_topic) by extensions ['ignore', 'ignore_ament_install']
[0.118s] Level 1:colcon.colcon_core.package_identification:_identify(src/py01_topic) by extension 'ignore'
[0.118s] Level 1:colcon.colcon_core.package_identification:_identify(src/py01_topic) by extension 'ignore_ament_install'
[0.118s] Level 1:colcon.colcon_core.package_identification:_identify(src/py01_topic) by extensions ['colcon_pkg']
[0.118s] Level 1:colcon.colcon_core.package_identification:_identify(src/py01_topic) by extension 'colcon_pkg'
[0.118s] Level 1:colcon.colcon_core.package_identification:_identify(src/py01_topic) by extensions ['colcon_meta']
[0.118s] Level 1:colcon.colcon_core.package_identification:_identify(src/py01_topic) by extension 'colcon_meta'
[0.118s] Level 1:colcon.colcon_core.package_identification:_identify(src/py01_topic) by extensions ['ros']
[0.118s] Level 1:colcon.colcon_core.package_identification:_identify(src/py01_topic) by extension 'ros'
[0.118s] DEBUG:colcon.colcon_core.package_identification:Package 'src/py01_topic' with type 'ros.ament_python' and name 'py01_topic'
[0.118s] Level 1:colcon.colcon_core.package_identification:_identify(src/py02_service) by extensions ['ignore', 'ignore_ament_install']
[0.118s] Level 1:colcon.colcon_core.package_identification:_identify(src/py02_service) by extension 'ignore'
[0.118s] Level 1:colcon.colcon_core.package_identification:_identify(src/py02_service) by extension 'ignore_ament_install'
[0.118s] Level 1:colcon.colcon_core.package_identification:_identify(src/py02_service) by extensions ['colcon_pkg']
[0.118s] Level 1:colcon.colcon_core.package_identification:_identify(src/py02_service) by extension 'colcon_pkg'
[0.118s] Level 1:colcon.colcon_core.package_identification:_identify(src/py02_service) by extensions ['colcon_meta']
[0.118s] Level 1:colcon.colcon_core.package_identification:_identify(src/py02_service) by extension 'colcon_meta'
[0.118s] Level 1:colcon.colcon_core.package_identification:_identify(src/py02_service) by extensions ['ros']
[0.118s] Level 1:colcon.colcon_core.package_identification:_identify(src/py02_service) by extension 'ros'
[0.119s] DEBUG:colcon.colcon_core.package_identification:Package 'src/py02_service' with type 'ros.ament_python' and name 'py02_service'
[0.119s] Level 1:colcon.colcon_core.package_identification:_identify(src/py03_action) by extensions ['ignore', 'ignore_ament_install']
[0.119s] Level 1:colcon.colcon_core.package_identification:_identify(src/py03_action) by extension 'ignore'
[0.119s] Level 1:colcon.colcon_core.package_identification:_identify(src/py03_action) by extension 'ignore_ament_install'
[0.119s] Level 1:colcon.colcon_core.package_identification:_identify(src/py03_action) by extensions ['colcon_pkg']
[0.119s] Level 1:colcon.colcon_core.package_identification:_identify(src/py03_action) by extension 'colcon_pkg'
[0.119s] Level 1:colcon.colcon_core.package_identification:_identify(src/py03_action) by extensions ['colcon_meta']
[0.119s] Level 1:colcon.colcon_core.package_identification:_identify(src/py03_action) by extension 'colcon_meta'
[0.119s] Level 1:colcon.colcon_core.package_identification:_identify(src/py03_action) by extensions ['ros']
[0.119s] Level 1:colcon.colcon_core.package_identification:_identify(src/py03_action) by extension 'ros'
[0.119s] DEBUG:colcon.colcon_core.package_identification:Package 'src/py03_action' with type 'ros.ament_python' and name 'py03_action'
[0.119s] Level 1:colcon.colcon_core.package_discovery:discover_packages(recursive) using defaults
[0.119s] Level 1:colcon.colcon_core.package_discovery:discover_packages(ignore) discover
[0.119s] Level 1:colcon.colcon_core.package_discovery:discover_packages(ignore) using defaults
[0.119s] Level 1:colcon.colcon_core.package_discovery:discover_packages(path) discover
[0.119s] Level 1:colcon.colcon_core.package_discovery:discover_packages(path) using defaults
[0.129s] Level 1:colcon.colcon_core.package_discovery:discover_packages(prefix_path) check parameters
[0.129s] Level 1:colcon.colcon_core.package_discovery:discover_packages(prefix_path) discover
[0.129s] WARNING:colcon.colcon_ros.prefix_path.ament:The path '/home/leomorningrain/code/ws01_plumbing/install/py03_action' in the environment variable AMENT_PREFIX_PATH doesn't exist
[0.129s] WARNING:colcon.colcon_ros.prefix_path.ament:The path '/home/leomorningrain/code/ws01_plumbing/install/cpp03_action' in the environment variable AMENT_PREFIX_PATH doesn't exist
[0.129s] WARNING:colcon.colcon_ros.prefix_path.ament:The path '/home/leomorningrain/code/ws01_plumbing/install/base_interfaces_demo' in the environment variable AMENT_PREFIX_PATH doesn't exist
[0.129s] WARNING:colcon.colcon_ros.prefix_path.catkin:The path '/home/leomorningrain/code/ws01_plumbing/install/cpp03_action' in the environment variable CMAKE_PREFIX_PATH doesn't exist
[0.129s] WARNING:colcon.colcon_ros.prefix_path.catkin:The path '/home/leomorningrain/code/ws01_plumbing/install/base_interfaces_demo' in the environment variable CMAKE_PREFIX_PATH doesn't exist
[0.130s] DEBUG:colcon.colcon_installed_package_information.package_discovery:Found 0 installed packages in /home/leomorningrain/code/ws01_plumbing/install
[0.130s] DEBUG:colcon.colcon_installed_package_information.package_discovery:Found 274 installed packages in /opt/ros/humble
[0.131s] Level 1:colcon.colcon_core.package_discovery:discover_packages(prefix_path) using defaults
[0.151s] Level 5:colcon.colcon_core.verb:set package 'base_interfaces_demo' build argument 'cmake_args' from command line to 'None'
[0.151s] Level 5:colcon.colcon_core.verb:set package 'base_interfaces_demo' build argument 'cmake_target' from command line to 'None'
[0.151s] Level 5:colcon.colcon_core.verb:set package 'base_interfaces_demo' build argument 'cmake_target_skip_unavailable' from command line to 'False'
[0.151s] Level 5:colcon.colcon_core.verb:set package 'base_interfaces_demo' build argument 'cmake_clean_cache' from command line to 'False'
[0.151s] Level 5:colcon.colcon_core.verb:set package 'base_interfaces_demo' build argument 'cmake_clean_first' from command line to 'False'
[0.151s] Level 5:colcon.colcon_core.verb:set package 'base_interfaces_demo' build argument 'cmake_force_configure' from command line to 'False'
[0.151s] Level 5:colcon.colcon_core.verb:set package 'base_interfaces_demo' build argument 'ament_cmake_args' from command line to 'None'
[0.151s] Level 5:colcon.colcon_core.verb:set package 'base_interfaces_demo' build argument 'catkin_cmake_args' from command line to 'None'
[0.151s] Level 5:colcon.colcon_core.verb:set package 'base_interfaces_demo' build argument 'catkin_skip_building_tests' from command line to 'False'
[0.151s] DEBUG:colcon.colcon_core.verb:Building package 'base_interfaces_demo' with the following arguments: {'ament_cmake_args': None, 'build_base': '/home/leomorningrain/code/ws01_plumbing/build/base_interfaces_demo', 'catkin_cmake_args': None, 'catkin_skip_building_tests': False, 'cmake_args': None, 'cmake_clean_cache': False, 'cmake_clean_first': False, 'cmake_force_configure': False, 'cmake_target': None, 'cmake_target_skip_unavailable': False, 'install_base': '/home/leomorningrain/code/ws01_plumbing/install/base_interfaces_demo', 'merge_install': False, 'path': '/home/leomorningrain/code/ws01_plumbing/src/base_interfaces_demo', 'symlink_install': False, 'test_result_base': None}
[0.152s] Level 5:colcon.colcon_core.verb:set package 'cpp01_topic' build argument 'cmake_args' from command line to 'None'
[0.152s] Level 5:colcon.colcon_core.verb:set package 'cpp01_topic' build argument 'cmake_target' from command line to 'None'
[0.152s] Level 5:colcon.colcon_core.verb:set package 'cpp01_topic' build argument 'cmake_target_skip_unavailable' from command line to 'False'
[0.152s] Level 5:colcon.colcon_core.verb:set package 'cpp01_topic' build argument 'cmake_clean_cache' from command line to 'False'
[0.152s] Level 5:colcon.colcon_core.verb:set package 'cpp01_topic' build argument 'cmake_clean_first' from command line to 'False'
[0.152s] Level 5:colcon.colcon_core.verb:set package 'cpp01_topic' build argument 'cmake_force_configure' from command line to 'False'
[0.152s] Level 5:colcon.colcon_core.verb:set package 'cpp01_topic' build argument 'ament_cmake_args' from command line to 'None'
[0.152s] Level 5:colcon.colcon_core.verb:set package 'cpp01_topic' build argument 'catkin_cmake_args' from command line to 'None'
[0.152s] Level 5:colcon.colcon_core.verb:set package 'cpp01_topic' build argument 'catkin_skip_building_tests' from command line to 'False'
[0.152s] DEBUG:colcon.colcon_core.verb:Building package 'cpp01_topic' with the following arguments: {'ament_cmake_args': None, 'build_base': '/home/leomorningrain/code/ws01_plumbing/build/cpp01_topic', 'catkin_cmake_args': None, 'catkin_skip_building_tests': False, 'cmake_args': None, 'cmake_clean_cache': False, 'cmake_clean_first': False, 'cmake_force_configure': False, 'cmake_target': None, 'cmake_target_skip_unavailable': False, 'install_base': '/home/leomorningrain/code/ws01_plumbing/install/cpp01_topic', 'merge_install': False, 'path': '/home/leomorningrain/code/ws01_plumbing/src/cpp01_topic', 'symlink_install': False, 'test_result_base': None}
[0.152s] Level 5:colcon.colcon_core.verb:set package 'cpp02_service' build argument 'cmake_args' from command line to 'None'
[0.152s] Level 5:colcon.colcon_core.verb:set package 'cpp02_service' build argument 'cmake_target' from command line to 'None'
[0.152s] Level 5:colcon.colcon_core.verb:set package 'cpp02_service' build argument 'cmake_target_skip_unavailable' from command line to 'False'
[0.152s] Level 5:colcon.colcon_core.verb:set package 'cpp02_service' build argument 'cmake_clean_cache' from command line to 'False'
[0.152s] Level 5:colcon.colcon_core.verb:set package 'cpp02_service' build argument 'cmake_clean_first' from command line to 'False'
[0.152s] Level 5:colcon.colcon_core.verb:set package 'cpp02_service' build argument 'cmake_force_configure' from command line to 'False'
[0.152s] Level 5:colcon.colcon_core.verb:set package 'cpp02_service' build argument 'ament_cmake_args' from command line to 'None'
[0.152s] Level 5:colcon.colcon_core.verb:set package 'cpp02_service' build argument 'catkin_cmake_args' from command line to 'None'
[0.152s] Level 5:colcon.colcon_core.verb:set package 'cpp02_service' build argument 'catkin_skip_building_tests' from command line to 'False'
[0.152s] DEBUG:colcon.colcon_core.verb:Building package 'cpp02_service' with the following arguments: {'ament_cmake_args': None, 'build_base': '/home/leomorningrain/code/ws01_plumbing/build/cpp02_service', 'catkin_cmake_args': None, 'catkin_skip_building_tests': False, 'cmake_args': None, 'cmake_clean_cache': False, 'cmake_clean_first': False, 'cmake_force_configure': False, 'cmake_target': None, 'cmake_target_skip_unavailable': False, 'install_base': '/home/leomorningrain/code/ws01_plumbing/install/cpp02_service', 'merge_install': False, 'path': '/home/leomorningrain/code/ws01_plumbing/src/cpp02_service', 'symlink_install': False, 'test_result_base': None}
[0.152s] Level 5:colcon.colcon_core.verb:set package 'cpp03_action' build argument 'cmake_args' from command line to 'None'
[0.152s] Level 5:colcon.colcon_core.verb:set package 'cpp03_action' build argument 'cmake_target' from command line to 'None'
[0.152s] Level 5:colcon.colcon_core.verb:set package 'cpp03_action' build argument 'cmake_target_skip_unavailable' from command line to 'False'
[0.152s] Level 5:colcon.colcon_core.verb:set package 'cpp03_action' build argument 'cmake_clean_cache' from command line to 'False'
[0.152s] Level 5:colcon.colcon_core.verb:set package 'cpp03_action' build argument 'cmake_clean_first' from command line to 'False'
[0.152s] Level 5:colcon.colcon_core.verb:set package 'cpp03_action' build argument 'cmake_force_configure' from command line to 'False'
[0.152s] Level 5:colcon.colcon_core.verb:set package 'cpp03_action' build argument 'ament_cmake_args' from command line to 'None'
[0.152s] Level 5:colcon.colcon_core.verb:set package 'cpp03_action' build argument 'catkin_cmake_args' from command line to 'None'
[0.152s] Level 5:colcon.colcon_core.verb:set package 'cpp03_action' build argument 'catkin_skip_building_tests' from command line to 'False'
[0.152s] DEBUG:colcon.colcon_core.verb:Building package 'cpp03_action' with the following arguments: {'ament_cmake_args': None, 'build_base': '/home/leomorningrain/code/ws01_plumbing/build/cpp03_action', 'catkin_cmake_args': None, 'catkin_skip_building_tests': False, 'cmake_args': None, 'cmake_clean_cache': False, 'cmake_clean_first': False, 'cmake_force_configure': False, 'cmake_target': None, 'cmake_target_skip_unavailable': False, 'install_base': '/home/leomorningrain/code/ws01_plumbing/install/cpp03_action', 'merge_install': False, 'path': '/home/leomorningrain/code/ws01_plumbing/src/cpp03_action', 'symlink_install': False, 'test_result_base': None}
[0.152s] Level 5:colcon.colcon_core.verb:set package 'py01_topic' build argument 'cmake_args' from command line to 'None'
[0.152s] Level 5:colcon.colcon_core.verb:set package 'py01_topic' build argument 'cmake_target' from command line to 'None'
[0.152s] Level 5:colcon.colcon_core.verb:set package 'py01_topic' build argument 'cmake_target_skip_unavailable' from command line to 'False'
[0.152s] Level 5:colcon.colcon_core.verb:set package 'py01_topic' build argument 'cmake_clean_cache' from command line to 'False'
[0.152s] Level 5:colcon.colcon_core.verb:set package 'py01_topic' build argument 'cmake_clean_first' from command line to 'False'
[0.152s] Level 5:colcon.colcon_core.verb:set package 'py01_topic' build argument 'cmake_force_configure' from command line to 'False'
[0.152s] Level 5:colcon.colcon_core.verb:set package 'py01_topic' build argument 'ament_cmake_args' from command line to 'None'
[0.152s] Level 5:colcon.colcon_core.verb:set package 'py01_topic' build argument 'catkin_cmake_args' from command line to 'None'
[0.152s] Level 5:colcon.colcon_core.verb:set package 'py01_topic' build argument 'catkin_skip_building_tests' from command line to 'False'
[0.152s] DEBUG:colcon.colcon_core.verb:Building package 'py01_topic' with the following arguments: {'ament_cmake_args': None, 'build_base': '/home/leomorningrain/code/ws01_plumbing/build/py01_topic', 'catkin_cmake_args': None, 'catkin_skip_building_tests': False, 'cmake_args': None, 'cmake_clean_cache': False, 'cmake_clean_first': False, 'cmake_force_configure': False, 'cmake_target': None, 'cmake_target_skip_unavailable': False, 'install_base': '/home/leomorningrain/code/ws01_plumbing/install/py01_topic', 'merge_install': False, 'path': '/home/leomorningrain/code/ws01_plumbing/src/py01_topic', 'symlink_install': False, 'test_result_base': None}
[0.153s] Level 5:colcon.colcon_core.verb:set package 'py02_service' build argument 'cmake_args' from command line to 'None'
[0.153s] Level 5:colcon.colcon_core.verb:set package 'py02_service' build argument 'cmake_target' from command line to 'None'
[0.153s] Level 5:colcon.colcon_core.verb:set package 'py02_service' build argument 'cmake_target_skip_unavailable' from command line to 'False'
[0.153s] Level 5:colcon.colcon_core.verb:set package 'py02_service' build argument 'cmake_clean_cache' from command line to 'False'
[0.153s] Level 5:colcon.colcon_core.verb:set package 'py02_service' build argument 'cmake_clean_first' from command line to 'False'
[0.153s] Level 5:colcon.colcon_core.verb:set package 'py02_service' build argument 'cmake_force_configure' from command line to 'False'
[0.153s] Level 5:colcon.colcon_core.verb:set package 'py02_service' build argument 'ament_cmake_args' from command line to 'None'
[0.153s] Level 5:colcon.colcon_core.verb:set package 'py02_service' build argument 'catkin_cmake_args' from command line to 'None'
[0.153s] Level 5:colcon.colcon_core.verb:set package 'py02_service' build argument 'catkin_skip_building_tests' from command line to 'False'
[0.153s] DEBUG:colcon.colcon_core.verb:Building package 'py02_service' with the following arguments: {'ament_cmake_args': None, 'build_base': '/home/leomorningrain/code/ws01_plumbing/build/py02_service', 'catkin_cmake_args': None, 'catkin_skip_building_tests': False, 'cmake_args': None, 'cmake_clean_cache': False, 'cmake_clean_first': False, 'cmake_force_configure': False, 'cmake_target': None, 'cmake_target_skip_unavailable': False, 'install_base': '/home/leomorningrain/code/ws01_plumbing/install/py02_service', 'merge_install': False, 'path': '/home/leomorningrain/code/ws01_plumbing/src/py02_service', 'symlink_install': False, 'test_result_base': None}
[0.153s] Level 5:colcon.colcon_core.verb:set package 'py03_action' build argument 'cmake_args' from command line to 'None'
[0.153s] Level 5:colcon.colcon_core.verb:set package 'py03_action' build argument 'cmake_target' from command line to 'None'
[0.153s] Level 5:colcon.colcon_core.verb:set package 'py03_action' build argument 'cmake_target_skip_unavailable' from command line to 'False'
[0.153s] Level 5:colcon.colcon_core.verb:set package 'py03_action' build argument 'cmake_clean_cache' from command line to 'False'
[0.153s] Level 5:colcon.colcon_core.verb:set package 'py03_action' build argument 'cmake_clean_first' from command line to 'False'
[0.153s] Level 5:colcon.colcon_core.verb:set package 'py03_action' build argument 'cmake_force_configure' from command line to 'False'
[0.153s] Level 5:colcon.colcon_core.verb:set package 'py03_action' build argument 'ament_cmake_args' from command line to 'None'
[0.153s] Level 5:colcon.colcon_core.verb:set package 'py03_action' build argument 'catkin_cmake_args' from command line to 'None'
[0.153s] Level 5:colcon.colcon_core.verb:set package 'py03_action' build argument 'catkin_skip_building_tests' from command line to 'False'
[0.153s] DEBUG:colcon.colcon_core.verb:Building package 'py03_action' with the following arguments: {'ament_cmake_args': None, 'build_base': '/home/leomorningrain/code/ws01_plumbing/build/py03_action', 'catkin_cmake_args': None, 'catkin_skip_building_tests': False, 'cmake_args': None, 'cmake_clean_cache': False, 'cmake_clean_first': False, 'cmake_force_configure': False, 'cmake_target': None, 'cmake_target_skip_unavailable': False, 'install_base': '/home/leomorningrain/code/ws01_plumbing/install/py03_action', 'merge_install': False, 'path': '/home/leomorningrain/code/ws01_plumbing/src/py03_action', 'symlink_install': False, 'test_result_base': None}
[0.153s] INFO:colcon.colcon_core.executor:Executing jobs using 'parallel' executor
[0.154s] DEBUG:colcon.colcon_parallel_executor.executor.parallel:run_until_complete
[0.154s] INFO:colcon.colcon_ros.task.ament_cmake.build:Building ROS package in '/home/leomorningrain/code/ws01_plumbing/src/base_interfaces_demo' with build type 'ament_cmake'
[0.154s] INFO:colcon.colcon_cmake.task.cmake.build:Building CMake package in '/home/leomorningrain/code/ws01_plumbing/src/base_interfaces_demo'
[0.155s] INFO:colcon.colcon_core.plugin_system:Skipping extension 'colcon_core.shell.bat': Not used on non-Windows systems
[0.155s] INFO:colcon.colcon_core.shell:Skip shell extension 'powershell' for command environment: Not usable outside of PowerShell
[0.155s] DEBUG:colcon.colcon_core.shell:Skip shell extension 'dsv' for command environment
[0.159s] DEBUG:colcon.colcon_core.event_handler.log_command:Invoking command in '/home/leomorningrain/code/ws01_plumbing/build/base_interfaces_demo': CMAKE_PREFIX_PATH=${CMAKE_PREFIX_PATH}:/home/leomorningrain/code/ws01_plumbing/install/py03_action:/opt/ros/humble /usr/bin/cmake /home/leomorningrain/code/ws01_plumbing/src/base_interfaces_demo -DCMAKE_INSTALL_PREFIX=/home/leomorningrain/code/ws01_plumbing/install/base_interfaces_demo
[1.105s] DEBUG:colcon.colcon_core.event_handler.log_command:Invoked command in '/home/leomorningrain/code/ws01_plumbing/build/base_interfaces_demo' returned '0': CMAKE_PREFIX_PATH=${CMAKE_PREFIX_PATH}:/home/leomorningrain/code/ws01_plumbing/install/py03_action:/opt/ros/humble /usr/bin/cmake /home/leomorningrain/code/ws01_plumbing/src/base_interfaces_demo -DCMAKE_INSTALL_PREFIX=/home/leomorningrain/code/ws01_plumbing/install/base_interfaces_demo
[1.106s] DEBUG:colcon.colcon_core.event_handler.log_command:Invoking command in '/home/leomorningrain/code/ws01_plumbing/build/base_interfaces_demo': CMAKE_PREFIX_PATH=${CMAKE_PREFIX_PATH}:/home/leomorningrain/code/ws01_plumbing/install/py03_action:/opt/ros/humble /usr/bin/cmake --build /home/leomorningrain/code/ws01_plumbing/build/base_interfaces_demo -- -j32 -l32
[2.727s] DEBUG:colcon.colcon_core.event_handler.log_command:Invoked command in '/home/leomorningrain/code/ws01_plumbing/build/base_interfaces_demo' returned '0': CMAKE_PREFIX_PATH=${CMAKE_PREFIX_PATH}:/home/leomorningrain/code/ws01_plumbing/install/py03_action:/opt/ros/humble /usr/bin/cmake --build /home/leomorningrain/code/ws01_plumbing/build/base_interfaces_demo -- -j32 -l32
[2.826s] DEBUG:colcon.colcon_core.event_handler.log_command:Invoking command in '/home/leomorningrain/code/ws01_plumbing/build/base_interfaces_demo': CMAKE_PREFIX_PATH=${CMAKE_PREFIX_PATH}:/home/leomorningrain/code/ws01_plumbing/install/py03_action:/opt/ros/humble /usr/bin/cmake --install /home/leomorningrain/code/ws01_plumbing/build/base_interfaces_demo
[2.867s] Level 1:colcon.colcon_core.environment:create_environment_scripts_only(base_interfaces_demo)
[2.868s] DEBUG:colcon.colcon_core.event_handler.log_command:Invoked command in '/home/leomorningrain/code/ws01_plumbing/build/base_interfaces_demo' returned '0': CMAKE_PREFIX_PATH=${CMAKE_PREFIX_PATH}:/home/leomorningrain/code/ws01_plumbing/install/py03_action:/opt/ros/humble /usr/bin/cmake --install /home/leomorningrain/code/ws01_plumbing/build/base_interfaces_demo
[2.869s] Level 1:colcon.colcon_core.environment:checking '/home/leomorningrain/code/ws01_plumbing/install/base_interfaces_demo' for CMake module files
[2.869s] Level 1:colcon.colcon_core.environment:checking '/home/leomorningrain/code/ws01_plumbing/install/base_interfaces_demo' for CMake config files
[2.869s] Level 1:colcon.colcon_core.shell:create_environment_hook('base_interfaces_demo', 'cmake_prefix_path')
[2.869s] INFO:colcon.colcon_core.shell:Creating environment hook '/home/leomorningrain/code/ws01_plumbing/install/base_interfaces_demo/share/base_interfaces_demo/hook/cmake_prefix_path.ps1'
[2.869s] INFO:colcon.colcon_core.shell:Creating environment descriptor '/home/leomorningrain/code/ws01_plumbing/install/base_interfaces_demo/share/base_interfaces_demo/hook/cmake_prefix_path.dsv'
[2.870s] INFO:colcon.colcon_core.shell:Creating environment hook '/home/leomorningrain/code/ws01_plumbing/install/base_interfaces_demo/share/base_interfaces_demo/hook/cmake_prefix_path.sh'
[2.870s] Level 1:colcon.colcon_core.environment:checking '/home/leomorningrain/code/ws01_plumbing/install/base_interfaces_demo/lib'
[2.870s] Level 1:colcon.colcon_core.shell:create_environment_hook('base_interfaces_demo', 'ld_library_path_lib')
[2.870s] INFO:colcon.colcon_core.shell:Creating environment hook '/home/leomorningrain/code/ws01_plumbing/install/base_interfaces_demo/share/base_interfaces_demo/hook/ld_library_path_lib.ps1'
[2.870s] INFO:colcon.colcon_core.shell:Creating environment descriptor '/home/leomorningrain/code/ws01_plumbing/install/base_interfaces_demo/share/base_interfaces_demo/hook/ld_library_path_lib.dsv'
[2.870s] INFO:colcon.colcon_core.shell:Creating environment hook '/home/leomorningrain/code/ws01_plumbing/install/base_interfaces_demo/share/base_interfaces_demo/hook/ld_library_path_lib.sh'
[2.870s] Level 1:colcon.colcon_core.environment:checking '/home/leomorningrain/code/ws01_plumbing/install/base_interfaces_demo/bin'
[2.870s] Level 1:colcon.colcon_core.environment:checking '/home/leomorningrain/code/ws01_plumbing/install/base_interfaces_demo/lib/pkgconfig/base_interfaces_demo.pc'
[2.871s] Level 1:colcon.colcon_core.environment:checking '/home/leomorningrain/code/ws01_plumbing/install/base_interfaces_demo/lib/python3.10/site-packages'
[2.871s] Level 1:colcon.colcon_core.environment:checking '/home/leomorningrain/code/ws01_plumbing/install/base_interfaces_demo/bin'
[2.871s] INFO:colcon.colcon_core.shell:Creating package script '/home/leomorningrain/code/ws01_plumbing/install/base_interfaces_demo/share/base_interfaces_demo/package.ps1'
[2.871s] INFO:colcon.colcon_core.shell:Creating package descriptor '/home/leomorningrain/code/ws01_plumbing/install/base_interfaces_demo/share/base_interfaces_demo/package.dsv'
[2.871s] INFO:colcon.colcon_core.shell:Creating package script '/home/leomorningrain/code/ws01_plumbing/install/base_interfaces_demo/share/base_interfaces_demo/package.sh'
[2.872s] INFO:colcon.colcon_core.shell:Creating package script '/home/leomorningrain/code/ws01_plumbing/install/base_interfaces_demo/share/base_interfaces_demo/package.bash'
[2.872s] INFO:colcon.colcon_core.shell:Creating package script '/home/leomorningrain/code/ws01_plumbing/install/base_interfaces_demo/share/base_interfaces_demo/package.zsh'
[2.872s] Level 1:colcon.colcon_core.environment:create_file_with_runtime_dependencies(/home/leomorningrain/code/ws01_plumbing/install/base_interfaces_demo/share/colcon-core/packages/base_interfaces_demo)
[2.977s] Level 1:colcon.colcon_core.environment:create_environment_scripts_only(base_interfaces_demo)
[2.977s] Level 1:colcon.colcon_core.environment:checking '/home/leomorningrain/code/ws01_plumbing/install/base_interfaces_demo' for CMake module files
[2.978s] Level 1:colcon.colcon_core.environment:checking '/home/leomorningrain/code/ws01_plumbing/install/base_interfaces_demo' for CMake config files
[2.978s] Level 1:colcon.colcon_core.shell:create_environment_hook('base_interfaces_demo', 'cmake_prefix_path')
[2.978s] INFO:colcon.colcon_core.shell:Creating environment hook '/home/leomorningrain/code/ws01_plumbing/install/base_interfaces_demo/share/base_interfaces_demo/hook/cmake_prefix_path.ps1'
[2.979s] INFO:colcon.colcon_core.shell:Creating environment descriptor '/home/leomorningrain/code/ws01_plumbing/install/base_interfaces_demo/share/base_interfaces_demo/hook/cmake_prefix_path.dsv'
[2.979s] INFO:colcon.colcon_core.shell:Creating environment hook '/home/leomorningrain/code/ws01_plumbing/install/base_interfaces_demo/share/base_interfaces_demo/hook/cmake_prefix_path.sh'
[2.979s] Level 1:colcon.colcon_core.environment:checking '/home/leomorningrain/code/ws01_plumbing/install/base_interfaces_demo/lib'
[2.979s] Level 1:colcon.colcon_core.shell:create_environment_hook('base_interfaces_demo', 'ld_library_path_lib')
[2.980s] INFO:colcon.colcon_core.shell:Creating environment hook '/home/leomorningrain/code/ws01_plumbing/install/base_interfaces_demo/share/base_interfaces_demo/hook/ld_library_path_lib.ps1'
[2.980s] INFO:colcon.colcon_core.shell:Creating environment descriptor '/home/leomorningrain/code/ws01_plumbing/install/base_interfaces_demo/share/base_interfaces_demo/hook/ld_library_path_lib.dsv'
[2.980s] INFO:colcon.colcon_core.shell:Creating environment hook '/home/leomorningrain/code/ws01_plumbing/install/base_interfaces_demo/share/base_interfaces_demo/hook/ld_library_path_lib.sh'
[2.980s] Level 1:colcon.colcon_core.environment:checking '/home/leomorningrain/code/ws01_plumbing/install/base_interfaces_demo/bin'
[2.981s] Level 1:colcon.colcon_core.environment:checking '/home/leomorningrain/code/ws01_plumbing/install/base_interfaces_demo/lib/pkgconfig/base_interfaces_demo.pc'
[2.981s] Level 1:colcon.colcon_core.environment:checking '/home/leomorningrain/code/ws01_plumbing/install/base_interfaces_demo/lib/python3.10/site-packages'
[2.981s] Level 1:colcon.colcon_core.environment:checking '/home/leomorningrain/code/ws01_plumbing/install/base_interfaces_demo/bin'
[2.982s] INFO:colcon.colcon_core.shell:Creating package script '/home/leomorningrain/code/ws01_plumbing/install/base_interfaces_demo/share/base_interfaces_demo/package.ps1'
[2.982s] INFO:colcon.colcon_core.shell:Creating package descriptor '/home/leomorningrain/code/ws01_plumbing/install/base_interfaces_demo/share/base_interfaces_demo/package.dsv'
[2.983s] INFO:colcon.colcon_core.shell:Creating package script '/home/leomorningrain/code/ws01_plumbing/install/base_interfaces_demo/share/base_interfaces_demo/package.sh'
[2.983s] INFO:colcon.colcon_core.shell:Creating package script '/home/leomorningrain/code/ws01_plumbing/install/base_interfaces_demo/share/base_interfaces_demo/package.bash'
[2.983s] INFO:colcon.colcon_core.shell:Creating package script '/home/leomorningrain/code/ws01_plumbing/install/base_interfaces_demo/share/base_interfaces_demo/package.zsh'
[2.984s] Level 1:colcon.colcon_core.environment:create_file_with_runtime_dependencies(/home/leomorningrain/code/ws01_plumbing/install/base_interfaces_demo/share/colcon-core/packages/base_interfaces_demo)
[2.984s] INFO:colcon.colcon_ros.task.ament_cmake.build:Building ROS package in '/home/leomorningrain/code/ws01_plumbing/src/cpp01_topic' with build type 'ament_cmake'
[2.984s] INFO:colcon.colcon_cmake.task.cmake.build:Building CMake package in '/home/leomorningrain/code/ws01_plumbing/src/cpp01_topic'
[2.985s] INFO:colcon.colcon_core.shell:Skip shell extension 'powershell' for command environment: Not usable outside of PowerShell
[2.985s] DEBUG:colcon.colcon_core.shell:Skip shell extension 'dsv' for command environment
[2.989s] INFO:colcon.colcon_ros.task.ament_cmake.build:Building ROS package in '/home/leomorningrain/code/ws01_plumbing/src/cpp02_service' with build type 'ament_cmake'
[2.989s] INFO:colcon.colcon_cmake.task.cmake.build:Building CMake package in '/home/leomorningrain/code/ws01_plumbing/src/cpp02_service'
[2.989s] INFO:colcon.colcon_core.shell:Skip shell extension 'powershell' for command environment: Not usable outside of PowerShell
[2.989s] DEBUG:colcon.colcon_core.shell:Skip shell extension 'dsv' for command environment
[2.992s] INFO:colcon.colcon_ros.task.ament_cmake.build:Building ROS package in '/home/leomorningrain/code/ws01_plumbing/src/cpp03_action' with build type 'ament_cmake'
[2.992s] INFO:colcon.colcon_cmake.task.cmake.build:Building CMake package in '/home/leomorningrain/code/ws01_plumbing/src/cpp03_action'
[2.993s] INFO:colcon.colcon_core.shell:Skip shell extension 'powershell' for command environment: Not usable outside of PowerShell
[2.993s] DEBUG:colcon.colcon_core.shell:Skip shell extension 'dsv' for command environment
[2.996s] INFO:colcon.colcon_ros.task.ament_python.build:Building ROS package in '/home/leomorningrain/code/ws01_plumbing/src/py01_topic' with build type 'ament_python'
[2.996s] Level 1:colcon.colcon_core.shell:create_environment_hook('py01_topic', 'ament_prefix_path')
[2.996s] INFO:colcon.colcon_core.shell:Creating environment hook '/home/leomorningrain/code/ws01_plumbing/install/py01_topic/share/py01_topic/hook/ament_prefix_path.ps1'
[2.997s] INFO:colcon.colcon_core.shell:Creating environment descriptor '/home/leomorningrain/code/ws01_plumbing/install/py01_topic/share/py01_topic/hook/ament_prefix_path.dsv'
[2.997s] INFO:colcon.colcon_core.shell:Creating environment hook '/home/leomorningrain/code/ws01_plumbing/install/py01_topic/share/py01_topic/hook/ament_prefix_path.sh'
[2.998s] INFO:colcon.colcon_core.shell:Skip shell extension 'powershell' for command environment: Not usable outside of PowerShell
[2.998s] DEBUG:colcon.colcon_core.shell:Skip shell extension 'dsv' for command environment
[3.001s] INFO:colcon.colcon_ros.task.ament_python.build:Building ROS package in '/home/leomorningrain/code/ws01_plumbing/src/py02_service' with build type 'ament_python'
[3.002s] Level 1:colcon.colcon_core.shell:create_environment_hook('py02_service', 'ament_prefix_path')
[3.002s] INFO:colcon.colcon_core.shell:Creating environment hook '/home/leomorningrain/code/ws01_plumbing/install/py02_service/share/py02_service/hook/ament_prefix_path.ps1'
[3.003s] INFO:colcon.colcon_core.shell:Creating environment descriptor '/home/leomorningrain/code/ws01_plumbing/install/py02_service/share/py02_service/hook/ament_prefix_path.dsv'
[3.003s] INFO:colcon.colcon_core.shell:Creating environment hook '/home/leomorningrain/code/ws01_plumbing/install/py02_service/share/py02_service/hook/ament_prefix_path.sh'
[3.003s] INFO:colcon.colcon_core.shell:Skip shell extension 'powershell' for command environment: Not usable outside of PowerShell
[3.003s] DEBUG:colcon.colcon_core.shell:Skip shell extension 'dsv' for command environment
[3.005s] INFO:colcon.colcon_ros.task.ament_python.build:Building ROS package in '/home/leomorningrain/code/ws01_plumbing/src/py03_action' with build type 'ament_python'
[3.005s] Level 1:colcon.colcon_core.shell:create_environment_hook('py03_action', 'ament_prefix_path')
[3.005s] INFO:colcon.colcon_core.shell:Creating environment hook '/home/leomorningrain/code/ws01_plumbing/install/py03_action/share/py03_action/hook/ament_prefix_path.ps1'
[3.006s] INFO:colcon.colcon_core.shell:Creating environment descriptor '/home/leomorningrain/code/ws01_plumbing/install/py03_action/share/py03_action/hook/ament_prefix_path.dsv'
[3.006s] INFO:colcon.colcon_core.shell:Creating environment hook '/home/leomorningrain/code/ws01_plumbing/install/py03_action/share/py03_action/hook/ament_prefix_path.sh'
[3.006s] INFO:colcon.colcon_core.shell:Skip shell extension 'powershell' for command environment: Not usable outside of PowerShell
[3.006s] DEBUG:colcon.colcon_core.shell:Skip shell extension 'dsv' for command environment
[3.012s] DEBUG:colcon.colcon_core.event_handler.log_command:Invoking command in '/home/leomorningrain/code/ws01_plumbing/build/cpp01_topic': CMAKE_PREFIX_PATH=/home/leomorningrain/code/ws01_plumbing/install/base_interfaces_demo:/home/leomorningrain/code/ws01_plumbing/install/cpp03_action:/home/leomorningrain/code/ws01_plumbing/install/py03_action:/opt/ros/humble LD_LIBRARY_PATH=/home/leomorningrain/code/ws01_plumbing/install/base_interfaces_demo/lib:/opt/ros/humble/opt/rviz_ogre_vendor/lib:/opt/ros/humble/lib/x86_64-linux-gnu:/opt/ros/humble/lib:/usr/local/lib:/usr/local/lib /usr/bin/cmake /home/leomorningrain/code/ws01_plumbing/src/cpp01_topic -DCMAKE_INSTALL_PREFIX=/home/leomorningrain/code/ws01_plumbing/install/cpp01_topic
[3.014s] DEBUG:colcon.colcon_core.event_handler.log_command:Invoking command in '/home/leomorningrain/code/ws01_plumbing/build/cpp02_service': CMAKE_PREFIX_PATH=/home/leomorningrain/code/ws01_plumbing/install/base_interfaces_demo:/home/leomorningrain/code/ws01_plumbing/install/cpp03_action:/home/leomorningrain/code/ws01_plumbing/install/py03_action:/opt/ros/humble LD_LIBRARY_PATH=/home/leomorningrain/code/ws01_plumbing/install/base_interfaces_demo/lib:/opt/ros/humble/opt/rviz_ogre_vendor/lib:/opt/ros/humble/lib/x86_64-linux-gnu:/opt/ros/humble/lib:/usr/local/lib:/usr/local/lib /usr/bin/cmake /home/leomorningrain/code/ws01_plumbing/src/cpp02_service -DCMAKE_INSTALL_PREFIX=/home/leomorningrain/code/ws01_plumbing/install/cpp02_service
[3.014s] DEBUG:colcon.colcon_core.event_handler.log_command:Invoking command in '/home/leomorningrain/code/ws01_plumbing/build/cpp03_action': CMAKE_PREFIX_PATH=/home/leomorningrain/code/ws01_plumbing/install/base_interfaces_demo:/home/leomorningrain/code/ws01_plumbing/install/cpp03_action:/home/leomorningrain/code/ws01_plumbing/install/py03_action:/opt/ros/humble LD_LIBRARY_PATH=/home/leomorningrain/code/ws01_plumbing/install/base_interfaces_demo/lib:/opt/ros/humble/opt/rviz_ogre_vendor/lib:/opt/ros/humble/lib/x86_64-linux-gnu:/opt/ros/humble/lib:/usr/local/lib:/usr/local/lib /usr/bin/cmake /home/leomorningrain/code/ws01_plumbing/src/cpp03_action -DCMAKE_INSTALL_PREFIX=/home/leomorningrain/code/ws01_plumbing/install/cpp03_action
[3.137s] INFO:colcon.colcon_core.task.python.build:Building Python package in '/home/leomorningrain/code/ws01_plumbing/src/py01_topic'
[3.137s] INFO:colcon.colcon_core.shell:Skip shell extension 'powershell' for command environment: Not usable outside of PowerShell
[3.137s] DEBUG:colcon.colcon_core.shell:Skip shell extension 'dsv' for command environment
[3.267s] INFO:colcon.colcon_core.task.python.build:Building Python package in '/home/leomorningrain/code/ws01_plumbing/src/py02_service'
[3.267s] INFO:colcon.colcon_core.shell:Skip shell extension 'powershell' for command environment: Not usable outside of PowerShell
[3.267s] DEBUG:colcon.colcon_core.shell:Skip shell extension 'dsv' for command environment
[3.404s] INFO:colcon.colcon_core.task.python.build:Building Python package in '/home/leomorningrain/code/ws01_plumbing/src/py03_action'
[3.404s] INFO:colcon.colcon_core.shell:Skip shell extension 'powershell' for command environment: Not usable outside of PowerShell
[3.404s] DEBUG:colcon.colcon_core.shell:Skip shell extension 'dsv' for command environment
[3.590s] DEBUG:colcon.colcon_core.event_handler.log_command:Invoking command in '/home/leomorningrain/code/ws01_plumbing/src/py01_topic': CMAKE_PREFIX_PATH=/home/leomorningrain/code/ws01_plumbing/install/base_interfaces_demo:/home/leomorningrain/code/ws01_plumbing/install/cpp03_action LD_LIBRARY_PATH=/home/leomorningrain/code/ws01_plumbing/install/base_interfaces_demo/lib:/opt/ros/humble/opt/rviz_ogre_vendor/lib:/opt/ros/humble/lib/x86_64-linux-gnu:/opt/ros/humble/lib:/usr/local/lib:/usr/local/lib PYTHONPATH=/home/leomorningrain/code/ws01_plumbing/build/py01_topic/prefix_override:/home/leomorningrain/code/ws01_plumbing/install/py01_topic/lib/python3.10/site-packages:${PYTHONPATH} /usr/bin/python3 -W ignore:setup.py install is deprecated setup.py egg_info --egg-base ../../build/py01_topic build --build-base /home/leomorningrain/code/ws01_plumbing/build/py01_topic/build install --record /home/leomorningrain/code/ws01_plumbing/build/py01_topic/install.log --single-version-externally-managed install_data
[3.593s] DEBUG:colcon.colcon_core.event_handler.log_command:Invoking command in '/home/leomorningrain/code/ws01_plumbing/src/py02_service': CMAKE_PREFIX_PATH=/home/leomorningrain/code/ws01_plumbing/install/base_interfaces_demo:/home/leomorningrain/code/ws01_plumbing/install/cpp03_action LD_LIBRARY_PATH=/home/leomorningrain/code/ws01_plumbing/install/base_interfaces_demo/lib:/opt/ros/humble/opt/rviz_ogre_vendor/lib:/opt/ros/humble/lib/x86_64-linux-gnu:/opt/ros/humble/lib:/usr/local/lib:/usr/local/lib PYTHONPATH=/home/leomorningrain/code/ws01_plumbing/build/py02_service/prefix_override:/home/leomorningrain/code/ws01_plumbing/install/py02_service/lib/python3.10/site-packages:${PYTHONPATH} /usr/bin/python3 -W ignore:setup.py install is deprecated setup.py egg_info --egg-base ../../build/py02_service build --build-base /home/leomorningrain/code/ws01_plumbing/build/py02_service/build install --record /home/leomorningrain/code/ws01_plumbing/build/py02_service/install.log --single-version-externally-managed install_data
[3.595s] DEBUG:colcon.colcon_core.event_handler.log_command:Invoking command in '/home/leomorningrain/code/ws01_plumbing/src/py03_action': CMAKE_PREFIX_PATH=/home/leomorningrain/code/ws01_plumbing/install/base_interfaces_demo:/home/leomorningrain/code/ws01_plumbing/install/cpp03_action LD_LIBRARY_PATH=/home/leomorningrain/code/ws01_plumbing/install/base_interfaces_demo/lib:/opt/ros/humble/opt/rviz_ogre_vendor/lib:/opt/ros/humble/lib/x86_64-linux-gnu:/opt/ros/humble/lib:/usr/local/lib:/usr/local/lib PYTHONPATH=/home/leomorningrain/code/ws01_plumbing/build/py03_action/prefix_override:/home/leomorningrain/code/ws01_plumbing/install/py03_action/lib/python3.10/site-packages:${PYTHONPATH} /usr/bin/python3 -W ignore:setup.py install is deprecated setup.py egg_info --egg-base ../../build/py03_action build --build-base /home/leomorningrain/code/ws01_plumbing/build/py03_action/build install --record /home/leomorningrain/code/ws01_plumbing/build/py03_action/install.log --single-version-externally-managed install_data
[3.756s] Level 1:colcon.colcon_core.environment:checking '/home/leomorningrain/code/ws01_plumbing/install/py01_topic' for CMake module files
[3.756s] DEBUG:colcon.colcon_core.event_handler.log_command:Invoked command in '/home/leomorningrain/code/ws01_plumbing/src/py01_topic' returned '0': CMAKE_PREFIX_PATH=/home/leomorningrain/code/ws01_plumbing/install/base_interfaces_demo:/home/leomorningrain/code/ws01_plumbing/install/cpp03_action LD_LIBRARY_PATH=/home/leomorningrain/code/ws01_plumbing/install/base_interfaces_demo/lib:/opt/ros/humble/opt/rviz_ogre_vendor/lib:/opt/ros/humble/lib/x86_64-linux-gnu:/opt/ros/humble/lib:/usr/local/lib:/usr/local/lib PYTHONPATH=/home/leomorningrain/code/ws01_plumbing/build/py01_topic/prefix_override:/home/leomorningrain/code/ws01_plumbing/install/py01_topic/lib/python3.10/site-packages:${PYTHONPATH} /usr/bin/python3 -W ignore:setup.py install is deprecated setup.py egg_info --egg-base ../../build/py01_topic build --build-base /home/leomorningrain/code/ws01_plumbing/build/py01_topic/build install --record /home/leomorningrain/code/ws01_plumbing/build/py01_topic/install.log --single-version-externally-managed install_data
[3.756s] Level 1:colcon.colcon_core.environment:checking '/home/leomorningrain/code/ws01_plumbing/install/py01_topic' for CMake config files
[3.757s] Level 1:colcon.colcon_core.environment:checking '/home/leomorningrain/code/ws01_plumbing/install/py01_topic/lib'
[3.757s] Level 1:colcon.colcon_core.environment:checking '/home/leomorningrain/code/ws01_plumbing/install/py01_topic/bin'
[3.757s] Level 1:colcon.colcon_core.environment:checking '/home/leomorningrain/code/ws01_plumbing/install/py01_topic/lib/pkgconfig/py01_topic.pc'
[3.757s] Level 1:colcon.colcon_core.environment:checking '/home/leomorningrain/code/ws01_plumbing/install/py01_topic/lib/python3.10/site-packages'
[3.757s] Level 1:colcon.colcon_core.shell:create_environment_hook('py01_topic', 'pythonpath')
[3.757s] INFO:colcon.colcon_core.shell:Creating environment hook '/home/leomorningrain/code/ws01_plumbing/install/py01_topic/share/py01_topic/hook/pythonpath.ps1'
[3.757s] INFO:colcon.colcon_core.shell:Creating environment descriptor '/home/leomorningrain/code/ws01_plumbing/install/py01_topic/share/py01_topic/hook/pythonpath.dsv'
[3.757s] INFO:colcon.colcon_core.shell:Creating environment hook '/home/leomorningrain/code/ws01_plumbing/install/py01_topic/share/py01_topic/hook/pythonpath.sh'
[3.758s] Level 1:colcon.colcon_core.environment:checking '/home/leomorningrain/code/ws01_plumbing/install/py01_topic/bin'
[3.758s] Level 1:colcon.colcon_core.environment:create_environment_scripts_only(py01_topic)
[3.758s] INFO:colcon.colcon_core.shell:Creating package script '/home/leomorningrain/code/ws01_plumbing/install/py01_topic/share/py01_topic/package.ps1'
[3.758s] INFO:colcon.colcon_core.shell:Creating package descriptor '/home/leomorningrain/code/ws01_plumbing/install/py01_topic/share/py01_topic/package.dsv'
[3.758s] INFO:colcon.colcon_core.shell:Creating package script '/home/leomorningrain/code/ws01_plumbing/install/py01_topic/share/py01_topic/package.sh'
[3.758s] INFO:colcon.colcon_core.shell:Creating package script '/home/leomorningrain/code/ws01_plumbing/install/py01_topic/share/py01_topic/package.bash'
[3.759s] INFO:colcon.colcon_core.shell:Creating package script '/home/leomorningrain/code/ws01_plumbing/install/py01_topic/share/py01_topic/package.zsh'
[3.759s] Level 1:colcon.colcon_core.environment:create_file_with_runtime_dependencies(/home/leomorningrain/code/ws01_plumbing/install/py01_topic/share/colcon-core/packages/py01_topic)
[3.760s] Level 1:colcon.colcon_core.environment:checking '/home/leomorningrain/code/ws01_plumbing/install/py03_action' for CMake module files
[3.761s] DEBUG:colcon.colcon_core.event_handler.log_command:Invoked command in '/home/leomorningrain/code/ws01_plumbing/src/py03_action' returned '0': CMAKE_PREFIX_PATH=/home/leomorningrain/code/ws01_plumbing/install/base_interfaces_demo:/home/leomorningrain/code/ws01_plumbing/install/cpp03_action LD_LIBRARY_PATH=/home/leomorningrain/code/ws01_plumbing/install/base_interfaces_demo/lib:/opt/ros/humble/opt/rviz_ogre_vendor/lib:/opt/ros/humble/lib/x86_64-linux-gnu:/opt/ros/humble/lib:/usr/local/lib:/usr/local/lib PYTHONPATH=/home/leomorningrain/code/ws01_plumbing/build/py03_action/prefix_override:/home/leomorningrain/code/ws01_plumbing/install/py03_action/lib/python3.10/site-packages:${PYTHONPATH} /usr/bin/python3 -W ignore:setup.py install is deprecated setup.py egg_info --egg-base ../../build/py03_action build --build-base /home/leomorningrain/code/ws01_plumbing/build/py03_action/build install --record /home/leomorningrain/code/ws01_plumbing/build/py03_action/install.log --single-version-externally-managed install_data
[3.761s] Level 1:colcon.colcon_core.environment:checking '/home/leomorningrain/code/ws01_plumbing/install/py03_action' for CMake config files
[3.761s] Level 1:colcon.colcon_core.environment:checking '/home/leomorningrain/code/ws01_plumbing/install/py03_action/lib'
[3.762s] Level 1:colcon.colcon_core.environment:checking '/home/leomorningrain/code/ws01_plumbing/install/py03_action/bin'
[3.762s] Level 1:colcon.colcon_core.environment:checking '/home/leomorningrain/code/ws01_plumbing/install/py03_action/lib/pkgconfig/py03_action.pc'
[3.762s] Level 1:colcon.colcon_core.environment:checking '/home/leomorningrain/code/ws01_plumbing/install/py03_action/lib/python3.10/site-packages'
[3.762s] Level 1:colcon.colcon_core.shell:create_environment_hook('py03_action', 'pythonpath')
[3.762s] INFO:colcon.colcon_core.shell:Creating environment hook '/home/leomorningrain/code/ws01_plumbing/install/py03_action/share/py03_action/hook/pythonpath.ps1'
[3.762s] INFO:colcon.colcon_core.shell:Creating environment descriptor '/home/leomorningrain/code/ws01_plumbing/install/py03_action/share/py03_action/hook/pythonpath.dsv'
[3.763s] INFO:colcon.colcon_core.shell:Creating environment hook '/home/leomorningrain/code/ws01_plumbing/install/py03_action/share/py03_action/hook/pythonpath.sh'
[3.763s] Level 1:colcon.colcon_core.environment:checking '/home/leomorningrain/code/ws01_plumbing/install/py03_action/bin'
[3.763s] Level 1:colcon.colcon_core.environment:create_environment_scripts_only(py03_action)
[3.764s] INFO:colcon.colcon_core.shell:Creating package script '/home/leomorningrain/code/ws01_plumbing/install/py03_action/share/py03_action/package.ps1'
[3.764s] INFO:colcon.colcon_core.shell:Creating package descriptor '/home/leomorningrain/code/ws01_plumbing/install/py03_action/share/py03_action/package.dsv'
[3.764s] INFO:colcon.colcon_core.shell:Creating package script '/home/leomorningrain/code/ws01_plumbing/install/py03_action/share/py03_action/package.sh'
[3.765s] INFO:colcon.colcon_core.shell:Creating package script '/home/leomorningrain/code/ws01_plumbing/install/py03_action/share/py03_action/package.bash'
[3.765s] INFO:colcon.colcon_core.shell:Creating package script '/home/leomorningrain/code/ws01_plumbing/install/py03_action/share/py03_action/package.zsh'
[3.765s] Level 1:colcon.colcon_core.environment:create_file_with_runtime_dependencies(/home/leomorningrain/code/ws01_plumbing/install/py03_action/share/colcon-core/packages/py03_action)
[3.768s] Level 1:colcon.colcon_core.environment:checking '/home/leomorningrain/code/ws01_plumbing/install/py02_service' for CMake module files
[3.768s] DEBUG:colcon.colcon_core.event_handler.log_command:Invoked command in '/home/leomorningrain/code/ws01_plumbing/src/py02_service' returned '0': CMAKE_PREFIX_PATH=/home/leomorningrain/code/ws01_plumbing/install/base_interfaces_demo:/home/leomorningrain/code/ws01_plumbing/install/cpp03_action LD_LIBRARY_PATH=/home/leomorningrain/code/ws01_plumbing/install/base_interfaces_demo/lib:/opt/ros/humble/opt/rviz_ogre_vendor/lib:/opt/ros/humble/lib/x86_64-linux-gnu:/opt/ros/humble/lib:/usr/local/lib:/usr/local/lib PYTHONPATH=/home/leomorningrain/code/ws01_plumbing/build/py02_service/prefix_override:/home/leomorningrain/code/ws01_plumbing/install/py02_service/lib/python3.10/site-packages:${PYTHONPATH} /usr/bin/python3 -W ignore:setup.py install is deprecated setup.py egg_info --egg-base ../../build/py02_service build --build-base /home/leomorningrain/code/ws01_plumbing/build/py02_service/build install --record /home/leomorningrain/code/ws01_plumbing/build/py02_service/install.log --single-version-externally-managed install_data
[3.768s] Level 1:colcon.colcon_core.environment:checking '/home/leomorningrain/code/ws01_plumbing/install/py02_service' for CMake config files
[3.769s] Level 1:colcon.colcon_core.environment:checking '/home/leomorningrain/code/ws01_plumbing/install/py02_service/lib'
[3.769s] Level 1:colcon.colcon_core.environment:checking '/home/leomorningrain/code/ws01_plumbing/install/py02_service/bin'
[3.769s] Level 1:colcon.colcon_core.environment:checking '/home/leomorningrain/code/ws01_plumbing/install/py02_service/lib/pkgconfig/py02_service.pc'
[3.769s] Level 1:colcon.colcon_core.environment:checking '/home/leomorningrain/code/ws01_plumbing/install/py02_service/lib/python3.10/site-packages'
[3.769s] Level 1:colcon.colcon_core.shell:create_environment_hook('py02_service', 'pythonpath')
[3.769s] INFO:colcon.colcon_core.shell:Creating environment hook '/home/leomorningrain/code/ws01_plumbing/install/py02_service/share/py02_service/hook/pythonpath.ps1'
[3.769s] INFO:colcon.colcon_core.shell:Creating environment descriptor '/home/leomorningrain/code/ws01_plumbing/install/py02_service/share/py02_service/hook/pythonpath.dsv'
[3.769s] INFO:colcon.colcon_core.shell:Creating environment hook '/home/leomorningrain/code/ws01_plumbing/install/py02_service/share/py02_service/hook/pythonpath.sh'
[3.770s] Level 1:colcon.colcon_core.environment:checking '/home/leomorningrain/code/ws01_plumbing/install/py02_service/bin'
[3.770s] Level 1:colcon.colcon_core.environment:create_environment_scripts_only(py02_service)
[3.770s] INFO:colcon.colcon_core.shell:Creating package script '/home/leomorningrain/code/ws01_plumbing/install/py02_service/share/py02_service/package.ps1'
[3.770s] INFO:colcon.colcon_core.shell:Creating package descriptor '/home/leomorningrain/code/ws01_plumbing/install/py02_service/share/py02_service/package.dsv'
[3.770s] INFO:colcon.colcon_core.shell:Creating package script '/home/leomorningrain/code/ws01_plumbing/install/py02_service/share/py02_service/package.sh'
[3.770s] INFO:colcon.colcon_core.shell:Creating package script '/home/leomorningrain/code/ws01_plumbing/install/py02_service/share/py02_service/package.bash'
[3.771s] INFO:colcon.colcon_core.shell:Creating package script '/home/leomorningrain/code/ws01_plumbing/install/py02_service/share/py02_service/package.zsh'
[3.771s] Level 1:colcon.colcon_core.environment:create_file_with_runtime_dependencies(/home/leomorningrain/code/ws01_plumbing/install/py02_service/share/colcon-core/packages/py02_service)
[3.862s] DEBUG:colcon.colcon_core.event_handler.log_command:Invoked command in '/home/leomorningrain/code/ws01_plumbing/build/cpp02_service' returned '0': CMAKE_PREFIX_PATH=/home/leomorningrain/code/ws01_plumbing/install/base_interfaces_demo:/home/leomorningrain/code/ws01_plumbing/install/cpp03_action:/home/leomorningrain/code/ws01_plumbing/install/py03_action:/opt/ros/humble LD_LIBRARY_PATH=/home/leomorningrain/code/ws01_plumbing/install/base_interfaces_demo/lib:/opt/ros/humble/opt/rviz_ogre_vendor/lib:/opt/ros/humble/lib/x86_64-linux-gnu:/opt/ros/humble/lib:/usr/local/lib:/usr/local/lib /usr/bin/cmake /home/leomorningrain/code/ws01_plumbing/src/cpp02_service -DCMAKE_INSTALL_PREFIX=/home/leomorningrain/code/ws01_plumbing/install/cpp02_service
[3.862s] DEBUG:colcon.colcon_core.event_handler.log_command:Invoking command in '/home/leomorningrain/code/ws01_plumbing/build/cpp02_service': CMAKE_PREFIX_PATH=/home/leomorningrain/code/ws01_plumbing/install/base_interfaces_demo:/home/leomorningrain/code/ws01_plumbing/install/cpp03_action:/home/leomorningrain/code/ws01_plumbing/install/py03_action:/opt/ros/humble LD_LIBRARY_PATH=/home/leomorningrain/code/ws01_plumbing/install/base_interfaces_demo/lib:/opt/ros/humble/opt/rviz_ogre_vendor/lib:/opt/ros/humble/lib/x86_64-linux-gnu:/opt/ros/humble/lib:/usr/local/lib:/usr/local/lib /usr/bin/cmake --build /home/leomorningrain/code/ws01_plumbing/build/cpp02_service -- -j32 -l32
[3.864s] DEBUG:colcon.colcon_core.event_handler.log_command:Invoked command in '/home/leomorningrain/code/ws01_plumbing/build/cpp03_action' returned '0': CMAKE_PREFIX_PATH=/home/leomorningrain/code/ws01_plumbing/install/base_interfaces_demo:/home/leomorningrain/code/ws01_plumbing/install/cpp03_action:/home/leomorningrain/code/ws01_plumbing/install/py03_action:/opt/ros/humble LD_LIBRARY_PATH=/home/leomorningrain/code/ws01_plumbing/install/base_interfaces_demo/lib:/opt/ros/humble/opt/rviz_ogre_vendor/lib:/opt/ros/humble/lib/x86_64-linux-gnu:/opt/ros/humble/lib:/usr/local/lib:/usr/local/lib /usr/bin/cmake /home/leomorningrain/code/ws01_plumbing/src/cpp03_action -DCMAKE_INSTALL_PREFIX=/home/leomorningrain/code/ws01_plumbing/install/cpp03_action
[3.864s] DEBUG:colcon.colcon_core.event_handler.log_command:Invoking command in '/home/leomorningrain/code/ws01_plumbing/build/cpp03_action': CMAKE_PREFIX_PATH=/home/leomorningrain/code/ws01_plumbing/install/base_interfaces_demo:/home/leomorningrain/code/ws01_plumbing/install/cpp03_action:/home/leomorningrain/code/ws01_plumbing/install/py03_action:/opt/ros/humble LD_LIBRARY_PATH=/home/leomorningrain/code/ws01_plumbing/install/base_interfaces_demo/lib:/opt/ros/humble/opt/rviz_ogre_vendor/lib:/opt/ros/humble/lib/x86_64-linux-gnu:/opt/ros/humble/lib:/usr/local/lib:/usr/local/lib /usr/bin/cmake --build /home/leomorningrain/code/ws01_plumbing/build/cpp03_action -- -j32 -l32
[3.867s] DEBUG:colcon.colcon_core.event_handler.log_command:Invoked command in '/home/leomorningrain/code/ws01_plumbing/build/cpp01_topic' returned '0': CMAKE_PREFIX_PATH=/home/leomorningrain/code/ws01_plumbing/install/base_interfaces_demo:/home/leomorningrain/code/ws01_plumbing/install/cpp03_action:/home/leomorningrain/code/ws01_plumbing/install/py03_action:/opt/ros/humble LD_LIBRARY_PATH=/home/leomorningrain/code/ws01_plumbing/install/base_interfaces_demo/lib:/opt/ros/humble/opt/rviz_ogre_vendor/lib:/opt/ros/humble/lib/x86_64-linux-gnu:/opt/ros/humble/lib:/usr/local/lib:/usr/local/lib /usr/bin/cmake /home/leomorningrain/code/ws01_plumbing/src/cpp01_topic -DCMAKE_INSTALL_PREFIX=/home/leomorningrain/code/ws01_plumbing/install/cpp01_topic
[3.867s] DEBUG:colcon.colcon_core.event_handler.log_command:Invoking command in '/home/leomorningrain/code/ws01_plumbing/build/cpp01_topic': CMAKE_PREFIX_PATH=/home/leomorningrain/code/ws01_plumbing/install/base_interfaces_demo:/home/leomorningrain/code/ws01_plumbing/install/cpp03_action:/home/leomorningrain/code/ws01_plumbing/install/py03_action:/opt/ros/humble LD_LIBRARY_PATH=/home/leomorningrain/code/ws01_plumbing/install/base_interfaces_demo/lib:/opt/ros/humble/opt/rviz_ogre_vendor/lib:/opt/ros/humble/lib/x86_64-linux-gnu:/opt/ros/humble/lib:/usr/local/lib:/usr/local/lib /usr/bin/cmake --build /home/leomorningrain/code/ws01_plumbing/build/cpp01_topic -- -j32 -l32
[6.225s] DEBUG:colcon.colcon_core.event_handler.log_command:Invoked command in '/home/leomorningrain/code/ws01_plumbing/build/cpp02_service' returned '0': CMAKE_PREFIX_PATH=/home/leomorningrain/code/ws01_plumbing/install/base_interfaces_demo:/home/leomorningrain/code/ws01_plumbing/install/cpp03_action:/home/leomorningrain/code/ws01_plumbing/install/py03_action:/opt/ros/humble LD_LIBRARY_PATH=/home/leomorningrain/code/ws01_plumbing/install/base_interfaces_demo/lib:/opt/ros/humble/opt/rviz_ogre_vendor/lib:/opt/ros/humble/lib/x86_64-linux-gnu:/opt/ros/humble/lib:/usr/local/lib:/usr/local/lib /usr/bin/cmake --build /home/leomorningrain/code/ws01_plumbing/build/cpp02_service -- -j32 -l32
[6.243s] DEBUG:colcon.colcon_core.event_handler.log_command:Invoking command in '/home/leomorningrain/code/ws01_plumbing/build/cpp02_service': CMAKE_PREFIX_PATH=/home/leomorningrain/code/ws01_plumbing/install/base_interfaces_demo:/home/leomorningrain/code/ws01_plumbing/install/cpp03_action:/home/leomorningrain/code/ws01_plumbing/install/py03_action:/opt/ros/humble LD_LIBRARY_PATH=/home/leomorningrain/code/ws01_plumbing/install/base_interfaces_demo/lib:/opt/ros/humble/opt/rviz_ogre_vendor/lib:/opt/ros/humble/lib/x86_64-linux-gnu:/opt/ros/humble/lib:/usr/local/lib:/usr/local/lib /usr/bin/cmake --install /home/leomorningrain/code/ws01_plumbing/build/cpp02_service
[6.249s] Level 1:colcon.colcon_core.environment:create_environment_scripts_only(cpp02_service)
[6.250s] Level 1:colcon.colcon_core.environment:checking '/home/leomorningrain/code/ws01_plumbing/install/cpp02_service' for CMake module files
[6.250s] DEBUG:colcon.colcon_core.event_handler.log_command:Invoked command in '/home/leomorningrain/code/ws01_plumbing/build/cpp02_service' returned '0': CMAKE_PREFIX_PATH=/home/leomorningrain/code/ws01_plumbing/install/base_interfaces_demo:/home/leomorningrain/code/ws01_plumbing/install/cpp03_action:/home/leomorningrain/code/ws01_plumbing/install/py03_action:/opt/ros/humble LD_LIBRARY_PATH=/home/leomorningrain/code/ws01_plumbing/install/base_interfaces_demo/lib:/opt/ros/humble/opt/rviz_ogre_vendor/lib:/opt/ros/humble/lib/x86_64-linux-gnu:/opt/ros/humble/lib:/usr/local/lib:/usr/local/lib /usr/bin/cmake --install /home/leomorningrain/code/ws01_plumbing/build/cpp02_service
[6.250s] Level 1:colcon.colcon_core.environment:checking '/home/leomorningrain/code/ws01_plumbing/install/cpp02_service' for CMake config files
[6.250s] Level 1:colcon.colcon_core.shell:create_environment_hook('cpp02_service', 'cmake_prefix_path')
[6.250s] INFO:colcon.colcon_core.shell:Creating environment hook '/home/leomorningrain/code/ws01_plumbing/install/cpp02_service/share/cpp02_service/hook/cmake_prefix_path.ps1'
[6.251s] INFO:colcon.colcon_core.shell:Creating environment descriptor '/home/leomorningrain/code/ws01_plumbing/install/cpp02_service/share/cpp02_service/hook/cmake_prefix_path.dsv'
[6.251s] INFO:colcon.colcon_core.shell:Creating environment hook '/home/leomorningrain/code/ws01_plumbing/install/cpp02_service/share/cpp02_service/hook/cmake_prefix_path.sh'
[6.251s] Level 1:colcon.colcon_core.environment:checking '/home/leomorningrain/code/ws01_plumbing/install/cpp02_service/lib'
[6.251s] Level 1:colcon.colcon_core.environment:checking '/home/leomorningrain/code/ws01_plumbing/install/cpp02_service/bin'
[6.251s] Level 1:colcon.colcon_core.environment:checking '/home/leomorningrain/code/ws01_plumbing/install/cpp02_service/lib/pkgconfig/cpp02_service.pc'
[6.251s] Level 1:colcon.colcon_core.environment:checking '/home/leomorningrain/code/ws01_plumbing/install/cpp02_service/lib/python3.10/site-packages'
[6.251s] Level 1:colcon.colcon_core.environment:checking '/home/leomorningrain/code/ws01_plumbing/install/cpp02_service/bin'
[6.252s] INFO:colcon.colcon_core.shell:Creating package script '/home/leomorningrain/code/ws01_plumbing/install/cpp02_service/share/cpp02_service/package.ps1'
[6.252s] INFO:colcon.colcon_core.shell:Creating package descriptor '/home/leomorningrain/code/ws01_plumbing/install/cpp02_service/share/cpp02_service/package.dsv'
[6.252s] INFO:colcon.colcon_core.shell:Creating package script '/home/leomorningrain/code/ws01_plumbing/install/cpp02_service/share/cpp02_service/package.sh'
[6.252s] INFO:colcon.colcon_core.shell:Creating package script '/home/leomorningrain/code/ws01_plumbing/install/cpp02_service/share/cpp02_service/package.bash'
[6.252s] INFO:colcon.colcon_core.shell:Creating package script '/home/leomorningrain/code/ws01_plumbing/install/cpp02_service/share/cpp02_service/package.zsh'
[6.253s] Level 1:colcon.colcon_core.environment:create_file_with_runtime_dependencies(/home/leomorningrain/code/ws01_plumbing/install/cpp02_service/share/colcon-core/packages/cpp02_service)
[6.271s] Level 1:colcon.colcon_core.environment:create_environment_scripts_only(cpp02_service)
[6.271s] Level 1:colcon.colcon_core.environment:checking '/home/leomorningrain/code/ws01_plumbing/install/cpp02_service' for CMake module files
[6.272s] Level 1:colcon.colcon_core.environment:checking '/home/leomorningrain/code/ws01_plumbing/install/cpp02_service' for CMake config files
[6.272s] Level 1:colcon.colcon_core.shell:create_environment_hook('cpp02_service', 'cmake_prefix_path')
[6.273s] INFO:colcon.colcon_core.shell:Creating environment hook '/home/leomorningrain/code/ws01_plumbing/install/cpp02_service/share/cpp02_service/hook/cmake_prefix_path.ps1'
[6.273s] INFO:colcon.colcon_core.shell:Creating environment descriptor '/home/leomorningrain/code/ws01_plumbing/install/cpp02_service/share/cpp02_service/hook/cmake_prefix_path.dsv'
[6.273s] INFO:colcon.colcon_core.shell:Creating environment hook '/home/leomorningrain/code/ws01_plumbing/install/cpp02_service/share/cpp02_service/hook/cmake_prefix_path.sh'
[6.274s] Level 1:colcon.colcon_core.environment:checking '/home/leomorningrain/code/ws01_plumbing/install/cpp02_service/lib'
[6.274s] Level 1:colcon.colcon_core.environment:checking '/home/leomorningrain/code/ws01_plumbing/install/cpp02_service/bin'
[6.274s] Level 1:colcon.colcon_core.environment:checking '/home/leomorningrain/code/ws01_plumbing/install/cpp02_service/lib/pkgconfig/cpp02_service.pc'
[6.274s] Level 1:colcon.colcon_core.environment:checking '/home/leomorningrain/code/ws01_plumbing/install/cpp02_service/lib/python3.10/site-packages'
[6.274s] Level 1:colcon.colcon_core.environment:checking '/home/leomorningrain/code/ws01_plumbing/install/cpp02_service/bin'
[6.275s] INFO:colcon.colcon_core.shell:Creating package script '/home/leomorningrain/code/ws01_plumbing/install/cpp02_service/share/cpp02_service/package.ps1'
[6.275s] INFO:colcon.colcon_core.shell:Creating package descriptor '/home/leomorningrain/code/ws01_plumbing/install/cpp02_service/share/cpp02_service/package.dsv'
[6.275s] INFO:colcon.colcon_core.shell:Creating package script '/home/leomorningrain/code/ws01_plumbing/install/cpp02_service/share/cpp02_service/package.sh'
[6.276s] INFO:colcon.colcon_core.shell:Creating package script '/home/leomorningrain/code/ws01_plumbing/install/cpp02_service/share/cpp02_service/package.bash'
[6.276s] INFO:colcon.colcon_core.shell:Creating package script '/home/leomorningrain/code/ws01_plumbing/install/cpp02_service/share/cpp02_service/package.zsh'
[6.276s] Level 1:colcon.colcon_core.environment:create_file_with_runtime_dependencies(/home/leomorningrain/code/ws01_plumbing/install/cpp02_service/share/colcon-core/packages/cpp02_service)
[6.523s] DEBUG:colcon.colcon_core.event_handler.log_command:Invoked command in '/home/leomorningrain/code/ws01_plumbing/build/cpp03_action' returned '0': CMAKE_PREFIX_PATH=/home/leomorningrain/code/ws01_plumbing/install/base_interfaces_demo:/home/leomorningrain/code/ws01_plumbing/install/cpp03_action:/home/leomorningrain/code/ws01_plumbing/install/py03_action:/opt/ros/humble LD_LIBRARY_PATH=/home/leomorningrain/code/ws01_plumbing/install/base_interfaces_demo/lib:/opt/ros/humble/opt/rviz_ogre_vendor/lib:/opt/ros/humble/lib/x86_64-linux-gnu:/opt/ros/humble/lib:/usr/local/lib:/usr/local/lib /usr/bin/cmake --build /home/leomorningrain/code/ws01_plumbing/build/cpp03_action -- -j32 -l32
[6.539s] DEBUG:colcon.colcon_core.event_handler.log_command:Invoking command in '/home/leomorningrain/code/ws01_plumbing/build/cpp03_action': CMAKE_PREFIX_PATH=/home/leomorningrain/code/ws01_plumbing/install/base_interfaces_demo:/home/leomorningrain/code/ws01_plumbing/install/cpp03_action:/home/leomorningrain/code/ws01_plumbing/install/py03_action:/opt/ros/humble LD_LIBRARY_PATH=/home/leomorningrain/code/ws01_plumbing/install/base_interfaces_demo/lib:/opt/ros/humble/opt/rviz_ogre_vendor/lib:/opt/ros/humble/lib/x86_64-linux-gnu:/opt/ros/humble/lib:/usr/local/lib:/usr/local/lib /usr/bin/cmake --install /home/leomorningrain/code/ws01_plumbing/build/cpp03_action
[6.546s] Level 1:colcon.colcon_core.environment:create_environment_scripts_only(cpp03_action)
[6.546s] Level 1:colcon.colcon_core.environment:checking '/home/leomorningrain/code/ws01_plumbing/install/cpp03_action' for CMake module files
[6.547s] DEBUG:colcon.colcon_core.event_handler.log_command:Invoked command in '/home/leomorningrain/code/ws01_plumbing/build/cpp03_action' returned '0': CMAKE_PREFIX_PATH=/home/leomorningrain/code/ws01_plumbing/install/base_interfaces_demo:/home/leomorningrain/code/ws01_plumbing/install/cpp03_action:/home/leomorningrain/code/ws01_plumbing/install/py03_action:/opt/ros/humble LD_LIBRARY_PATH=/home/leomorningrain/code/ws01_plumbing/install/base_interfaces_demo/lib:/opt/ros/humble/opt/rviz_ogre_vendor/lib:/opt/ros/humble/lib/x86_64-linux-gnu:/opt/ros/humble/lib:/usr/local/lib:/usr/local/lib /usr/bin/cmake --install /home/leomorningrain/code/ws01_plumbing/build/cpp03_action
[6.547s] Level 1:colcon.colcon_core.environment:checking '/home/leomorningrain/code/ws01_plumbing/install/cpp03_action' for CMake config files
[6.547s] Level 1:colcon.colcon_core.shell:create_environment_hook('cpp03_action', 'cmake_prefix_path')
[6.547s] INFO:colcon.colcon_core.shell:Creating environment hook '/home/leomorningrain/code/ws01_plumbing/install/cpp03_action/share/cpp03_action/hook/cmake_prefix_path.ps1'
[6.547s] INFO:colcon.colcon_core.shell:Creating environment descriptor '/home/leomorningrain/code/ws01_plumbing/install/cpp03_action/share/cpp03_action/hook/cmake_prefix_path.dsv'
[6.547s] INFO:colcon.colcon_core.shell:Creating environment hook '/home/leomorningrain/code/ws01_plumbing/install/cpp03_action/share/cpp03_action/hook/cmake_prefix_path.sh'
[6.548s] Level 1:colcon.colcon_core.environment:checking '/home/leomorningrain/code/ws01_plumbing/install/cpp03_action/lib'
[6.548s] Level 1:colcon.colcon_core.environment:checking '/home/leomorningrain/code/ws01_plumbing/install/cpp03_action/bin'
[6.548s] Level 1:colcon.colcon_core.environment:checking '/home/leomorningrain/code/ws01_plumbing/install/cpp03_action/lib/pkgconfig/cpp03_action.pc'
[6.548s] Level 1:colcon.colcon_core.environment:checking '/home/leomorningrain/code/ws01_plumbing/install/cpp03_action/lib/python3.10/site-packages'
[6.548s] Level 1:colcon.colcon_core.environment:checking '/home/leomorningrain/code/ws01_plumbing/install/cpp03_action/bin'
[6.548s] INFO:colcon.colcon_core.shell:Creating package script '/home/leomorningrain/code/ws01_plumbing/install/cpp03_action/share/cpp03_action/package.ps1'
[6.548s] INFO:colcon.colcon_core.shell:Creating package descriptor '/home/leomorningrain/code/ws01_plumbing/install/cpp03_action/share/cpp03_action/package.dsv'
[6.549s] INFO:colcon.colcon_core.shell:Creating package script '/home/leomorningrain/code/ws01_plumbing/install/cpp03_action/share/cpp03_action/package.sh'
[6.549s] INFO:colcon.colcon_core.shell:Creating package script '/home/leomorningrain/code/ws01_plumbing/install/cpp03_action/share/cpp03_action/package.bash'
[6.549s] INFO:colcon.colcon_core.shell:Creating package script '/home/leomorningrain/code/ws01_plumbing/install/cpp03_action/share/cpp03_action/package.zsh'
[6.549s] Level 1:colcon.colcon_core.environment:create_file_with_runtime_dependencies(/home/leomorningrain/code/ws01_plumbing/install/cpp03_action/share/colcon-core/packages/cpp03_action)
[6.566s] Level 1:colcon.colcon_core.environment:create_environment_scripts_only(cpp03_action)
[6.566s] Level 1:colcon.colcon_core.environment:checking '/home/leomorningrain/code/ws01_plumbing/install/cpp03_action' for CMake module files
[6.566s] Level 1:colcon.colcon_core.environment:checking '/home/leomorningrain/code/ws01_plumbing/install/cpp03_action' for CMake config files
[6.566s] Level 1:colcon.colcon_core.shell:create_environment_hook('cpp03_action', 'cmake_prefix_path')
[6.567s] INFO:colcon.colcon_core.shell:Creating environment hook '/home/leomorningrain/code/ws01_plumbing/install/cpp03_action/share/cpp03_action/hook/cmake_prefix_path.ps1'
[6.567s] INFO:colcon.colcon_core.shell:Creating environment descriptor '/home/leomorningrain/code/ws01_plumbing/install/cpp03_action/share/cpp03_action/hook/cmake_prefix_path.dsv'
[6.567s] INFO:colcon.colcon_core.shell:Creating environment hook '/home/leomorningrain/code/ws01_plumbing/install/cpp03_action/share/cpp03_action/hook/cmake_prefix_path.sh'
[6.567s] Level 1:colcon.colcon_core.environment:checking '/home/leomorningrain/code/ws01_plumbing/install/cpp03_action/lib'
[6.567s] Level 1:colcon.colcon_core.environment:checking '/home/leomorningrain/code/ws01_plumbing/install/cpp03_action/bin'
[6.567s] Level 1:colcon.colcon_core.environment:checking '/home/leomorningrain/code/ws01_plumbing/install/cpp03_action/lib/pkgconfig/cpp03_action.pc'
[6.567s] Level 1:colcon.colcon_core.environment:checking '/home/leomorningrain/code/ws01_plumbing/install/cpp03_action/lib/python3.10/site-packages'
[6.568s] Level 1:colcon.colcon_core.environment:checking '/home/leomorningrain/code/ws01_plumbing/install/cpp03_action/bin'
[6.568s] INFO:colcon.colcon_core.shell:Creating package script '/home/leomorningrain/code/ws01_plumbing/install/cpp03_action/share/cpp03_action/package.ps1'
[6.568s] INFO:colcon.colcon_core.shell:Creating package descriptor '/home/leomorningrain/code/ws01_plumbing/install/cpp03_action/share/cpp03_action/package.dsv'
[6.568s] INFO:colcon.colcon_core.shell:Creating package script '/home/leomorningrain/code/ws01_plumbing/install/cpp03_action/share/cpp03_action/package.sh'
[6.568s] INFO:colcon.colcon_core.shell:Creating package script '/home/leomorningrain/code/ws01_plumbing/install/cpp03_action/share/cpp03_action/package.bash'
[6.568s] INFO:colcon.colcon_core.shell:Creating package script '/home/leomorningrain/code/ws01_plumbing/install/cpp03_action/share/cpp03_action/package.zsh'
[6.569s] Level 1:colcon.colcon_core.environment:create_file_with_runtime_dependencies(/home/leomorningrain/code/ws01_plumbing/install/cpp03_action/share/colcon-core/packages/cpp03_action)
[8.501s] DEBUG:colcon.colcon_core.event_handler.log_command:Invoked command in '/home/leomorningrain/code/ws01_plumbing/build/cpp01_topic' returned '0': CMAKE_PREFIX_PATH=/home/leomorningrain/code/ws01_plumbing/install/base_interfaces_demo:/home/leomorningrain/code/ws01_plumbing/install/cpp03_action:/home/leomorningrain/code/ws01_plumbing/install/py03_action:/opt/ros/humble LD_LIBRARY_PATH=/home/leomorningrain/code/ws01_plumbing/install/base_interfaces_demo/lib:/opt/ros/humble/opt/rviz_ogre_vendor/lib:/opt/ros/humble/lib/x86_64-linux-gnu:/opt/ros/humble/lib:/usr/local/lib:/usr/local/lib /usr/bin/cmake --build /home/leomorningrain/code/ws01_plumbing/build/cpp01_topic -- -j32 -l32
[8.520s] DEBUG:colcon.colcon_core.event_handler.log_command:Invoking command in '/home/leomorningrain/code/ws01_plumbing/build/cpp01_topic': CMAKE_PREFIX_PATH=/home/leomorningrain/code/ws01_plumbing/install/base_interfaces_demo:/home/leomorningrain/code/ws01_plumbing/install/cpp03_action:/home/leomorningrain/code/ws01_plumbing/install/py03_action:/opt/ros/humble LD_LIBRARY_PATH=/home/leomorningrain/code/ws01_plumbing/install/base_interfaces_demo/lib:/opt/ros/humble/opt/rviz_ogre_vendor/lib:/opt/ros/humble/lib/x86_64-linux-gnu:/opt/ros/humble/lib:/usr/local/lib:/usr/local/lib /usr/bin/cmake --install /home/leomorningrain/code/ws01_plumbing/build/cpp01_topic
[8.536s] Level 1:colcon.colcon_core.environment:create_environment_scripts_only(cpp01_topic)
[8.536s] Level 1:colcon.colcon_core.environment:checking '/home/leomorningrain/code/ws01_plumbing/install/cpp01_topic' for CMake module files
[8.536s] DEBUG:colcon.colcon_core.event_handler.log_command:Invoked command in '/home/leomorningrain/code/ws01_plumbing/build/cpp01_topic' returned '0': CMAKE_PREFIX_PATH=/home/leomorningrain/code/ws01_plumbing/install/base_interfaces_demo:/home/leomorningrain/code/ws01_plumbing/install/cpp03_action:/home/leomorningrain/code/ws01_plumbing/install/py03_action:/opt/ros/humble LD_LIBRARY_PATH=/home/leomorningrain/code/ws01_plumbing/install/base_interfaces_demo/lib:/opt/ros/humble/opt/rviz_ogre_vendor/lib:/opt/ros/humble/lib/x86_64-linux-gnu:/opt/ros/humble/lib:/usr/local/lib:/usr/local/lib /usr/bin/cmake --install /home/leomorningrain/code/ws01_plumbing/build/cpp01_topic
[8.536s] Level 1:colcon.colcon_core.environment:checking '/home/leomorningrain/code/ws01_plumbing/install/cpp01_topic' for CMake config files
[8.536s] Level 1:colcon.colcon_core.shell:create_environment_hook('cpp01_topic', 'cmake_prefix_path')
[8.536s] INFO:colcon.colcon_core.shell:Creating environment hook '/home/leomorningrain/code/ws01_plumbing/install/cpp01_topic/share/cpp01_topic/hook/cmake_prefix_path.ps1'
[8.537s] INFO:colcon.colcon_core.shell:Creating environment descriptor '/home/leomorningrain/code/ws01_plumbing/install/cpp01_topic/share/cpp01_topic/hook/cmake_prefix_path.dsv'
[8.537s] INFO:colcon.colcon_core.shell:Creating environment hook '/home/leomorningrain/code/ws01_plumbing/install/cpp01_topic/share/cpp01_topic/hook/cmake_prefix_path.sh'
[8.537s] Level 1:colcon.colcon_core.environment:checking '/home/leomorningrain/code/ws01_plumbing/install/cpp01_topic/lib'
[8.537s] Level 1:colcon.colcon_core.environment:checking '/home/leomorningrain/code/ws01_plumbing/install/cpp01_topic/bin'
[8.537s] Level 1:colcon.colcon_core.environment:checking '/home/leomorningrain/code/ws01_plumbing/install/cpp01_topic/lib/pkgconfig/cpp01_topic.pc'
[8.537s] Level 1:colcon.colcon_core.environment:checking '/home/leomorningrain/code/ws01_plumbing/install/cpp01_topic/lib/python3.10/site-packages'
[8.537s] Level 1:colcon.colcon_core.environment:checking '/home/leomorningrain/code/ws01_plumbing/install/cpp01_topic/bin'
[8.537s] INFO:colcon.colcon_core.shell:Creating package script '/home/leomorningrain/code/ws01_plumbing/install/cpp01_topic/share/cpp01_topic/package.ps1'
[8.538s] INFO:colcon.colcon_core.shell:Creating package descriptor '/home/leomorningrain/code/ws01_plumbing/install/cpp01_topic/share/cpp01_topic/package.dsv'
[8.538s] INFO:colcon.colcon_core.shell:Creating package script '/home/leomorningrain/code/ws01_plumbing/install/cpp01_topic/share/cpp01_topic/package.sh'
[8.538s] INFO:colcon.colcon_core.shell:Creating package script '/home/leomorningrain/code/ws01_plumbing/install/cpp01_topic/share/cpp01_topic/package.bash'
[8.538s] INFO:colcon.colcon_core.shell:Creating package script '/home/leomorningrain/code/ws01_plumbing/install/cpp01_topic/share/cpp01_topic/package.zsh'
[8.538s] Level 1:colcon.colcon_core.environment:create_file_with_runtime_dependencies(/home/leomorningrain/code/ws01_plumbing/install/cpp01_topic/share/colcon-core/packages/cpp01_topic)
[8.574s] Level 1:colcon.colcon_core.environment:create_environment_scripts_only(cpp01_topic)
[8.574s] Level 1:colcon.colcon_core.environment:checking '/home/leomorningrain/code/ws01_plumbing/install/cpp01_topic' for CMake module files
[8.575s] Level 1:colcon.colcon_core.environment:checking '/home/leomorningrain/code/ws01_plumbing/install/cpp01_topic' for CMake config files
[8.575s] Level 1:colcon.colcon_core.shell:create_environment_hook('cpp01_topic', 'cmake_prefix_path')
[8.575s] INFO:colcon.colcon_core.shell:Creating environment hook '/home/leomorningrain/code/ws01_plumbing/install/cpp01_topic/share/cpp01_topic/hook/cmake_prefix_path.ps1'
[8.575s] INFO:colcon.colcon_core.shell:Creating environment descriptor '/home/leomorningrain/code/ws01_plumbing/install/cpp01_topic/share/cpp01_topic/hook/cmake_prefix_path.dsv'
[8.576s] INFO:colcon.colcon_core.shell:Creating environment hook '/home/leomorningrain/code/ws01_plumbing/install/cpp01_topic/share/cpp01_topic/hook/cmake_prefix_path.sh'
[8.576s] Level 1:colcon.colcon_core.environment:checking '/home/leomorningrain/code/ws01_plumbing/install/cpp01_topic/lib'
[8.576s] Level 1:colcon.colcon_core.environment:checking '/home/leomorningrain/code/ws01_plumbing/install/cpp01_topic/bin'
[8.576s] Level 1:colcon.colcon_core.environment:checking '/home/leomorningrain/code/ws01_plumbing/install/cpp01_topic/lib/pkgconfig/cpp01_topic.pc'
[8.576s] Level 1:colcon.colcon_core.environment:checking '/home/leomorningrain/code/ws01_plumbing/install/cpp01_topic/lib/python3.10/site-packages'
[8.576s] Level 1:colcon.colcon_core.environment:checking '/home/leomorningrain/code/ws01_plumbing/install/cpp01_topic/bin'
[8.577s] INFO:colcon.colcon_core.shell:Creating package script '/home/leomorningrain/code/ws01_plumbing/install/cpp01_topic/share/cpp01_topic/package.ps1'
[8.577s] INFO:colcon.colcon_core.shell:Creating package descriptor '/home/leomorningrain/code/ws01_plumbing/install/cpp01_topic/share/cpp01_topic/package.dsv'
[8.578s] INFO:colcon.colcon_core.shell:Creating package script '/home/leomorningrain/code/ws01_plumbing/install/cpp01_topic/share/cpp01_topic/package.sh'
[8.578s] INFO:colcon.colcon_core.shell:Creating package script '/home/leomorningrain/code/ws01_plumbing/install/cpp01_topic/share/cpp01_topic/package.bash'
[8.579s] INFO:colcon.colcon_core.shell:Creating package script '/home/leomorningrain/code/ws01_plumbing/install/cpp01_topic/share/cpp01_topic/package.zsh'
[8.579s] Level 1:colcon.colcon_core.environment:create_file_with_runtime_dependencies(/home/leomorningrain/code/ws01_plumbing/install/cpp01_topic/share/colcon-core/packages/cpp01_topic)
[8.579s] DEBUG:colcon.colcon_parallel_executor.executor.parallel:closing loop
[8.579s] DEBUG:colcon.colcon_parallel_executor.executor.parallel:loop closed
[8.579s] DEBUG:colcon.colcon_parallel_executor.executor.parallel:run_until_complete finished with '0'
[8.579s] DEBUG:colcon.colcon_core.event_reactor:joining thread
[8.586s] INFO:colcon.colcon_core.plugin_system:Skipping extension 'colcon_notification.desktop_notification.terminal_notifier': Not used on non-Darwin systems
[8.586s] INFO:colcon.colcon_core.plugin_system:Skipping extension 'colcon_notification.desktop_notification.win32': Not used on non-Windows systems
[8.586s] INFO:colcon.colcon_notification.desktop_notification:Sending desktop notification using 'notify2'
[8.598s] DEBUG:colcon.colcon_core.event_reactor:joined thread
[8.598s] INFO:colcon.colcon_core.shell:Creating prefix script '/home/leomorningrain/code/ws01_plumbing/install/local_setup.ps1'
[8.598s] INFO:colcon.colcon_core.shell:Creating prefix util module '/home/leomorningrain/code/ws01_plumbing/install/_local_setup_util_ps1.py'
[8.599s] INFO:colcon.colcon_core.shell:Creating prefix chain script '/home/leomorningrain/code/ws01_plumbing/install/setup.ps1'
[8.600s] INFO:colcon.colcon_core.shell:Creating prefix script '/home/leomorningrain/code/ws01_plumbing/install/local_setup.sh'
[8.600s] INFO:colcon.colcon_core.shell:Creating prefix util module '/home/leomorningrain/code/ws01_plumbing/install/_local_setup_util_sh.py'
[8.600s] INFO:colcon.colcon_core.shell:Creating prefix chain script '/home/leomorningrain/code/ws01_plumbing/install/setup.sh'
[8.600s] INFO:colcon.colcon_core.shell:Creating prefix script '/home/leomorningrain/code/ws01_plumbing/install/local_setup.bash'
[8.601s] INFO:colcon.colcon_core.shell:Creating prefix chain script '/home/leomorningrain/code/ws01_plumbing/install/setup.bash'
[8.601s] INFO:colcon.colcon_core.shell:Creating prefix script '/home/leomorningrain/code/ws01_plumbing/install/local_setup.zsh'
[8.601s] INFO:colcon.colcon_core.shell:Creating prefix chain script '/home/leomorningrain/code/ws01_plumbing/install/setup.zsh'
