[0.253s] Invoking command in '/home/leomorningrain/code/ws01_plumbing/src/py03_action': CMAKE_PREFIX_PATH=/home/leomorningrain/code/ws01_plumbing/install/base_interfaces_demo:/home/leomorningrain/code/ws01_plumbing/install/cpp03_action LD_LIBRARY_PATH=/home/leomorningrain/code/ws01_plumbing/install/base_interfaces_demo/lib:/opt/ros/humble/opt/rviz_ogre_vendor/lib:/opt/ros/humble/lib/x86_64-linux-gnu:/opt/ros/humble/lib:/usr/local/lib:/usr/local/lib PYTHONPATH=/home/leomorningrain/code/ws01_plumbing/build/py03_action/prefix_override:/home/leomorningrain/code/ws01_plumbing/install/py03_action/lib/python3.10/site-packages:${PYTHONPATH} /usr/bin/python3 -W ignore:setup.py install is deprecated setup.py egg_info --egg-base ../../build/py03_action build --build-base /home/leomorningrain/code/ws01_plumbing/build/py03_action/build install --record /home/leomorningrain/code/ws01_plumbing/build/py03_action/install.log --single-version-externally-managed install_data
[0.350s] running egg_info
[0.350s] writing ../../build/py03_action/py03_action.egg-info/PKG-INFO
[0.350s] writing dependency_links to ../../build/py03_action/py03_action.egg-info/dependency_links.txt
[0.350s] writing entry points to ../../build/py03_action/py03_action.egg-info/entry_points.txt
[0.351s] writing requirements to ../../build/py03_action/py03_action.egg-info/requires.txt
[0.351s] writing top-level names to ../../build/py03_action/py03_action.egg-info/top_level.txt
[0.351s] reading manifest file '../../build/py03_action/py03_action.egg-info/SOURCES.txt'
[0.351s] writing manifest file '../../build/py03_action/py03_action.egg-info/SOURCES.txt'
[0.351s] running build
[0.351s] running build_py
[0.352s] running install
[0.352s] running install_lib
[0.352s] running install_data
[0.352s] running install_egg_info
[0.353s] removing '/home/leomorningrain/code/ws01_plumbing/install/py03_action/lib/python3.10/site-packages/py03_action-0.0.0-py3.10.egg-info' (and everything under it)
[0.353s] Copying ../../build/py03_action/py03_action.egg-info to /home/leomorningrain/code/ws01_plumbing/install/py03_action/lib/python3.10/site-packages/py03_action-0.0.0-py3.10.egg-info
[0.353s] running install_scripts
[0.363s] Installing demo01_action_server_py script to /home/leomorningrain/code/ws01_plumbing/install/py03_action/lib/py03_action
[0.363s] Installing demo02_action_client_py script to /home/leomorningrain/code/ws01_plumbing/install/py03_action/lib/py03_action
[0.363s] writing list of installed files to '/home/leomorningrain/code/ws01_plumbing/build/py03_action/install.log'
[0.373s] Invoked command in '/home/leomorningrain/code/ws01_plumbing/src/py03_action' returned '0': CMAKE_PREFIX_PATH=/home/leomorningrain/code/ws01_plumbing/install/base_interfaces_demo:/home/leomorningrain/code/ws01_plumbing/install/cpp03_action LD_LIBRARY_PATH=/home/leomorningrain/code/ws01_plumbing/install/base_interfaces_demo/lib:/opt/ros/humble/opt/rviz_ogre_vendor/lib:/opt/ros/humble/lib/x86_64-linux-gnu:/opt/ros/humble/lib:/usr/local/lib:/usr/local/lib PYTHONPATH=/home/leomorningrain/code/ws01_plumbing/build/py03_action/prefix_override:/home/leomorningrain/code/ws01_plumbing/install/py03_action/lib/python3.10/site-packages:${PYTHONPATH} /usr/bin/python3 -W ignore:setup.py install is deprecated setup.py egg_info --egg-base ../../build/py03_action build --build-base /home/leomorningrain/code/ws01_plumbing/build/py03_action/build install --record /home/leomorningrain/code/ws01_plumbing/build/py03_action/install.log --single-version-externally-managed install_data
