[0.004s] Invoking command in '/home/leomorningrain/code/ros2-mecanum-bot/build/mecanumbot_bringup': AMENT_PREFIX_PATH=/home/leomorningrain/code/ros2-mecanum-bot/install/mecanumbot_description:${AMENT_PREFIX_PATH} CMAKE_PREFIX_PATH=/home/leomorningrain/code/ros2-mecanum-bot/install/mecanumbot_description:/opt/ros/humble /usr/bin/cmake /home/leomorningrain/code/ros2-mecanum-bot/src/ros2-mecanum-bot/mecanumbot_bringup -DCMAKE_INSTALL_PREFIX=/home/leomorningrain/code/ros2-mecanum-bot/install/mecanumbot_bringup
[0.011s] -- Found ament_cmake: 1.3.8 (/opt/ros/humble/share/ament_cmake/cmake)
[0.085s] -- Override CMake install command with custom implementation using symlinks instead of copying resources
[0.129s] -- Configuring done
[0.130s] -- Generating done
[0.131s] -- Build files have been written to: /home/leomorningrain/code/ros2-mecanum-bot/build/mecanumbot_bringup
[0.133s] Invoked command in '/home/leomorningrain/code/ros2-mecanum-bot/build/mecanumbot_bringup' returned '0': AMENT_PREFIX_PATH=/home/leomorningrain/code/ros2-mecanum-bot/install/mecanumbot_description:${AMENT_PREFIX_PATH} CMAKE_PREFIX_PATH=/home/leomorningrain/code/ros2-mecanum-bot/install/mecanumbot_description:/opt/ros/humble /usr/bin/cmake /home/leomorningrain/code/ros2-mecanum-bot/src/ros2-mecanum-bot/mecanumbot_bringup -DCMAKE_INSTALL_PREFIX=/home/leomorningrain/code/ros2-mecanum-bot/install/mecanumbot_bringup
[0.133s] Invoking command in '/home/leomorningrain/code/ros2-mecanum-bot/build/mecanumbot_bringup': AMENT_PREFIX_PATH=/home/leomorningrain/code/ros2-mecanum-bot/install/mecanumbot_description:${AMENT_PREFIX_PATH} CMAKE_PREFIX_PATH=/home/leomorningrain/code/ros2-mecanum-bot/install/mecanumbot_description:/opt/ros/humble /usr/bin/cmake --build /home/leomorningrain/code/ros2-mecanum-bot/build/mecanumbot_bringup -- -j32 -l32
[0.156s] Invoked command in '/home/leomorningrain/code/ros2-mecanum-bot/build/mecanumbot_bringup' returned '0': AMENT_PREFIX_PATH=/home/leomorningrain/code/ros2-mecanum-bot/install/mecanumbot_description:${AMENT_PREFIX_PATH} CMAKE_PREFIX_PATH=/home/leomorningrain/code/ros2-mecanum-bot/install/mecanumbot_description:/opt/ros/humble /usr/bin/cmake --build /home/leomorningrain/code/ros2-mecanum-bot/build/mecanumbot_bringup -- -j32 -l32
[0.171s] Invoking command in '/home/leomorningrain/code/ros2-mecanum-bot/build/mecanumbot_bringup': AMENT_PREFIX_PATH=/home/leomorningrain/code/ros2-mecanum-bot/install/mecanumbot_description:${AMENT_PREFIX_PATH} CMAKE_PREFIX_PATH=/home/leomorningrain/code/ros2-mecanum-bot/install/mecanumbot_description:/opt/ros/humble /usr/bin/cmake --install /home/leomorningrain/code/ros2-mecanum-bot/build/mecanumbot_bringup
[0.175s] -- Install configuration: ""
[0.175s] -- Execute custom install script
[0.175s] -- Up-to-date symlink: /home/leomorningrain/code/ros2-mecanum-bot/install/mecanumbot_bringup/share/mecanumbot_bringup/launch/mecanumbot_hardware.py
[0.175s] -- Up-to-date symlink: /home/leomorningrain/code/ros2-mecanum-bot/install/mecanumbot_bringup/share/mecanumbot_bringup/launch/mecanumbot_state_publisher.py
[0.175s] -- Up-to-date symlink: /home/leomorningrain/code/ros2-mecanum-bot/install/mecanumbot_bringup/share/mecanumbot_bringup/launch/mecanumbot_teleop.py
[0.176s] -- Up-to-date symlink: /home/leomorningrain/code/ros2-mecanum-bot/install/mecanumbot_bringup/share/mecanumbot_bringup/launch/rviz2.py
[0.176s] -- Up-to-date symlink: /home/leomorningrain/code/ros2-mecanum-bot/install/mecanumbot_bringup/share/ament_index/resource_index/package_run_dependencies/mecanumbot_bringup
[0.176s] -- Up-to-date symlink: /home/leomorningrain/code/ros2-mecanum-bot/install/mecanumbot_bringup/share/ament_index/resource_index/parent_prefix_path/mecanumbot_bringup
[0.176s] -- Up-to-date symlink: /home/leomorningrain/code/ros2-mecanum-bot/install/mecanumbot_bringup/share/mecanumbot_bringup/environment/ament_prefix_path.sh
[0.176s] -- Up-to-date symlink: /home/leomorningrain/code/ros2-mecanum-bot/install/mecanumbot_bringup/share/mecanumbot_bringup/environment/ament_prefix_path.dsv
[0.176s] -- Up-to-date symlink: /home/leomorningrain/code/ros2-mecanum-bot/install/mecanumbot_bringup/share/mecanumbot_bringup/environment/path.sh
[0.176s] -- Up-to-date symlink: /home/leomorningrain/code/ros2-mecanum-bot/install/mecanumbot_bringup/share/mecanumbot_bringup/environment/path.dsv
[0.176s] -- Up-to-date symlink: /home/leomorningrain/code/ros2-mecanum-bot/install/mecanumbot_bringup/share/mecanumbot_bringup/local_setup.bash
[0.176s] -- Up-to-date symlink: /home/leomorningrain/code/ros2-mecanum-bot/install/mecanumbot_bringup/share/mecanumbot_bringup/local_setup.sh
[0.176s] -- Up-to-date symlink: /home/leomorningrain/code/ros2-mecanum-bot/install/mecanumbot_bringup/share/mecanumbot_bringup/local_setup.zsh
[0.176s] -- Up-to-date symlink: /home/leomorningrain/code/ros2-mecanum-bot/install/mecanumbot_bringup/share/mecanumbot_bringup/local_setup.dsv
[0.176s] -- Symlinking: /home/leomorningrain/code/ros2-mecanum-bot/install/mecanumbot_bringup/share/mecanumbot_bringup/package.dsv
[0.181s] -- Up-to-date symlink: /home/leomorningrain/code/ros2-mecanum-bot/install/mecanumbot_bringup/share/ament_index/resource_index/packages/mecanumbot_bringup
[0.181s] -- Up-to-date symlink: /home/leomorningrain/code/ros2-mecanum-bot/install/mecanumbot_bringup/share/mecanumbot_bringup/cmake/mecanumbot_bringupConfig.cmake
[0.181s] -- Up-to-date symlink: /home/leomorningrain/code/ros2-mecanum-bot/install/mecanumbot_bringup/share/mecanumbot_bringup/cmake/mecanumbot_bringupConfig-version.cmake
[0.182s] -- Up-to-date symlink: /home/leomorningrain/code/ros2-mecanum-bot/install/mecanumbot_bringup/share/mecanumbot_bringup/package.xml
[0.183s] Invoked command in '/home/leomorningrain/code/ros2-mecanum-bot/build/mecanumbot_bringup' returned '0': AMENT_PREFIX_PATH=/home/leomorningrain/code/ros2-mecanum-bot/install/mecanumbot_description:${AMENT_PREFIX_PATH} CMAKE_PREFIX_PATH=/home/leomorningrain/code/ros2-mecanum-bot/install/mecanumbot_description:/opt/ros/humble /usr/bin/cmake --install /home/leomorningrain/code/ros2-mecanum-bot/build/mecanumbot_bringup
