[0.063s] DEBUG:colcon:Command line arguments: ['/usr/bin/colcon', 'build']
[0.063s] DEBUG:colcon:Parsed command line arguments: Namespace(log_base=None, log_level=None, verb_name='build', build_base='build', install_base='install', merge_install=False, symlink_install=False, test_result_base=None, continue_on_error=False, executor='sequential', event_handlers=None, base_paths=['.'], paths=None, cmake_args=None, cmake_target=None, cmake_target_skip_unavailable=False, cmake_clean_cache=False, cmake_clean_first=False, cmake_force_configure=False, ament_cmake_args=None, catkin_cmake_args=None, catkin_skip_building_tests=False, verb_parser=CustomArgumentParser(prog='colcon build', usage=None, description='Build a set of packages.', formatter_class=<class 'colcon_core.command.CustomFormatter'>, conflict_handler='error', add_help=True), verb_extension=<colcon_core.verb.build.BuildVerb object at 0x7f3a7218abc0>, main=<bound method BuildVerb.main of <colcon_core.verb.build.BuildVerb object at 0x7f3a7218abc0>>)
[0.181s] Level 1:colcon.colcon_core.package_discovery:discover_packages(recursive) check parameters
[0.181s] Level 1:colcon.colcon_core.package_discovery:discover_packages(path) check parameters
[0.181s] Level 1:colcon.colcon_core.package_discovery:discover_packages(recursive) discover
[0.181s] INFO:colcon.colcon_core.package_discovery:Crawling recursively for packages in '/home/leomorningrain/code/town_ws'
[0.181s] Level 1:colcon.colcon_core.package_identification:_identify(.) by extensions ['ignore', 'ignore_ament_install']
[0.181s] Level 1:colcon.colcon_core.package_identification:_identify(.) by extension 'ignore'
[0.181s] Level 1:colcon.colcon_core.package_identification:_identify(.) by extension 'ignore_ament_install'
[0.181s] Level 1:colcon.colcon_core.package_identification:_identify(.) by extensions ['ros']
[0.181s] Level 1:colcon.colcon_core.package_identification:_identify(.) by extension 'ros'
[0.187s] Level 1:colcon.colcon_core.package_identification:_identify(.) by extensions ['cmake', 'python']
[0.187s] Level 1:colcon.colcon_core.package_identification:_identify(.) by extension 'cmake'
[0.187s] Level 1:colcon.colcon_core.package_identification:_identify(.) by extension 'python'
[0.187s] Level 1:colcon.colcon_core.package_identification:_identify(.) by extensions ['python_setup_py']
[0.187s] Level 1:colcon.colcon_core.package_identification:_identify(.) by extension 'python_setup_py'
[0.187s] Level 1:colcon.colcon_core.package_identification:_identify(build) by extensions ['ignore', 'ignore_ament_install']
[0.187s] Level 1:colcon.colcon_core.package_identification:_identify(build) by extension 'ignore'
[0.187s] Level 1:colcon.colcon_core.package_identification:_identify(build) ignored
[0.187s] Level 1:colcon.colcon_core.package_identification:_identify(install) by extensions ['ignore', 'ignore_ament_install']
[0.187s] Level 1:colcon.colcon_core.package_identification:_identify(install) by extension 'ignore'
[0.187s] Level 1:colcon.colcon_core.package_identification:_identify(install) ignored
[0.187s] Level 1:colcon.colcon_core.package_identification:_identify(log) by extensions ['ignore', 'ignore_ament_install']
[0.187s] Level 1:colcon.colcon_core.package_identification:_identify(log) by extension 'ignore'
[0.187s] Level 1:colcon.colcon_core.package_identification:_identify(log) ignored
[0.187s] Level 1:colcon.colcon_core.package_identification:_identify(src) by extensions ['ignore', 'ignore_ament_install']
[0.187s] Level 1:colcon.colcon_core.package_identification:_identify(src) by extension 'ignore'
[0.187s] Level 1:colcon.colcon_core.package_identification:_identify(src) by extension 'ignore_ament_install'
[0.187s] Level 1:colcon.colcon_core.package_identification:_identify(src) by extensions ['ros']
[0.187s] Level 1:colcon.colcon_core.package_identification:_identify(src) by extension 'ros'
[0.187s] Level 1:colcon.colcon_core.package_identification:_identify(src) by extensions ['cmake', 'python']
[0.187s] Level 1:colcon.colcon_core.package_identification:_identify(src) by extension 'cmake'
[0.187s] Level 1:colcon.colcon_core.package_identification:_identify(src) by extension 'python'
[0.187s] Level 1:colcon.colcon_core.package_identification:_identify(src) by extensions ['python_setup_py']
[0.187s] Level 1:colcon.colcon_core.package_identification:_identify(src) by extension 'python_setup_py'
[0.187s] Level 1:colcon.colcon_core.package_identification:_identify(src/village_li) by extensions ['ignore', 'ignore_ament_install']
[0.188s] Level 1:colcon.colcon_core.package_identification:_identify(src/village_li) by extension 'ignore'
[0.188s] Level 1:colcon.colcon_core.package_identification:_identify(src/village_li) by extension 'ignore_ament_install'
[0.188s] Level 1:colcon.colcon_core.package_identification:_identify(src/village_li) by extensions ['ros']
[0.188s] Level 1:colcon.colcon_core.package_identification:_identify(src/village_li) by extension 'ros'
[0.189s] DEBUG:colcon.colcon_core.package_identification:Package 'src/village_li' with type 'ros.ament_python' and name 'village_li'
[0.189s] Level 1:colcon.colcon_core.package_identification:_identify(src/village_wang) by extensions ['ignore', 'ignore_ament_install']
[0.189s] Level 1:colcon.colcon_core.package_identification:_identify(src/village_wang) by extension 'ignore'
[0.189s] Level 1:colcon.colcon_core.package_identification:_identify(src/village_wang) by extension 'ignore_ament_install'
[0.189s] Level 1:colcon.colcon_core.package_identification:_identify(src/village_wang) by extensions ['ros']
[0.189s] Level 1:colcon.colcon_core.package_identification:_identify(src/village_wang) by extension 'ros'
[0.190s] DEBUG:colcon.colcon_core.package_identification:Package 'src/village_wang' with type 'ros.ament_cmake' and name 'village_wang'
[0.190s] Level 1:colcon.colcon_core.package_discovery:discover_packages(recursive) using defaults
[0.190s] Level 1:colcon.colcon_core.package_discovery:discover_packages(path) discover
[0.190s] Level 1:colcon.colcon_core.package_discovery:discover_packages(path) using defaults
[0.228s] Level 5:colcon.colcon_core.verb:set package 'village_li' build argument 'cmake_args' from command line to 'None'
[0.228s] Level 5:colcon.colcon_core.verb:set package 'village_li' build argument 'cmake_target' from command line to 'None'
[0.228s] Level 5:colcon.colcon_core.verb:set package 'village_li' build argument 'cmake_target_skip_unavailable' from command line to 'False'
[0.228s] Level 5:colcon.colcon_core.verb:set package 'village_li' build argument 'cmake_clean_cache' from command line to 'False'
[0.228s] Level 5:colcon.colcon_core.verb:set package 'village_li' build argument 'cmake_clean_first' from command line to 'False'
[0.228s] Level 5:colcon.colcon_core.verb:set package 'village_li' build argument 'cmake_force_configure' from command line to 'False'
[0.228s] Level 5:colcon.colcon_core.verb:set package 'village_li' build argument 'ament_cmake_args' from command line to 'None'
[0.228s] Level 5:colcon.colcon_core.verb:set package 'village_li' build argument 'catkin_cmake_args' from command line to 'None'
[0.229s] Level 5:colcon.colcon_core.verb:set package 'village_li' build argument 'catkin_skip_building_tests' from command line to 'False'
[0.229s] DEBUG:colcon.colcon_core.verb:Building package 'village_li' with the following arguments: {'ament_cmake_args': None, 'build_base': '/home/leomorningrain/code/town_ws/build/village_li', 'catkin_cmake_args': None, 'catkin_skip_building_tests': False, 'cmake_args': None, 'cmake_clean_cache': False, 'cmake_clean_first': False, 'cmake_force_configure': False, 'cmake_target': None, 'cmake_target_skip_unavailable': False, 'install_base': '/home/leomorningrain/code/town_ws/install/village_li', 'merge_install': False, 'path': '/home/leomorningrain/code/town_ws/src/village_li', 'symlink_install': False, 'test_result_base': None}
[0.233s] Level 5:colcon.colcon_core.verb:set package 'village_wang' build argument 'cmake_args' from command line to 'None'
[0.233s] Level 5:colcon.colcon_core.verb:set package 'village_wang' build argument 'cmake_target' from command line to 'None'
[0.233s] Level 5:colcon.colcon_core.verb:set package 'village_wang' build argument 'cmake_target_skip_unavailable' from command line to 'False'
[0.233s] Level 5:colcon.colcon_core.verb:set package 'village_wang' build argument 'cmake_clean_cache' from command line to 'False'
[0.233s] Level 5:colcon.colcon_core.verb:set package 'village_wang' build argument 'cmake_clean_first' from command line to 'False'
[0.233s] Level 5:colcon.colcon_core.verb:set package 'village_wang' build argument 'cmake_force_configure' from command line to 'False'
[0.233s] Level 5:colcon.colcon_core.verb:set package 'village_wang' build argument 'ament_cmake_args' from command line to 'None'
[0.233s] Level 5:colcon.colcon_core.verb:set package 'village_wang' build argument 'catkin_cmake_args' from command line to 'None'
[0.233s] Level 5:colcon.colcon_core.verb:set package 'village_wang' build argument 'catkin_skip_building_tests' from command line to 'False'
[0.233s] DEBUG:colcon.colcon_core.verb:Building package 'village_wang' with the following arguments: {'ament_cmake_args': None, 'build_base': '/home/leomorningrain/code/town_ws/build/village_wang', 'catkin_cmake_args': None, 'catkin_skip_building_tests': False, 'cmake_args': None, 'cmake_clean_cache': False, 'cmake_clean_first': False, 'cmake_force_configure': False, 'cmake_target': None, 'cmake_target_skip_unavailable': False, 'install_base': '/home/leomorningrain/code/town_ws/install/village_wang', 'merge_install': False, 'path': '/home/leomorningrain/code/town_ws/src/village_wang', 'symlink_install': False, 'test_result_base': None}
[0.238s] INFO:colcon.colcon_core.executor:Executing jobs using 'sequential' executor
[0.244s] DEBUG:colcon.colcon_core.executor.sequential:run_until_complete 'village_li'
[0.244s] INFO:colcon.colcon_ros.task.ament_python.build:Building ROS package in '/home/leomorningrain/code/town_ws/src/village_li' with build type 'ament_python'
[0.244s] Level 1:colcon.colcon_core.shell:create_environment_hook('village_li', 'ament_prefix_path')
[0.250s] INFO:colcon.colcon_core.plugin_system:Skipping extension 'colcon_core.shell.bat': Not used on non-Windows systems
[0.250s] INFO:colcon.colcon_core.shell:Creating environment descriptor '/home/leomorningrain/code/town_ws/install/village_li/share/village_li/hook/ament_prefix_path.dsv'
[0.251s] INFO:colcon.colcon_core.shell:Creating environment hook '/home/leomorningrain/code/town_ws/install/village_li/share/village_li/hook/ament_prefix_path.sh'
[0.258s] DEBUG:colcon.colcon_core.shell:Skip shell extension 'dsv' for command environment
[0.394s] INFO:colcon.colcon_core.task.python.build:Building Python package in '/home/leomorningrain/code/town_ws/src/village_li'
[0.399s] DEBUG:colcon.colcon_core.shell:Skip shell extension 'dsv' for command environment
[0.590s] DEBUG:colcon.colcon_core.event_handler.log_command:Invoking command in '/home/leomorningrain/code/town_ws/src/village_li': PYTHONPATH=/home/leomorningrain/code/town_ws/build/village_li/prefix_override:/home/leomorningrain/code/town_ws/install/village_li/lib/python3.10/site-packages:${PYTHONPATH} /usr/bin/python3 setup.py egg_info --egg-base ../../build/village_li build --build-base /home/leomorningrain/code/town_ws/build/village_li/build install --record /home/leomorningrain/code/town_ws/build/village_li/install.log --single-version-externally-managed
[0.734s] DEBUG:colcon.colcon_core.event_handler.log_command:Invoked command in '/home/leomorningrain/code/town_ws/src/village_li' returned '0': PYTHONPATH=/home/leomorningrain/code/town_ws/build/village_li/prefix_override:/home/leomorningrain/code/town_ws/install/village_li/lib/python3.10/site-packages:${PYTHONPATH} /usr/bin/python3 setup.py egg_info --egg-base ../../build/village_li build --build-base /home/leomorningrain/code/town_ws/build/village_li/build install --record /home/leomorningrain/code/town_ws/build/village_li/install.log --single-version-externally-managed
[0.741s] Level 1:colcon.colcon_core.environment:checking '/home/leomorningrain/code/town_ws/install/village_li' for CMake module files
[0.741s] Level 1:colcon.colcon_core.environment:checking '/home/leomorningrain/code/town_ws/install/village_li' for CMake config files
[0.742s] Level 1:colcon.colcon_core.environment:checking '/home/leomorningrain/code/town_ws/install/village_li/lib'
[0.742s] Level 1:colcon.colcon_core.environment:checking '/home/leomorningrain/code/town_ws/install/village_li/bin'
[0.742s] Level 1:colcon.colcon_core.environment:checking '/home/leomorningrain/code/town_ws/install/village_li/lib/pkgconfig/village_li.pc'
[0.742s] Level 1:colcon.colcon_core.environment:checking '/home/leomorningrain/code/town_ws/install/village_li/lib/python3.10/site-packages'
[0.742s] Level 1:colcon.colcon_core.shell:create_environment_hook('village_li', 'pythonpath')
[0.747s] INFO:colcon.colcon_core.shell:Creating environment descriptor '/home/leomorningrain/code/town_ws/install/village_li/share/village_li/hook/pythonpath.dsv'
[0.748s] INFO:colcon.colcon_core.shell:Creating environment hook '/home/leomorningrain/code/town_ws/install/village_li/share/village_li/hook/pythonpath.sh'
[0.748s] Level 1:colcon.colcon_core.environment:checking '/home/leomorningrain/code/town_ws/install/village_li/bin'
[0.748s] Level 1:colcon.colcon_core.environment:create_environment_scripts_only(village_li)
[0.753s] INFO:colcon.colcon_core.shell:Creating package descriptor '/home/leomorningrain/code/town_ws/install/village_li/share/village_li/package.dsv'
[0.753s] INFO:colcon.colcon_core.shell:Creating package script '/home/leomorningrain/code/town_ws/install/village_li/share/village_li/package.sh'
[0.754s] Level 1:colcon.colcon_core.environment:create_file_with_runtime_dependencies(/home/leomorningrain/code/town_ws/install/village_li/share/colcon-core/packages/village_li)
[0.754s] DEBUG:colcon.colcon_core.executor.sequential:run_until_complete 'village_li' finished with '0'
[0.754s] DEBUG:colcon.colcon_core.executor.sequential:run_until_complete 'village_wang'
[0.754s] INFO:colcon.colcon_ros.task.ament_cmake.build:Building ROS package in '/home/leomorningrain/code/town_ws/src/village_wang' with build type 'ament_cmake'
[0.754s] INFO:colcon.colcon_cmake.task.cmake.build:Building CMake package in '/home/leomorningrain/code/town_ws/src/village_wang'
[0.759s] DEBUG:colcon.colcon_core.shell:Skip shell extension 'dsv' for command environment
[0.787s] DEBUG:colcon.colcon_core.event_handler.log_command:Invoking command in '/home/leomorningrain/code/town_ws/build/village_wang': CMAKE_PREFIX_PATH=${CMAKE_PREFIX_PATH}:/home/leomorningrain/code/town_ws/install/village_li:/home/leomorningrain/code/dev_ws/install/learning_urdf:/home/leomorningrain/code/dev_ws/install/learning_topic:/home/leomorningrain/code/dev_ws/install/learning_tf:/home/leomorningrain/code/dev_ws/install/learning_service:/home/leomorningrain/code/dev_ws/install/learning_qos:/home/leomorningrain/code/dev_ws/install/learning_pkg_python:/home/leomorningrain/code/dev_ws/install/learning_parameter:/home/leomorningrain/code/dev_ws/install/learning_node:/home/leomorningrain/code/dev_ws/install/learning_launch:/home/leomorningrain/code/dev_ws/install/learning_action:/home/leomorningrain/code/dev_ws/install/learning_gazebo:/home/leomorningrain/code/dev_ws/install/learning_cv:/opt/ros/humble /usr/bin/cmake /home/leomorningrain/code/town_ws/src/village_wang -DCMAKE_INSTALL_PREFIX=/home/leomorningrain/code/town_ws/install/village_wang
[1.189s] DEBUG:colcon.colcon_core.event_handler.log_command:Invoked command in '/home/leomorningrain/code/town_ws/build/village_wang' returned '1': CMAKE_PREFIX_PATH=${CMAKE_PREFIX_PATH}:/home/leomorningrain/code/town_ws/install/village_li:/home/leomorningrain/code/dev_ws/install/learning_urdf:/home/leomorningrain/code/dev_ws/install/learning_topic:/home/leomorningrain/code/dev_ws/install/learning_tf:/home/leomorningrain/code/dev_ws/install/learning_service:/home/leomorningrain/code/dev_ws/install/learning_qos:/home/leomorningrain/code/dev_ws/install/learning_pkg_python:/home/leomorningrain/code/dev_ws/install/learning_parameter:/home/leomorningrain/code/dev_ws/install/learning_node:/home/leomorningrain/code/dev_ws/install/learning_launch:/home/leomorningrain/code/dev_ws/install/learning_action:/home/leomorningrain/code/dev_ws/install/learning_gazebo:/home/leomorningrain/code/dev_ws/install/learning_cv:/opt/ros/humble /usr/bin/cmake /home/leomorningrain/code/town_ws/src/village_wang -DCMAKE_INSTALL_PREFIX=/home/leomorningrain/code/town_ws/install/village_wang
[1.198s] Level 1:colcon.colcon_core.environment:create_environment_scripts_only(village_wang)
[1.205s] Level 1:colcon.colcon_core.environment:checking '/home/leomorningrain/code/town_ws/install/village_wang' for CMake module files
[1.206s] Level 1:colcon.colcon_core.environment:checking '/home/leomorningrain/code/town_ws/install/village_wang' for CMake config files
[1.206s] Level 1:colcon.colcon_core.environment:checking '/home/leomorningrain/code/town_ws/install/village_wang/bin'
[1.206s] Level 1:colcon.colcon_core.environment:checking '/home/leomorningrain/code/town_ws/install/village_wang/lib/pkgconfig/village_wang.pc'
[1.206s] Level 1:colcon.colcon_core.environment:checking '/home/leomorningrain/code/town_ws/install/village_wang/lib/python3.10/site-packages'
[1.206s] Level 1:colcon.colcon_core.environment:checking '/home/leomorningrain/code/town_ws/install/village_wang/bin'
[1.212s] INFO:colcon.colcon_core.shell:Creating package descriptor '/home/leomorningrain/code/town_ws/install/village_wang/share/village_wang/package.dsv'
[1.212s] INFO:colcon.colcon_core.shell:Creating package script '/home/leomorningrain/code/town_ws/install/village_wang/share/village_wang/package.sh'
[1.212s] Level 1:colcon.colcon_core.environment:create_file_with_runtime_dependencies(/home/leomorningrain/code/town_ws/install/village_wang/share/colcon-core/packages/village_wang)
[1.212s] DEBUG:colcon.colcon_core.executor.sequential:run_until_complete 'village_wang' finished with '1'
[1.212s] DEBUG:colcon.colcon_core.executor.sequential:closing loop
[1.213s] DEBUG:colcon.colcon_core.executor.sequential:loop closed
[1.213s] DEBUG:colcon.colcon_core.event_reactor:joining thread
[1.213s] DEBUG:colcon.colcon_core.event_reactor:joined thread
[1.219s] INFO:colcon.colcon_core.shell:Creating prefix script '/home/leomorningrain/code/town_ws/install/local_setup.sh'
[1.219s] INFO:colcon.colcon_core.shell:Creating prefix util module '/home/leomorningrain/code/town_ws/install/_local_setup_util_sh.py'
[1.220s] INFO:colcon.colcon_core.shell:Creating prefix chain script '/home/leomorningrain/code/town_ws/install/setup.sh'
