[0.010s] Invoking command in '/home/leomorningrain/code/ws01_plumbing/build/base_interfaces_demo': CMAKE_PREFIX_PATH=/opt/ros/humble /usr/bin/cmake --build /home/leomorningrain/code/ws01_plumbing/build/base_interfaces_demo -- -j32 -l32
[0.040s] [35m[1mConsolidate compiler generated dependencies of target base_interfaces_demo__rosidl_generator_c[0m
[0.048s] [  2%] Built target base_interfaces_demo__cpp
[0.048s] [ 12%] Built target base_interfaces_demo__rosidl_generator_c
[0.054s] [ 12%] Built target ament_cmake_python_copy_base_interfaces_demo
[0.056s] [35m[1mConsolidate compiler generated dependencies of target base_interfaces_demo__rosidl_typesupport_cpp[0m
[0.056s] [35m[1mConsolidate compiler generated dependencies of target base_interfaces_demo__rosidl_typesupport_fastrtps_cpp[0m
[0.057s] [35m[1mConsolidate compiler generated dependencies of target base_interfaces_demo__rosidl_typesupport_introspection_cpp[0m
[0.060s] [35m[1mConsolidate compiler generated dependencies of target base_interfaces_demo__rosidl_typesupport_introspection_c[0m
[0.061s] [35m[1mConsolidate compiler generated dependencies of target base_interfaces_demo__rosidl_typesupport_fastrtps_c[0m
[0.061s] [35m[1mConsolidate compiler generated dependencies of target base_interfaces_demo__rosidl_typesupport_c[0m
[0.062s] [ 23%] Built target base_interfaces_demo__rosidl_typesupport_cpp
[0.064s] [ 34%] Built target base_interfaces_demo__rosidl_typesupport_introspection_cpp
[0.065s] [ 44%] Built target base_interfaces_demo__rosidl_typesupport_fastrtps_cpp
[0.067s] [ 55%] Built target base_interfaces_demo__rosidl_typesupport_c
[0.067s] [ 65%] Built target base_interfaces_demo__rosidl_typesupport_introspection_c
[0.068s] [ 76%] Built target base_interfaces_demo__rosidl_typesupport_fastrtps_c
[0.079s] [ 76%] Built target base_interfaces_demo
[0.089s] [ 78%] Built target base_interfaces_demo__py
[0.096s] [35m[1mConsolidate compiler generated dependencies of target base_interfaces_demo__rosidl_generator_py[0m
[0.104s] [ 87%] Built target base_interfaces_demo__rosidl_generator_py
[0.109s] [35m[1mConsolidate compiler generated dependencies of target base_interfaces_demo__rosidl_typesupport_fastrtps_c__pyext[0m
[0.110s] [35m[1mConsolidate compiler generated dependencies of target base_interfaces_demo__rosidl_typesupport_c__pyext[0m
[0.110s] [35m[1mConsolidate compiler generated dependencies of target base_interfaces_demo__rosidl_typesupport_introspection_c__pyext[0m
[0.117s] [ 95%] Built target base_interfaces_demo__rosidl_typesupport_c__pyext
[0.117s] [ 95%] Built target base_interfaces_demo__rosidl_typesupport_fastrtps_c__pyext
[0.117s] [100%] Built target base_interfaces_demo__rosidl_typesupport_introspection_c__pyext
[0.162s] running egg_info
[0.162s] writing base_interfaces_demo.egg-info/PKG-INFO
[0.162s] writing dependency_links to base_interfaces_demo.egg-info/dependency_links.txt
[0.162s] writing top-level names to base_interfaces_demo.egg-info/top_level.txt
[0.163s] reading manifest file 'base_interfaces_demo.egg-info/SOURCES.txt'
[0.164s] writing manifest file 'base_interfaces_demo.egg-info/SOURCES.txt'
[0.176s] [100%] Built target ament_cmake_python_build_base_interfaces_demo_egg
[0.184s] Invoked command in '/home/leomorningrain/code/ws01_plumbing/build/base_interfaces_demo' returned '0': CMAKE_PREFIX_PATH=/opt/ros/humble /usr/bin/cmake --build /home/leomorningrain/code/ws01_plumbing/build/base_interfaces_demo -- -j32 -l32
[0.232s] Invoking command in '/home/leomorningrain/code/ws01_plumbing/build/base_interfaces_demo': CMAKE_PREFIX_PATH=/opt/ros/humble /usr/bin/cmake --install /home/leomorningrain/code/ws01_plumbing/build/base_interfaces_demo
[0.237s] -- Install configuration: ""
[0.237s] -- Up-to-date: /home/leomorningrain/code/ws01_plumbing/install/base_interfaces_demo/share/ament_index/resource_index/rosidl_interfaces/base_interfaces_demo
[0.237s] -- Up-to-date: /home/leomorningrain/code/ws01_plumbing/install/base_interfaces_demo/include/base_interfaces_demo/base_interfaces_demo
[0.237s] -- Up-to-date: /home/leomorningrain/code/ws01_plumbing/install/base_interfaces_demo/include/base_interfaces_demo/base_interfaces_demo/msg
[0.238s] -- Up-to-date: /home/leomorningrain/code/ws01_plumbing/install/base_interfaces_demo/include/base_interfaces_demo/base_interfaces_demo/msg/student.h
[0.238s] -- Up-to-date: /home/leomorningrain/code/ws01_plumbing/install/base_interfaces_demo/include/base_interfaces_demo/base_interfaces_demo/msg/detail
[0.238s] -- Up-to-date: /home/leomorningrain/code/ws01_plumbing/install/base_interfaces_demo/include/base_interfaces_demo/base_interfaces_demo/msg/detail/student__functions.h
[0.238s] -- Up-to-date: /home/leomorningrain/code/ws01_plumbing/install/base_interfaces_demo/include/base_interfaces_demo/base_interfaces_demo/msg/detail/student__type_support.h
[0.238s] -- Up-to-date: /home/leomorningrain/code/ws01_plumbing/install/base_interfaces_demo/include/base_interfaces_demo/base_interfaces_demo/msg/detail/student__struct.h
[0.238s] -- Up-to-date: /home/leomorningrain/code/ws01_plumbing/install/base_interfaces_demo/include/base_interfaces_demo/base_interfaces_demo/msg/detail/student__functions.c
[0.238s] -- Up-to-date: /home/leomorningrain/code/ws01_plumbing/install/base_interfaces_demo/include/base_interfaces_demo/base_interfaces_demo/msg/rosidl_generator_c__visibility_control.h
[0.238s] -- Up-to-date: /home/leomorningrain/code/ws01_plumbing/install/base_interfaces_demo/include/base_interfaces_demo/base_interfaces_demo/srv
[0.239s] -- Up-to-date: /home/leomorningrain/code/ws01_plumbing/install/base_interfaces_demo/include/base_interfaces_demo/base_interfaces_demo/srv/detail
[0.239s] -- Up-to-date: /home/leomorningrain/code/ws01_plumbing/install/base_interfaces_demo/include/base_interfaces_demo/base_interfaces_demo/srv/detail/add_ints__type_support.h
[0.239s] -- Up-to-date: /home/leomorningrain/code/ws01_plumbing/install/base_interfaces_demo/include/base_interfaces_demo/base_interfaces_demo/srv/detail/add_ints__struct.h
[0.239s] -- Up-to-date: /home/leomorningrain/code/ws01_plumbing/install/base_interfaces_demo/include/base_interfaces_demo/base_interfaces_demo/srv/detail/add_ints__functions.h
[0.239s] -- Up-to-date: /home/leomorningrain/code/ws01_plumbing/install/base_interfaces_demo/include/base_interfaces_demo/base_interfaces_demo/srv/detail/add_ints__functions.c
[0.239s] -- Up-to-date: /home/leomorningrain/code/ws01_plumbing/install/base_interfaces_demo/include/base_interfaces_demo/base_interfaces_demo/srv/add_ints.h
[0.239s] -- Up-to-date: /home/leomorningrain/code/ws01_plumbing/install/base_interfaces_demo/include/base_interfaces_demo/base_interfaces_demo/action
[0.239s] -- Up-to-date: /home/leomorningrain/code/ws01_plumbing/install/base_interfaces_demo/include/base_interfaces_demo/base_interfaces_demo/action/detail
[0.239s] -- Up-to-date: /home/leomorningrain/code/ws01_plumbing/install/base_interfaces_demo/include/base_interfaces_demo/base_interfaces_demo/action/detail/progress__struct.h
[0.239s] -- Up-to-date: /home/leomorningrain/code/ws01_plumbing/install/base_interfaces_demo/include/base_interfaces_demo/base_interfaces_demo/action/detail/progress__type_support.h
[0.239s] -- Up-to-date: /home/leomorningrain/code/ws01_plumbing/install/base_interfaces_demo/include/base_interfaces_demo/base_interfaces_demo/action/detail/progress__functions.c
[0.239s] -- Up-to-date: /home/leomorningrain/code/ws01_plumbing/install/base_interfaces_demo/include/base_interfaces_demo/base_interfaces_demo/action/detail/progress__functions.h
[0.239s] -- Up-to-date: /home/leomorningrain/code/ws01_plumbing/install/base_interfaces_demo/include/base_interfaces_demo/base_interfaces_demo/action/progress.h
[0.239s] -- Up-to-date: /home/leomorningrain/code/ws01_plumbing/install/base_interfaces_demo/share/base_interfaces_demo/environment/library_path.sh
[0.239s] -- Up-to-date: /home/leomorningrain/code/ws01_plumbing/install/base_interfaces_demo/share/base_interfaces_demo/environment/library_path.dsv
[0.239s] -- Up-to-date: /home/leomorningrain/code/ws01_plumbing/install/base_interfaces_demo/lib/libbase_interfaces_demo__rosidl_generator_c.so
[0.239s] -- Up-to-date: /home/leomorningrain/code/ws01_plumbing/install/base_interfaces_demo/include/base_interfaces_demo/base_interfaces_demo
[0.239s] -- Up-to-date: /home/leomorningrain/code/ws01_plumbing/install/base_interfaces_demo/include/base_interfaces_demo/base_interfaces_demo/msg
[0.239s] -- Up-to-date: /home/leomorningrain/code/ws01_plumbing/install/base_interfaces_demo/include/base_interfaces_demo/base_interfaces_demo/msg/rosidl_typesupport_fastrtps_c__visibility_control.h
[0.239s] -- Up-to-date: /home/leomorningrain/code/ws01_plumbing/install/base_interfaces_demo/include/base_interfaces_demo/base_interfaces_demo/msg/detail
[0.239s] -- Up-to-date: /home/leomorningrain/code/ws01_plumbing/install/base_interfaces_demo/include/base_interfaces_demo/base_interfaces_demo/msg/detail/student__rosidl_typesupport_fastrtps_c.h
[0.239s] -- Up-to-date: /home/leomorningrain/code/ws01_plumbing/install/base_interfaces_demo/include/base_interfaces_demo/base_interfaces_demo/srv
[0.239s] -- Up-to-date: /home/leomorningrain/code/ws01_plumbing/install/base_interfaces_demo/include/base_interfaces_demo/base_interfaces_demo/srv/detail
[0.239s] -- Up-to-date: /home/leomorningrain/code/ws01_plumbing/install/base_interfaces_demo/include/base_interfaces_demo/base_interfaces_demo/srv/detail/add_ints__rosidl_typesupport_fastrtps_c.h
[0.239s] -- Up-to-date: /home/leomorningrain/code/ws01_plumbing/install/base_interfaces_demo/include/base_interfaces_demo/base_interfaces_demo/action
[0.239s] -- Up-to-date: /home/leomorningrain/code/ws01_plumbing/install/base_interfaces_demo/include/base_interfaces_demo/base_interfaces_demo/action/detail
[0.240s] -- Up-to-date: /home/leomorningrain/code/ws01_plumbing/install/base_interfaces_demo/include/base_interfaces_demo/base_interfaces_demo/action/detail/progress__rosidl_typesupport_fastrtps_c.h
[0.240s] -- Up-to-date: /home/leomorningrain/code/ws01_plumbing/install/base_interfaces_demo/lib/libbase_interfaces_demo__rosidl_typesupport_fastrtps_c.so
[0.240s] -- Up-to-date: /home/leomorningrain/code/ws01_plumbing/install/base_interfaces_demo/include/base_interfaces_demo/base_interfaces_demo
[0.240s] -- Up-to-date: /home/leomorningrain/code/ws01_plumbing/install/base_interfaces_demo/include/base_interfaces_demo/base_interfaces_demo/msg
[0.240s] -- Up-to-date: /home/leomorningrain/code/ws01_plumbing/install/base_interfaces_demo/include/base_interfaces_demo/base_interfaces_demo/msg/rosidl_typesupport_introspection_c__visibility_control.h
[0.240s] -- Up-to-date: /home/leomorningrain/code/ws01_plumbing/install/base_interfaces_demo/include/base_interfaces_demo/base_interfaces_demo/msg/detail
[0.240s] -- Up-to-date: /home/leomorningrain/code/ws01_plumbing/install/base_interfaces_demo/include/base_interfaces_demo/base_interfaces_demo/msg/detail/student__rosidl_typesupport_introspection_c.h
[0.240s] -- Up-to-date: /home/leomorningrain/code/ws01_plumbing/install/base_interfaces_demo/include/base_interfaces_demo/base_interfaces_demo/msg/detail/student__type_support.c
[0.240s] -- Up-to-date: /home/leomorningrain/code/ws01_plumbing/install/base_interfaces_demo/include/base_interfaces_demo/base_interfaces_demo/srv
[0.240s] -- Up-to-date: /home/leomorningrain/code/ws01_plumbing/install/base_interfaces_demo/include/base_interfaces_demo/base_interfaces_demo/srv/detail
[0.240s] -- Up-to-date: /home/leomorningrain/code/ws01_plumbing/install/base_interfaces_demo/include/base_interfaces_demo/base_interfaces_demo/srv/detail/add_ints__rosidl_typesupport_introspection_c.h
[0.240s] -- Up-to-date: /home/leomorningrain/code/ws01_plumbing/install/base_interfaces_demo/include/base_interfaces_demo/base_interfaces_demo/srv/detail/add_ints__type_support.c
[0.240s] -- Up-to-date: /home/leomorningrain/code/ws01_plumbing/install/base_interfaces_demo/include/base_interfaces_demo/base_interfaces_demo/action
[0.240s] -- Up-to-date: /home/leomorningrain/code/ws01_plumbing/install/base_interfaces_demo/include/base_interfaces_demo/base_interfaces_demo/action/detail
[0.240s] -- Up-to-date: /home/leomorningrain/code/ws01_plumbing/install/base_interfaces_demo/include/base_interfaces_demo/base_interfaces_demo/action/detail/progress__rosidl_typesupport_introspection_c.h
[0.240s] -- Up-to-date: /home/leomorningrain/code/ws01_plumbing/install/base_interfaces_demo/include/base_interfaces_demo/base_interfaces_demo/action/detail/progress__type_support.c
[0.240s] -- Up-to-date: /home/leomorningrain/code/ws01_plumbing/install/base_interfaces_demo/lib/libbase_interfaces_demo__rosidl_typesupport_introspection_c.so
[0.240s] -- Up-to-date: /home/leomorningrain/code/ws01_plumbing/install/base_interfaces_demo/lib/libbase_interfaces_demo__rosidl_typesupport_c.so
[0.240s] -- Up-to-date: /home/leomorningrain/code/ws01_plumbing/install/base_interfaces_demo/include/base_interfaces_demo/base_interfaces_demo
[0.240s] -- Up-to-date: /home/leomorningrain/code/ws01_plumbing/install/base_interfaces_demo/include/base_interfaces_demo/base_interfaces_demo/msg
[0.240s] -- Up-to-date: /home/leomorningrain/code/ws01_plumbing/install/base_interfaces_demo/include/base_interfaces_demo/base_interfaces_demo/msg/student.hpp
[0.240s] -- Up-to-date: /home/leomorningrain/code/ws01_plumbing/install/base_interfaces_demo/include/base_interfaces_demo/base_interfaces_demo/msg/detail
[0.240s] -- Up-to-date: /home/leomorningrain/code/ws01_plumbing/install/base_interfaces_demo/include/base_interfaces_demo/base_interfaces_demo/msg/detail/student__struct.hpp
[0.240s] -- Up-to-date: /home/leomorningrain/code/ws01_plumbing/install/base_interfaces_demo/include/base_interfaces_demo/base_interfaces_demo/msg/detail/student__traits.hpp
[0.240s] -- Up-to-date: /home/leomorningrain/code/ws01_plumbing/install/base_interfaces_demo/include/base_interfaces_demo/base_interfaces_demo/msg/detail/student__builder.hpp
[0.240s] -- Up-to-date: /home/leomorningrain/code/ws01_plumbing/install/base_interfaces_demo/include/base_interfaces_demo/base_interfaces_demo/srv
[0.240s] -- Up-to-date: /home/leomorningrain/code/ws01_plumbing/install/base_interfaces_demo/include/base_interfaces_demo/base_interfaces_demo/srv/add_ints.hpp
[0.240s] -- Up-to-date: /home/leomorningrain/code/ws01_plumbing/install/base_interfaces_demo/include/base_interfaces_demo/base_interfaces_demo/srv/detail
[0.240s] -- Up-to-date: /home/leomorningrain/code/ws01_plumbing/install/base_interfaces_demo/include/base_interfaces_demo/base_interfaces_demo/srv/detail/add_ints__builder.hpp
[0.240s] -- Up-to-date: /home/leomorningrain/code/ws01_plumbing/install/base_interfaces_demo/include/base_interfaces_demo/base_interfaces_demo/srv/detail/add_ints__traits.hpp
[0.240s] -- Up-to-date: /home/leomorningrain/code/ws01_plumbing/install/base_interfaces_demo/include/base_interfaces_demo/base_interfaces_demo/srv/detail/add_ints__struct.hpp
[0.240s] -- Up-to-date: /home/leomorningrain/code/ws01_plumbing/install/base_interfaces_demo/include/base_interfaces_demo/base_interfaces_demo/action
[0.240s] -- Up-to-date: /home/leomorningrain/code/ws01_plumbing/install/base_interfaces_demo/include/base_interfaces_demo/base_interfaces_demo/action/detail
[0.240s] -- Up-to-date: /home/leomorningrain/code/ws01_plumbing/install/base_interfaces_demo/include/base_interfaces_demo/base_interfaces_demo/action/detail/progress__builder.hpp
[0.240s] -- Up-to-date: /home/leomorningrain/code/ws01_plumbing/install/base_interfaces_demo/include/base_interfaces_demo/base_interfaces_demo/action/detail/progress__traits.hpp
[0.240s] -- Up-to-date: /home/leomorningrain/code/ws01_plumbing/install/base_interfaces_demo/include/base_interfaces_demo/base_interfaces_demo/action/detail/progress__struct.hpp
[0.240s] -- Up-to-date: /home/leomorningrain/code/ws01_plumbing/install/base_interfaces_demo/include/base_interfaces_demo/base_interfaces_demo/action/progress.hpp
[0.240s] -- Up-to-date: /home/leomorningrain/code/ws01_plumbing/install/base_interfaces_demo/include/base_interfaces_demo/base_interfaces_demo
[0.241s] -- Up-to-date: /home/leomorningrain/code/ws01_plumbing/install/base_interfaces_demo/include/base_interfaces_demo/base_interfaces_demo/msg
[0.241s] -- Up-to-date: /home/leomorningrain/code/ws01_plumbing/install/base_interfaces_demo/include/base_interfaces_demo/base_interfaces_demo/msg/detail
[0.241s] -- Up-to-date: /home/leomorningrain/code/ws01_plumbing/install/base_interfaces_demo/include/base_interfaces_demo/base_interfaces_demo/msg/detail/student__rosidl_typesupport_fastrtps_cpp.hpp
[0.241s] -- Up-to-date: /home/leomorningrain/code/ws01_plumbing/install/base_interfaces_demo/include/base_interfaces_demo/base_interfaces_demo/msg/detail/dds_fastrtps
[0.241s] -- Up-to-date: /home/leomorningrain/code/ws01_plumbing/install/base_interfaces_demo/include/base_interfaces_demo/base_interfaces_demo/msg/rosidl_typesupport_fastrtps_cpp__visibility_control.h
[0.241s] -- Up-to-date: /home/leomorningrain/code/ws01_plumbing/install/base_interfaces_demo/include/base_interfaces_demo/base_interfaces_demo/srv
[0.241s] -- Up-to-date: /home/leomorningrain/code/ws01_plumbing/install/base_interfaces_demo/include/base_interfaces_demo/base_interfaces_demo/srv/detail
[0.241s] -- Up-to-date: /home/leomorningrain/code/ws01_plumbing/install/base_interfaces_demo/include/base_interfaces_demo/base_interfaces_demo/srv/detail/add_ints__rosidl_typesupport_fastrtps_cpp.hpp
[0.241s] -- Up-to-date: /home/leomorningrain/code/ws01_plumbing/install/base_interfaces_demo/include/base_interfaces_demo/base_interfaces_demo/srv/detail/dds_fastrtps
[0.241s] -- Up-to-date: /home/leomorningrain/code/ws01_plumbing/install/base_interfaces_demo/include/base_interfaces_demo/base_interfaces_demo/action
[0.241s] -- Up-to-date: /home/leomorningrain/code/ws01_plumbing/install/base_interfaces_demo/include/base_interfaces_demo/base_interfaces_demo/action/detail
[0.241s] -- Up-to-date: /home/leomorningrain/code/ws01_plumbing/install/base_interfaces_demo/include/base_interfaces_demo/base_interfaces_demo/action/detail/progress__rosidl_typesupport_fastrtps_cpp.hpp
[0.241s] -- Up-to-date: /home/leomorningrain/code/ws01_plumbing/install/base_interfaces_demo/include/base_interfaces_demo/base_interfaces_demo/action/detail/dds_fastrtps
[0.241s] -- Up-to-date: /home/leomorningrain/code/ws01_plumbing/install/base_interfaces_demo/lib/libbase_interfaces_demo__rosidl_typesupport_fastrtps_cpp.so
[0.241s] -- Up-to-date: /home/leomorningrain/code/ws01_plumbing/install/base_interfaces_demo/include/base_interfaces_demo/base_interfaces_demo
[0.241s] -- Up-to-date: /home/leomorningrain/code/ws01_plumbing/install/base_interfaces_demo/include/base_interfaces_demo/base_interfaces_demo/msg
[0.241s] -- Up-to-date: /home/leomorningrain/code/ws01_plumbing/install/base_interfaces_demo/include/base_interfaces_demo/base_interfaces_demo/msg/detail
[0.241s] -- Up-to-date: /home/leomorningrain/code/ws01_plumbing/install/base_interfaces_demo/include/base_interfaces_demo/base_interfaces_demo/msg/detail/student__rosidl_typesupport_introspection_cpp.hpp
[0.241s] -- Up-to-date: /home/leomorningrain/code/ws01_plumbing/install/base_interfaces_demo/include/base_interfaces_demo/base_interfaces_demo/msg/detail/student__type_support.cpp
[0.241s] -- Up-to-date: /home/leomorningrain/code/ws01_plumbing/install/base_interfaces_demo/include/base_interfaces_demo/base_interfaces_demo/srv
[0.241s] -- Up-to-date: /home/leomorningrain/code/ws01_plumbing/install/base_interfaces_demo/include/base_interfaces_demo/base_interfaces_demo/srv/detail
[0.241s] -- Up-to-date: /home/leomorningrain/code/ws01_plumbing/install/base_interfaces_demo/include/base_interfaces_demo/base_interfaces_demo/srv/detail/add_ints__type_support.cpp
[0.241s] -- Up-to-date: /home/leomorningrain/code/ws01_plumbing/install/base_interfaces_demo/include/base_interfaces_demo/base_interfaces_demo/srv/detail/add_ints__rosidl_typesupport_introspection_cpp.hpp
[0.241s] -- Up-to-date: /home/leomorningrain/code/ws01_plumbing/install/base_interfaces_demo/include/base_interfaces_demo/base_interfaces_demo/action
[0.241s] -- Up-to-date: /home/leomorningrain/code/ws01_plumbing/install/base_interfaces_demo/include/base_interfaces_demo/base_interfaces_demo/action/detail
[0.241s] -- Up-to-date: /home/leomorningrain/code/ws01_plumbing/install/base_interfaces_demo/include/base_interfaces_demo/base_interfaces_demo/action/detail/progress__type_support.cpp
[0.241s] -- Up-to-date: /home/leomorningrain/code/ws01_plumbing/install/base_interfaces_demo/include/base_interfaces_demo/base_interfaces_demo/action/detail/progress__rosidl_typesupport_introspection_cpp.hpp
[0.241s] -- Up-to-date: /home/leomorningrain/code/ws01_plumbing/install/base_interfaces_demo/lib/libbase_interfaces_demo__rosidl_typesupport_introspection_cpp.so
[0.241s] -- Up-to-date: /home/leomorningrain/code/ws01_plumbing/install/base_interfaces_demo/lib/libbase_interfaces_demo__rosidl_typesupport_cpp.so
[0.241s] -- Up-to-date: /home/leomorningrain/code/ws01_plumbing/install/base_interfaces_demo/share/base_interfaces_demo/environment/pythonpath.sh
[0.241s] -- Up-to-date: /home/leomorningrain/code/ws01_plumbing/install/base_interfaces_demo/share/base_interfaces_demo/environment/pythonpath.dsv
[0.241s] -- Up-to-date: /home/leomorningrain/code/ws01_plumbing/install/base_interfaces_demo/local/lib/python3.10/dist-packages/base_interfaces_demo-0.0.0-py3.10.egg-info
[0.241s] -- Installing: /home/leomorningrain/code/ws01_plumbing/install/base_interfaces_demo/local/lib/python3.10/dist-packages/base_interfaces_demo-0.0.0-py3.10.egg-info/top_level.txt
[0.241s] -- Installing: /home/leomorningrain/code/ws01_plumbing/install/base_interfaces_demo/local/lib/python3.10/dist-packages/base_interfaces_demo-0.0.0-py3.10.egg-info/PKG-INFO
[0.241s] -- Installing: /home/leomorningrain/code/ws01_plumbing/install/base_interfaces_demo/local/lib/python3.10/dist-packages/base_interfaces_demo-0.0.0-py3.10.egg-info/SOURCES.txt
[0.241s] -- Installing: /home/leomorningrain/code/ws01_plumbing/install/base_interfaces_demo/local/lib/python3.10/dist-packages/base_interfaces_demo-0.0.0-py3.10.egg-info/dependency_links.txt
[0.241s] -- Up-to-date: /home/leomorningrain/code/ws01_plumbing/install/base_interfaces_demo/local/lib/python3.10/dist-packages/base_interfaces_demo
[0.242s] -- Up-to-date: /home/leomorningrain/code/ws01_plumbing/install/base_interfaces_demo/local/lib/python3.10/dist-packages/base_interfaces_demo/base_interfaces_demo_s__rosidl_typesupport_fastrtps_c.cpython-310-x86_64-linux-gnu.so
[0.242s] -- Up-to-date: /home/leomorningrain/code/ws01_plumbing/install/base_interfaces_demo/local/lib/python3.10/dist-packages/base_interfaces_demo/base_interfaces_demo_s__rosidl_typesupport_c.cpython-310-x86_64-linux-gnu.so
[0.242s] -- Up-to-date: /home/leomorningrain/code/ws01_plumbing/install/base_interfaces_demo/local/lib/python3.10/dist-packages/base_interfaces_demo/base_interfaces_demo_s__rosidl_typesupport_introspection_c.cpython-310-x86_64-linux-gnu.so
[0.242s] -- Up-to-date: /home/leomorningrain/code/ws01_plumbing/install/base_interfaces_demo/local/lib/python3.10/dist-packages/base_interfaces_demo/_base_interfaces_demo_s.ep.rosidl_typesupport_fastrtps_c.c
[0.242s] -- Up-to-date: /home/leomorningrain/code/ws01_plumbing/install/base_interfaces_demo/local/lib/python3.10/dist-packages/base_interfaces_demo/msg
[0.242s] -- Up-to-date: /home/leomorningrain/code/ws01_plumbing/install/base_interfaces_demo/local/lib/python3.10/dist-packages/base_interfaces_demo/msg/_student_s.c
[0.242s] -- Up-to-date: /home/leomorningrain/code/ws01_plumbing/install/base_interfaces_demo/local/lib/python3.10/dist-packages/base_interfaces_demo/msg/_student.py
[0.242s] -- Up-to-date: /home/leomorningrain/code/ws01_plumbing/install/base_interfaces_demo/local/lib/python3.10/dist-packages/base_interfaces_demo/msg/__init__.py
[0.242s] -- Up-to-date: /home/leomorningrain/code/ws01_plumbing/install/base_interfaces_demo/local/lib/python3.10/dist-packages/base_interfaces_demo/_base_interfaces_demo_s.ep.rosidl_typesupport_c.c
[0.242s] -- Up-to-date: /home/leomorningrain/code/ws01_plumbing/install/base_interfaces_demo/local/lib/python3.10/dist-packages/base_interfaces_demo/srv
[0.242s] -- Up-to-date: /home/leomorningrain/code/ws01_plumbing/install/base_interfaces_demo/local/lib/python3.10/dist-packages/base_interfaces_demo/srv/__init__.py
[0.242s] -- Up-to-date: /home/leomorningrain/code/ws01_plumbing/install/base_interfaces_demo/local/lib/python3.10/dist-packages/base_interfaces_demo/srv/_add_ints_s.c
[0.242s] -- Up-to-date: /home/leomorningrain/code/ws01_plumbing/install/base_interfaces_demo/local/lib/python3.10/dist-packages/base_interfaces_demo/srv/_add_ints.py
[0.242s] -- Up-to-date: /home/leomorningrain/code/ws01_plumbing/install/base_interfaces_demo/local/lib/python3.10/dist-packages/base_interfaces_demo/action
[0.242s] -- Up-to-date: /home/leomorningrain/code/ws01_plumbing/install/base_interfaces_demo/local/lib/python3.10/dist-packages/base_interfaces_demo/action/_progress_s.c
[0.242s] -- Up-to-date: /home/leomorningrain/code/ws01_plumbing/install/base_interfaces_demo/local/lib/python3.10/dist-packages/base_interfaces_demo/action/_progress.py
[0.242s] -- Up-to-date: /home/leomorningrain/code/ws01_plumbing/install/base_interfaces_demo/local/lib/python3.10/dist-packages/base_interfaces_demo/action/__init__.py
[0.242s] -- Up-to-date: /home/leomorningrain/code/ws01_plumbing/install/base_interfaces_demo/local/lib/python3.10/dist-packages/base_interfaces_demo/libbase_interfaces_demo__rosidl_generator_py.so
[0.242s] -- Up-to-date: /home/leomorningrain/code/ws01_plumbing/install/base_interfaces_demo/local/lib/python3.10/dist-packages/base_interfaces_demo/_base_interfaces_demo_s.ep.rosidl_typesupport_introspection_c.c
[0.242s] -- Up-to-date: /home/leomorningrain/code/ws01_plumbing/install/base_interfaces_demo/local/lib/python3.10/dist-packages/base_interfaces_demo/__init__.py
[0.256s] Listing '/home/leomorningrain/code/ws01_plumbing/install/base_interfaces_demo/local/lib/python3.10/dist-packages/base_interfaces_demo'...
[0.256s] Listing '/home/leomorningrain/code/ws01_plumbing/install/base_interfaces_demo/local/lib/python3.10/dist-packages/base_interfaces_demo/action'...
[0.256s] Listing '/home/leomorningrain/code/ws01_plumbing/install/base_interfaces_demo/local/lib/python3.10/dist-packages/base_interfaces_demo/msg'...
[0.256s] Listing '/home/leomorningrain/code/ws01_plumbing/install/base_interfaces_demo/local/lib/python3.10/dist-packages/base_interfaces_demo/srv'...
[0.258s] -- Up-to-date: /home/leomorningrain/code/ws01_plumbing/install/base_interfaces_demo/local/lib/python3.10/dist-packages/base_interfaces_demo/base_interfaces_demo_s__rosidl_typesupport_fastrtps_c.cpython-310-x86_64-linux-gnu.so
[0.258s] -- Up-to-date: /home/leomorningrain/code/ws01_plumbing/install/base_interfaces_demo/local/lib/python3.10/dist-packages/base_interfaces_demo/base_interfaces_demo_s__rosidl_typesupport_introspection_c.cpython-310-x86_64-linux-gnu.so
[0.258s] -- Up-to-date: /home/leomorningrain/code/ws01_plumbing/install/base_interfaces_demo/local/lib/python3.10/dist-packages/base_interfaces_demo/base_interfaces_demo_s__rosidl_typesupport_c.cpython-310-x86_64-linux-gnu.so
[0.259s] -- Up-to-date: /home/leomorningrain/code/ws01_plumbing/install/base_interfaces_demo/lib/libbase_interfaces_demo__rosidl_generator_py.so
[0.259s] -- Up-to-date: /home/leomorningrain/code/ws01_plumbing/install/base_interfaces_demo/share/base_interfaces_demo/msg/Student.idl
[0.259s] -- Up-to-date: /home/leomorningrain/code/ws01_plumbing/install/base_interfaces_demo/share/base_interfaces_demo/srv/AddInts.idl
[0.259s] -- Up-to-date: /home/leomorningrain/code/ws01_plumbing/install/base_interfaces_demo/share/base_interfaces_demo/action/Progress.idl
[0.259s] -- Up-to-date: /home/leomorningrain/code/ws01_plumbing/install/base_interfaces_demo/share/base_interfaces_demo/msg/Student.msg
[0.259s] -- Up-to-date: /home/leomorningrain/code/ws01_plumbing/install/base_interfaces_demo/share/base_interfaces_demo/srv/AddInts.srv
[0.259s] -- Up-to-date: /home/leomorningrain/code/ws01_plumbing/install/base_interfaces_demo/share/base_interfaces_demo/srv/AddInts_Request.msg
[0.259s] -- Up-to-date: /home/leomorningrain/code/ws01_plumbing/install/base_interfaces_demo/share/base_interfaces_demo/srv/AddInts_Response.msg
[0.259s] -- Up-to-date: /home/leomorningrain/code/ws01_plumbing/install/base_interfaces_demo/share/base_interfaces_demo/action/Progress.action
[0.259s] -- Up-to-date: /home/leomorningrain/code/ws01_plumbing/install/base_interfaces_demo/share/ament_index/resource_index/package_run_dependencies/base_interfaces_demo
[0.259s] -- Up-to-date: /home/leomorningrain/code/ws01_plumbing/install/base_interfaces_demo/share/ament_index/resource_index/parent_prefix_path/base_interfaces_demo
[0.259s] -- Up-to-date: /home/leomorningrain/code/ws01_plumbing/install/base_interfaces_demo/share/base_interfaces_demo/environment/ament_prefix_path.sh
[0.259s] -- Up-to-date: /home/leomorningrain/code/ws01_plumbing/install/base_interfaces_demo/share/base_interfaces_demo/environment/ament_prefix_path.dsv
[0.260s] -- Up-to-date: /home/leomorningrain/code/ws01_plumbing/install/base_interfaces_demo/share/base_interfaces_demo/environment/path.sh
[0.260s] -- Up-to-date: /home/leomorningrain/code/ws01_plumbing/install/base_interfaces_demo/share/base_interfaces_demo/environment/path.dsv
[0.260s] -- Up-to-date: /home/leomorningrain/code/ws01_plumbing/install/base_interfaces_demo/share/base_interfaces_demo/local_setup.bash
[0.260s] -- Up-to-date: /home/leomorningrain/code/ws01_plumbing/install/base_interfaces_demo/share/base_interfaces_demo/local_setup.sh
[0.260s] -- Up-to-date: /home/leomorningrain/code/ws01_plumbing/install/base_interfaces_demo/share/base_interfaces_demo/local_setup.zsh
[0.260s] -- Up-to-date: /home/leomorningrain/code/ws01_plumbing/install/base_interfaces_demo/share/base_interfaces_demo/local_setup.dsv
[0.260s] -- Installing: /home/leomorningrain/code/ws01_plumbing/install/base_interfaces_demo/share/base_interfaces_demo/package.dsv
[0.260s] -- Up-to-date: /home/leomorningrain/code/ws01_plumbing/install/base_interfaces_demo/share/ament_index/resource_index/packages/base_interfaces_demo
[0.260s] -- Up-to-date: /home/leomorningrain/code/ws01_plumbing/install/base_interfaces_demo/share/base_interfaces_demo/cmake/export_base_interfaces_demo__rosidl_generator_cExport.cmake
[0.260s] -- Up-to-date: /home/leomorningrain/code/ws01_plumbing/install/base_interfaces_demo/share/base_interfaces_demo/cmake/export_base_interfaces_demo__rosidl_generator_cExport-noconfig.cmake
[0.260s] -- Up-to-date: /home/leomorningrain/code/ws01_plumbing/install/base_interfaces_demo/share/base_interfaces_demo/cmake/export_base_interfaces_demo__rosidl_typesupport_fastrtps_cExport.cmake
[0.260s] -- Up-to-date: /home/leomorningrain/code/ws01_plumbing/install/base_interfaces_demo/share/base_interfaces_demo/cmake/export_base_interfaces_demo__rosidl_typesupport_fastrtps_cExport-noconfig.cmake
[0.260s] -- Up-to-date: /home/leomorningrain/code/ws01_plumbing/install/base_interfaces_demo/share/base_interfaces_demo/cmake/base_interfaces_demo__rosidl_typesupport_introspection_cExport.cmake
[0.260s] -- Up-to-date: /home/leomorningrain/code/ws01_plumbing/install/base_interfaces_demo/share/base_interfaces_demo/cmake/base_interfaces_demo__rosidl_typesupport_introspection_cExport-noconfig.cmake
[0.260s] -- Up-to-date: /home/leomorningrain/code/ws01_plumbing/install/base_interfaces_demo/share/base_interfaces_demo/cmake/base_interfaces_demo__rosidl_typesupport_cExport.cmake
[0.260s] -- Up-to-date: /home/leomorningrain/code/ws01_plumbing/install/base_interfaces_demo/share/base_interfaces_demo/cmake/base_interfaces_demo__rosidl_typesupport_cExport-noconfig.cmake
[0.260s] -- Up-to-date: /home/leomorningrain/code/ws01_plumbing/install/base_interfaces_demo/share/base_interfaces_demo/cmake/export_base_interfaces_demo__rosidl_generator_cppExport.cmake
[0.260s] -- Up-to-date: /home/leomorningrain/code/ws01_plumbing/install/base_interfaces_demo/share/base_interfaces_demo/cmake/export_base_interfaces_demo__rosidl_typesupport_fastrtps_cppExport.cmake
[0.260s] -- Up-to-date: /home/leomorningrain/code/ws01_plumbing/install/base_interfaces_demo/share/base_interfaces_demo/cmake/export_base_interfaces_demo__rosidl_typesupport_fastrtps_cppExport-noconfig.cmake
[0.260s] -- Up-to-date: /home/leomorningrain/code/ws01_plumbing/install/base_interfaces_demo/share/base_interfaces_demo/cmake/base_interfaces_demo__rosidl_typesupport_introspection_cppExport.cmake
[0.260s] -- Up-to-date: /home/leomorningrain/code/ws01_plumbing/install/base_interfaces_demo/share/base_interfaces_demo/cmake/base_interfaces_demo__rosidl_typesupport_introspection_cppExport-noconfig.cmake
[0.260s] -- Up-to-date: /home/leomorningrain/code/ws01_plumbing/install/base_interfaces_demo/share/base_interfaces_demo/cmake/base_interfaces_demo__rosidl_typesupport_cppExport.cmake
[0.260s] -- Up-to-date: /home/leomorningrain/code/ws01_plumbing/install/base_interfaces_demo/share/base_interfaces_demo/cmake/base_interfaces_demo__rosidl_typesupport_cppExport-noconfig.cmake
[0.260s] -- Up-to-date: /home/leomorningrain/code/ws01_plumbing/install/base_interfaces_demo/share/base_interfaces_demo/cmake/export_base_interfaces_demo__rosidl_generator_pyExport.cmake
[0.260s] -- Up-to-date: /home/leomorningrain/code/ws01_plumbing/install/base_interfaces_demo/share/base_interfaces_demo/cmake/export_base_interfaces_demo__rosidl_generator_pyExport-noconfig.cmake
[0.260s] -- Up-to-date: /home/leomorningrain/code/ws01_plumbing/install/base_interfaces_demo/share/base_interfaces_demo/cmake/rosidl_cmake-extras.cmake
[0.260s] -- Up-to-date: /home/leomorningrain/code/ws01_plumbing/install/base_interfaces_demo/share/base_interfaces_demo/cmake/ament_cmake_export_dependencies-extras.cmake
[0.260s] -- Up-to-date: /home/leomorningrain/code/ws01_plumbing/install/base_interfaces_demo/share/base_interfaces_demo/cmake/ament_cmake_export_include_directories-extras.cmake
[0.260s] -- Up-to-date: /home/leomorningrain/code/ws01_plumbing/install/base_interfaces_demo/share/base_interfaces_demo/cmake/ament_cmake_export_libraries-extras.cmake
[0.260s] -- Up-to-date: /home/leomorningrain/code/ws01_plumbing/install/base_interfaces_demo/share/base_interfaces_demo/cmake/ament_cmake_export_targets-extras.cmake
[0.260s] -- Up-to-date: /home/leomorningrain/code/ws01_plumbing/install/base_interfaces_demo/share/base_interfaces_demo/cmake/rosidl_cmake_export_typesupport_targets-extras.cmake
[0.260s] -- Up-to-date: /home/leomorningrain/code/ws01_plumbing/install/base_interfaces_demo/share/base_interfaces_demo/cmake/rosidl_cmake_export_typesupport_libraries-extras.cmake
[0.261s] -- Up-to-date: /home/leomorningrain/code/ws01_plumbing/install/base_interfaces_demo/share/base_interfaces_demo/cmake/base_interfaces_demoConfig.cmake
[0.261s] -- Up-to-date: /home/leomorningrain/code/ws01_plumbing/install/base_interfaces_demo/share/base_interfaces_demo/cmake/base_interfaces_demoConfig-version.cmake
[0.261s] -- Up-to-date: /home/leomorningrain/code/ws01_plumbing/install/base_interfaces_demo/share/base_interfaces_demo/package.xml
[0.261s] Invoked command in '/home/leomorningrain/code/ws01_plumbing/build/base_interfaces_demo' returned '0': CMAKE_PREFIX_PATH=/opt/ros/humble /usr/bin/cmake --install /home/leomorningrain/code/ws01_plumbing/build/base_interfaces_demo
