[0.184s] DEBUG:colcon:Command line arguments: ['/usr/bin/colcon', 'build']
[0.184s] DEBUG:colcon:Parsed command line arguments: Namespace(log_base=None, log_level=None, verb_name='build', build_base='build', install_base='install', merge_install=False, symlink_install=False, test_result_base=None, continue_on_error=False, executor='parallel', parallel_workers=32, event_handlers=None, ignore_user_meta=False, metas=['./colcon.meta'], base_paths=['.'], packages_ignore=None, packages_ignore_regex=None, paths=None, packages_up_to=None, packages_up_to_regex=None, packages_above=None, packages_above_and_dependencies=None, packages_above_depth=None, packages_select_by_dep=None, packages_skip_by_dep=None, packages_skip_up_to=None, packages_select_build_failed=False, packages_skip_build_finished=False, packages_select_test_failures=False, packages_skip_test_passed=False, packages_select=None, packages_skip=None, packages_select_regex=None, packages_skip_regex=None, packages_start=None, packages_end=None, allow_overriding=[], cmake_args=None, cmake_target=None, cmake_target_skip_unavailable=False, cmake_clean_cache=False, cmake_clean_first=False, cmake_force_configure=False, ament_cmake_args=None, catkin_cmake_args=None, catkin_skip_building_tests=False, verb_parser=<colcon_defaults.argument_parser.defaults.DefaultArgumentsDecorator object at 0x7f6b92a510f0>, verb_extension=<colcon_core.verb.build.BuildVerb object at 0x7f6b92b41d80>, main=<bound method BuildVerb.main of <colcon_core.verb.build.BuildVerb object at 0x7f6b92b41d80>>)
[0.313s] Level 1:colcon.colcon_core.package_discovery:discover_packages(colcon_meta) check parameters
[0.313s] Level 1:colcon.colcon_core.package_discovery:discover_packages(recursive) check parameters
[0.313s] Level 1:colcon.colcon_core.package_discovery:discover_packages(ignore) check parameters
[0.313s] Level 1:colcon.colcon_core.package_discovery:discover_packages(path) check parameters
[0.313s] Level 1:colcon.colcon_core.package_discovery:discover_packages(colcon_meta) discover
[0.313s] Level 1:colcon.colcon_core.package_discovery:discover_packages(recursive) discover
[0.313s] INFO:colcon.colcon_core.package_discovery:Crawling recursively for packages in '/home/leomorningrain/code/sdk_mark2_mcnm_ws'
[0.313s] Level 1:colcon.colcon_core.package_identification:_identify(.) by extensions ['ignore', 'ignore_ament_install']
[0.313s] Level 1:colcon.colcon_core.package_identification:_identify(.) by extension 'ignore'
[0.314s] Level 1:colcon.colcon_core.package_identification:_identify(.) by extension 'ignore_ament_install'
[0.314s] Level 1:colcon.colcon_core.package_identification:_identify(.) by extensions ['colcon_pkg']
[0.314s] Level 1:colcon.colcon_core.package_identification:_identify(.) by extension 'colcon_pkg'
[0.314s] Level 1:colcon.colcon_core.package_identification:_identify(.) by extensions ['colcon_meta']
[0.314s] Level 1:colcon.colcon_core.package_identification:_identify(.) by extension 'colcon_meta'
[0.314s] Level 1:colcon.colcon_core.package_identification:_identify(.) by extensions ['ros']
[0.314s] Level 1:colcon.colcon_core.package_identification:_identify(.) by extension 'ros'
[0.324s] Level 1:colcon.colcon_core.package_identification:_identify(.) by extensions ['cmake', 'python']
[0.324s] Level 1:colcon.colcon_core.package_identification:_identify(.) by extension 'cmake'
[0.325s] Level 1:colcon.colcon_core.package_identification:_identify(.) by extension 'python'
[0.325s] Level 1:colcon.colcon_core.package_identification:_identify(.) by extensions ['python_setup_py']
[0.325s] Level 1:colcon.colcon_core.package_identification:_identify(.) by extension 'python_setup_py'
[0.325s] Level 1:colcon.colcon_core.package_identification:_identify(build) by extensions ['ignore', 'ignore_ament_install']
[0.325s] Level 1:colcon.colcon_core.package_identification:_identify(build) by extension 'ignore'
[0.325s] Level 1:colcon.colcon_core.package_identification:_identify(build) ignored
[0.325s] Level 1:colcon.colcon_core.package_identification:_identify(install) by extensions ['ignore', 'ignore_ament_install']
[0.325s] Level 1:colcon.colcon_core.package_identification:_identify(install) by extension 'ignore'
[0.325s] Level 1:colcon.colcon_core.package_identification:_identify(install) ignored
[0.325s] Level 1:colcon.colcon_core.package_identification:_identify(log) by extensions ['ignore', 'ignore_ament_install']
[0.326s] Level 1:colcon.colcon_core.package_identification:_identify(log) by extension 'ignore'
[0.326s] Level 1:colcon.colcon_core.package_identification:_identify(log) ignored
[0.326s] Level 1:colcon.colcon_core.package_identification:_identify(src) by extensions ['ignore', 'ignore_ament_install']
[0.326s] Level 1:colcon.colcon_core.package_identification:_identify(src) by extension 'ignore'
[0.326s] Level 1:colcon.colcon_core.package_identification:_identify(src) by extension 'ignore_ament_install'
[0.326s] Level 1:colcon.colcon_core.package_identification:_identify(src) by extensions ['colcon_pkg']
[0.326s] Level 1:colcon.colcon_core.package_identification:_identify(src) by extension 'colcon_pkg'
[0.326s] Level 1:colcon.colcon_core.package_identification:_identify(src) by extensions ['colcon_meta']
[0.326s] Level 1:colcon.colcon_core.package_identification:_identify(src) by extension 'colcon_meta'
[0.326s] Level 1:colcon.colcon_core.package_identification:_identify(src) by extensions ['ros']
[0.326s] Level 1:colcon.colcon_core.package_identification:_identify(src) by extension 'ros'
[0.326s] Level 1:colcon.colcon_core.package_identification:_identify(src) by extensions ['cmake', 'python']
[0.326s] Level 1:colcon.colcon_core.package_identification:_identify(src) by extension 'cmake'
[0.326s] Level 1:colcon.colcon_core.package_identification:_identify(src) by extension 'python'
[0.326s] Level 1:colcon.colcon_core.package_identification:_identify(src) by extensions ['python_setup_py']
[0.326s] Level 1:colcon.colcon_core.package_identification:_identify(src) by extension 'python_setup_py'
[0.326s] Level 1:colcon.colcon_core.package_identification:_identify(src/base) by extensions ['ignore', 'ignore_ament_install']
[0.327s] Level 1:colcon.colcon_core.package_identification:_identify(src/base) by extension 'ignore'
[0.327s] Level 1:colcon.colcon_core.package_identification:_identify(src/base) by extension 'ignore_ament_install'
[0.327s] Level 1:colcon.colcon_core.package_identification:_identify(src/base) by extensions ['colcon_pkg']
[0.327s] Level 1:colcon.colcon_core.package_identification:_identify(src/base) by extension 'colcon_pkg'
[0.327s] Level 1:colcon.colcon_core.package_identification:_identify(src/base) by extensions ['colcon_meta']
[0.327s] Level 1:colcon.colcon_core.package_identification:_identify(src/base) by extension 'colcon_meta'
[0.327s] Level 1:colcon.colcon_core.package_identification:_identify(src/base) by extensions ['ros']
[0.327s] Level 1:colcon.colcon_core.package_identification:_identify(src/base) by extension 'ros'
[0.327s] Level 1:colcon.colcon_core.package_identification:_identify(src/base) by extensions ['cmake', 'python']
[0.327s] Level 1:colcon.colcon_core.package_identification:_identify(src/base) by extension 'cmake'
[0.327s] Level 1:colcon.colcon_core.package_identification:_identify(src/base) by extension 'python'
[0.327s] Level 1:colcon.colcon_core.package_identification:_identify(src/base) by extensions ['python_setup_py']
[0.327s] Level 1:colcon.colcon_core.package_identification:_identify(src/base) by extension 'python_setup_py'
[0.327s] Level 1:colcon.colcon_core.package_identification:_identify(src/base/xpkg_comm) by extensions ['ignore', 'ignore_ament_install']
[0.327s] Level 1:colcon.colcon_core.package_identification:_identify(src/base/xpkg_comm) by extension 'ignore'
[0.327s] Level 1:colcon.colcon_core.package_identification:_identify(src/base/xpkg_comm) by extension 'ignore_ament_install'
[0.327s] Level 1:colcon.colcon_core.package_identification:_identify(src/base/xpkg_comm) by extensions ['colcon_pkg']
[0.327s] Level 1:colcon.colcon_core.package_identification:_identify(src/base/xpkg_comm) by extension 'colcon_pkg'
[0.328s] Level 1:colcon.colcon_core.package_identification:_identify(src/base/xpkg_comm) by extensions ['colcon_meta']
[0.328s] Level 1:colcon.colcon_core.package_identification:_identify(src/base/xpkg_comm) by extension 'colcon_meta'
[0.328s] Level 1:colcon.colcon_core.package_identification:_identify(src/base/xpkg_comm) by extensions ['ros']
[0.328s] Level 1:colcon.colcon_core.package_identification:_identify(src/base/xpkg_comm) by extension 'ros'
[0.337s] DEBUG:colcon.colcon_core.package_identification:Package 'src/base/xpkg_comm' with type 'ros.ament_cmake' and name 'xpkg_comm'
[0.337s] Level 1:colcon.colcon_core.package_identification:_identify(src/base/xpkg_msgs) by extensions ['ignore', 'ignore_ament_install']
[0.338s] Level 1:colcon.colcon_core.package_identification:_identify(src/base/xpkg_msgs) by extension 'ignore'
[0.338s] Level 1:colcon.colcon_core.package_identification:_identify(src/base/xpkg_msgs) by extension 'ignore_ament_install'
[0.338s] Level 1:colcon.colcon_core.package_identification:_identify(src/base/xpkg_msgs) by extensions ['colcon_pkg']
[0.338s] Level 1:colcon.colcon_core.package_identification:_identify(src/base/xpkg_msgs) by extension 'colcon_pkg'
[0.338s] Level 1:colcon.colcon_core.package_identification:_identify(src/base/xpkg_msgs) by extensions ['colcon_meta']
[0.338s] Level 1:colcon.colcon_core.package_identification:_identify(src/base/xpkg_msgs) by extension 'colcon_meta'
[0.338s] Level 1:colcon.colcon_core.package_identification:_identify(src/base/xpkg_msgs) by extensions ['ros']
[0.338s] Level 1:colcon.colcon_core.package_identification:_identify(src/base/xpkg_msgs) by extension 'ros'
[0.351s] DEBUG:colcon.colcon_core.package_identification:Package 'src/base/xpkg_msgs' with type 'ros.ament_cmake' and name 'xpkg_msgs'
[0.351s] Level 1:colcon.colcon_core.package_identification:_identify(src/demo) by extensions ['ignore', 'ignore_ament_install']
[0.351s] Level 1:colcon.colcon_core.package_identification:_identify(src/demo) by extension 'ignore'
[0.351s] Level 1:colcon.colcon_core.package_identification:_identify(src/demo) by extension 'ignore_ament_install'
[0.351s] Level 1:colcon.colcon_core.package_identification:_identify(src/demo) by extensions ['colcon_pkg']
[0.351s] Level 1:colcon.colcon_core.package_identification:_identify(src/demo) by extension 'colcon_pkg'
[0.351s] Level 1:colcon.colcon_core.package_identification:_identify(src/demo) by extensions ['colcon_meta']
[0.351s] Level 1:colcon.colcon_core.package_identification:_identify(src/demo) by extension 'colcon_meta'
[0.351s] Level 1:colcon.colcon_core.package_identification:_identify(src/demo) by extensions ['ros']
[0.351s] Level 1:colcon.colcon_core.package_identification:_identify(src/demo) by extension 'ros'
[0.351s] Level 1:colcon.colcon_core.package_identification:_identify(src/demo) by extensions ['cmake', 'python']
[0.351s] Level 1:colcon.colcon_core.package_identification:_identify(src/demo) by extension 'cmake'
[0.351s] Level 1:colcon.colcon_core.package_identification:_identify(src/demo) by extension 'python'
[0.351s] Level 1:colcon.colcon_core.package_identification:_identify(src/demo) by extensions ['python_setup_py']
[0.351s] Level 1:colcon.colcon_core.package_identification:_identify(src/demo) by extension 'python_setup_py'
[0.352s] Level 1:colcon.colcon_core.package_identification:_identify(src/demo/demo_general_chassis) by extensions ['ignore', 'ignore_ament_install']
[0.352s] Level 1:colcon.colcon_core.package_identification:_identify(src/demo/demo_general_chassis) by extension 'ignore'
[0.352s] Level 1:colcon.colcon_core.package_identification:_identify(src/demo/demo_general_chassis) by extension 'ignore_ament_install'
[0.352s] Level 1:colcon.colcon_core.package_identification:_identify(src/demo/demo_general_chassis) by extensions ['colcon_pkg']
[0.352s] Level 1:colcon.colcon_core.package_identification:_identify(src/demo/demo_general_chassis) by extension 'colcon_pkg'
[0.352s] Level 1:colcon.colcon_core.package_identification:_identify(src/demo/demo_general_chassis) by extensions ['colcon_meta']
[0.352s] Level 1:colcon.colcon_core.package_identification:_identify(src/demo/demo_general_chassis) by extension 'colcon_meta'
[0.352s] Level 1:colcon.colcon_core.package_identification:_identify(src/demo/demo_general_chassis) by extensions ['ros']
[0.352s] Level 1:colcon.colcon_core.package_identification:_identify(src/demo/demo_general_chassis) by extension 'ros'
[0.355s] DEBUG:colcon.colcon_core.package_identification:Package 'src/demo/demo_general_chassis' with type 'ros.ament_cmake' and name 'xpkg_demo'
[0.356s] Level 1:colcon.colcon_core.package_identification:_identify(src/drivers) by extensions ['ignore', 'ignore_ament_install']
[0.356s] Level 1:colcon.colcon_core.package_identification:_identify(src/drivers) by extension 'ignore'
[0.356s] Level 1:colcon.colcon_core.package_identification:_identify(src/drivers) by extension 'ignore_ament_install'
[0.356s] Level 1:colcon.colcon_core.package_identification:_identify(src/drivers) by extensions ['colcon_pkg']
[0.356s] Level 1:colcon.colcon_core.package_identification:_identify(src/drivers) by extension 'colcon_pkg'
[0.356s] Level 1:colcon.colcon_core.package_identification:_identify(src/drivers) by extensions ['colcon_meta']
[0.356s] Level 1:colcon.colcon_core.package_identification:_identify(src/drivers) by extension 'colcon_meta'
[0.356s] Level 1:colcon.colcon_core.package_identification:_identify(src/drivers) by extensions ['ros']
[0.356s] Level 1:colcon.colcon_core.package_identification:_identify(src/drivers) by extension 'ros'
[0.356s] Level 1:colcon.colcon_core.package_identification:_identify(src/drivers) by extensions ['cmake', 'python']
[0.356s] Level 1:colcon.colcon_core.package_identification:_identify(src/drivers) by extension 'cmake'
[0.356s] Level 1:colcon.colcon_core.package_identification:_identify(src/drivers) by extension 'python'
[0.356s] Level 1:colcon.colcon_core.package_identification:_identify(src/drivers) by extensions ['python_setup_py']
[0.356s] Level 1:colcon.colcon_core.package_identification:_identify(src/drivers) by extension 'python_setup_py'
[0.356s] Level 1:colcon.colcon_core.package_identification:_identify(src/drivers/xpkg_vehicle) by extensions ['ignore', 'ignore_ament_install']
[0.356s] Level 1:colcon.colcon_core.package_identification:_identify(src/drivers/xpkg_vehicle) by extension 'ignore'
[0.356s] Level 1:colcon.colcon_core.package_identification:_identify(src/drivers/xpkg_vehicle) by extension 'ignore_ament_install'
[0.356s] Level 1:colcon.colcon_core.package_identification:_identify(src/drivers/xpkg_vehicle) by extensions ['colcon_pkg']
[0.357s] Level 1:colcon.colcon_core.package_identification:_identify(src/drivers/xpkg_vehicle) by extension 'colcon_pkg'
[0.357s] Level 1:colcon.colcon_core.package_identification:_identify(src/drivers/xpkg_vehicle) by extensions ['colcon_meta']
[0.357s] Level 1:colcon.colcon_core.package_identification:_identify(src/drivers/xpkg_vehicle) by extension 'colcon_meta'
[0.357s] Level 1:colcon.colcon_core.package_identification:_identify(src/drivers/xpkg_vehicle) by extensions ['ros']
[0.357s] Level 1:colcon.colcon_core.package_identification:_identify(src/drivers/xpkg_vehicle) by extension 'ros'
[0.366s] DEBUG:colcon.colcon_core.package_identification:Package 'src/drivers/xpkg_vehicle' with type 'ros.ament_cmake' and name 'xpkg_vehicle'
[0.366s] Level 1:colcon.colcon_core.package_identification:_identify(src/urdf) by extensions ['ignore', 'ignore_ament_install']
[0.366s] Level 1:colcon.colcon_core.package_identification:_identify(src/urdf) by extension 'ignore'
[0.366s] Level 1:colcon.colcon_core.package_identification:_identify(src/urdf) by extension 'ignore_ament_install'
[0.366s] Level 1:colcon.colcon_core.package_identification:_identify(src/urdf) by extensions ['colcon_pkg']
[0.366s] Level 1:colcon.colcon_core.package_identification:_identify(src/urdf) by extension 'colcon_pkg'
[0.366s] Level 1:colcon.colcon_core.package_identification:_identify(src/urdf) by extensions ['colcon_meta']
[0.366s] Level 1:colcon.colcon_core.package_identification:_identify(src/urdf) by extension 'colcon_meta'
[0.366s] Level 1:colcon.colcon_core.package_identification:_identify(src/urdf) by extensions ['ros']
[0.366s] Level 1:colcon.colcon_core.package_identification:_identify(src/urdf) by extension 'ros'
[0.367s] Level 1:colcon.colcon_core.package_identification:_identify(src/urdf) by extensions ['cmake', 'python']
[0.367s] Level 1:colcon.colcon_core.package_identification:_identify(src/urdf) by extension 'cmake'
[0.367s] Level 1:colcon.colcon_core.package_identification:_identify(src/urdf) by extension 'python'
[0.367s] Level 1:colcon.colcon_core.package_identification:_identify(src/urdf) by extensions ['python_setup_py']
[0.367s] Level 1:colcon.colcon_core.package_identification:_identify(src/urdf) by extension 'python_setup_py'
[0.367s] Level 1:colcon.colcon_core.package_identification:_identify(src/urdf/xpkg_urdf_mark2_mcnm) by extensions ['ignore', 'ignore_ament_install']
[0.367s] Level 1:colcon.colcon_core.package_identification:_identify(src/urdf/xpkg_urdf_mark2_mcnm) by extension 'ignore'
[0.367s] Level 1:colcon.colcon_core.package_identification:_identify(src/urdf/xpkg_urdf_mark2_mcnm) by extension 'ignore_ament_install'
[0.367s] Level 1:colcon.colcon_core.package_identification:_identify(src/urdf/xpkg_urdf_mark2_mcnm) by extensions ['colcon_pkg']
[0.367s] Level 1:colcon.colcon_core.package_identification:_identify(src/urdf/xpkg_urdf_mark2_mcnm) by extension 'colcon_pkg'
[0.367s] Level 1:colcon.colcon_core.package_identification:_identify(src/urdf/xpkg_urdf_mark2_mcnm) by extensions ['colcon_meta']
[0.367s] Level 1:colcon.colcon_core.package_identification:_identify(src/urdf/xpkg_urdf_mark2_mcnm) by extension 'colcon_meta'
[0.367s] Level 1:colcon.colcon_core.package_identification:_identify(src/urdf/xpkg_urdf_mark2_mcnm) by extensions ['ros']
[0.367s] Level 1:colcon.colcon_core.package_identification:_identify(src/urdf/xpkg_urdf_mark2_mcnm) by extension 'ros'
[0.372s] DEBUG:colcon.colcon_core.package_identification:Package 'src/urdf/xpkg_urdf_mark2_mcnm' with type 'ros.ament_cmake' and name 'xpkg_urdf_mark2_mcnm'
[0.372s] Level 1:colcon.colcon_core.package_identification:_identify(xone) by extensions ['ignore', 'ignore_ament_install']
[0.372s] Level 1:colcon.colcon_core.package_identification:_identify(xone) by extension 'ignore'
[0.372s] Level 1:colcon.colcon_core.package_identification:_identify(xone) by extension 'ignore_ament_install'
[0.372s] Level 1:colcon.colcon_core.package_identification:_identify(xone) by extensions ['colcon_pkg']
[0.372s] Level 1:colcon.colcon_core.package_identification:_identify(xone) by extension 'colcon_pkg'
[0.372s] Level 1:colcon.colcon_core.package_identification:_identify(xone) by extensions ['colcon_meta']
[0.372s] Level 1:colcon.colcon_core.package_identification:_identify(xone) by extension 'colcon_meta'
[0.372s] Level 1:colcon.colcon_core.package_identification:_identify(xone) by extensions ['ros']
[0.372s] Level 1:colcon.colcon_core.package_identification:_identify(xone) by extension 'ros'
[0.372s] Level 1:colcon.colcon_core.package_identification:_identify(xone) by extensions ['cmake', 'python']
[0.373s] Level 1:colcon.colcon_core.package_identification:_identify(xone) by extension 'cmake'
[0.373s] Level 1:colcon.colcon_core.package_identification:_identify(xone) by extension 'python'
[0.373s] Level 1:colcon.colcon_core.package_identification:_identify(xone) by extensions ['python_setup_py']
[0.373s] Level 1:colcon.colcon_core.package_identification:_identify(xone) by extension 'python_setup_py'
[0.373s] Level 1:colcon.colcon_core.package_identification:_identify(xone/auth) by extensions ['ignore', 'ignore_ament_install']
[0.373s] Level 1:colcon.colcon_core.package_identification:_identify(xone/auth) by extension 'ignore'
[0.373s] Level 1:colcon.colcon_core.package_identification:_identify(xone/auth) by extension 'ignore_ament_install'
[0.373s] Level 1:colcon.colcon_core.package_identification:_identify(xone/auth) by extensions ['colcon_pkg']
[0.373s] Level 1:colcon.colcon_core.package_identification:_identify(xone/auth) by extension 'colcon_pkg'
[0.373s] Level 1:colcon.colcon_core.package_identification:_identify(xone/auth) by extensions ['colcon_meta']
[0.373s] Level 1:colcon.colcon_core.package_identification:_identify(xone/auth) by extension 'colcon_meta'
[0.373s] Level 1:colcon.colcon_core.package_identification:_identify(xone/auth) by extensions ['ros']
[0.373s] Level 1:colcon.colcon_core.package_identification:_identify(xone/auth) by extension 'ros'
[0.373s] Level 1:colcon.colcon_core.package_identification:_identify(xone/auth) by extensions ['cmake', 'python']
[0.373s] Level 1:colcon.colcon_core.package_identification:_identify(xone/auth) by extension 'cmake'
[0.373s] Level 1:colcon.colcon_core.package_identification:_identify(xone/auth) by extension 'python'
[0.373s] Level 1:colcon.colcon_core.package_identification:_identify(xone/auth) by extensions ['python_setup_py']
[0.373s] Level 1:colcon.colcon_core.package_identification:_identify(xone/auth) by extension 'python_setup_py'
[0.373s] Level 1:colcon.colcon_core.package_identification:_identify(xone/bus) by extensions ['ignore', 'ignore_ament_install']
[0.374s] Level 1:colcon.colcon_core.package_identification:_identify(xone/bus) by extension 'ignore'
[0.374s] Level 1:colcon.colcon_core.package_identification:_identify(xone/bus) by extension 'ignore_ament_install'
[0.374s] Level 1:colcon.colcon_core.package_identification:_identify(xone/bus) by extensions ['colcon_pkg']
[0.374s] Level 1:colcon.colcon_core.package_identification:_identify(xone/bus) by extension 'colcon_pkg'
[0.374s] Level 1:colcon.colcon_core.package_identification:_identify(xone/bus) by extensions ['colcon_meta']
[0.374s] Level 1:colcon.colcon_core.package_identification:_identify(xone/bus) by extension 'colcon_meta'
[0.374s] Level 1:colcon.colcon_core.package_identification:_identify(xone/bus) by extensions ['ros']
[0.374s] Level 1:colcon.colcon_core.package_identification:_identify(xone/bus) by extension 'ros'
[0.374s] Level 1:colcon.colcon_core.package_identification:_identify(xone/bus) by extensions ['cmake', 'python']
[0.374s] Level 1:colcon.colcon_core.package_identification:_identify(xone/bus) by extension 'cmake'
[0.374s] Level 1:colcon.colcon_core.package_identification:_identify(xone/bus) by extension 'python'
[0.374s] Level 1:colcon.colcon_core.package_identification:_identify(xone/bus) by extensions ['python_setup_py']
[0.374s] Level 1:colcon.colcon_core.package_identification:_identify(xone/bus) by extension 'python_setup_py'
[0.374s] Level 1:colcon.colcon_core.package_identification:_identify(xone/driver) by extensions ['ignore', 'ignore_ament_install']
[0.374s] Level 1:colcon.colcon_core.package_identification:_identify(xone/driver) by extension 'ignore'
[0.374s] Level 1:colcon.colcon_core.package_identification:_identify(xone/driver) by extension 'ignore_ament_install'
[0.374s] Level 1:colcon.colcon_core.package_identification:_identify(xone/driver) by extensions ['colcon_pkg']
[0.374s] Level 1:colcon.colcon_core.package_identification:_identify(xone/driver) by extension 'colcon_pkg'
[0.374s] Level 1:colcon.colcon_core.package_identification:_identify(xone/driver) by extensions ['colcon_meta']
[0.374s] Level 1:colcon.colcon_core.package_identification:_identify(xone/driver) by extension 'colcon_meta'
[0.374s] Level 1:colcon.colcon_core.package_identification:_identify(xone/driver) by extensions ['ros']
[0.375s] Level 1:colcon.colcon_core.package_identification:_identify(xone/driver) by extension 'ros'
[0.375s] Level 1:colcon.colcon_core.package_identification:_identify(xone/driver) by extensions ['cmake', 'python']
[0.375s] Level 1:colcon.colcon_core.package_identification:_identify(xone/driver) by extension 'cmake'
[0.375s] Level 1:colcon.colcon_core.package_identification:_identify(xone/driver) by extension 'python'
[0.375s] Level 1:colcon.colcon_core.package_identification:_identify(xone/driver) by extensions ['python_setup_py']
[0.375s] Level 1:colcon.colcon_core.package_identification:_identify(xone/driver) by extension 'python_setup_py'
[0.375s] Level 1:colcon.colcon_core.package_identification:_identify(xone/install) by extensions ['ignore', 'ignore_ament_install']
[0.375s] Level 1:colcon.colcon_core.package_identification:_identify(xone/install) by extension 'ignore'
[0.375s] Level 1:colcon.colcon_core.package_identification:_identify(xone/install) by extension 'ignore_ament_install'
[0.375s] Level 1:colcon.colcon_core.package_identification:_identify(xone/install) by extensions ['colcon_pkg']
[0.375s] Level 1:colcon.colcon_core.package_identification:_identify(xone/install) by extension 'colcon_pkg'
[0.375s] Level 1:colcon.colcon_core.package_identification:_identify(xone/install) by extensions ['colcon_meta']
[0.375s] Level 1:colcon.colcon_core.package_identification:_identify(xone/install) by extension 'colcon_meta'
[0.375s] Level 1:colcon.colcon_core.package_identification:_identify(xone/install) by extensions ['ros']
[0.375s] Level 1:colcon.colcon_core.package_identification:_identify(xone/install) by extension 'ros'
[0.375s] Level 1:colcon.colcon_core.package_identification:_identify(xone/install) by extensions ['cmake', 'python']
[0.375s] Level 1:colcon.colcon_core.package_identification:_identify(xone/install) by extension 'cmake'
[0.375s] Level 1:colcon.colcon_core.package_identification:_identify(xone/install) by extension 'python'
[0.375s] Level 1:colcon.colcon_core.package_identification:_identify(xone/install) by extensions ['python_setup_py']
[0.376s] Level 1:colcon.colcon_core.package_identification:_identify(xone/install) by extension 'python_setup_py'
[0.376s] Level 1:colcon.colcon_core.package_identification:_identify(xone/transport) by extensions ['ignore', 'ignore_ament_install']
[0.376s] Level 1:colcon.colcon_core.package_identification:_identify(xone/transport) by extension 'ignore'
[0.376s] Level 1:colcon.colcon_core.package_identification:_identify(xone/transport) by extension 'ignore_ament_install'
[0.376s] Level 1:colcon.colcon_core.package_identification:_identify(xone/transport) by extensions ['colcon_pkg']
[0.376s] Level 1:colcon.colcon_core.package_identification:_identify(xone/transport) by extension 'colcon_pkg'
[0.376s] Level 1:colcon.colcon_core.package_identification:_identify(xone/transport) by extensions ['colcon_meta']
[0.376s] Level 1:colcon.colcon_core.package_identification:_identify(xone/transport) by extension 'colcon_meta'
[0.376s] Level 1:colcon.colcon_core.package_identification:_identify(xone/transport) by extensions ['ros']
[0.376s] Level 1:colcon.colcon_core.package_identification:_identify(xone/transport) by extension 'ros'
[0.376s] Level 1:colcon.colcon_core.package_identification:_identify(xone/transport) by extensions ['cmake', 'python']
[0.376s] Level 1:colcon.colcon_core.package_identification:_identify(xone/transport) by extension 'cmake'
[0.376s] Level 1:colcon.colcon_core.package_identification:_identify(xone/transport) by extension 'python'
[0.376s] Level 1:colcon.colcon_core.package_identification:_identify(xone/transport) by extensions ['python_setup_py']
[0.376s] Level 1:colcon.colcon_core.package_identification:_identify(xone/transport) by extension 'python_setup_py'
[0.376s] Level 1:colcon.colcon_core.package_discovery:discover_packages(recursive) using defaults
[0.376s] Level 1:colcon.colcon_core.package_discovery:discover_packages(ignore) discover
[0.376s] Level 1:colcon.colcon_core.package_discovery:discover_packages(ignore) using defaults
[0.376s] Level 1:colcon.colcon_core.package_discovery:discover_packages(path) discover
[0.377s] Level 1:colcon.colcon_core.package_discovery:discover_packages(path) using defaults
[0.395s] Level 1:colcon.colcon_core.package_discovery:discover_packages(prefix_path) check parameters
[0.395s] Level 1:colcon.colcon_core.package_discovery:discover_packages(prefix_path) discover
[0.397s] DEBUG:colcon.colcon_installed_package_information.package_discovery:Found 5 installed packages in /home/leomorningrain/code/sdk_mark2_mcnm_ws/install
[0.399s] DEBUG:colcon.colcon_installed_package_information.package_discovery:Found 340 installed packages in /opt/ros/humble
[0.400s] Level 1:colcon.colcon_core.package_discovery:discover_packages(prefix_path) using defaults
[0.430s] Level 5:colcon.colcon_core.verb:set package 'xpkg_demo' build argument 'cmake_args' from command line to 'None'
[0.430s] Level 5:colcon.colcon_core.verb:set package 'xpkg_demo' build argument 'cmake_target' from command line to 'None'
[0.430s] Level 5:colcon.colcon_core.verb:set package 'xpkg_demo' build argument 'cmake_target_skip_unavailable' from command line to 'False'
[0.430s] Level 5:colcon.colcon_core.verb:set package 'xpkg_demo' build argument 'cmake_clean_cache' from command line to 'False'
[0.430s] Level 5:colcon.colcon_core.verb:set package 'xpkg_demo' build argument 'cmake_clean_first' from command line to 'False'
[0.430s] Level 5:colcon.colcon_core.verb:set package 'xpkg_demo' build argument 'cmake_force_configure' from command line to 'False'
[0.430s] Level 5:colcon.colcon_core.verb:set package 'xpkg_demo' build argument 'ament_cmake_args' from command line to 'None'
[0.430s] Level 5:colcon.colcon_core.verb:set package 'xpkg_demo' build argument 'catkin_cmake_args' from command line to 'None'
[0.430s] Level 5:colcon.colcon_core.verb:set package 'xpkg_demo' build argument 'catkin_skip_building_tests' from command line to 'False'
[0.430s] DEBUG:colcon.colcon_core.verb:Building package 'xpkg_demo' with the following arguments: {'ament_cmake_args': None, 'build_base': '/home/leomorningrain/code/sdk_mark2_mcnm_ws/build/xpkg_demo', 'catkin_cmake_args': None, 'catkin_skip_building_tests': False, 'cmake_args': None, 'cmake_clean_cache': False, 'cmake_clean_first': False, 'cmake_force_configure': False, 'cmake_target': None, 'cmake_target_skip_unavailable': False, 'install_base': '/home/leomorningrain/code/sdk_mark2_mcnm_ws/install/xpkg_demo', 'merge_install': False, 'path': '/home/leomorningrain/code/sdk_mark2_mcnm_ws/src/demo/demo_general_chassis', 'symlink_install': False, 'test_result_base': None}
[0.431s] Level 5:colcon.colcon_core.verb:set package 'xpkg_msgs' build argument 'cmake_args' from command line to 'None'
[0.431s] Level 5:colcon.colcon_core.verb:set package 'xpkg_msgs' build argument 'cmake_target' from command line to 'None'
[0.431s] Level 5:colcon.colcon_core.verb:set package 'xpkg_msgs' build argument 'cmake_target_skip_unavailable' from command line to 'False'
[0.431s] Level 5:colcon.colcon_core.verb:set package 'xpkg_msgs' build argument 'cmake_clean_cache' from command line to 'False'
[0.431s] Level 5:colcon.colcon_core.verb:set package 'xpkg_msgs' build argument 'cmake_clean_first' from command line to 'False'
[0.431s] Level 5:colcon.colcon_core.verb:set package 'xpkg_msgs' build argument 'cmake_force_configure' from command line to 'False'
[0.431s] Level 5:colcon.colcon_core.verb:set package 'xpkg_msgs' build argument 'ament_cmake_args' from command line to 'None'
[0.431s] Level 5:colcon.colcon_core.verb:set package 'xpkg_msgs' build argument 'catkin_cmake_args' from command line to 'None'
[0.431s] Level 5:colcon.colcon_core.verb:set package 'xpkg_msgs' build argument 'catkin_skip_building_tests' from command line to 'False'
[0.431s] DEBUG:colcon.colcon_core.verb:Building package 'xpkg_msgs' with the following arguments: {'ament_cmake_args': None, 'build_base': '/home/leomorningrain/code/sdk_mark2_mcnm_ws/build/xpkg_msgs', 'catkin_cmake_args': None, 'catkin_skip_building_tests': False, 'cmake_args': None, 'cmake_clean_cache': False, 'cmake_clean_first': False, 'cmake_force_configure': False, 'cmake_target': None, 'cmake_target_skip_unavailable': False, 'install_base': '/home/leomorningrain/code/sdk_mark2_mcnm_ws/install/xpkg_msgs', 'merge_install': False, 'path': '/home/leomorningrain/code/sdk_mark2_mcnm_ws/src/base/xpkg_msgs', 'symlink_install': False, 'test_result_base': None}
[0.431s] Level 5:colcon.colcon_core.verb:set package 'xpkg_urdf_mark2_mcnm' build argument 'cmake_args' from command line to 'None'
[0.431s] Level 5:colcon.colcon_core.verb:set package 'xpkg_urdf_mark2_mcnm' build argument 'cmake_target' from command line to 'None'
[0.431s] Level 5:colcon.colcon_core.verb:set package 'xpkg_urdf_mark2_mcnm' build argument 'cmake_target_skip_unavailable' from command line to 'False'
[0.431s] Level 5:colcon.colcon_core.verb:set package 'xpkg_urdf_mark2_mcnm' build argument 'cmake_clean_cache' from command line to 'False'
[0.431s] Level 5:colcon.colcon_core.verb:set package 'xpkg_urdf_mark2_mcnm' build argument 'cmake_clean_first' from command line to 'False'
[0.431s] Level 5:colcon.colcon_core.verb:set package 'xpkg_urdf_mark2_mcnm' build argument 'cmake_force_configure' from command line to 'False'
[0.431s] Level 5:colcon.colcon_core.verb:set package 'xpkg_urdf_mark2_mcnm' build argument 'ament_cmake_args' from command line to 'None'
[0.431s] Level 5:colcon.colcon_core.verb:set package 'xpkg_urdf_mark2_mcnm' build argument 'catkin_cmake_args' from command line to 'None'
[0.431s] Level 5:colcon.colcon_core.verb:set package 'xpkg_urdf_mark2_mcnm' build argument 'catkin_skip_building_tests' from command line to 'False'
[0.431s] DEBUG:colcon.colcon_core.verb:Building package 'xpkg_urdf_mark2_mcnm' with the following arguments: {'ament_cmake_args': None, 'build_base': '/home/leomorningrain/code/sdk_mark2_mcnm_ws/build/xpkg_urdf_mark2_mcnm', 'catkin_cmake_args': None, 'catkin_skip_building_tests': False, 'cmake_args': None, 'cmake_clean_cache': False, 'cmake_clean_first': False, 'cmake_force_configure': False, 'cmake_target': None, 'cmake_target_skip_unavailable': False, 'install_base': '/home/leomorningrain/code/sdk_mark2_mcnm_ws/install/xpkg_urdf_mark2_mcnm', 'merge_install': False, 'path': '/home/leomorningrain/code/sdk_mark2_mcnm_ws/src/urdf/xpkg_urdf_mark2_mcnm', 'symlink_install': False, 'test_result_base': None}
[0.432s] Level 5:colcon.colcon_core.verb:set package 'xpkg_comm' build argument 'cmake_args' from command line to 'None'
[0.432s] Level 5:colcon.colcon_core.verb:set package 'xpkg_comm' build argument 'cmake_target' from command line to 'None'
[0.432s] Level 5:colcon.colcon_core.verb:set package 'xpkg_comm' build argument 'cmake_target_skip_unavailable' from command line to 'False'
[0.432s] Level 5:colcon.colcon_core.verb:set package 'xpkg_comm' build argument 'cmake_clean_cache' from command line to 'False'
[0.432s] Level 5:colcon.colcon_core.verb:set package 'xpkg_comm' build argument 'cmake_clean_first' from command line to 'False'
[0.432s] Level 5:colcon.colcon_core.verb:set package 'xpkg_comm' build argument 'cmake_force_configure' from command line to 'False'
[0.432s] Level 5:colcon.colcon_core.verb:set package 'xpkg_comm' build argument 'ament_cmake_args' from command line to 'None'
[0.432s] Level 5:colcon.colcon_core.verb:set package 'xpkg_comm' build argument 'catkin_cmake_args' from command line to 'None'
[0.432s] Level 5:colcon.colcon_core.verb:set package 'xpkg_comm' build argument 'catkin_skip_building_tests' from command line to 'False'
[0.432s] DEBUG:colcon.colcon_core.verb:Building package 'xpkg_comm' with the following arguments: {'ament_cmake_args': None, 'build_base': '/home/leomorningrain/code/sdk_mark2_mcnm_ws/build/xpkg_comm', 'catkin_cmake_args': None, 'catkin_skip_building_tests': False, 'cmake_args': None, 'cmake_clean_cache': False, 'cmake_clean_first': False, 'cmake_force_configure': False, 'cmake_target': None, 'cmake_target_skip_unavailable': False, 'install_base': '/home/leomorningrain/code/sdk_mark2_mcnm_ws/install/xpkg_comm', 'merge_install': False, 'path': '/home/leomorningrain/code/sdk_mark2_mcnm_ws/src/base/xpkg_comm', 'symlink_install': False, 'test_result_base': None}
[0.432s] Level 5:colcon.colcon_core.verb:set package 'xpkg_vehicle' build argument 'cmake_args' from command line to 'None'
[0.432s] Level 5:colcon.colcon_core.verb:set package 'xpkg_vehicle' build argument 'cmake_target' from command line to 'None'
[0.432s] Level 5:colcon.colcon_core.verb:set package 'xpkg_vehicle' build argument 'cmake_target_skip_unavailable' from command line to 'False'
[0.432s] Level 5:colcon.colcon_core.verb:set package 'xpkg_vehicle' build argument 'cmake_clean_cache' from command line to 'False'
[0.432s] Level 5:colcon.colcon_core.verb:set package 'xpkg_vehicle' build argument 'cmake_clean_first' from command line to 'False'
[0.432s] Level 5:colcon.colcon_core.verb:set package 'xpkg_vehicle' build argument 'cmake_force_configure' from command line to 'False'
[0.432s] Level 5:colcon.colcon_core.verb:set package 'xpkg_vehicle' build argument 'ament_cmake_args' from command line to 'None'
[0.432s] Level 5:colcon.colcon_core.verb:set package 'xpkg_vehicle' build argument 'catkin_cmake_args' from command line to 'None'
[0.432s] Level 5:colcon.colcon_core.verb:set package 'xpkg_vehicle' build argument 'catkin_skip_building_tests' from command line to 'False'
[0.432s] DEBUG:colcon.colcon_core.verb:Building package 'xpkg_vehicle' with the following arguments: {'ament_cmake_args': None, 'build_base': '/home/leomorningrain/code/sdk_mark2_mcnm_ws/build/xpkg_vehicle', 'catkin_cmake_args': None, 'catkin_skip_building_tests': False, 'cmake_args': None, 'cmake_clean_cache': False, 'cmake_clean_first': False, 'cmake_force_configure': False, 'cmake_target': None, 'cmake_target_skip_unavailable': False, 'install_base': '/home/leomorningrain/code/sdk_mark2_mcnm_ws/install/xpkg_vehicle', 'merge_install': False, 'path': '/home/leomorningrain/code/sdk_mark2_mcnm_ws/src/drivers/xpkg_vehicle', 'symlink_install': False, 'test_result_base': None}
[0.432s] INFO:colcon.colcon_core.executor:Executing jobs using 'parallel' executor
[0.433s] DEBUG:colcon.colcon_parallel_executor.executor.parallel:run_until_complete
[0.434s] INFO:colcon.colcon_ros.task.ament_cmake.build:Building ROS package in '/home/leomorningrain/code/sdk_mark2_mcnm_ws/src/base/xpkg_msgs' with build type 'ament_cmake'
[0.434s] INFO:colcon.colcon_cmake.task.cmake.build:Building CMake package in '/home/leomorningrain/code/sdk_mark2_mcnm_ws/src/base/xpkg_msgs'
[0.436s] INFO:colcon.colcon_core.plugin_system:Skipping extension 'colcon_core.shell.bat': Not used on non-Windows systems
[0.437s] INFO:colcon.colcon_core.shell:Skip shell extension 'powershell' for command environment: Not usable outside of PowerShell
[0.437s] DEBUG:colcon.colcon_core.shell:Skip shell extension 'dsv' for command environment
[0.442s] INFO:colcon.colcon_ros.task.ament_cmake.build:Building ROS package in '/home/leomorningrain/code/sdk_mark2_mcnm_ws/src/demo/demo_general_chassis' with build type 'ament_cmake'
[0.442s] INFO:colcon.colcon_cmake.task.cmake.build:Building CMake package in '/home/leomorningrain/code/sdk_mark2_mcnm_ws/src/demo/demo_general_chassis'
[0.443s] INFO:colcon.colcon_core.shell:Skip shell extension 'powershell' for command environment: Not usable outside of PowerShell
[0.443s] DEBUG:colcon.colcon_core.shell:Skip shell extension 'dsv' for command environment
[0.449s] INFO:colcon.colcon_ros.task.ament_cmake.build:Building ROS package in '/home/leomorningrain/code/sdk_mark2_mcnm_ws/src/urdf/xpkg_urdf_mark2_mcnm' with build type 'ament_cmake'
[0.449s] INFO:colcon.colcon_cmake.task.cmake.build:Building CMake package in '/home/leomorningrain/code/sdk_mark2_mcnm_ws/src/urdf/xpkg_urdf_mark2_mcnm'
[0.450s] INFO:colcon.colcon_core.shell:Skip shell extension 'powershell' for command environment: Not usable outside of PowerShell
[0.450s] DEBUG:colcon.colcon_core.shell:Skip shell extension 'dsv' for command environment
[0.467s] DEBUG:colcon.colcon_core.event_handler.log_command:Invoking command in '/home/leomorningrain/code/sdk_mark2_mcnm_ws/build/xpkg_msgs': CMAKE_PREFIX_PATH=${CMAKE_PREFIX_PATH}:/opt/ros/humble /usr/bin/cmake --build /home/leomorningrain/code/sdk_mark2_mcnm_ws/build/xpkg_msgs -- -j32 -l32
[0.484s] DEBUG:colcon.colcon_core.event_handler.log_command:Invoking command in '/home/leomorningrain/code/sdk_mark2_mcnm_ws/build/xpkg_demo': CMAKE_PREFIX_PATH=${CMAKE_PREFIX_PATH}:/opt/ros/humble /usr/bin/cmake --build /home/leomorningrain/code/sdk_mark2_mcnm_ws/build/xpkg_demo -- -j32 -l32
[0.497s] DEBUG:colcon.colcon_core.event_handler.log_command:Invoking command in '/home/leomorningrain/code/sdk_mark2_mcnm_ws/build/xpkg_urdf_mark2_mcnm': CMAKE_PREFIX_PATH=${CMAKE_PREFIX_PATH}:/opt/ros/humble /usr/bin/cmake --build /home/leomorningrain/code/sdk_mark2_mcnm_ws/build/xpkg_urdf_mark2_mcnm -- -j32 -l32
[0.578s] DEBUG:colcon.colcon_core.event_handler.log_command:Invoked command in '/home/leomorningrain/code/sdk_mark2_mcnm_ws/build/xpkg_demo' returned '0': CMAKE_PREFIX_PATH=${CMAKE_PREFIX_PATH}:/opt/ros/humble /usr/bin/cmake --build /home/leomorningrain/code/sdk_mark2_mcnm_ws/build/xpkg_demo -- -j32 -l32
[0.589s] DEBUG:colcon.colcon_core.event_handler.log_command:Invoked command in '/home/leomorningrain/code/sdk_mark2_mcnm_ws/build/xpkg_urdf_mark2_mcnm' returned '0': CMAKE_PREFIX_PATH=${CMAKE_PREFIX_PATH}:/opt/ros/humble /usr/bin/cmake --build /home/leomorningrain/code/sdk_mark2_mcnm_ws/build/xpkg_urdf_mark2_mcnm -- -j32 -l32
[0.681s] DEBUG:colcon.colcon_core.event_handler.log_command:Invoking command in '/home/leomorningrain/code/sdk_mark2_mcnm_ws/build/xpkg_urdf_mark2_mcnm': CMAKE_PREFIX_PATH=${CMAKE_PREFIX_PATH}:/opt/ros/humble /usr/bin/cmake --install /home/leomorningrain/code/sdk_mark2_mcnm_ws/build/xpkg_urdf_mark2_mcnm
[0.685s] DEBUG:colcon.colcon_core.event_handler.log_command:Invoking command in '/home/leomorningrain/code/sdk_mark2_mcnm_ws/build/xpkg_demo': CMAKE_PREFIX_PATH=${CMAKE_PREFIX_PATH}:/opt/ros/humble /usr/bin/cmake --install /home/leomorningrain/code/sdk_mark2_mcnm_ws/build/xpkg_demo
[0.707s] Level 1:colcon.colcon_core.environment:create_environment_scripts_only(xpkg_urdf_mark2_mcnm)
[0.715s] Level 1:colcon.colcon_core.environment:checking '/home/leomorningrain/code/sdk_mark2_mcnm_ws/install/xpkg_urdf_mark2_mcnm' for CMake module files
[0.717s] Level 1:colcon.colcon_core.environment:checking '/home/leomorningrain/code/sdk_mark2_mcnm_ws/install/xpkg_urdf_mark2_mcnm' for CMake config files
[0.720s] Level 1:colcon.colcon_core.shell:create_environment_hook('xpkg_urdf_mark2_mcnm', 'cmake_prefix_path')
[0.721s] INFO:colcon.colcon_core.shell:Creating environment hook '/home/leomorningrain/code/sdk_mark2_mcnm_ws/install/xpkg_urdf_mark2_mcnm/share/xpkg_urdf_mark2_mcnm/hook/cmake_prefix_path.ps1'
[0.721s] DEBUG:colcon.colcon_core.event_handler.log_command:Invoked command in '/home/leomorningrain/code/sdk_mark2_mcnm_ws/build/xpkg_urdf_mark2_mcnm' returned '0': CMAKE_PREFIX_PATH=${CMAKE_PREFIX_PATH}:/opt/ros/humble /usr/bin/cmake --install /home/leomorningrain/code/sdk_mark2_mcnm_ws/build/xpkg_urdf_mark2_mcnm
[0.722s] INFO:colcon.colcon_core.shell:Creating environment descriptor '/home/leomorningrain/code/sdk_mark2_mcnm_ws/install/xpkg_urdf_mark2_mcnm/share/xpkg_urdf_mark2_mcnm/hook/cmake_prefix_path.dsv'
[0.723s] INFO:colcon.colcon_core.shell:Creating environment hook '/home/leomorningrain/code/sdk_mark2_mcnm_ws/install/xpkg_urdf_mark2_mcnm/share/xpkg_urdf_mark2_mcnm/hook/cmake_prefix_path.sh'
[0.725s] Level 1:colcon.colcon_core.environment:checking '/home/leomorningrain/code/sdk_mark2_mcnm_ws/install/xpkg_urdf_mark2_mcnm/bin'
[0.725s] Level 1:colcon.colcon_core.environment:checking '/home/leomorningrain/code/sdk_mark2_mcnm_ws/install/xpkg_urdf_mark2_mcnm/lib/pkgconfig/xpkg_urdf_mark2_mcnm.pc'
[0.726s] Level 1:colcon.colcon_core.environment:checking '/home/leomorningrain/code/sdk_mark2_mcnm_ws/install/xpkg_urdf_mark2_mcnm/lib/python3.10/site-packages'
[0.727s] Level 1:colcon.colcon_core.environment:checking '/home/leomorningrain/code/sdk_mark2_mcnm_ws/install/xpkg_urdf_mark2_mcnm/bin'
[0.727s] INFO:colcon.colcon_core.shell:Creating package script '/home/leomorningrain/code/sdk_mark2_mcnm_ws/install/xpkg_urdf_mark2_mcnm/share/xpkg_urdf_mark2_mcnm/package.ps1'
[0.729s] INFO:colcon.colcon_core.shell:Creating package descriptor '/home/leomorningrain/code/sdk_mark2_mcnm_ws/install/xpkg_urdf_mark2_mcnm/share/xpkg_urdf_mark2_mcnm/package.dsv'
[0.730s] INFO:colcon.colcon_core.shell:Creating package script '/home/leomorningrain/code/sdk_mark2_mcnm_ws/install/xpkg_urdf_mark2_mcnm/share/xpkg_urdf_mark2_mcnm/package.sh'
[0.731s] INFO:colcon.colcon_core.shell:Creating package script '/home/leomorningrain/code/sdk_mark2_mcnm_ws/install/xpkg_urdf_mark2_mcnm/share/xpkg_urdf_mark2_mcnm/package.bash'
[0.732s] INFO:colcon.colcon_core.shell:Creating package script '/home/leomorningrain/code/sdk_mark2_mcnm_ws/install/xpkg_urdf_mark2_mcnm/share/xpkg_urdf_mark2_mcnm/package.zsh'
[0.734s] Level 1:colcon.colcon_core.environment:create_file_with_runtime_dependencies(/home/leomorningrain/code/sdk_mark2_mcnm_ws/install/xpkg_urdf_mark2_mcnm/share/colcon-core/packages/xpkg_urdf_mark2_mcnm)
[0.737s] Level 1:colcon.colcon_core.environment:create_environment_scripts_only(xpkg_demo)
[0.738s] Level 1:colcon.colcon_core.environment:checking '/home/leomorningrain/code/sdk_mark2_mcnm_ws/install/xpkg_demo' for CMake module files
[0.740s] DEBUG:colcon.colcon_core.event_handler.log_command:Invoked command in '/home/leomorningrain/code/sdk_mark2_mcnm_ws/build/xpkg_demo' returned '0': CMAKE_PREFIX_PATH=${CMAKE_PREFIX_PATH}:/opt/ros/humble /usr/bin/cmake --install /home/leomorningrain/code/sdk_mark2_mcnm_ws/build/xpkg_demo
[0.741s] Level 1:colcon.colcon_core.environment:checking '/home/leomorningrain/code/sdk_mark2_mcnm_ws/install/xpkg_demo' for CMake config files
[0.741s] Level 1:colcon.colcon_core.shell:create_environment_hook('xpkg_demo', 'cmake_prefix_path')
[0.742s] INFO:colcon.colcon_core.shell:Creating environment hook '/home/leomorningrain/code/sdk_mark2_mcnm_ws/install/xpkg_demo/share/xpkg_demo/hook/cmake_prefix_path.ps1'
[0.743s] INFO:colcon.colcon_core.shell:Creating environment descriptor '/home/leomorningrain/code/sdk_mark2_mcnm_ws/install/xpkg_demo/share/xpkg_demo/hook/cmake_prefix_path.dsv'
[0.744s] INFO:colcon.colcon_core.shell:Creating environment hook '/home/leomorningrain/code/sdk_mark2_mcnm_ws/install/xpkg_demo/share/xpkg_demo/hook/cmake_prefix_path.sh'
[0.745s] Level 1:colcon.colcon_core.environment:checking '/home/leomorningrain/code/sdk_mark2_mcnm_ws/install/xpkg_demo/bin'
[0.745s] Level 1:colcon.colcon_core.environment:checking '/home/leomorningrain/code/sdk_mark2_mcnm_ws/install/xpkg_demo/lib/pkgconfig/xpkg_demo.pc'
[0.746s] Level 1:colcon.colcon_core.environment:checking '/home/leomorningrain/code/sdk_mark2_mcnm_ws/install/xpkg_demo/lib/python3.10/site-packages'
[0.746s] Level 1:colcon.colcon_core.environment:checking '/home/leomorningrain/code/sdk_mark2_mcnm_ws/install/xpkg_demo/bin'
[0.747s] INFO:colcon.colcon_core.shell:Creating package script '/home/leomorningrain/code/sdk_mark2_mcnm_ws/install/xpkg_demo/share/xpkg_demo/package.ps1'
[0.748s] INFO:colcon.colcon_core.shell:Creating package descriptor '/home/leomorningrain/code/sdk_mark2_mcnm_ws/install/xpkg_demo/share/xpkg_demo/package.dsv'
[0.749s] INFO:colcon.colcon_core.shell:Creating package script '/home/leomorningrain/code/sdk_mark2_mcnm_ws/install/xpkg_demo/share/xpkg_demo/package.sh'
[0.750s] INFO:colcon.colcon_core.shell:Creating package script '/home/leomorningrain/code/sdk_mark2_mcnm_ws/install/xpkg_demo/share/xpkg_demo/package.bash'
[0.751s] INFO:colcon.colcon_core.shell:Creating package script '/home/leomorningrain/code/sdk_mark2_mcnm_ws/install/xpkg_demo/share/xpkg_demo/package.zsh'
[0.752s] Level 1:colcon.colcon_core.environment:create_file_with_runtime_dependencies(/home/leomorningrain/code/sdk_mark2_mcnm_ws/install/xpkg_demo/share/colcon-core/packages/xpkg_demo)
[0.785s] Level 1:colcon.colcon_core.environment:create_environment_scripts_only(xpkg_urdf_mark2_mcnm)
[0.786s] Level 1:colcon.colcon_core.environment:checking '/home/leomorningrain/code/sdk_mark2_mcnm_ws/install/xpkg_urdf_mark2_mcnm' for CMake module files
[0.788s] Level 1:colcon.colcon_core.environment:checking '/home/leomorningrain/code/sdk_mark2_mcnm_ws/install/xpkg_urdf_mark2_mcnm' for CMake config files
[0.789s] Level 1:colcon.colcon_core.shell:create_environment_hook('xpkg_urdf_mark2_mcnm', 'cmake_prefix_path')
[0.789s] INFO:colcon.colcon_core.shell:Creating environment hook '/home/leomorningrain/code/sdk_mark2_mcnm_ws/install/xpkg_urdf_mark2_mcnm/share/xpkg_urdf_mark2_mcnm/hook/cmake_prefix_path.ps1'
[0.790s] INFO:colcon.colcon_core.shell:Creating environment descriptor '/home/leomorningrain/code/sdk_mark2_mcnm_ws/install/xpkg_urdf_mark2_mcnm/share/xpkg_urdf_mark2_mcnm/hook/cmake_prefix_path.dsv'
[0.791s] INFO:colcon.colcon_core.shell:Creating environment hook '/home/leomorningrain/code/sdk_mark2_mcnm_ws/install/xpkg_urdf_mark2_mcnm/share/xpkg_urdf_mark2_mcnm/hook/cmake_prefix_path.sh'
[0.792s] Level 1:colcon.colcon_core.environment:checking '/home/leomorningrain/code/sdk_mark2_mcnm_ws/install/xpkg_urdf_mark2_mcnm/bin'
[0.792s] Level 1:colcon.colcon_core.environment:checking '/home/leomorningrain/code/sdk_mark2_mcnm_ws/install/xpkg_urdf_mark2_mcnm/lib/pkgconfig/xpkg_urdf_mark2_mcnm.pc'
[0.793s] Level 1:colcon.colcon_core.environment:checking '/home/leomorningrain/code/sdk_mark2_mcnm_ws/install/xpkg_urdf_mark2_mcnm/lib/python3.10/site-packages'
[0.794s] Level 1:colcon.colcon_core.environment:checking '/home/leomorningrain/code/sdk_mark2_mcnm_ws/install/xpkg_urdf_mark2_mcnm/bin'
[0.794s] INFO:colcon.colcon_core.shell:Creating package script '/home/leomorningrain/code/sdk_mark2_mcnm_ws/install/xpkg_urdf_mark2_mcnm/share/xpkg_urdf_mark2_mcnm/package.ps1'
[0.796s] INFO:colcon.colcon_core.shell:Creating package descriptor '/home/leomorningrain/code/sdk_mark2_mcnm_ws/install/xpkg_urdf_mark2_mcnm/share/xpkg_urdf_mark2_mcnm/package.dsv'
[0.797s] INFO:colcon.colcon_core.shell:Creating package script '/home/leomorningrain/code/sdk_mark2_mcnm_ws/install/xpkg_urdf_mark2_mcnm/share/xpkg_urdf_mark2_mcnm/package.sh'
[0.798s] INFO:colcon.colcon_core.shell:Creating package script '/home/leomorningrain/code/sdk_mark2_mcnm_ws/install/xpkg_urdf_mark2_mcnm/share/xpkg_urdf_mark2_mcnm/package.bash'
[0.799s] INFO:colcon.colcon_core.shell:Creating package script '/home/leomorningrain/code/sdk_mark2_mcnm_ws/install/xpkg_urdf_mark2_mcnm/share/xpkg_urdf_mark2_mcnm/package.zsh'
[0.800s] Level 1:colcon.colcon_core.environment:create_file_with_runtime_dependencies(/home/leomorningrain/code/sdk_mark2_mcnm_ws/install/xpkg_urdf_mark2_mcnm/share/colcon-core/packages/xpkg_urdf_mark2_mcnm)
[0.804s] Level 1:colcon.colcon_core.environment:create_environment_scripts_only(xpkg_demo)
[0.805s] Level 1:colcon.colcon_core.environment:checking '/home/leomorningrain/code/sdk_mark2_mcnm_ws/install/xpkg_demo' for CMake module files
[0.806s] Level 1:colcon.colcon_core.environment:checking '/home/leomorningrain/code/sdk_mark2_mcnm_ws/install/xpkg_demo' for CMake config files
[0.807s] Level 1:colcon.colcon_core.shell:create_environment_hook('xpkg_demo', 'cmake_prefix_path')
[0.807s] INFO:colcon.colcon_core.shell:Creating environment hook '/home/leomorningrain/code/sdk_mark2_mcnm_ws/install/xpkg_demo/share/xpkg_demo/hook/cmake_prefix_path.ps1'
[0.808s] INFO:colcon.colcon_core.shell:Creating environment descriptor '/home/leomorningrain/code/sdk_mark2_mcnm_ws/install/xpkg_demo/share/xpkg_demo/hook/cmake_prefix_path.dsv'
[0.809s] INFO:colcon.colcon_core.shell:Creating environment hook '/home/leomorningrain/code/sdk_mark2_mcnm_ws/install/xpkg_demo/share/xpkg_demo/hook/cmake_prefix_path.sh'
[0.810s] Level 1:colcon.colcon_core.environment:checking '/home/leomorningrain/code/sdk_mark2_mcnm_ws/install/xpkg_demo/bin'
[0.810s] Level 1:colcon.colcon_core.environment:checking '/home/leomorningrain/code/sdk_mark2_mcnm_ws/install/xpkg_demo/lib/pkgconfig/xpkg_demo.pc'
[0.811s] Level 1:colcon.colcon_core.environment:checking '/home/leomorningrain/code/sdk_mark2_mcnm_ws/install/xpkg_demo/lib/python3.10/site-packages'
[0.812s] Level 1:colcon.colcon_core.environment:checking '/home/leomorningrain/code/sdk_mark2_mcnm_ws/install/xpkg_demo/bin'
[0.813s] INFO:colcon.colcon_core.shell:Creating package script '/home/leomorningrain/code/sdk_mark2_mcnm_ws/install/xpkg_demo/share/xpkg_demo/package.ps1'
[0.814s] INFO:colcon.colcon_core.shell:Creating package descriptor '/home/leomorningrain/code/sdk_mark2_mcnm_ws/install/xpkg_demo/share/xpkg_demo/package.dsv'
[0.815s] INFO:colcon.colcon_core.shell:Creating package script '/home/leomorningrain/code/sdk_mark2_mcnm_ws/install/xpkg_demo/share/xpkg_demo/package.sh'
[0.816s] INFO:colcon.colcon_core.shell:Creating package script '/home/leomorningrain/code/sdk_mark2_mcnm_ws/install/xpkg_demo/share/xpkg_demo/package.bash'
[0.817s] INFO:colcon.colcon_core.shell:Creating package script '/home/leomorningrain/code/sdk_mark2_mcnm_ws/install/xpkg_demo/share/xpkg_demo/package.zsh'
[0.819s] Level 1:colcon.colcon_core.environment:create_file_with_runtime_dependencies(/home/leomorningrain/code/sdk_mark2_mcnm_ws/install/xpkg_demo/share/colcon-core/packages/xpkg_demo)
[1.272s] DEBUG:colcon.colcon_core.event_handler.log_command:Invoked command in '/home/leomorningrain/code/sdk_mark2_mcnm_ws/build/xpkg_msgs' returned '0': CMAKE_PREFIX_PATH=${CMAKE_PREFIX_PATH}:/opt/ros/humble /usr/bin/cmake --build /home/leomorningrain/code/sdk_mark2_mcnm_ws/build/xpkg_msgs -- -j32 -l32
[1.513s] DEBUG:colcon.colcon_core.event_handler.log_command:Invoking command in '/home/leomorningrain/code/sdk_mark2_mcnm_ws/build/xpkg_msgs': CMAKE_PREFIX_PATH=${CMAKE_PREFIX_PATH}:/opt/ros/humble /usr/bin/cmake --install /home/leomorningrain/code/sdk_mark2_mcnm_ws/build/xpkg_msgs
[1.602s] Level 1:colcon.colcon_core.environment:create_environment_scripts_only(xpkg_msgs)
[1.602s] Level 1:colcon.colcon_core.environment:checking '/home/leomorningrain/code/sdk_mark2_mcnm_ws/install/xpkg_msgs' for CMake module files
[1.603s] DEBUG:colcon.colcon_core.event_handler.log_command:Invoked command in '/home/leomorningrain/code/sdk_mark2_mcnm_ws/build/xpkg_msgs' returned '0': CMAKE_PREFIX_PATH=${CMAKE_PREFIX_PATH}:/opt/ros/humble /usr/bin/cmake --install /home/leomorningrain/code/sdk_mark2_mcnm_ws/build/xpkg_msgs
[1.604s] Level 1:colcon.colcon_core.environment:checking '/home/leomorningrain/code/sdk_mark2_mcnm_ws/install/xpkg_msgs' for CMake config files
[1.604s] Level 1:colcon.colcon_core.shell:create_environment_hook('xpkg_msgs', 'cmake_prefix_path')
[1.605s] INFO:colcon.colcon_core.shell:Creating environment hook '/home/leomorningrain/code/sdk_mark2_mcnm_ws/install/xpkg_msgs/share/xpkg_msgs/hook/cmake_prefix_path.ps1'
[1.606s] INFO:colcon.colcon_core.shell:Creating environment descriptor '/home/leomorningrain/code/sdk_mark2_mcnm_ws/install/xpkg_msgs/share/xpkg_msgs/hook/cmake_prefix_path.dsv'
[1.606s] INFO:colcon.colcon_core.shell:Creating environment hook '/home/leomorningrain/code/sdk_mark2_mcnm_ws/install/xpkg_msgs/share/xpkg_msgs/hook/cmake_prefix_path.sh'
[1.607s] Level 1:colcon.colcon_core.environment:checking '/home/leomorningrain/code/sdk_mark2_mcnm_ws/install/xpkg_msgs/lib'
[1.607s] Level 1:colcon.colcon_core.shell:create_environment_hook('xpkg_msgs', 'ld_library_path_lib')
[1.607s] INFO:colcon.colcon_core.shell:Creating environment hook '/home/leomorningrain/code/sdk_mark2_mcnm_ws/install/xpkg_msgs/share/xpkg_msgs/hook/ld_library_path_lib.ps1'
[1.608s] INFO:colcon.colcon_core.shell:Creating environment descriptor '/home/leomorningrain/code/sdk_mark2_mcnm_ws/install/xpkg_msgs/share/xpkg_msgs/hook/ld_library_path_lib.dsv'
[1.608s] INFO:colcon.colcon_core.shell:Creating environment hook '/home/leomorningrain/code/sdk_mark2_mcnm_ws/install/xpkg_msgs/share/xpkg_msgs/hook/ld_library_path_lib.sh'
[1.609s] Level 1:colcon.colcon_core.environment:checking '/home/leomorningrain/code/sdk_mark2_mcnm_ws/install/xpkg_msgs/bin'
[1.609s] Level 1:colcon.colcon_core.environment:checking '/home/leomorningrain/code/sdk_mark2_mcnm_ws/install/xpkg_msgs/lib/pkgconfig/xpkg_msgs.pc'
[1.610s] Level 1:colcon.colcon_core.environment:checking '/home/leomorningrain/code/sdk_mark2_mcnm_ws/install/xpkg_msgs/lib/python3.10/site-packages'
[1.610s] Level 1:colcon.colcon_core.environment:checking '/home/leomorningrain/code/sdk_mark2_mcnm_ws/install/xpkg_msgs/bin'
[1.610s] INFO:colcon.colcon_core.shell:Creating package script '/home/leomorningrain/code/sdk_mark2_mcnm_ws/install/xpkg_msgs/share/xpkg_msgs/package.ps1'
[1.611s] INFO:colcon.colcon_core.shell:Creating package descriptor '/home/leomorningrain/code/sdk_mark2_mcnm_ws/install/xpkg_msgs/share/xpkg_msgs/package.dsv'
[1.612s] INFO:colcon.colcon_core.shell:Creating package script '/home/leomorningrain/code/sdk_mark2_mcnm_ws/install/xpkg_msgs/share/xpkg_msgs/package.sh'
[1.612s] INFO:colcon.colcon_core.shell:Creating package script '/home/leomorningrain/code/sdk_mark2_mcnm_ws/install/xpkg_msgs/share/xpkg_msgs/package.bash'
[1.613s] INFO:colcon.colcon_core.shell:Creating package script '/home/leomorningrain/code/sdk_mark2_mcnm_ws/install/xpkg_msgs/share/xpkg_msgs/package.zsh'
[1.613s] Level 1:colcon.colcon_core.environment:create_file_with_runtime_dependencies(/home/leomorningrain/code/sdk_mark2_mcnm_ws/install/xpkg_msgs/share/colcon-core/packages/xpkg_msgs)
[1.821s] Level 1:colcon.colcon_core.environment:create_environment_scripts_only(xpkg_msgs)
[1.821s] Level 1:colcon.colcon_core.environment:checking '/home/leomorningrain/code/sdk_mark2_mcnm_ws/install/xpkg_msgs' for CMake module files
[1.822s] Level 1:colcon.colcon_core.environment:checking '/home/leomorningrain/code/sdk_mark2_mcnm_ws/install/xpkg_msgs' for CMake config files
[1.823s] Level 1:colcon.colcon_core.shell:create_environment_hook('xpkg_msgs', 'cmake_prefix_path')
[1.823s] INFO:colcon.colcon_core.shell:Creating environment hook '/home/leomorningrain/code/sdk_mark2_mcnm_ws/install/xpkg_msgs/share/xpkg_msgs/hook/cmake_prefix_path.ps1'
[1.824s] INFO:colcon.colcon_core.shell:Creating environment descriptor '/home/leomorningrain/code/sdk_mark2_mcnm_ws/install/xpkg_msgs/share/xpkg_msgs/hook/cmake_prefix_path.dsv'
[1.824s] INFO:colcon.colcon_core.shell:Creating environment hook '/home/leomorningrain/code/sdk_mark2_mcnm_ws/install/xpkg_msgs/share/xpkg_msgs/hook/cmake_prefix_path.sh'
[1.825s] Level 1:colcon.colcon_core.environment:checking '/home/leomorningrain/code/sdk_mark2_mcnm_ws/install/xpkg_msgs/lib'
[1.825s] Level 1:colcon.colcon_core.shell:create_environment_hook('xpkg_msgs', 'ld_library_path_lib')
[1.826s] INFO:colcon.colcon_core.shell:Creating environment hook '/home/leomorningrain/code/sdk_mark2_mcnm_ws/install/xpkg_msgs/share/xpkg_msgs/hook/ld_library_path_lib.ps1'
[1.826s] INFO:colcon.colcon_core.shell:Creating environment descriptor '/home/leomorningrain/code/sdk_mark2_mcnm_ws/install/xpkg_msgs/share/xpkg_msgs/hook/ld_library_path_lib.dsv'
[1.827s] INFO:colcon.colcon_core.shell:Creating environment hook '/home/leomorningrain/code/sdk_mark2_mcnm_ws/install/xpkg_msgs/share/xpkg_msgs/hook/ld_library_path_lib.sh'
[1.827s] Level 1:colcon.colcon_core.environment:checking '/home/leomorningrain/code/sdk_mark2_mcnm_ws/install/xpkg_msgs/bin'
[1.827s] Level 1:colcon.colcon_core.environment:checking '/home/leomorningrain/code/sdk_mark2_mcnm_ws/install/xpkg_msgs/lib/pkgconfig/xpkg_msgs.pc'
[1.828s] Level 1:colcon.colcon_core.environment:checking '/home/leomorningrain/code/sdk_mark2_mcnm_ws/install/xpkg_msgs/lib/python3.10/site-packages'
[1.828s] Level 1:colcon.colcon_core.environment:checking '/home/leomorningrain/code/sdk_mark2_mcnm_ws/install/xpkg_msgs/bin'
[1.828s] INFO:colcon.colcon_core.shell:Creating package script '/home/leomorningrain/code/sdk_mark2_mcnm_ws/install/xpkg_msgs/share/xpkg_msgs/package.ps1'
[1.829s] INFO:colcon.colcon_core.shell:Creating package descriptor '/home/leomorningrain/code/sdk_mark2_mcnm_ws/install/xpkg_msgs/share/xpkg_msgs/package.dsv'
[1.830s] INFO:colcon.colcon_core.shell:Creating package script '/home/leomorningrain/code/sdk_mark2_mcnm_ws/install/xpkg_msgs/share/xpkg_msgs/package.sh'
[1.830s] INFO:colcon.colcon_core.shell:Creating package script '/home/leomorningrain/code/sdk_mark2_mcnm_ws/install/xpkg_msgs/share/xpkg_msgs/package.bash'
[1.831s] INFO:colcon.colcon_core.shell:Creating package script '/home/leomorningrain/code/sdk_mark2_mcnm_ws/install/xpkg_msgs/share/xpkg_msgs/package.zsh'
[1.831s] Level 1:colcon.colcon_core.environment:create_file_with_runtime_dependencies(/home/leomorningrain/code/sdk_mark2_mcnm_ws/install/xpkg_msgs/share/colcon-core/packages/xpkg_msgs)
[1.832s] INFO:colcon.colcon_ros.task.ament_cmake.build:Building ROS package in '/home/leomorningrain/code/sdk_mark2_mcnm_ws/src/base/xpkg_comm' with build type 'ament_cmake'
[1.832s] INFO:colcon.colcon_cmake.task.cmake.build:Building CMake package in '/home/leomorningrain/code/sdk_mark2_mcnm_ws/src/base/xpkg_comm'
[1.832s] INFO:colcon.colcon_core.shell:Skip shell extension 'powershell' for command environment: Not usable outside of PowerShell
[1.833s] DEBUG:colcon.colcon_core.shell:Skip shell extension 'dsv' for command environment
[1.841s] INFO:colcon.colcon_ros.task.ament_cmake.build:Building ROS package in '/home/leomorningrain/code/sdk_mark2_mcnm_ws/src/drivers/xpkg_vehicle' with build type 'ament_cmake'
[1.841s] INFO:colcon.colcon_cmake.task.cmake.build:Building CMake package in '/home/leomorningrain/code/sdk_mark2_mcnm_ws/src/drivers/xpkg_vehicle'
[1.842s] INFO:colcon.colcon_core.shell:Skip shell extension 'powershell' for command environment: Not usable outside of PowerShell
[1.842s] DEBUG:colcon.colcon_core.shell:Skip shell extension 'dsv' for command environment
[1.862s] DEBUG:colcon.colcon_core.event_handler.log_command:Invoking command in '/home/leomorningrain/code/sdk_mark2_mcnm_ws/build/xpkg_comm': CMAKE_PREFIX_PATH=/home/leomorningrain/code/sdk_mark2_mcnm_ws/install/xpkg_msgs:/home/leomorningrain/code/sdk_mark2_mcnm_ws/install/xpkg_vehicle:/home/leomorningrain/code/sdk_mark2_mcnm_ws/install/xpkg_urdf_mark2_mcnm:/home/leomorningrain/code/sdk_mark2_mcnm_ws/install/xpkg_comm:/home/leomorningrain/code/sdk_mark2_mcnm_ws/install/xpkg_demo:/opt/ros/humble LD_LIBRARY_PATH=/home/leomorningrain/code/sdk_mark2_mcnm_ws/install/xpkg_msgs/lib:/usr/lib/x86_64-linux-gnu/gazebo-11/plugins:/opt/ros/humble/opt/rviz_ogre_vendor/lib:/opt/ros/humble/lib/x86_64-linux-gnu:/opt/ros/humble/lib:/usr/local/lib /usr/bin/cmake --build /home/leomorningrain/code/sdk_mark2_mcnm_ws/build/xpkg_comm -- -j32 -l32
[1.873s] DEBUG:colcon.colcon_core.event_handler.log_command:Invoking command in '/home/leomorningrain/code/sdk_mark2_mcnm_ws/build/xpkg_vehicle': CMAKE_PREFIX_PATH=/home/leomorningrain/code/sdk_mark2_mcnm_ws/install/xpkg_msgs:/home/leomorningrain/code/sdk_mark2_mcnm_ws/install/xpkg_vehicle:/home/leomorningrain/code/sdk_mark2_mcnm_ws/install/xpkg_urdf_mark2_mcnm:/home/leomorningrain/code/sdk_mark2_mcnm_ws/install/xpkg_comm:/home/leomorningrain/code/sdk_mark2_mcnm_ws/install/xpkg_demo:/opt/ros/humble LD_LIBRARY_PATH=/home/leomorningrain/code/sdk_mark2_mcnm_ws/install/xpkg_msgs/lib:/usr/lib/x86_64-linux-gnu/gazebo-11/plugins:/opt/ros/humble/opt/rviz_ogre_vendor/lib:/opt/ros/humble/lib/x86_64-linux-gnu:/opt/ros/humble/lib:/usr/local/lib /usr/bin/cmake --build /home/leomorningrain/code/sdk_mark2_mcnm_ws/build/xpkg_vehicle -- -j32 -l32
[2.020s] DEBUG:colcon.colcon_core.event_handler.log_command:Invoked command in '/home/leomorningrain/code/sdk_mark2_mcnm_ws/build/xpkg_comm' returned '0': CMAKE_PREFIX_PATH=/home/leomorningrain/code/sdk_mark2_mcnm_ws/install/xpkg_msgs:/home/leomorningrain/code/sdk_mark2_mcnm_ws/install/xpkg_vehicle:/home/leomorningrain/code/sdk_mark2_mcnm_ws/install/xpkg_urdf_mark2_mcnm:/home/leomorningrain/code/sdk_mark2_mcnm_ws/install/xpkg_comm:/home/leomorningrain/code/sdk_mark2_mcnm_ws/install/xpkg_demo:/opt/ros/humble LD_LIBRARY_PATH=/home/leomorningrain/code/sdk_mark2_mcnm_ws/install/xpkg_msgs/lib:/usr/lib/x86_64-linux-gnu/gazebo-11/plugins:/opt/ros/humble/opt/rviz_ogre_vendor/lib:/opt/ros/humble/lib/x86_64-linux-gnu:/opt/ros/humble/lib:/usr/local/lib /usr/bin/cmake --build /home/leomorningrain/code/sdk_mark2_mcnm_ws/build/xpkg_comm -- -j32 -l32
[2.025s] DEBUG:colcon.colcon_core.event_handler.log_command:Invoked command in '/home/leomorningrain/code/sdk_mark2_mcnm_ws/build/xpkg_vehicle' returned '0': CMAKE_PREFIX_PATH=/home/leomorningrain/code/sdk_mark2_mcnm_ws/install/xpkg_msgs:/home/leomorningrain/code/sdk_mark2_mcnm_ws/install/xpkg_vehicle:/home/leomorningrain/code/sdk_mark2_mcnm_ws/install/xpkg_urdf_mark2_mcnm:/home/leomorningrain/code/sdk_mark2_mcnm_ws/install/xpkg_comm:/home/leomorningrain/code/sdk_mark2_mcnm_ws/install/xpkg_demo:/opt/ros/humble LD_LIBRARY_PATH=/home/leomorningrain/code/sdk_mark2_mcnm_ws/install/xpkg_msgs/lib:/usr/lib/x86_64-linux-gnu/gazebo-11/plugins:/opt/ros/humble/opt/rviz_ogre_vendor/lib:/opt/ros/humble/lib/x86_64-linux-gnu:/opt/ros/humble/lib:/usr/local/lib /usr/bin/cmake --build /home/leomorningrain/code/sdk_mark2_mcnm_ws/build/xpkg_vehicle -- -j32 -l32
[2.106s] DEBUG:colcon.colcon_core.event_handler.log_command:Invoking command in '/home/leomorningrain/code/sdk_mark2_mcnm_ws/build/xpkg_vehicle': CMAKE_PREFIX_PATH=/home/leomorningrain/code/sdk_mark2_mcnm_ws/install/xpkg_msgs:/home/leomorningrain/code/sdk_mark2_mcnm_ws/install/xpkg_vehicle:/home/leomorningrain/code/sdk_mark2_mcnm_ws/install/xpkg_urdf_mark2_mcnm:/home/leomorningrain/code/sdk_mark2_mcnm_ws/install/xpkg_comm:/home/leomorningrain/code/sdk_mark2_mcnm_ws/install/xpkg_demo:/opt/ros/humble LD_LIBRARY_PATH=/home/leomorningrain/code/sdk_mark2_mcnm_ws/install/xpkg_msgs/lib:/usr/lib/x86_64-linux-gnu/gazebo-11/plugins:/opt/ros/humble/opt/rviz_ogre_vendor/lib:/opt/ros/humble/lib/x86_64-linux-gnu:/opt/ros/humble/lib:/usr/local/lib /usr/bin/cmake --install /home/leomorningrain/code/sdk_mark2_mcnm_ws/build/xpkg_vehicle
[2.130s] Level 1:colcon.colcon_core.environment:create_environment_scripts_only(xpkg_vehicle)
[2.130s] Level 1:colcon.colcon_core.environment:checking '/home/leomorningrain/code/sdk_mark2_mcnm_ws/install/xpkg_vehicle' for CMake module files
[2.132s] DEBUG:colcon.colcon_core.event_handler.log_command:Invoked command in '/home/leomorningrain/code/sdk_mark2_mcnm_ws/build/xpkg_vehicle' returned '0': CMAKE_PREFIX_PATH=/home/leomorningrain/code/sdk_mark2_mcnm_ws/install/xpkg_msgs:/home/leomorningrain/code/sdk_mark2_mcnm_ws/install/xpkg_vehicle:/home/leomorningrain/code/sdk_mark2_mcnm_ws/install/xpkg_urdf_mark2_mcnm:/home/leomorningrain/code/sdk_mark2_mcnm_ws/install/xpkg_comm:/home/leomorningrain/code/sdk_mark2_mcnm_ws/install/xpkg_demo:/opt/ros/humble LD_LIBRARY_PATH=/home/leomorningrain/code/sdk_mark2_mcnm_ws/install/xpkg_msgs/lib:/usr/lib/x86_64-linux-gnu/gazebo-11/plugins:/opt/ros/humble/opt/rviz_ogre_vendor/lib:/opt/ros/humble/lib/x86_64-linux-gnu:/opt/ros/humble/lib:/usr/local/lib /usr/bin/cmake --install /home/leomorningrain/code/sdk_mark2_mcnm_ws/build/xpkg_vehicle
[2.133s] Level 1:colcon.colcon_core.environment:checking '/home/leomorningrain/code/sdk_mark2_mcnm_ws/install/xpkg_vehicle' for CMake config files
[2.134s] Level 1:colcon.colcon_core.shell:create_environment_hook('xpkg_vehicle', 'cmake_prefix_path')
[2.135s] INFO:colcon.colcon_core.shell:Creating environment hook '/home/leomorningrain/code/sdk_mark2_mcnm_ws/install/xpkg_vehicle/share/xpkg_vehicle/hook/cmake_prefix_path.ps1'
[2.136s] INFO:colcon.colcon_core.shell:Creating environment descriptor '/home/leomorningrain/code/sdk_mark2_mcnm_ws/install/xpkg_vehicle/share/xpkg_vehicle/hook/cmake_prefix_path.dsv'
[2.136s] INFO:colcon.colcon_core.shell:Creating environment hook '/home/leomorningrain/code/sdk_mark2_mcnm_ws/install/xpkg_vehicle/share/xpkg_vehicle/hook/cmake_prefix_path.sh'
[2.137s] Level 1:colcon.colcon_core.environment:checking '/home/leomorningrain/code/sdk_mark2_mcnm_ws/install/xpkg_vehicle/lib'
[2.137s] Level 1:colcon.colcon_core.environment:checking '/home/leomorningrain/code/sdk_mark2_mcnm_ws/install/xpkg_vehicle/bin'
[2.137s] Level 1:colcon.colcon_core.environment:checking '/home/leomorningrain/code/sdk_mark2_mcnm_ws/install/xpkg_vehicle/lib/pkgconfig/xpkg_vehicle.pc'
[2.138s] Level 1:colcon.colcon_core.environment:checking '/home/leomorningrain/code/sdk_mark2_mcnm_ws/install/xpkg_vehicle/lib/python3.10/site-packages'
[2.138s] Level 1:colcon.colcon_core.environment:checking '/home/leomorningrain/code/sdk_mark2_mcnm_ws/install/xpkg_vehicle/bin'
[2.139s] INFO:colcon.colcon_core.shell:Creating package script '/home/leomorningrain/code/sdk_mark2_mcnm_ws/install/xpkg_vehicle/share/xpkg_vehicle/package.ps1'
[2.140s] INFO:colcon.colcon_core.shell:Creating package descriptor '/home/leomorningrain/code/sdk_mark2_mcnm_ws/install/xpkg_vehicle/share/xpkg_vehicle/package.dsv'
[2.141s] INFO:colcon.colcon_core.shell:Creating package script '/home/leomorningrain/code/sdk_mark2_mcnm_ws/install/xpkg_vehicle/share/xpkg_vehicle/package.sh'
[2.141s] INFO:colcon.colcon_core.shell:Creating package script '/home/leomorningrain/code/sdk_mark2_mcnm_ws/install/xpkg_vehicle/share/xpkg_vehicle/package.bash'
[2.142s] INFO:colcon.colcon_core.shell:Creating package script '/home/leomorningrain/code/sdk_mark2_mcnm_ws/install/xpkg_vehicle/share/xpkg_vehicle/package.zsh'
[2.142s] Level 1:colcon.colcon_core.environment:create_file_with_runtime_dependencies(/home/leomorningrain/code/sdk_mark2_mcnm_ws/install/xpkg_vehicle/share/colcon-core/packages/xpkg_vehicle)
[2.147s] DEBUG:colcon.colcon_core.event_handler.log_command:Invoking command in '/home/leomorningrain/code/sdk_mark2_mcnm_ws/build/xpkg_comm': CMAKE_PREFIX_PATH=/home/leomorningrain/code/sdk_mark2_mcnm_ws/install/xpkg_msgs:/home/leomorningrain/code/sdk_mark2_mcnm_ws/install/xpkg_vehicle:/home/leomorningrain/code/sdk_mark2_mcnm_ws/install/xpkg_urdf_mark2_mcnm:/home/leomorningrain/code/sdk_mark2_mcnm_ws/install/xpkg_comm:/home/leomorningrain/code/sdk_mark2_mcnm_ws/install/xpkg_demo:/opt/ros/humble LD_LIBRARY_PATH=/home/leomorningrain/code/sdk_mark2_mcnm_ws/install/xpkg_msgs/lib:/usr/lib/x86_64-linux-gnu/gazebo-11/plugins:/opt/ros/humble/opt/rviz_ogre_vendor/lib:/opt/ros/humble/lib/x86_64-linux-gnu:/opt/ros/humble/lib:/usr/local/lib /usr/bin/cmake --install /home/leomorningrain/code/sdk_mark2_mcnm_ws/build/xpkg_comm
[2.168s] Level 1:colcon.colcon_core.environment:create_environment_scripts_only(xpkg_comm)
[2.170s] Level 1:colcon.colcon_core.environment:checking '/home/leomorningrain/code/sdk_mark2_mcnm_ws/install/xpkg_comm' for CMake module files
[2.172s] DEBUG:colcon.colcon_core.event_handler.log_command:Invoked command in '/home/leomorningrain/code/sdk_mark2_mcnm_ws/build/xpkg_comm' returned '0': CMAKE_PREFIX_PATH=/home/leomorningrain/code/sdk_mark2_mcnm_ws/install/xpkg_msgs:/home/leomorningrain/code/sdk_mark2_mcnm_ws/install/xpkg_vehicle:/home/leomorningrain/code/sdk_mark2_mcnm_ws/install/xpkg_urdf_mark2_mcnm:/home/leomorningrain/code/sdk_mark2_mcnm_ws/install/xpkg_comm:/home/leomorningrain/code/sdk_mark2_mcnm_ws/install/xpkg_demo:/opt/ros/humble LD_LIBRARY_PATH=/home/leomorningrain/code/sdk_mark2_mcnm_ws/install/xpkg_msgs/lib:/usr/lib/x86_64-linux-gnu/gazebo-11/plugins:/opt/ros/humble/opt/rviz_ogre_vendor/lib:/opt/ros/humble/lib/x86_64-linux-gnu:/opt/ros/humble/lib:/usr/local/lib /usr/bin/cmake --install /home/leomorningrain/code/sdk_mark2_mcnm_ws/build/xpkg_comm
[2.173s] Level 1:colcon.colcon_core.environment:checking '/home/leomorningrain/code/sdk_mark2_mcnm_ws/install/xpkg_comm' for CMake config files
[2.174s] Level 1:colcon.colcon_core.shell:create_environment_hook('xpkg_comm', 'cmake_prefix_path')
[2.175s] INFO:colcon.colcon_core.shell:Creating environment hook '/home/leomorningrain/code/sdk_mark2_mcnm_ws/install/xpkg_comm/share/xpkg_comm/hook/cmake_prefix_path.ps1'
[2.177s] INFO:colcon.colcon_core.shell:Creating environment descriptor '/home/leomorningrain/code/sdk_mark2_mcnm_ws/install/xpkg_comm/share/xpkg_comm/hook/cmake_prefix_path.dsv'
[2.179s] INFO:colcon.colcon_core.shell:Creating environment hook '/home/leomorningrain/code/sdk_mark2_mcnm_ws/install/xpkg_comm/share/xpkg_comm/hook/cmake_prefix_path.sh'
[2.181s] Level 1:colcon.colcon_core.environment:checking '/home/leomorningrain/code/sdk_mark2_mcnm_ws/install/xpkg_comm/lib'
[2.181s] Level 1:colcon.colcon_core.environment:checking '/home/leomorningrain/code/sdk_mark2_mcnm_ws/install/xpkg_comm/bin'
[2.181s] Level 1:colcon.colcon_core.environment:checking '/home/leomorningrain/code/sdk_mark2_mcnm_ws/install/xpkg_comm/lib/pkgconfig/xpkg_comm.pc'
[2.182s] Level 1:colcon.colcon_core.environment:checking '/home/leomorningrain/code/sdk_mark2_mcnm_ws/install/xpkg_comm/lib/python3.10/site-packages'
[2.183s] Level 1:colcon.colcon_core.environment:checking '/home/leomorningrain/code/sdk_mark2_mcnm_ws/install/xpkg_comm/bin'
[2.183s] INFO:colcon.colcon_core.shell:Creating package script '/home/leomorningrain/code/sdk_mark2_mcnm_ws/install/xpkg_comm/share/xpkg_comm/package.ps1'
[2.185s] INFO:colcon.colcon_core.shell:Creating package descriptor '/home/leomorningrain/code/sdk_mark2_mcnm_ws/install/xpkg_comm/share/xpkg_comm/package.dsv'
[2.186s] INFO:colcon.colcon_core.shell:Creating package script '/home/leomorningrain/code/sdk_mark2_mcnm_ws/install/xpkg_comm/share/xpkg_comm/package.sh'
[2.187s] INFO:colcon.colcon_core.shell:Creating package script '/home/leomorningrain/code/sdk_mark2_mcnm_ws/install/xpkg_comm/share/xpkg_comm/package.bash'
[2.187s] INFO:colcon.colcon_core.shell:Creating package script '/home/leomorningrain/code/sdk_mark2_mcnm_ws/install/xpkg_comm/share/xpkg_comm/package.zsh'
[2.188s] Level 1:colcon.colcon_core.environment:create_file_with_runtime_dependencies(/home/leomorningrain/code/sdk_mark2_mcnm_ws/install/xpkg_comm/share/colcon-core/packages/xpkg_comm)
[2.219s] Level 1:colcon.colcon_core.environment:create_environment_scripts_only(xpkg_vehicle)
[2.220s] Level 1:colcon.colcon_core.environment:checking '/home/leomorningrain/code/sdk_mark2_mcnm_ws/install/xpkg_vehicle' for CMake module files
[2.221s] Level 1:colcon.colcon_core.environment:checking '/home/leomorningrain/code/sdk_mark2_mcnm_ws/install/xpkg_vehicle' for CMake config files
[2.221s] Level 1:colcon.colcon_core.shell:create_environment_hook('xpkg_vehicle', 'cmake_prefix_path')
[2.222s] INFO:colcon.colcon_core.shell:Creating environment hook '/home/leomorningrain/code/sdk_mark2_mcnm_ws/install/xpkg_vehicle/share/xpkg_vehicle/hook/cmake_prefix_path.ps1'
[2.223s] INFO:colcon.colcon_core.shell:Creating environment descriptor '/home/leomorningrain/code/sdk_mark2_mcnm_ws/install/xpkg_vehicle/share/xpkg_vehicle/hook/cmake_prefix_path.dsv'
[2.223s] INFO:colcon.colcon_core.shell:Creating environment hook '/home/leomorningrain/code/sdk_mark2_mcnm_ws/install/xpkg_vehicle/share/xpkg_vehicle/hook/cmake_prefix_path.sh'
[2.224s] Level 1:colcon.colcon_core.environment:checking '/home/leomorningrain/code/sdk_mark2_mcnm_ws/install/xpkg_vehicle/lib'
[2.224s] Level 1:colcon.colcon_core.environment:checking '/home/leomorningrain/code/sdk_mark2_mcnm_ws/install/xpkg_vehicle/bin'
[2.224s] Level 1:colcon.colcon_core.environment:checking '/home/leomorningrain/code/sdk_mark2_mcnm_ws/install/xpkg_vehicle/lib/pkgconfig/xpkg_vehicle.pc'
[2.225s] Level 1:colcon.colcon_core.environment:checking '/home/leomorningrain/code/sdk_mark2_mcnm_ws/install/xpkg_vehicle/lib/python3.10/site-packages'
[2.225s] Level 1:colcon.colcon_core.environment:checking '/home/leomorningrain/code/sdk_mark2_mcnm_ws/install/xpkg_vehicle/bin'
[2.226s] INFO:colcon.colcon_core.shell:Creating package script '/home/leomorningrain/code/sdk_mark2_mcnm_ws/install/xpkg_vehicle/share/xpkg_vehicle/package.ps1'
[2.227s] INFO:colcon.colcon_core.shell:Creating package descriptor '/home/leomorningrain/code/sdk_mark2_mcnm_ws/install/xpkg_vehicle/share/xpkg_vehicle/package.dsv'
[2.227s] INFO:colcon.colcon_core.shell:Creating package script '/home/leomorningrain/code/sdk_mark2_mcnm_ws/install/xpkg_vehicle/share/xpkg_vehicle/package.sh'
[2.228s] INFO:colcon.colcon_core.shell:Creating package script '/home/leomorningrain/code/sdk_mark2_mcnm_ws/install/xpkg_vehicle/share/xpkg_vehicle/package.bash'
[2.229s] INFO:colcon.colcon_core.shell:Creating package script '/home/leomorningrain/code/sdk_mark2_mcnm_ws/install/xpkg_vehicle/share/xpkg_vehicle/package.zsh'
[2.229s] Level 1:colcon.colcon_core.environment:create_file_with_runtime_dependencies(/home/leomorningrain/code/sdk_mark2_mcnm_ws/install/xpkg_vehicle/share/colcon-core/packages/xpkg_vehicle)
[2.310s] Level 1:colcon.colcon_core.environment:create_environment_scripts_only(xpkg_comm)
[2.311s] Level 1:colcon.colcon_core.environment:checking '/home/leomorningrain/code/sdk_mark2_mcnm_ws/install/xpkg_comm' for CMake module files
[2.313s] Level 1:colcon.colcon_core.environment:checking '/home/leomorningrain/code/sdk_mark2_mcnm_ws/install/xpkg_comm' for CMake config files
[2.314s] Level 1:colcon.colcon_core.shell:create_environment_hook('xpkg_comm', 'cmake_prefix_path')
[2.315s] INFO:colcon.colcon_core.shell:Creating environment hook '/home/leomorningrain/code/sdk_mark2_mcnm_ws/install/xpkg_comm/share/xpkg_comm/hook/cmake_prefix_path.ps1'
[2.316s] INFO:colcon.colcon_core.shell:Creating environment descriptor '/home/leomorningrain/code/sdk_mark2_mcnm_ws/install/xpkg_comm/share/xpkg_comm/hook/cmake_prefix_path.dsv'
[2.317s] INFO:colcon.colcon_core.shell:Creating environment hook '/home/leomorningrain/code/sdk_mark2_mcnm_ws/install/xpkg_comm/share/xpkg_comm/hook/cmake_prefix_path.sh'
[2.318s] Level 1:colcon.colcon_core.environment:checking '/home/leomorningrain/code/sdk_mark2_mcnm_ws/install/xpkg_comm/lib'
[2.318s] Level 1:colcon.colcon_core.environment:checking '/home/leomorningrain/code/sdk_mark2_mcnm_ws/install/xpkg_comm/bin'
[2.318s] Level 1:colcon.colcon_core.environment:checking '/home/leomorningrain/code/sdk_mark2_mcnm_ws/install/xpkg_comm/lib/pkgconfig/xpkg_comm.pc'
[2.319s] Level 1:colcon.colcon_core.environment:checking '/home/leomorningrain/code/sdk_mark2_mcnm_ws/install/xpkg_comm/lib/python3.10/site-packages'
[2.319s] Level 1:colcon.colcon_core.environment:checking '/home/leomorningrain/code/sdk_mark2_mcnm_ws/install/xpkg_comm/bin'
[2.319s] INFO:colcon.colcon_core.shell:Creating package script '/home/leomorningrain/code/sdk_mark2_mcnm_ws/install/xpkg_comm/share/xpkg_comm/package.ps1'
[2.320s] INFO:colcon.colcon_core.shell:Creating package descriptor '/home/leomorningrain/code/sdk_mark2_mcnm_ws/install/xpkg_comm/share/xpkg_comm/package.dsv'
[2.321s] INFO:colcon.colcon_core.shell:Creating package script '/home/leomorningrain/code/sdk_mark2_mcnm_ws/install/xpkg_comm/share/xpkg_comm/package.sh'
[2.322s] INFO:colcon.colcon_core.shell:Creating package script '/home/leomorningrain/code/sdk_mark2_mcnm_ws/install/xpkg_comm/share/xpkg_comm/package.bash'
[2.322s] INFO:colcon.colcon_core.shell:Creating package script '/home/leomorningrain/code/sdk_mark2_mcnm_ws/install/xpkg_comm/share/xpkg_comm/package.zsh'
[2.323s] Level 1:colcon.colcon_core.environment:create_file_with_runtime_dependencies(/home/leomorningrain/code/sdk_mark2_mcnm_ws/install/xpkg_comm/share/colcon-core/packages/xpkg_comm)
[2.323s] DEBUG:colcon.colcon_parallel_executor.executor.parallel:closing loop
[2.324s] DEBUG:colcon.colcon_parallel_executor.executor.parallel:loop closed
[2.324s] DEBUG:colcon.colcon_parallel_executor.executor.parallel:run_until_complete finished with '0'
[2.324s] DEBUG:colcon.colcon_core.event_reactor:joining thread
[2.335s] INFO:colcon.colcon_core.plugin_system:Skipping extension 'colcon_notification.desktop_notification.terminal_notifier': Not used on non-Darwin systems
[2.335s] INFO:colcon.colcon_core.plugin_system:Skipping extension 'colcon_notification.desktop_notification.win32': Not used on non-Windows systems
[2.335s] INFO:colcon.colcon_notification.desktop_notification:Sending desktop notification using 'notify2'
[2.359s] DEBUG:colcon.colcon_core.event_reactor:joined thread
[2.360s] INFO:colcon.colcon_core.shell:Creating prefix script '/home/leomorningrain/code/sdk_mark2_mcnm_ws/install/local_setup.ps1'
[2.362s] INFO:colcon.colcon_core.shell:Creating prefix util module '/home/leomorningrain/code/sdk_mark2_mcnm_ws/install/_local_setup_util_ps1.py'
[2.365s] INFO:colcon.colcon_core.shell:Creating prefix chain script '/home/leomorningrain/code/sdk_mark2_mcnm_ws/install/setup.ps1'
[2.368s] INFO:colcon.colcon_core.shell:Creating prefix script '/home/leomorningrain/code/sdk_mark2_mcnm_ws/install/local_setup.sh'
[2.370s] INFO:colcon.colcon_core.shell:Creating prefix util module '/home/leomorningrain/code/sdk_mark2_mcnm_ws/install/_local_setup_util_sh.py'
[2.371s] INFO:colcon.colcon_core.shell:Creating prefix chain script '/home/leomorningrain/code/sdk_mark2_mcnm_ws/install/setup.sh'
[2.375s] INFO:colcon.colcon_core.shell:Creating prefix script '/home/leomorningrain/code/sdk_mark2_mcnm_ws/install/local_setup.bash'
[2.376s] INFO:colcon.colcon_core.shell:Creating prefix chain script '/home/leomorningrain/code/sdk_mark2_mcnm_ws/install/setup.bash'
[2.379s] INFO:colcon.colcon_core.shell:Creating prefix script '/home/leomorningrain/code/sdk_mark2_mcnm_ws/install/local_setup.zsh'
[2.380s] INFO:colcon.colcon_core.shell:Creating prefix chain script '/home/leomorningrain/code/sdk_mark2_mcnm_ws/install/setup.zsh'
