[0.032s] Invoking command in '/home/leomorningrain/code/sdk_mark2_mcnm_ws/build/xpkg_demo': CMAKE_PREFIX_PATH=/opt/ros/humble /usr/bin/cmake --build /home/leomorningrain/code/sdk_mark2_mcnm_ws/build/xpkg_demo -- -j32 -l32
[0.102s] -- Your ROS version is ROS2
[0.103s] -- Found ament_cmake: 1.3.9 (/opt/ros/humble/share/ament_cmake/cmake)
[0.320s] -- Found rclcpp: 16.0.9 (/opt/ros/humble/share/rclcpp/cmake)
[0.409s] -- Found rosidl_generator_c: 3.1.5 (/opt/ros/humble/share/rosidl_generator_c/cmake)
[0.415s] -- Found rosidl_adapter: 3.1.5 (/opt/ros/humble/share/rosidl_adapter/cmake)
[0.436s] -- Found rosidl_generator_cpp: 3.1.5 (/opt/ros/humble/share/rosidl_generator_cpp/cmake)
[0.483s] -- Using all available rosidl_typesupport_c: rosidl_typesupport_fastrtps_c;rosidl_typesupport_introspection_c
[0.545s] -- Using all available rosidl_typesupport_cpp: rosidl_typesupport_fastrtps_cpp;rosidl_typesupport_introspection_cpp
[0.732s] -- Found rmw_implementation_cmake: 6.1.2 (/opt/ros/humble/share/rmw_implementation_cmake/cmake)
[0.762s] -- Found rmw_fastrtps_cpp: 6.2.6 (/opt/ros/humble/share/rmw_fastrtps_cpp/cmake)
[1.108s] -- Using RMW implementation 'rmw_fastrtps_cpp' as default
[1.476s] -- Found ament_lint_auto: 0.12.11 (/opt/ros/humble/share/ament_lint_auto/cmake)
[1.591s] -- Added test 'copyright' to check source files copyright and LICENSE
[1.595s] -- Added test 'flake8' to check Python code syntax and style conventions
[1.596s] -- Added test 'lint_cmake' to check CMake code style
[1.597s] -- Added test 'pep257' to check Python code against some of the docstring style conventions in PEP 257
[1.599s] -- Added test 'xmllint' to check XML markup files
[1.601s] -- Configuring done
[1.607s] -- Generating done
[1.609s] -- Build files have been written to: /home/leomorningrain/code/sdk_mark2_mcnm_ws/build/xpkg_demo
[1.661s] Invoked command in '/home/leomorningrain/code/sdk_mark2_mcnm_ws/build/xpkg_demo' returned '0': CMAKE_PREFIX_PATH=/opt/ros/humble /usr/bin/cmake --build /home/leomorningrain/code/sdk_mark2_mcnm_ws/build/xpkg_demo -- -j32 -l32
[1.698s] Invoking command in '/home/leomorningrain/code/sdk_mark2_mcnm_ws/build/xpkg_demo': CMAKE_PREFIX_PATH=/opt/ros/humble /usr/bin/cmake --install /home/leomorningrain/code/sdk_mark2_mcnm_ws/build/xpkg_demo
[1.709s] -- Install configuration: ""
[1.709s] -- Up-to-date: /home/leomorningrain/code/sdk_mark2_mcnm_ws/install/xpkg_demo/share/ament_index/resource_index/package_run_dependencies/xpkg_demo
[1.710s] -- Up-to-date: /home/leomorningrain/code/sdk_mark2_mcnm_ws/install/xpkg_demo/share/ament_index/resource_index/parent_prefix_path/xpkg_demo
[1.710s] -- Installing: /home/leomorningrain/code/sdk_mark2_mcnm_ws/install/xpkg_demo/share/xpkg_demo/environment/ament_prefix_path.sh
[1.711s] -- Installing: /home/leomorningrain/code/sdk_mark2_mcnm_ws/install/xpkg_demo/share/xpkg_demo/environment/ament_prefix_path.dsv
[1.711s] -- Installing: /home/leomorningrain/code/sdk_mark2_mcnm_ws/install/xpkg_demo/share/xpkg_demo/environment/path.sh
[1.712s] -- Installing: /home/leomorningrain/code/sdk_mark2_mcnm_ws/install/xpkg_demo/share/xpkg_demo/environment/path.dsv
[1.712s] -- Up-to-date: /home/leomorningrain/code/sdk_mark2_mcnm_ws/install/xpkg_demo/share/xpkg_demo/local_setup.bash
[1.712s] -- Up-to-date: /home/leomorningrain/code/sdk_mark2_mcnm_ws/install/xpkg_demo/share/xpkg_demo/local_setup.sh
[1.712s] -- Up-to-date: /home/leomorningrain/code/sdk_mark2_mcnm_ws/install/xpkg_demo/share/xpkg_demo/local_setup.zsh
[1.712s] -- Installing: /home/leomorningrain/code/sdk_mark2_mcnm_ws/install/xpkg_demo/share/xpkg_demo/local_setup.dsv
[1.712s] -- Installing: /home/leomorningrain/code/sdk_mark2_mcnm_ws/install/xpkg_demo/share/xpkg_demo/package.dsv
[1.712s] -- Up-to-date: /home/leomorningrain/code/sdk_mark2_mcnm_ws/install/xpkg_demo/share/ament_index/resource_index/packages/xpkg_demo
[1.712s] -- Up-to-date: /home/leomorningrain/code/sdk_mark2_mcnm_ws/install/xpkg_demo/share/xpkg_demo/cmake/xpkg_demoConfig.cmake
[1.713s] -- Up-to-date: /home/leomorningrain/code/sdk_mark2_mcnm_ws/install/xpkg_demo/share/xpkg_demo/cmake/xpkg_demoConfig-version.cmake
[1.713s] -- Up-to-date: /home/leomorningrain/code/sdk_mark2_mcnm_ws/install/xpkg_demo/share/xpkg_demo/package.xml
[1.713s] -- Up-to-date: /home/leomorningrain/code/sdk_mark2_mcnm_ws/install/xpkg_demo/share/xpkg_demo/demo_vehicle/ROS2
[1.713s] -- Up-to-date: /home/leomorningrain/code/sdk_mark2_mcnm_ws/install/xpkg_demo/share/xpkg_demo/demo_vehicle/ROS2/config
[1.713s] -- Up-to-date: /home/leomorningrain/code/sdk_mark2_mcnm_ws/install/xpkg_demo/share/xpkg_demo/demo_vehicle/ROS2/config/rviz_vehicle.rviz
[1.713s] -- Installing: /home/leomorningrain/code/sdk_mark2_mcnm_ws/install/xpkg_demo/share/xpkg_demo/demo_vehicle/ROS2/config/joystick.yaml
[1.713s] -- Up-to-date: /home/leomorningrain/code/sdk_mark2_mcnm_ws/install/xpkg_demo/share/xpkg_demo/demo_vehicle/ROS2/launch
[1.713s] -- Up-to-date: /home/leomorningrain/code/sdk_mark2_mcnm_ws/install/xpkg_demo/share/xpkg_demo/demo_vehicle/ROS2/launch/vehicle_ctrl_map.png
[1.714s] -- Up-to-date: /home/leomorningrain/code/sdk_mark2_mcnm_ws/install/xpkg_demo/share/xpkg_demo/demo_vehicle/ROS2/launch/bringup_basic_ctrl.launch.xml
[1.715s] -- Up-to-date: /home/leomorningrain/code/sdk_mark2_mcnm_ws/install/xpkg_demo/share/xpkg_demo/demo_vehicle/ROS2/launch/joystick.launch.py
[1.715s] -- Up-to-date: /home/leomorningrain/code/sdk_mark2_mcnm_ws/install/xpkg_demo/share/xpkg_demo/demo_vehicle/ROS2/launch/bringup_basic_ctrl.launch.py
[1.716s] -- Up-to-date: /home/leomorningrain/code/sdk_mark2_mcnm_ws/install/xpkg_demo/share/xpkg_demo/demo_vehicle/ROS2/launch/__pycache__
[1.716s] -- Installing: /home/leomorningrain/code/sdk_mark2_mcnm_ws/install/xpkg_demo/share/xpkg_demo/demo_vehicle/ROS2/launch/__pycache__/joystick.launch.cpython-310.pyc
[1.718s] Invoked command in '/home/leomorningrain/code/sdk_mark2_mcnm_ws/build/xpkg_demo' returned '0': CMAKE_PREFIX_PATH=/opt/ros/humble /usr/bin/cmake --install /home/leomorningrain/code/sdk_mark2_mcnm_ws/build/xpkg_demo
