-- The C compiler identification is GNU 11.4.0
-- The CXX compiler identification is GNU 11.4.0
-- Detecting C compiler ABI info
-- Detecting C compiler ABI info - done
-- Check for working C compiler: /usr/bin/cc - skipped
-- Detecting C compile features
-- Detecting C compile features - done
-- Detecting CXX compiler ABI info
-- Detecting CXX compiler ABI info - done
-- Check for working CXX compiler: /usr/bin/c++ - skipped
-- Detecting CXX compile features
-- Detecting CXX compile features - done
-- Your ROS version is ROS2
-- Found ament_cmake: 1.3.8 (/opt/ros/humble/share/ament_cmake/cmake)
-- Found Python3: /usr/bin/python3 (found version "3.10.12") found components: Interpreter 
-- Found rclcpp: 16.0.8 (/opt/ros/humble/share/rclcpp/cmake)
-- Found rosidl_generator_c: 3.1.5 (/opt/ros/humble/share/rosidl_generator_c/cmake)
-- Found rosidl_adapter: 3.1.5 (/opt/ros/humble/share/rosidl_adapter/cmake)
-- Found rosidl_generator_cpp: 3.1.5 (/opt/ros/humble/share/rosidl_generator_cpp/cmake)
-- Using all available rosidl_typesupport_c: rosidl_typesupport_fastrtps_c;rosidl_typesupport_introspection_c
-- Using all available rosidl_typesupport_cpp: rosidl_typesupport_fastrtps_cpp;rosidl_typesupport_introspection_cpp
-- Found rmw_implementation_cmake: 6.1.1 (/opt/ros/humble/share/rmw_implementation_cmake/cmake)
-- Found rmw_fastrtps_cpp: 6.2.6 (/opt/ros/humble/share/rmw_fastrtps_cpp/cmake)
-- Found OpenSSL: /usr/lib/x86_64-linux-gnu/libcrypto.so (found version "3.0.2")  
-- Found FastRTPS: /opt/ros/humble/include  
-- Using RMW implementation 'rmw_fastrtps_cpp' as default
-- Looking for pthread.h
-- Looking for pthread.h - found
-- Performing Test CMAKE_HAVE_LIBC_PTHREAD
-- Performing Test CMAKE_HAVE_LIBC_PTHREAD - Success
-- Found Threads: TRUE  
-- Found xpkg_msgs: 0.1.0 (/home/leomorningrain/code/ros2-mecanum-bot/install/xpkg_msgs/share/xpkg_msgs/cmake)
-- Found ament_lint_auto: 0.12.10 (/opt/ros/humble/share/ament_lint_auto/cmake)
-- Added test 'copyright' to check source files copyright and LICENSE
-- Added test 'cppcheck' to perform static code analysis on C / C++ code
-- Configured cppcheck include dirs: /home/leomorningrain/code/ros2-mecanum-bot/src/ros2-mecanum-bot/base/xpkg_comm/../..;/home/leomorningrain/code/ros2-mecanum-bot/src/ros2-mecanum-bot/base/xpkg_comm/..;/home/leomorningrain/code/ros2-mecanum-bot/src/ros2-mecanum-bot/base/xpkg_comm/.;/home/leomorningrain/code/ros2-mecanum-bot/src/ros2-mecanum-bot/base/xpkg_comm/include;/home/leomorningrain/code/ros2-mecanum-bot/src/ros2-mecanum-bot/base/xpkg_comm/include/LIB_JSON;/home/leomorningrain/code/ros2-mecanum-bot/src/ros2-mecanum-bot/base/xpkg_comm/include/ROS_INF;/home/leomorningrain/code/ros2-mecanum-bot/src/ros2-mecanum-bot/base/xpkg_comm/include/COMM_INF;/home/leomorningrain/code/ros2-mecanum-bot/src/ros2-mecanum-bot/base/xpkg_comm/include/FUNC
-- Configured cppcheck exclude dirs and/or files: 
-- Added test 'cpplint' to check C / C++ code against the Google style
-- Configured cpplint exclude dirs and/or files: 
-- Added test 'flake8' to check Python code syntax and style conventions
-- Added test 'lint_cmake' to check CMake code style
-- Added test 'pep257' to check Python code against some of the docstring style conventions in PEP 257
-- Added test 'uncrustify' to check C / C++ code style
-- Configured uncrustify additional arguments: 
-- Added test 'xmllint' to check XML markup files
-- Configuring done
-- Generating done
-- Build files have been written to: /home/leomorningrain/code/ros2-mecanum-bot/build/xpkg_comm
[ 16%] [32mBuilding CXX object CMakeFiles/xnode_comm.dir/src/ROS_INF/ros2_interface.cpp.o[0m
[ 50%] [32mBuilding CXX object CMakeFiles/xnode_comm.dir/src/COMM_INF/comm_inf_com.cpp.o[0m
[ 50%] [32mBuilding CXX object CMakeFiles/xnode_comm.dir/src/xnode_comm.cpp.o[0m
[ 66%] [32mBuilding CXX object CMakeFiles/xnode_comm.dir/src/FUNC/comm_func.cpp.o[0m
[ 83%] [32mBuilding CXX object CMakeFiles/xnode_comm.dir/src/COMM_INF/comm_inf_tcp.cpp.o[0m
[01m[K/home/leomorningrain/code/ros2-mecanum-bot/src/ros2-mecanum-bot/base/xpkg_comm/src/COMM_INF/comm_inf_com.cpp:[m[K In member function ‘[01m[Kstd::vector<unsigned char> CommINFCOM::COMDataRecv()[m[K’:
[01m[K/home/leomorningrain/code/ros2-mecanum-bot/src/ros2-mecanum-bot/base/xpkg_comm/src/COMM_INF/comm_inf_com.cpp:254:20:[m[K [01;35m[Kwarning: [m[Kvariable ‘[01m[Ktime[m[K’ set but not used [[01;35m[K]8;;https://gcc.gnu.org/onlinedocs/gcc/Warning-Options.html#index-Wunused-but-set-variable-Wunused-but-set-variable]8;;[m[K]
  254 |     struct timeval [01;35m[Ktime[m[K;
      |                    [01;35m[K^~~~[m[K
[100%] [32m[1mLinking CXX executable xnode_comm[0m
[100%] Built target xnode_comm
-- Install configuration: ""
-- Installing: /home/leomorningrain/code/ros2-mecanum-bot/install/xpkg_comm/share/ament_index/resource_index/package_run_dependencies/xpkg_comm
-- Installing: /home/leomorningrain/code/ros2-mecanum-bot/install/xpkg_comm/share/ament_index/resource_index/parent_prefix_path/xpkg_comm
-- Installing: /home/leomorningrain/code/ros2-mecanum-bot/install/xpkg_comm/share/xpkg_comm/environment/ament_prefix_path.sh
-- Installing: /home/leomorningrain/code/ros2-mecanum-bot/install/xpkg_comm/share/xpkg_comm/environment/ament_prefix_path.dsv
-- Installing: /home/leomorningrain/code/ros2-mecanum-bot/install/xpkg_comm/share/xpkg_comm/environment/path.sh
-- Installing: /home/leomorningrain/code/ros2-mecanum-bot/install/xpkg_comm/share/xpkg_comm/environment/path.dsv
-- Installing: /home/leomorningrain/code/ros2-mecanum-bot/install/xpkg_comm/share/xpkg_comm/local_setup.bash
-- Installing: /home/leomorningrain/code/ros2-mecanum-bot/install/xpkg_comm/share/xpkg_comm/local_setup.sh
-- Installing: /home/leomorningrain/code/ros2-mecanum-bot/install/xpkg_comm/share/xpkg_comm/local_setup.zsh
-- Installing: /home/leomorningrain/code/ros2-mecanum-bot/install/xpkg_comm/share/xpkg_comm/local_setup.dsv
-- Installing: /home/leomorningrain/code/ros2-mecanum-bot/install/xpkg_comm/share/xpkg_comm/package.dsv
-- Installing: /home/leomorningrain/code/ros2-mecanum-bot/install/xpkg_comm/share/ament_index/resource_index/packages/xpkg_comm
-- Installing: /home/leomorningrain/code/ros2-mecanum-bot/install/xpkg_comm/share/xpkg_comm/cmake/xpkg_commConfig.cmake
-- Installing: /home/leomorningrain/code/ros2-mecanum-bot/install/xpkg_comm/share/xpkg_comm/cmake/xpkg_commConfig-version.cmake
-- Installing: /home/leomorningrain/code/ros2-mecanum-bot/install/xpkg_comm/share/xpkg_comm/package.xml
-- Installing: /home/leomorningrain/code/ros2-mecanum-bot/install/xpkg_comm/lib/xpkg_comm/xnode_comm
-- Set runtime path of "/home/leomorningrain/code/ros2-mecanum-bot/install/xpkg_comm/lib/xpkg_comm/xnode_comm" to ""
-- Installing: /home/leomorningrain/code/ros2-mecanum-bot/install/xpkg_comm/share/xpkg_comm/launch
-- Installing: /home/leomorningrain/code/ros2-mecanum-bot/install/xpkg_comm/share/xpkg_comm/launch/ROS2
-- Installing: /home/leomorningrain/code/ros2-mecanum-bot/install/xpkg_comm/share/xpkg_comm/launch/ROS2/xnode_comm_test.launch.py
-- Installing: /home/leomorningrain/code/ros2-mecanum-bot/install/xpkg_comm/share/xpkg_comm/launch/ROS2/xnode_comm_test.launch.xml
-- Installing: /home/leomorningrain/code/ros2-mecanum-bot/install/xpkg_comm/share/xpkg_comm/launch/ROS1
-- Installing: /home/leomorningrain/code/ros2-mecanum-bot/install/xpkg_comm/share/xpkg_comm/launch/ROS1/xnode_comm_test.launch
-- Installing: /home/leomorningrain/code/ros2-mecanum-bot/install/xpkg_comm/share/xpkg_comm/scripts
-- Installing: /home/leomorningrain/code/ros2-mecanum-bot/install/xpkg_comm/share/xpkg_comm/scripts/script_init.py
-- Installing: /home/leomorningrain/code/ros2-mecanum-bot/install/xpkg_comm/share/xpkg_comm/scripts/CAN_COM_HUB.rules
