[35m[1mConsolidate compiler generated dependencies of target demo01_action_server[0m
[35m[1mConsolidate compiler generated dependencies of target demo02_action_client[0m
[ 50%] Built target demo02_action_client
[ 75%] [32mBuilding CXX object CMakeFiles/demo01_action_server.dir/src/demo01_action_server.cpp.o[0m
[01m[K/home/leomorningrain/code/ws01_plumbing/src/cpp03_action/src/demo01_action_server.cpp:[m[K In member function ‘[01m[Krclcpp_action::GoalResponse ProgressActionServer::handle_goal(const GoalUUID&, std::shared_ptr<const base_interfaces_demo::action::Progress_Goal_<std::allocator<void> > >)[m[K’:
[01m[K/home/leomorningrain/code/ws01_plumbing/src/cpp03_action/src/demo01_action_server.cpp:38:74:[m[K [01;35m[Kwarning: [m[Kunused parameter ‘[01m[Kuuid[m[K’ [[01;35m[K]8;;https://gcc.gnu.org/onlinedocs/gcc/Warning-Options.html#index-Wunused-parameter-Wunused-parameter]8;;[m[K]
   38 | oal([01;35m[Kconst rclcpp_action::GoalUUID &uuid[m[K, std::shared_ptr<const Progress::Goal> goal)
      |     [01;35m[K~~~~~~~~~~~~~~~~~~~~~~~~~~~~~~~^~~~[m[K

[100%] [32m[1mLinking CXX executable demo01_action_server[0m
[100%] Built target demo01_action_server
-- Install configuration: ""
-- Installing: /home/leomorningrain/code/ws01_plumbing/install/cpp03_action/lib/cpp03_action/demo01_action_server
-- Set runtime path of "/home/leomorningrain/code/ws01_plumbing/install/cpp03_action/lib/cpp03_action/demo01_action_server" to ""
-- Installing: /home/leomorningrain/code/ws01_plumbing/install/cpp03_action/lib/cpp03_action/demo02_action_client
-- Set runtime path of "/home/leomorningrain/code/ws01_plumbing/install/cpp03_action/lib/cpp03_action/demo02_action_client" to ""
-- Installing: /home/leomorningrain/code/ws01_plumbing/install/cpp03_action/share/ament_index/resource_index/package_run_dependencies/cpp03_action
-- Installing: /home/leomorningrain/code/ws01_plumbing/install/cpp03_action/share/ament_index/resource_index/parent_prefix_path/cpp03_action
-- Installing: /home/leomorningrain/code/ws01_plumbing/install/cpp03_action/share/cpp03_action/environment/ament_prefix_path.sh
-- Installing: /home/leomorningrain/code/ws01_plumbing/install/cpp03_action/share/cpp03_action/environment/ament_prefix_path.dsv
-- Installing: /home/leomorningrain/code/ws01_plumbing/install/cpp03_action/share/cpp03_action/environment/path.sh
-- Installing: /home/leomorningrain/code/ws01_plumbing/install/cpp03_action/share/cpp03_action/environment/path.dsv
-- Installing: /home/leomorningrain/code/ws01_plumbing/install/cpp03_action/share/cpp03_action/local_setup.bash
-- Installing: /home/leomorningrain/code/ws01_plumbing/install/cpp03_action/share/cpp03_action/local_setup.sh
-- Installing: /home/leomorningrain/code/ws01_plumbing/install/cpp03_action/share/cpp03_action/local_setup.zsh
-- Installing: /home/leomorningrain/code/ws01_plumbing/install/cpp03_action/share/cpp03_action/local_setup.dsv
-- Installing: /home/leomorningrain/code/ws01_plumbing/install/cpp03_action/share/cpp03_action/package.dsv
-- Installing: /home/leomorningrain/code/ws01_plumbing/install/cpp03_action/share/ament_index/resource_index/packages/cpp03_action
-- Installing: /home/leomorningrain/code/ws01_plumbing/install/cpp03_action/share/cpp03_action/cmake/cpp03_actionConfig.cmake
-- Installing: /home/leomorningrain/code/ws01_plumbing/install/cpp03_action/share/cpp03_action/cmake/cpp03_actionConfig-version.cmake
-- Installing: /home/leomorningrain/code/ws01_plumbing/install/cpp03_action/share/cpp03_action/package.xml
