[0.058s] DEBUG:colcon:Command line arguments: ['/usr/bin/colcon', 'build']
[0.058s] DEBUG:colcon:Parsed command line arguments: Namespace(log_base=None, log_level=None, verb_name='build', build_base='build', install_base='install', merge_install=False, symlink_install=False, test_result_base=None, continue_on_error=False, executor='sequential', event_handlers=None, base_paths=['.'], paths=None, cmake_args=None, cmake_target=None, cmake_target_skip_unavailable=False, cmake_clean_cache=False, cmake_clean_first=False, cmake_force_configure=False, ament_cmake_args=None, catkin_cmake_args=None, catkin_skip_building_tests=False, verb_parser=CustomArgumentParser(prog='colcon build', usage=None, description='Build a set of packages.', formatter_class=<class 'colcon_core.command.CustomFormatter'>, conflict_handler='error', add_help=True), verb_extension=<colcon_core.verb.build.BuildVerb object at 0x7ff2e6e1c460>, main=<bound method BuildVerb.main of <colcon_core.verb.build.BuildVerb object at 0x7ff2e6e1c460>>)
[0.132s] Level 1:colcon.colcon_core.package_discovery:discover_packages(recursive) check parameters
[0.132s] Level 1:colcon.colcon_core.package_discovery:discover_packages(path) check parameters
[0.132s] Level 1:colcon.colcon_core.package_discovery:discover_packages(recursive) discover
[0.132s] INFO:colcon.colcon_core.package_discovery:Crawling recursively for packages in '/home/leomorningrain/code/town_ws'
[0.132s] Level 1:colcon.colcon_core.package_identification:_identify(.) by extensions ['ignore', 'ignore_ament_install']
[0.132s] Level 1:colcon.colcon_core.package_identification:_identify(.) by extension 'ignore'
[0.132s] Level 1:colcon.colcon_core.package_identification:_identify(.) by extension 'ignore_ament_install'
[0.132s] Level 1:colcon.colcon_core.package_identification:_identify(.) by extensions ['ros']
[0.132s] Level 1:colcon.colcon_core.package_identification:_identify(.) by extension 'ros'
[0.138s] Level 1:colcon.colcon_core.package_identification:_identify(.) by extensions ['cmake', 'python']
[0.138s] Level 1:colcon.colcon_core.package_identification:_identify(.) by extension 'cmake'
[0.138s] Level 1:colcon.colcon_core.package_identification:_identify(.) by extension 'python'
[0.138s] Level 1:colcon.colcon_core.package_identification:_identify(.) by extensions ['python_setup_py']
[0.138s] Level 1:colcon.colcon_core.package_identification:_identify(.) by extension 'python_setup_py'
[0.138s] Level 1:colcon.colcon_core.package_identification:_identify(build) by extensions ['ignore', 'ignore_ament_install']
[0.138s] Level 1:colcon.colcon_core.package_identification:_identify(build) by extension 'ignore'
[0.138s] Level 1:colcon.colcon_core.package_identification:_identify(build) ignored
[0.138s] Level 1:colcon.colcon_core.package_identification:_identify(install) by extensions ['ignore', 'ignore_ament_install']
[0.138s] Level 1:colcon.colcon_core.package_identification:_identify(install) by extension 'ignore'
[0.138s] Level 1:colcon.colcon_core.package_identification:_identify(install) ignored
[0.138s] Level 1:colcon.colcon_core.package_identification:_identify(log) by extensions ['ignore', 'ignore_ament_install']
[0.138s] Level 1:colcon.colcon_core.package_identification:_identify(log) by extension 'ignore'
[0.138s] Level 1:colcon.colcon_core.package_identification:_identify(log) ignored
[0.138s] Level 1:colcon.colcon_core.package_identification:_identify(src) by extensions ['ignore', 'ignore_ament_install']
[0.138s] Level 1:colcon.colcon_core.package_identification:_identify(src) by extension 'ignore'
[0.139s] Level 1:colcon.colcon_core.package_identification:_identify(src) by extension 'ignore_ament_install'
[0.139s] Level 1:colcon.colcon_core.package_identification:_identify(src) by extensions ['ros']
[0.139s] Level 1:colcon.colcon_core.package_identification:_identify(src) by extension 'ros'
[0.139s] Level 1:colcon.colcon_core.package_identification:_identify(src) by extensions ['cmake', 'python']
[0.139s] Level 1:colcon.colcon_core.package_identification:_identify(src) by extension 'cmake'
[0.139s] Level 1:colcon.colcon_core.package_identification:_identify(src) by extension 'python'
[0.139s] Level 1:colcon.colcon_core.package_identification:_identify(src) by extensions ['python_setup_py']
[0.139s] Level 1:colcon.colcon_core.package_identification:_identify(src) by extension 'python_setup_py'
[0.139s] Level 1:colcon.colcon_core.package_identification:_identify(src/village_li) by extensions ['ignore', 'ignore_ament_install']
[0.139s] Level 1:colcon.colcon_core.package_identification:_identify(src/village_li) by extension 'ignore'
[0.139s] Level 1:colcon.colcon_core.package_identification:_identify(src/village_li) by extension 'ignore_ament_install'
[0.139s] Level 1:colcon.colcon_core.package_identification:_identify(src/village_li) by extensions ['ros']
[0.139s] Level 1:colcon.colcon_core.package_identification:_identify(src/village_li) by extension 'ros'
[0.140s] DEBUG:colcon.colcon_core.package_identification:Package 'src/village_li' with type 'ros.ament_python' and name 'village_li'
[0.140s] Level 1:colcon.colcon_core.package_discovery:discover_packages(recursive) using defaults
[0.140s] Level 1:colcon.colcon_core.package_discovery:discover_packages(path) discover
[0.140s] Level 1:colcon.colcon_core.package_discovery:discover_packages(path) using defaults
[0.173s] Level 5:colcon.colcon_core.verb:set package 'village_li' build argument 'cmake_args' from command line to 'None'
[0.173s] Level 5:colcon.colcon_core.verb:set package 'village_li' build argument 'cmake_target' from command line to 'None'
[0.173s] Level 5:colcon.colcon_core.verb:set package 'village_li' build argument 'cmake_target_skip_unavailable' from command line to 'False'
[0.173s] Level 5:colcon.colcon_core.verb:set package 'village_li' build argument 'cmake_clean_cache' from command line to 'False'
[0.173s] Level 5:colcon.colcon_core.verb:set package 'village_li' build argument 'cmake_clean_first' from command line to 'False'
[0.173s] Level 5:colcon.colcon_core.verb:set package 'village_li' build argument 'cmake_force_configure' from command line to 'False'
[0.173s] Level 5:colcon.colcon_core.verb:set package 'village_li' build argument 'ament_cmake_args' from command line to 'None'
[0.173s] Level 5:colcon.colcon_core.verb:set package 'village_li' build argument 'catkin_cmake_args' from command line to 'None'
[0.173s] Level 5:colcon.colcon_core.verb:set package 'village_li' build argument 'catkin_skip_building_tests' from command line to 'False'
[0.173s] DEBUG:colcon.colcon_core.verb:Building package 'village_li' with the following arguments: {'ament_cmake_args': None, 'build_base': '/home/leomorningrain/code/town_ws/build/village_li', 'catkin_cmake_args': None, 'catkin_skip_building_tests': False, 'cmake_args': None, 'cmake_clean_cache': False, 'cmake_clean_first': False, 'cmake_force_configure': False, 'cmake_target': None, 'cmake_target_skip_unavailable': False, 'install_base': '/home/leomorningrain/code/town_ws/install/village_li', 'merge_install': False, 'path': '/home/leomorningrain/code/town_ws/src/village_li', 'symlink_install': False, 'test_result_base': None}
[0.178s] INFO:colcon.colcon_core.executor:Executing jobs using 'sequential' executor
[0.183s] DEBUG:colcon.colcon_core.executor.sequential:run_until_complete 'village_li'
[0.183s] INFO:colcon.colcon_ros.task.ament_python.build:Building ROS package in '/home/leomorningrain/code/town_ws/src/village_li' with build type 'ament_python'
[0.183s] Level 1:colcon.colcon_core.shell:create_environment_hook('village_li', 'ament_prefix_path')
[0.188s] INFO:colcon.colcon_core.plugin_system:Skipping extension 'colcon_core.shell.bat': Not used on non-Windows systems
[0.188s] INFO:colcon.colcon_core.shell:Creating environment descriptor '/home/leomorningrain/code/town_ws/install/village_li/share/village_li/hook/ament_prefix_path.dsv'
[0.188s] INFO:colcon.colcon_core.shell:Creating environment hook '/home/leomorningrain/code/town_ws/install/village_li/share/village_li/hook/ament_prefix_path.sh'
[0.194s] DEBUG:colcon.colcon_core.shell:Skip shell extension 'dsv' for command environment
[0.313s] INFO:colcon.colcon_core.task.python.build:Building Python package in '/home/leomorningrain/code/town_ws/src/village_li'
[0.318s] DEBUG:colcon.colcon_core.shell:Skip shell extension 'dsv' for command environment
[0.466s] DEBUG:colcon.colcon_core.event_handler.log_command:Invoking command in '/home/leomorningrain/code/town_ws/src/village_li': PYTHONPATH=/home/leomorningrain/code/town_ws/build/village_li/prefix_override:/home/leomorningrain/code/town_ws/install/village_li/lib/python3.10/site-packages:${PYTHONPATH} /usr/bin/python3 setup.py egg_info --egg-base ../../build/village_li build --build-base /home/leomorningrain/code/town_ws/build/village_li/build install --record /home/leomorningrain/code/town_ws/build/village_li/install.log --single-version-externally-managed
[0.594s] DEBUG:colcon.colcon_core.event_handler.log_command:Invoked command in '/home/leomorningrain/code/town_ws/src/village_li' returned '0': PYTHONPATH=/home/leomorningrain/code/town_ws/build/village_li/prefix_override:/home/leomorningrain/code/town_ws/install/village_li/lib/python3.10/site-packages:${PYTHONPATH} /usr/bin/python3 setup.py egg_info --egg-base ../../build/village_li build --build-base /home/leomorningrain/code/town_ws/build/village_li/build install --record /home/leomorningrain/code/town_ws/build/village_li/install.log --single-version-externally-managed
[0.600s] Level 1:colcon.colcon_core.environment:checking '/home/leomorningrain/code/town_ws/install/village_li' for CMake module files
[0.601s] Level 1:colcon.colcon_core.environment:checking '/home/leomorningrain/code/town_ws/install/village_li' for CMake config files
[0.601s] Level 1:colcon.colcon_core.environment:checking '/home/leomorningrain/code/town_ws/install/village_li/lib'
[0.601s] Level 1:colcon.colcon_core.environment:checking '/home/leomorningrain/code/town_ws/install/village_li/bin'
[0.601s] Level 1:colcon.colcon_core.environment:checking '/home/leomorningrain/code/town_ws/install/village_li/lib/pkgconfig/village_li.pc'
[0.601s] Level 1:colcon.colcon_core.environment:checking '/home/leomorningrain/code/town_ws/install/village_li/lib/python3.10/site-packages'
[0.601s] Level 1:colcon.colcon_core.shell:create_environment_hook('village_li', 'pythonpath')
[0.606s] INFO:colcon.colcon_core.shell:Creating environment descriptor '/home/leomorningrain/code/town_ws/install/village_li/share/village_li/hook/pythonpath.dsv'
[0.607s] INFO:colcon.colcon_core.shell:Creating environment hook '/home/leomorningrain/code/town_ws/install/village_li/share/village_li/hook/pythonpath.sh'
[0.607s] Level 1:colcon.colcon_core.environment:checking '/home/leomorningrain/code/town_ws/install/village_li/bin'
[0.607s] Level 1:colcon.colcon_core.environment:create_environment_scripts_only(village_li)
[0.612s] INFO:colcon.colcon_core.shell:Creating package descriptor '/home/leomorningrain/code/town_ws/install/village_li/share/village_li/package.dsv'
[0.613s] INFO:colcon.colcon_core.shell:Creating package script '/home/leomorningrain/code/town_ws/install/village_li/share/village_li/package.sh'
[0.613s] Level 1:colcon.colcon_core.environment:create_file_with_runtime_dependencies(/home/leomorningrain/code/town_ws/install/village_li/share/colcon-core/packages/village_li)
[0.613s] DEBUG:colcon.colcon_core.executor.sequential:run_until_complete 'village_li' finished with '0'
[0.613s] DEBUG:colcon.colcon_core.executor.sequential:closing loop
[0.614s] DEBUG:colcon.colcon_core.executor.sequential:loop closed
[0.614s] DEBUG:colcon.colcon_core.event_reactor:joining thread
[0.614s] DEBUG:colcon.colcon_core.event_reactor:joined thread
[0.619s] INFO:colcon.colcon_core.shell:Creating prefix script '/home/leomorningrain/code/town_ws/install/local_setup.sh'
[0.619s] INFO:colcon.colcon_core.shell:Creating prefix util module '/home/leomorningrain/code/town_ws/install/_local_setup_util_sh.py'
[0.620s] INFO:colcon.colcon_core.shell:Creating prefix chain script '/home/leomorningrain/code/town_ws/install/setup.sh'
