[0.043s] DEBUG:colcon:Command line arguments: ['/usr/bin/colcon', 'build']
[0.043s] DEBUG:colcon:Parsed command line arguments: Namespace(log_base=None, log_level=None, verb_name='build', build_base='build', install_base='install', merge_install=False, symlink_install=False, test_result_base=None, continue_on_error=False, executor='parallel', parallel_workers=32, event_handlers=None, ignore_user_meta=False, metas=['./colcon.meta'], base_paths=['.'], packages_ignore=None, packages_ignore_regex=None, paths=None, packages_up_to=None, packages_up_to_regex=None, packages_above=None, packages_above_and_dependencies=None, packages_above_depth=None, packages_select_by_dep=None, packages_skip_by_dep=None, packages_skip_up_to=None, packages_select_build_failed=False, packages_skip_build_finished=False, packages_select_test_failures=False, packages_skip_test_passed=False, packages_select=None, packages_skip=None, packages_select_regex=None, packages_skip_regex=None, packages_start=None, packages_end=None, allow_overriding=[], cmake_args=None, cmake_target=None, cmake_target_skip_unavailable=False, cmake_clean_cache=False, cmake_clean_first=False, cmake_force_configure=False, ament_cmake_args=None, catkin_cmake_args=None, catkin_skip_building_tests=False, verb_parser=<colcon_defaults.argument_parser.defaults.DefaultArgumentsDecorator object at 0x7cf74ed1c970>, verb_extension=<colcon_core.verb.build.BuildVerb object at 0x7cf74ee095d0>, main=<bound method BuildVerb.main of <colcon_core.verb.build.BuildVerb object at 0x7cf74ee095d0>>)
[0.109s] Level 1:colcon.colcon_core.package_discovery:discover_packages(colcon_meta) check parameters
[0.109s] Level 1:colcon.colcon_core.package_discovery:discover_packages(recursive) check parameters
[0.109s] Level 1:colcon.colcon_core.package_discovery:discover_packages(ignore) check parameters
[0.109s] Level 1:colcon.colcon_core.package_discovery:discover_packages(path) check parameters
[0.109s] Level 1:colcon.colcon_core.package_discovery:discover_packages(colcon_meta) discover
[0.109s] Level 1:colcon.colcon_core.package_discovery:discover_packages(recursive) discover
[0.109s] INFO:colcon.colcon_core.package_discovery:Crawling recursively for packages in '/home/leomorningrain/code/control_ws/src'
[0.109s] Level 1:colcon.colcon_core.package_identification:_identify(.) by extensions ['ignore', 'ignore_ament_install']
[0.109s] Level 1:colcon.colcon_core.package_identification:_identify(.) by extension 'ignore'
[0.109s] Level 1:colcon.colcon_core.package_identification:_identify(.) by extension 'ignore_ament_install'
[0.109s] Level 1:colcon.colcon_core.package_identification:_identify(.) by extensions ['colcon_pkg']
[0.110s] Level 1:colcon.colcon_core.package_identification:_identify(.) by extension 'colcon_pkg'
[0.110s] Level 1:colcon.colcon_core.package_identification:_identify(.) by extensions ['colcon_meta']
[0.110s] Level 1:colcon.colcon_core.package_identification:_identify(.) by extension 'colcon_meta'
[0.110s] Level 1:colcon.colcon_core.package_identification:_identify(.) by extensions ['ros']
[0.110s] Level 1:colcon.colcon_core.package_identification:_identify(.) by extension 'ros'
[0.115s] Level 1:colcon.colcon_core.package_identification:_identify(.) by extensions ['cmake', 'python']
[0.115s] Level 1:colcon.colcon_core.package_identification:_identify(.) by extension 'cmake'
[0.115s] Level 1:colcon.colcon_core.package_identification:_identify(.) by extension 'python'
[0.115s] Level 1:colcon.colcon_core.package_identification:_identify(.) by extensions ['python_setup_py']
[0.115s] Level 1:colcon.colcon_core.package_identification:_identify(.) by extension 'python_setup_py'
[0.115s] Level 1:colcon.colcon_core.package_identification:_identify(build) by extensions ['ignore', 'ignore_ament_install']
[0.115s] Level 1:colcon.colcon_core.package_identification:_identify(build) by extension 'ignore'
[0.115s] Level 1:colcon.colcon_core.package_identification:_identify(build) ignored
[0.115s] Level 1:colcon.colcon_core.package_identification:_identify(example_2) by extensions ['ignore', 'ignore_ament_install']
[0.115s] Level 1:colcon.colcon_core.package_identification:_identify(example_2) by extension 'ignore'
[0.115s] Level 1:colcon.colcon_core.package_identification:_identify(example_2) by extension 'ignore_ament_install'
[0.115s] Level 1:colcon.colcon_core.package_identification:_identify(example_2) by extensions ['colcon_pkg']
[0.115s] Level 1:colcon.colcon_core.package_identification:_identify(example_2) by extension 'colcon_pkg'
[0.115s] Level 1:colcon.colcon_core.package_identification:_identify(example_2) by extensions ['colcon_meta']
[0.115s] Level 1:colcon.colcon_core.package_identification:_identify(example_2) by extension 'colcon_meta'
[0.115s] Level 1:colcon.colcon_core.package_identification:_identify(example_2) by extensions ['ros']
[0.115s] Level 1:colcon.colcon_core.package_identification:_identify(example_2) by extension 'ros'
[0.116s] DEBUG:colcon.colcon_core.package_identification:Package 'example_2' with type 'ros.ament_cmake' and name 'ros2_control_demo_example_2'
[0.116s] Level 1:colcon.colcon_core.package_identification:_identify(install) by extensions ['ignore', 'ignore_ament_install']
[0.116s] Level 1:colcon.colcon_core.package_identification:_identify(install) by extension 'ignore'
[0.116s] Level 1:colcon.colcon_core.package_identification:_identify(install) ignored
[0.117s] Level 1:colcon.colcon_core.package_identification:_identify(log) by extensions ['ignore', 'ignore_ament_install']
[0.117s] Level 1:colcon.colcon_core.package_identification:_identify(log) by extension 'ignore'
[0.117s] Level 1:colcon.colcon_core.package_identification:_identify(log) ignored
[0.117s] Level 1:colcon.colcon_core.package_discovery:discover_packages(recursive) using defaults
[0.117s] Level 1:colcon.colcon_core.package_discovery:discover_packages(ignore) discover
[0.117s] Level 1:colcon.colcon_core.package_discovery:discover_packages(ignore) using defaults
[0.117s] Level 1:colcon.colcon_core.package_discovery:discover_packages(path) discover
[0.117s] Level 1:colcon.colcon_core.package_discovery:discover_packages(path) using defaults
[0.125s] Level 1:colcon.colcon_core.package_discovery:discover_packages(prefix_path) check parameters
[0.125s] Level 1:colcon.colcon_core.package_discovery:discover_packages(prefix_path) discover
[0.126s] WARNING:colcon.colcon_core.prefix_path.colcon:The path '/home/leomorningrain/code/control_ws/install' in the environment variable COLCON_PREFIX_PATH doesn't exist
[0.126s] WARNING:colcon.colcon_ros.prefix_path.ament:The path '/home/leomorningrain/code/control_ws/install/ros2_control_demo_example_2' in the environment variable AMENT_PREFIX_PATH doesn't exist
[0.126s] WARNING:colcon.colcon_ros.prefix_path.catkin:The path '/home/leomorningrain/code/control_ws/install/ros2_control_demo_example_2' in the environment variable CMAKE_PREFIX_PATH doesn't exist
[0.126s] DEBUG:colcon.colcon_installed_package_information.package_discovery:Found 341 installed packages in /opt/ros/humble
[0.131s] Level 1:colcon.colcon_core.package_discovery:discover_packages(prefix_path) using defaults
[0.148s] Level 5:colcon.colcon_core.verb:set package 'ros2_control_demo_example_2' build argument 'cmake_args' from command line to 'None'
[0.148s] Level 5:colcon.colcon_core.verb:set package 'ros2_control_demo_example_2' build argument 'cmake_target' from command line to 'None'
[0.148s] Level 5:colcon.colcon_core.verb:set package 'ros2_control_demo_example_2' build argument 'cmake_target_skip_unavailable' from command line to 'False'
[0.148s] Level 5:colcon.colcon_core.verb:set package 'ros2_control_demo_example_2' build argument 'cmake_clean_cache' from command line to 'False'
[0.148s] Level 5:colcon.colcon_core.verb:set package 'ros2_control_demo_example_2' build argument 'cmake_clean_first' from command line to 'False'
[0.148s] Level 5:colcon.colcon_core.verb:set package 'ros2_control_demo_example_2' build argument 'cmake_force_configure' from command line to 'False'
[0.148s] Level 5:colcon.colcon_core.verb:set package 'ros2_control_demo_example_2' build argument 'ament_cmake_args' from command line to 'None'
[0.148s] Level 5:colcon.colcon_core.verb:set package 'ros2_control_demo_example_2' build argument 'catkin_cmake_args' from command line to 'None'
[0.148s] Level 5:colcon.colcon_core.verb:set package 'ros2_control_demo_example_2' build argument 'catkin_skip_building_tests' from command line to 'False'
[0.148s] DEBUG:colcon.colcon_core.verb:Building package 'ros2_control_demo_example_2' with the following arguments: {'ament_cmake_args': None, 'build_base': '/home/leomorningrain/code/control_ws/src/build/ros2_control_demo_example_2', 'catkin_cmake_args': None, 'catkin_skip_building_tests': False, 'cmake_args': None, 'cmake_clean_cache': False, 'cmake_clean_first': False, 'cmake_force_configure': False, 'cmake_target': None, 'cmake_target_skip_unavailable': False, 'install_base': '/home/leomorningrain/code/control_ws/src/install/ros2_control_demo_example_2', 'merge_install': False, 'path': '/home/leomorningrain/code/control_ws/src/example_2', 'symlink_install': False, 'test_result_base': None}
[0.148s] INFO:colcon.colcon_core.executor:Executing jobs using 'parallel' executor
[0.149s] DEBUG:colcon.colcon_parallel_executor.executor.parallel:run_until_complete
[0.149s] INFO:colcon.colcon_ros.task.ament_cmake.build:Building ROS package in '/home/leomorningrain/code/control_ws/src/example_2' with build type 'ament_cmake'
[0.149s] INFO:colcon.colcon_cmake.task.cmake.build:Building CMake package in '/home/leomorningrain/code/control_ws/src/example_2'
[0.150s] INFO:colcon.colcon_core.plugin_system:Skipping extension 'colcon_core.shell.bat': Not used on non-Windows systems
[0.150s] INFO:colcon.colcon_core.shell:Skip shell extension 'powershell' for command environment: Not usable outside of PowerShell
[0.150s] DEBUG:colcon.colcon_core.shell:Skip shell extension 'dsv' for command environment
[0.153s] DEBUG:colcon.colcon_core.event_handler.log_command:Invoking command in '/home/leomorningrain/code/control_ws/src/build/ros2_control_demo_example_2': CMAKE_PREFIX_PATH=${CMAKE_PREFIX_PATH}:/opt/ros/humble /usr/bin/cmake /home/leomorningrain/code/control_ws/src/example_2 -DCMAKE_INSTALL_PREFIX=/home/leomorningrain/code/control_ws/src/install/ros2_control_demo_example_2
[1.345s] DEBUG:colcon.colcon_core.event_handler.log_command:Invoked command in '/home/leomorningrain/code/control_ws/src/build/ros2_control_demo_example_2' returned '0': CMAKE_PREFIX_PATH=${CMAKE_PREFIX_PATH}:/opt/ros/humble /usr/bin/cmake /home/leomorningrain/code/control_ws/src/example_2 -DCMAKE_INSTALL_PREFIX=/home/leomorningrain/code/control_ws/src/install/ros2_control_demo_example_2
[1.346s] DEBUG:colcon.colcon_core.event_handler.log_command:Invoking command in '/home/leomorningrain/code/control_ws/src/build/ros2_control_demo_example_2': CMAKE_PREFIX_PATH=${CMAKE_PREFIX_PATH}:/opt/ros/humble /usr/bin/cmake --build /home/leomorningrain/code/control_ws/src/build/ros2_control_demo_example_2 -- -j32 -l32
[2.890s] DEBUG:colcon.colcon_core.event_handler.log_command:Invoked command in '/home/leomorningrain/code/control_ws/src/build/ros2_control_demo_example_2' returned '0': CMAKE_PREFIX_PATH=${CMAKE_PREFIX_PATH}:/opt/ros/humble /usr/bin/cmake --build /home/leomorningrain/code/control_ws/src/build/ros2_control_demo_example_2 -- -j32 -l32
[2.919s] DEBUG:colcon.colcon_core.event_handler.log_command:Invoking command in '/home/leomorningrain/code/control_ws/src/build/ros2_control_demo_example_2': CMAKE_PREFIX_PATH=${CMAKE_PREFIX_PATH}:/opt/ros/humble /usr/bin/cmake --install /home/leomorningrain/code/control_ws/src/build/ros2_control_demo_example_2
[2.930s] Level 1:colcon.colcon_core.environment:create_environment_scripts_only(ros2_control_demo_example_2)
[2.930s] DEBUG:colcon.colcon_core.event_handler.log_command:Invoked command in '/home/leomorningrain/code/control_ws/src/build/ros2_control_demo_example_2' returned '0': CMAKE_PREFIX_PATH=${CMAKE_PREFIX_PATH}:/opt/ros/humble /usr/bin/cmake --install /home/leomorningrain/code/control_ws/src/build/ros2_control_demo_example_2
[2.931s] Level 1:colcon.colcon_core.environment:checking '/home/leomorningrain/code/control_ws/src/install/ros2_control_demo_example_2' for CMake module files
[2.931s] Level 1:colcon.colcon_core.environment:checking '/home/leomorningrain/code/control_ws/src/install/ros2_control_demo_example_2' for CMake config files
[2.931s] Level 1:colcon.colcon_core.shell:create_environment_hook('ros2_control_demo_example_2', 'cmake_prefix_path')
[2.932s] INFO:colcon.colcon_core.shell:Creating environment hook '/home/leomorningrain/code/control_ws/src/install/ros2_control_demo_example_2/share/ros2_control_demo_example_2/hook/cmake_prefix_path.ps1'
[2.932s] INFO:colcon.colcon_core.shell:Creating environment descriptor '/home/leomorningrain/code/control_ws/src/install/ros2_control_demo_example_2/share/ros2_control_demo_example_2/hook/cmake_prefix_path.dsv'
[2.932s] INFO:colcon.colcon_core.shell:Creating environment hook '/home/leomorningrain/code/control_ws/src/install/ros2_control_demo_example_2/share/ros2_control_demo_example_2/hook/cmake_prefix_path.sh'
[2.932s] Level 1:colcon.colcon_core.environment:checking '/home/leomorningrain/code/control_ws/src/install/ros2_control_demo_example_2/lib'
[2.933s] Level 1:colcon.colcon_core.shell:create_environment_hook('ros2_control_demo_example_2', 'ld_library_path_lib')
[2.933s] INFO:colcon.colcon_core.shell:Creating environment hook '/home/leomorningrain/code/control_ws/src/install/ros2_control_demo_example_2/share/ros2_control_demo_example_2/hook/ld_library_path_lib.ps1'
[2.933s] INFO:colcon.colcon_core.shell:Creating environment descriptor '/home/leomorningrain/code/control_ws/src/install/ros2_control_demo_example_2/share/ros2_control_demo_example_2/hook/ld_library_path_lib.dsv'
[2.933s] INFO:colcon.colcon_core.shell:Creating environment hook '/home/leomorningrain/code/control_ws/src/install/ros2_control_demo_example_2/share/ros2_control_demo_example_2/hook/ld_library_path_lib.sh'
[2.933s] Level 1:colcon.colcon_core.environment:checking '/home/leomorningrain/code/control_ws/src/install/ros2_control_demo_example_2/bin'
[2.933s] Level 1:colcon.colcon_core.environment:checking '/home/leomorningrain/code/control_ws/src/install/ros2_control_demo_example_2/lib/pkgconfig/ros2_control_demo_example_2.pc'
[2.933s] Level 1:colcon.colcon_core.environment:checking '/home/leomorningrain/code/control_ws/src/install/ros2_control_demo_example_2/lib/python3.10/site-packages'
[2.934s] Level 1:colcon.colcon_core.environment:checking '/home/leomorningrain/code/control_ws/src/install/ros2_control_demo_example_2/bin'
[2.934s] INFO:colcon.colcon_core.shell:Creating package script '/home/leomorningrain/code/control_ws/src/install/ros2_control_demo_example_2/share/ros2_control_demo_example_2/package.ps1'
[2.934s] INFO:colcon.colcon_core.shell:Creating package descriptor '/home/leomorningrain/code/control_ws/src/install/ros2_control_demo_example_2/share/ros2_control_demo_example_2/package.dsv'
[2.935s] INFO:colcon.colcon_core.shell:Creating package script '/home/leomorningrain/code/control_ws/src/install/ros2_control_demo_example_2/share/ros2_control_demo_example_2/package.sh'
[2.935s] INFO:colcon.colcon_core.shell:Creating package script '/home/leomorningrain/code/control_ws/src/install/ros2_control_demo_example_2/share/ros2_control_demo_example_2/package.bash'
[2.936s] INFO:colcon.colcon_core.shell:Creating package script '/home/leomorningrain/code/control_ws/src/install/ros2_control_demo_example_2/share/ros2_control_demo_example_2/package.zsh'
[2.936s] Level 1:colcon.colcon_core.environment:create_file_with_runtime_dependencies(/home/leomorningrain/code/control_ws/src/install/ros2_control_demo_example_2/share/colcon-core/packages/ros2_control_demo_example_2)
[2.961s] Level 1:colcon.colcon_core.environment:create_environment_scripts_only(ros2_control_demo_example_2)
[2.962s] Level 1:colcon.colcon_core.environment:checking '/home/leomorningrain/code/control_ws/src/install/ros2_control_demo_example_2' for CMake module files
[2.962s] Level 1:colcon.colcon_core.environment:checking '/home/leomorningrain/code/control_ws/src/install/ros2_control_demo_example_2' for CMake config files
[2.962s] Level 1:colcon.colcon_core.shell:create_environment_hook('ros2_control_demo_example_2', 'cmake_prefix_path')
[2.963s] INFO:colcon.colcon_core.shell:Creating environment hook '/home/leomorningrain/code/control_ws/src/install/ros2_control_demo_example_2/share/ros2_control_demo_example_2/hook/cmake_prefix_path.ps1'
[2.963s] INFO:colcon.colcon_core.shell:Creating environment descriptor '/home/leomorningrain/code/control_ws/src/install/ros2_control_demo_example_2/share/ros2_control_demo_example_2/hook/cmake_prefix_path.dsv'
[2.963s] INFO:colcon.colcon_core.shell:Creating environment hook '/home/leomorningrain/code/control_ws/src/install/ros2_control_demo_example_2/share/ros2_control_demo_example_2/hook/cmake_prefix_path.sh'
[2.963s] Level 1:colcon.colcon_core.environment:checking '/home/leomorningrain/code/control_ws/src/install/ros2_control_demo_example_2/lib'
[2.964s] Level 1:colcon.colcon_core.shell:create_environment_hook('ros2_control_demo_example_2', 'ld_library_path_lib')
[2.964s] INFO:colcon.colcon_core.shell:Creating environment hook '/home/leomorningrain/code/control_ws/src/install/ros2_control_demo_example_2/share/ros2_control_demo_example_2/hook/ld_library_path_lib.ps1'
[2.964s] INFO:colcon.colcon_core.shell:Creating environment descriptor '/home/leomorningrain/code/control_ws/src/install/ros2_control_demo_example_2/share/ros2_control_demo_example_2/hook/ld_library_path_lib.dsv'
[2.964s] INFO:colcon.colcon_core.shell:Creating environment hook '/home/leomorningrain/code/control_ws/src/install/ros2_control_demo_example_2/share/ros2_control_demo_example_2/hook/ld_library_path_lib.sh'
[2.965s] Level 1:colcon.colcon_core.environment:checking '/home/leomorningrain/code/control_ws/src/install/ros2_control_demo_example_2/bin'
[2.965s] Level 1:colcon.colcon_core.environment:checking '/home/leomorningrain/code/control_ws/src/install/ros2_control_demo_example_2/lib/pkgconfig/ros2_control_demo_example_2.pc'
[2.965s] Level 1:colcon.colcon_core.environment:checking '/home/leomorningrain/code/control_ws/src/install/ros2_control_demo_example_2/lib/python3.10/site-packages'
[2.965s] Level 1:colcon.colcon_core.environment:checking '/home/leomorningrain/code/control_ws/src/install/ros2_control_demo_example_2/bin'
[2.965s] INFO:colcon.colcon_core.shell:Creating package script '/home/leomorningrain/code/control_ws/src/install/ros2_control_demo_example_2/share/ros2_control_demo_example_2/package.ps1'
[2.966s] INFO:colcon.colcon_core.shell:Creating package descriptor '/home/leomorningrain/code/control_ws/src/install/ros2_control_demo_example_2/share/ros2_control_demo_example_2/package.dsv'
[2.966s] INFO:colcon.colcon_core.shell:Creating package script '/home/leomorningrain/code/control_ws/src/install/ros2_control_demo_example_2/share/ros2_control_demo_example_2/package.sh'
[2.966s] INFO:colcon.colcon_core.shell:Creating package script '/home/leomorningrain/code/control_ws/src/install/ros2_control_demo_example_2/share/ros2_control_demo_example_2/package.bash'
[2.967s] INFO:colcon.colcon_core.shell:Creating package script '/home/leomorningrain/code/control_ws/src/install/ros2_control_demo_example_2/share/ros2_control_demo_example_2/package.zsh'
[2.967s] Level 1:colcon.colcon_core.environment:create_file_with_runtime_dependencies(/home/leomorningrain/code/control_ws/src/install/ros2_control_demo_example_2/share/colcon-core/packages/ros2_control_demo_example_2)
[2.967s] DEBUG:colcon.colcon_parallel_executor.executor.parallel:closing loop
[2.968s] DEBUG:colcon.colcon_parallel_executor.executor.parallel:loop closed
[2.968s] DEBUG:colcon.colcon_parallel_executor.executor.parallel:run_until_complete finished with '0'
[2.968s] DEBUG:colcon.colcon_core.event_reactor:joining thread
[2.972s] INFO:colcon.colcon_core.plugin_system:Skipping extension 'colcon_notification.desktop_notification.terminal_notifier': Not used on non-Darwin systems
[2.973s] INFO:colcon.colcon_core.plugin_system:Skipping extension 'colcon_notification.desktop_notification.win32': Not used on non-Windows systems
[2.973s] INFO:colcon.colcon_notification.desktop_notification:Sending desktop notification using 'notify2'
[2.983s] DEBUG:colcon.colcon_core.event_reactor:joined thread
[2.983s] INFO:colcon.colcon_core.shell:Creating prefix script '/home/leomorningrain/code/control_ws/src/install/local_setup.ps1'
[2.984s] INFO:colcon.colcon_core.shell:Creating prefix util module '/home/leomorningrain/code/control_ws/src/install/_local_setup_util_ps1.py'
[2.985s] INFO:colcon.colcon_core.shell:Creating prefix chain script '/home/leomorningrain/code/control_ws/src/install/setup.ps1'
[2.985s] INFO:colcon.colcon_core.shell:Creating prefix script '/home/leomorningrain/code/control_ws/src/install/local_setup.sh'
[2.986s] INFO:colcon.colcon_core.shell:Creating prefix util module '/home/leomorningrain/code/control_ws/src/install/_local_setup_util_sh.py'
[2.986s] INFO:colcon.colcon_core.shell:Creating prefix chain script '/home/leomorningrain/code/control_ws/src/install/setup.sh'
[2.987s] INFO:colcon.colcon_core.shell:Creating prefix script '/home/leomorningrain/code/control_ws/src/install/local_setup.bash'
[2.987s] INFO:colcon.colcon_core.shell:Creating prefix chain script '/home/leomorningrain/code/control_ws/src/install/setup.bash'
[2.988s] INFO:colcon.colcon_core.shell:Creating prefix script '/home/leomorningrain/code/control_ws/src/install/local_setup.zsh'
[2.988s] INFO:colcon.colcon_core.shell:Creating prefix chain script '/home/leomorningrain/code/control_ws/src/install/setup.zsh'
