[0.005s] Invoking command in '/home/leomorningrain/code/ws01_plumbing/build/base_interfaces_demo': CMAKE_PREFIX_PATH=/opt/ros/humble /usr/bin/cmake /home/leomorningrain/code/ws01_plumbing/src/base_interfaces_demo -DCMAKE_INSTALL_PREFIX=/home/leomorningrain/code/ws01_plumbing/install/base_interfaces_demo
[0.066s] -- The C compiler identification is GNU 11.4.0
[0.134s] -- The CXX compiler identification is GNU 11.4.0
[0.140s] -- Detecting C compiler ABI info
[0.219s] -- Detecting C compiler ABI info - done
[0.223s] -- Check for working C compiler: /usr/bin/cc - skipped
[0.224s] -- Detecting C compile features
[0.224s] -- Detecting C compile features - done
[0.226s] -- Detecting CXX compiler ABI info
[0.298s] -- Detecting CXX compiler ABI info - done
[0.302s] -- Check for working CXX compiler: /usr/bin/c++ - skipped
[0.302s] -- Detecting CXX compile features
[0.302s] -- Detecting CXX compile features - done
[0.307s] -- Found ament_cmake: 1.3.8 (/opt/ros/humble/share/ament_cmake/cmake)
[0.417s] -- Found Python3: /usr/bin/python3 (found version "3.10.12") found components: Interpreter 
[0.465s] -- Found ament_lint_auto: 0.12.10 (/opt/ros/humble/share/ament_lint_auto/cmake)
[0.502s] -- Added test 'lint_cmake' to check CMake code style
[0.503s] -- Added test 'xmllint' to check XML markup files
[0.504s] -- Configuring done
[0.505s] -- Generating done
[0.505s] -- Build files have been written to: /home/leomorningrain/code/ws01_plumbing/build/base_interfaces_demo
[0.508s] Invoked command in '/home/leomorningrain/code/ws01_plumbing/build/base_interfaces_demo' returned '0': CMAKE_PREFIX_PATH=/opt/ros/humble /usr/bin/cmake /home/leomorningrain/code/ws01_plumbing/src/base_interfaces_demo -DCMAKE_INSTALL_PREFIX=/home/leomorningrain/code/ws01_plumbing/install/base_interfaces_demo
[0.509s] Invoking command in '/home/leomorningrain/code/ws01_plumbing/build/base_interfaces_demo': CMAKE_PREFIX_PATH=/opt/ros/humble /usr/bin/cmake --build /home/leomorningrain/code/ws01_plumbing/build/base_interfaces_demo -- -j32 -l32
[0.528s] Invoked command in '/home/leomorningrain/code/ws01_plumbing/build/base_interfaces_demo' returned '0': CMAKE_PREFIX_PATH=/opt/ros/humble /usr/bin/cmake --build /home/leomorningrain/code/ws01_plumbing/build/base_interfaces_demo -- -j32 -l32
[0.544s] Invoking command in '/home/leomorningrain/code/ws01_plumbing/build/base_interfaces_demo': CMAKE_PREFIX_PATH=/opt/ros/humble /usr/bin/cmake --install /home/leomorningrain/code/ws01_plumbing/build/base_interfaces_demo
[0.548s] -- Install configuration: ""
[0.548s] -- Installing: /home/leomorningrain/code/ws01_plumbing/install/base_interfaces_demo/share/ament_index/resource_index/package_run_dependencies/base_interfaces_demo
[0.548s] -- Installing: /home/leomorningrain/code/ws01_plumbing/install/base_interfaces_demo/share/ament_index/resource_index/parent_prefix_path/base_interfaces_demo
[0.548s] -- Installing: /home/leomorningrain/code/ws01_plumbing/install/base_interfaces_demo/share/base_interfaces_demo/environment/ament_prefix_path.sh
[0.548s] -- Installing: /home/leomorningrain/code/ws01_plumbing/install/base_interfaces_demo/share/base_interfaces_demo/environment/ament_prefix_path.dsv
[0.548s] -- Installing: /home/leomorningrain/code/ws01_plumbing/install/base_interfaces_demo/share/base_interfaces_demo/environment/path.sh
[0.548s] -- Installing: /home/leomorningrain/code/ws01_plumbing/install/base_interfaces_demo/share/base_interfaces_demo/environment/path.dsv
[0.548s] -- Installing: /home/leomorningrain/code/ws01_plumbing/install/base_interfaces_demo/share/base_interfaces_demo/local_setup.bash
[0.548s] -- Installing: /home/leomorningrain/code/ws01_plumbing/install/base_interfaces_demo/share/base_interfaces_demo/local_setup.sh
[0.548s] -- Installing: /home/leomorningrain/code/ws01_plumbing/install/base_interfaces_demo/share/base_interfaces_demo/local_setup.zsh
[0.548s] -- Installing: /home/leomorningrain/code/ws01_plumbing/install/base_interfaces_demo/share/base_interfaces_demo/local_setup.dsv
[0.548s] -- Installing: /home/leomorningrain/code/ws01_plumbing/install/base_interfaces_demo/share/base_interfaces_demo/package.dsv
[0.548s] -- Installing: /home/leomorningrain/code/ws01_plumbing/install/base_interfaces_demo/share/ament_index/resource_index/packages/base_interfaces_demo
[0.548s] -- Installing: /home/leomorningrain/code/ws01_plumbing/install/base_interfaces_demo/share/base_interfaces_demo/cmake/base_interfaces_demoConfig.cmake
[0.548s] -- Installing: /home/leomorningrain/code/ws01_plumbing/install/base_interfaces_demo/share/base_interfaces_demo/cmake/base_interfaces_demoConfig-version.cmake
[0.548s] -- Installing: /home/leomorningrain/code/ws01_plumbing/install/base_interfaces_demo/share/base_interfaces_demo/package.xml
[0.549s] Invoked command in '/home/leomorningrain/code/ws01_plumbing/build/base_interfaces_demo' returned '0': CMAKE_PREFIX_PATH=/opt/ros/humble /usr/bin/cmake --install /home/leomorningrain/code/ws01_plumbing/build/base_interfaces_demo
