[0.013s] Invoking command in '/home/leomorningrain/code/ws01_plumbing/build/base_interfaces_demo': CMAKE_PREFIX_PATH=/opt/ros/humble /usr/bin/cmake --build /home/leomorningrain/code/ws01_plumbing/build/base_interfaces_demo -- -j32 -l32
[0.030s] -- Found ament_cmake: 1.3.8 (/opt/ros/humble/share/ament_cmake/cmake)
[0.093s] -- Found rosidl_default_generators: 1.2.0 (/opt/ros/humble/share/rosidl_default_generators/cmake)
[0.094s] -- Using all available rosidl_typesupport_c: rosidl_typesupport_fastrtps_c;rosidl_typesupport_introspection_c
[0.096s] -- Found rosidl_adapter: 3.1.5 (/opt/ros/humble/share/rosidl_adapter/cmake)
[0.114s] -- Using all available rosidl_typesupport_cpp: rosidl_typesupport_fastrtps_cpp;rosidl_typesupport_introspection_cpp
[0.266s] -- Found ament_cmake_ros: 0.10.0 (/opt/ros/humble/share/ament_cmake_ros/cmake)
[0.374s] -- Using all available rosidl_typesupport_c: rosidl_typesupport_fastrtps_c;rosidl_typesupport_introspection_c
[0.514s] -- Using all available rosidl_typesupport_cpp: rosidl_typesupport_fastrtps_cpp;rosidl_typesupport_introspection_cpp
[0.526s] -- Found PythonInterp: /usr/bin/python3 (found suitable version "3.10.12", minimum required is "3.6") 
[0.526s] -- Found python_cmake_module: 0.10.0 (/opt/ros/humble/share/python_cmake_module/cmake)
[0.542s] -- Found PythonLibs: /usr/lib/x86_64-linux-gnu/libpython3.10.so (found suitable version "3.10.12", minimum required is "3.5") 
[0.542s] -- Using PYTHON_EXECUTABLE: /usr/bin/python3
[0.542s] -- Using PYTHON_INCLUDE_DIRS: /usr/include/python3.10
[0.542s] -- Using PYTHON_LIBRARIES: /usr/lib/x86_64-linux-gnu/libpython3.10.so
[0.559s] -- Found PythonExtra: .so  
[0.579s] -- Found ament_lint_auto: 0.12.10 (/opt/ros/humble/share/ament_lint_auto/cmake)
[0.592s] -- Configuring done
[0.605s] -- Generating done
[0.606s] -- Build files have been written to: /home/leomorningrain/code/ws01_plumbing/build/base_interfaces_demo
[0.620s] [  3%] [34m[1mGenerating C code for ROS interfaces[0m
[0.625s] [  6%] [34m[1mGenerating C++ code for ROS interfaces[0m
[0.630s] [  6%] Built target ament_cmake_python_copy_base_interfaces_demo
[0.748s] running egg_info
[0.748s] creating base_interfaces_demo.egg-info
[0.748s] [  6%] Built target base_interfaces_demo__cpp
[0.749s] writing base_interfaces_demo.egg-info/PKG-INFO
[0.749s] writing dependency_links to base_interfaces_demo.egg-info/dependency_links.txt
[0.749s] writing top-level names to base_interfaces_demo.egg-info/top_level.txt
[0.749s] writing manifest file 'base_interfaces_demo.egg-info/SOURCES.txt'
[0.750s] reading manifest file 'base_interfaces_demo.egg-info/SOURCES.txt'
[0.750s] writing manifest file 'base_interfaces_demo.egg-info/SOURCES.txt'
[0.750s] [  9%] [32mBuilding C object CMakeFiles/base_interfaces_demo__rosidl_generator_c.dir/rosidl_generator_c/base_interfaces_demo/msg/detail/student__functions.c.o[0m
[0.754s] [ 12%] [34m[1mGenerating C++ type support for eProsima Fast-RTPS[0m
[0.754s] [ 16%] [34m[1mGenerating C++ introspection for ROS interfaces[0m
[0.755s] [ 19%] [34m[1mGenerating C++ type support dispatch for ROS interfaces[0m
[0.767s] [ 19%] Built target ament_cmake_python_build_base_interfaces_demo_egg
[0.781s] [ 22%] [32m[1mLinking C shared library libbase_interfaces_demo__rosidl_generator_c.so[0m
[0.805s] [ 22%] Built target base_interfaces_demo__rosidl_generator_c
[0.811s] [ 29%] [34m[1mGenerating C type support dispatch for ROS interfaces[0m
[0.812s] [ 29%] [34m[1mGenerating C type support for eProsima Fast-RTPS[0m
[0.812s] [ 32%] [34m[1mGenerating C introspection for ROS interfaces[0m
[0.897s] [ 35%] [32mBuilding CXX object CMakeFiles/base_interfaces_demo__rosidl_typesupport_cpp.dir/rosidl_typesupport_cpp/base_interfaces_demo/msg/student__type_support.cpp.o[0m
[0.905s] [ 38%] [32mBuilding CXX object CMakeFiles/base_interfaces_demo__rosidl_typesupport_introspection_cpp.dir/rosidl_typesupport_introspection_cpp/base_interfaces_demo/msg/detail/student__type_support.cpp.o[0m
[0.910s] [ 41%] [32mBuilding CXX object CMakeFiles/base_interfaces_demo__rosidl_typesupport_fastrtps_cpp.dir/rosidl_typesupport_fastrtps_cpp/base_interfaces_demo/msg/detail/dds_fastrtps/student__type_support.cpp.o[0m
[0.965s] [ 45%] [32mBuilding CXX object CMakeFiles/base_interfaces_demo__rosidl_typesupport_c.dir/rosidl_typesupport_c/base_interfaces_demo/msg/student__type_support.cpp.o[0m
[0.980s] [ 48%] [32mBuilding CXX object CMakeFiles/base_interfaces_demo__rosidl_typesupport_fastrtps_c.dir/rosidl_typesupport_fastrtps_c/base_interfaces_demo/msg/detail/student__type_support_c.cpp.o[0m
[0.980s] [ 51%] [32mBuilding C object CMakeFiles/base_interfaces_demo__rosidl_typesupport_introspection_c.dir/rosidl_typesupport_introspection_c/base_interfaces_demo/msg/detail/student__type_support.c.o[0m
[0.991s] [ 54%] [32m[1mLinking CXX shared library libbase_interfaces_demo__rosidl_typesupport_c.so[0m
[1.002s] [ 58%] [32m[1mLinking C shared library libbase_interfaces_demo__rosidl_typesupport_introspection_c.so[0m
[1.020s] [ 58%] Built target base_interfaces_demo__rosidl_typesupport_c
[1.024s] [ 58%] Built target base_interfaces_demo__rosidl_typesupport_introspection_c
[1.065s] [ 61%] [32m[1mLinking CXX shared library libbase_interfaces_demo__rosidl_typesupport_cpp.so[0m
[1.090s] [ 61%] Built target base_interfaces_demo__rosidl_typesupport_cpp
[1.125s] [ 64%] [32m[1mLinking CXX shared library libbase_interfaces_demo__rosidl_typesupport_introspection_cpp.so[0m
[1.135s] [ 67%] [32m[1mLinking CXX shared library libbase_interfaces_demo__rosidl_typesupport_fastrtps_cpp.so[0m
[1.163s] [ 67%] Built target base_interfaces_demo__rosidl_typesupport_introspection_cpp
[1.168s] [ 70%] [32m[1mLinking CXX shared library libbase_interfaces_demo__rosidl_typesupport_fastrtps_c.so[0m
[1.176s] [ 70%] Built target base_interfaces_demo__rosidl_typesupport_fastrtps_cpp
[1.207s] [ 70%] Built target base_interfaces_demo__rosidl_typesupport_fastrtps_c
[1.223s] [ 70%] Built target base_interfaces_demo
[1.246s] [ 74%] [34m[1mGenerating Python code for ROS interfaces[0m
[1.390s] [ 74%] Built target base_interfaces_demo__py
[1.399s] [ 77%] [32mBuilding C object CMakeFiles/base_interfaces_demo__rosidl_generator_py.dir/rosidl_generator_py/base_interfaces_demo/msg/_student_s.c.o[0m
[1.454s] [ 80%] [32m[1mLinking C shared library rosidl_generator_py/base_interfaces_demo/libbase_interfaces_demo__rosidl_generator_py.so[0m
[1.482s] [ 80%] Built target base_interfaces_demo__rosidl_generator_py
[1.499s] [ 83%] [32mBuilding C object CMakeFiles/base_interfaces_demo__rosidl_typesupport_fastrtps_c__pyext.dir/rosidl_generator_py/base_interfaces_demo/_base_interfaces_demo_s.ep.rosidl_typesupport_fastrtps_c.c.o[0m
[1.499s] [ 87%] [32mBuilding C object CMakeFiles/base_interfaces_demo__rosidl_typesupport_introspection_c__pyext.dir/rosidl_generator_py/base_interfaces_demo/_base_interfaces_demo_s.ep.rosidl_typesupport_introspection_c.c.o[0m
[1.499s] [ 90%] [32mBuilding C object CMakeFiles/base_interfaces_demo__rosidl_typesupport_c__pyext.dir/rosidl_generator_py/base_interfaces_demo/_base_interfaces_demo_s.ep.rosidl_typesupport_c.c.o[0m
[1.543s] [ 93%] [32m[1mLinking C shared library rosidl_generator_py/base_interfaces_demo/base_interfaces_demo_s__rosidl_typesupport_c.cpython-310-x86_64-linux-gnu.so[0m
[1.544s] [100%] [32m[1mLinking C shared library rosidl_generator_py/base_interfaces_demo/base_interfaces_demo_s__rosidl_typesupport_fastrtps_c.cpython-310-x86_64-linux-gnu.so[0m
[1.544s] [100%] [32m[1mLinking C shared library rosidl_generator_py/base_interfaces_demo/base_interfaces_demo_s__rosidl_typesupport_introspection_c.cpython-310-x86_64-linux-gnu.so[0m
[1.560s] [100%] Built target base_interfaces_demo__rosidl_typesupport_c__pyext
[1.561s] [100%] Built target base_interfaces_demo__rosidl_typesupport_introspection_c__pyext
[1.561s] [100%] Built target base_interfaces_demo__rosidl_typesupport_fastrtps_c__pyext
[1.567s] Invoked command in '/home/leomorningrain/code/ws01_plumbing/build/base_interfaces_demo' returned '0': CMAKE_PREFIX_PATH=/opt/ros/humble /usr/bin/cmake --build /home/leomorningrain/code/ws01_plumbing/build/base_interfaces_demo -- -j32 -l32
[1.655s] Invoking command in '/home/leomorningrain/code/ws01_plumbing/build/base_interfaces_demo': CMAKE_PREFIX_PATH=/opt/ros/humble /usr/bin/cmake --install /home/leomorningrain/code/ws01_plumbing/build/base_interfaces_demo
[1.666s] -- Install configuration: ""
[1.667s] -- Installing: /home/leomorningrain/code/ws01_plumbing/install/base_interfaces_demo/share/ament_index/resource_index/rosidl_interfaces/base_interfaces_demo
[1.667s] -- Installing: /home/leomorningrain/code/ws01_plumbing/install/base_interfaces_demo/include/base_interfaces_demo/base_interfaces_demo
[1.667s] -- Installing: /home/leomorningrain/code/ws01_plumbing/install/base_interfaces_demo/include/base_interfaces_demo/base_interfaces_demo/msg
[1.667s] -- Installing: /home/leomorningrain/code/ws01_plumbing/install/base_interfaces_demo/include/base_interfaces_demo/base_interfaces_demo/msg/student.h
[1.667s] -- Installing: /home/leomorningrain/code/ws01_plumbing/install/base_interfaces_demo/include/base_interfaces_demo/base_interfaces_demo/msg/detail
[1.667s] -- Installing: /home/leomorningrain/code/ws01_plumbing/install/base_interfaces_demo/include/base_interfaces_demo/base_interfaces_demo/msg/detail/student__functions.h
[1.667s] -- Installing: /home/leomorningrain/code/ws01_plumbing/install/base_interfaces_demo/include/base_interfaces_demo/base_interfaces_demo/msg/detail/student__type_support.h
[1.667s] -- Installing: /home/leomorningrain/code/ws01_plumbing/install/base_interfaces_demo/include/base_interfaces_demo/base_interfaces_demo/msg/detail/student__struct.h
[1.668s] -- Installing: /home/leomorningrain/code/ws01_plumbing/install/base_interfaces_demo/include/base_interfaces_demo/base_interfaces_demo/msg/detail/student__functions.c
[1.668s] -- Installing: /home/leomorningrain/code/ws01_plumbing/install/base_interfaces_demo/include/base_interfaces_demo/base_interfaces_demo/msg/rosidl_generator_c__visibility_control.h
[1.668s] -- Installing: /home/leomorningrain/code/ws01_plumbing/install/base_interfaces_demo/share/base_interfaces_demo/environment/library_path.sh
[1.668s] -- Installing: /home/leomorningrain/code/ws01_plumbing/install/base_interfaces_demo/share/base_interfaces_demo/environment/library_path.dsv
[1.668s] -- Installing: /home/leomorningrain/code/ws01_plumbing/install/base_interfaces_demo/lib/libbase_interfaces_demo__rosidl_generator_c.so
[1.668s] -- Set runtime path of "/home/leomorningrain/code/ws01_plumbing/install/base_interfaces_demo/lib/libbase_interfaces_demo__rosidl_generator_c.so" to ""
[1.668s] -- Up-to-date: /home/leomorningrain/code/ws01_plumbing/install/base_interfaces_demo/include/base_interfaces_demo/base_interfaces_demo
[1.668s] -- Up-to-date: /home/leomorningrain/code/ws01_plumbing/install/base_interfaces_demo/include/base_interfaces_demo/base_interfaces_demo/msg
[1.668s] -- Installing: /home/leomorningrain/code/ws01_plumbing/install/base_interfaces_demo/include/base_interfaces_demo/base_interfaces_demo/msg/rosidl_typesupport_fastrtps_c__visibility_control.h
[1.668s] -- Up-to-date: /home/leomorningrain/code/ws01_plumbing/install/base_interfaces_demo/include/base_interfaces_demo/base_interfaces_demo/msg/detail
[1.668s] -- Installing: /home/leomorningrain/code/ws01_plumbing/install/base_interfaces_demo/include/base_interfaces_demo/base_interfaces_demo/msg/detail/student__rosidl_typesupport_fastrtps_c.h
[1.668s] -- Installing: /home/leomorningrain/code/ws01_plumbing/install/base_interfaces_demo/lib/libbase_interfaces_demo__rosidl_typesupport_fastrtps_c.so
[1.669s] -- Set runtime path of "/home/leomorningrain/code/ws01_plumbing/install/base_interfaces_demo/lib/libbase_interfaces_demo__rosidl_typesupport_fastrtps_c.so" to ""
[1.669s] -- Up-to-date: /home/leomorningrain/code/ws01_plumbing/install/base_interfaces_demo/include/base_interfaces_demo/base_interfaces_demo
[1.669s] -- Up-to-date: /home/leomorningrain/code/ws01_plumbing/install/base_interfaces_demo/include/base_interfaces_demo/base_interfaces_demo/msg
[1.669s] -- Installing: /home/leomorningrain/code/ws01_plumbing/install/base_interfaces_demo/include/base_interfaces_demo/base_interfaces_demo/msg/rosidl_typesupport_introspection_c__visibility_control.h
[1.669s] -- Up-to-date: /home/leomorningrain/code/ws01_plumbing/install/base_interfaces_demo/include/base_interfaces_demo/base_interfaces_demo/msg/detail
[1.669s] -- Installing: /home/leomorningrain/code/ws01_plumbing/install/base_interfaces_demo/include/base_interfaces_demo/base_interfaces_demo/msg/detail/student__rosidl_typesupport_introspection_c.h
[1.670s] -- Installing: /home/leomorningrain/code/ws01_plumbing/install/base_interfaces_demo/include/base_interfaces_demo/base_interfaces_demo/msg/detail/student__type_support.c
[1.670s] -- Installing: /home/leomorningrain/code/ws01_plumbing/install/base_interfaces_demo/lib/libbase_interfaces_demo__rosidl_typesupport_introspection_c.so
[1.670s] -- Set runtime path of "/home/leomorningrain/code/ws01_plumbing/install/base_interfaces_demo/lib/libbase_interfaces_demo__rosidl_typesupport_introspection_c.so" to ""
[1.670s] -- Installing: /home/leomorningrain/code/ws01_plumbing/install/base_interfaces_demo/lib/libbase_interfaces_demo__rosidl_typesupport_c.so
[1.670s] -- Set runtime path of "/home/leomorningrain/code/ws01_plumbing/install/base_interfaces_demo/lib/libbase_interfaces_demo__rosidl_typesupport_c.so" to ""
[1.670s] -- Up-to-date: /home/leomorningrain/code/ws01_plumbing/install/base_interfaces_demo/include/base_interfaces_demo/base_interfaces_demo
[1.670s] -- Up-to-date: /home/leomorningrain/code/ws01_plumbing/install/base_interfaces_demo/include/base_interfaces_demo/base_interfaces_demo/msg
[1.671s] -- Installing: /home/leomorningrain/code/ws01_plumbing/install/base_interfaces_demo/include/base_interfaces_demo/base_interfaces_demo/msg/student.hpp
[1.671s] -- Up-to-date: /home/leomorningrain/code/ws01_plumbing/install/base_interfaces_demo/include/base_interfaces_demo/base_interfaces_demo/msg/detail
[1.671s] -- Installing: /home/leomorningrain/code/ws01_plumbing/install/base_interfaces_demo/include/base_interfaces_demo/base_interfaces_demo/msg/detail/student__struct.hpp
[1.671s] -- Installing: /home/leomorningrain/code/ws01_plumbing/install/base_interfaces_demo/include/base_interfaces_demo/base_interfaces_demo/msg/detail/student__traits.hpp
[1.671s] -- Installing: /home/leomorningrain/code/ws01_plumbing/install/base_interfaces_demo/include/base_interfaces_demo/base_interfaces_demo/msg/detail/student__builder.hpp
[1.671s] -- Up-to-date: /home/leomorningrain/code/ws01_plumbing/install/base_interfaces_demo/include/base_interfaces_demo/base_interfaces_demo
[1.672s] -- Up-to-date: /home/leomorningrain/code/ws01_plumbing/install/base_interfaces_demo/include/base_interfaces_demo/base_interfaces_demo/msg
[1.672s] -- Up-to-date: /home/leomorningrain/code/ws01_plumbing/install/base_interfaces_demo/include/base_interfaces_demo/base_interfaces_demo/msg/detail
[1.672s] -- Installing: /home/leomorningrain/code/ws01_plumbing/install/base_interfaces_demo/include/base_interfaces_demo/base_interfaces_demo/msg/detail/student__rosidl_typesupport_fastrtps_cpp.hpp
[1.672s] -- Installing: /home/leomorningrain/code/ws01_plumbing/install/base_interfaces_demo/include/base_interfaces_demo/base_interfaces_demo/msg/detail/dds_fastrtps
[1.672s] -- Installing: /home/leomorningrain/code/ws01_plumbing/install/base_interfaces_demo/include/base_interfaces_demo/base_interfaces_demo/msg/rosidl_typesupport_fastrtps_cpp__visibility_control.h
[1.672s] -- Installing: /home/leomorningrain/code/ws01_plumbing/install/base_interfaces_demo/lib/libbase_interfaces_demo__rosidl_typesupport_fastrtps_cpp.so
[1.672s] -- Set runtime path of "/home/leomorningrain/code/ws01_plumbing/install/base_interfaces_demo/lib/libbase_interfaces_demo__rosidl_typesupport_fastrtps_cpp.so" to ""
[1.672s] -- Up-to-date: /home/leomorningrain/code/ws01_plumbing/install/base_interfaces_demo/include/base_interfaces_demo/base_interfaces_demo
[1.672s] -- Up-to-date: /home/leomorningrain/code/ws01_plumbing/install/base_interfaces_demo/include/base_interfaces_demo/base_interfaces_demo/msg
[1.672s] -- Up-to-date: /home/leomorningrain/code/ws01_plumbing/install/base_interfaces_demo/include/base_interfaces_demo/base_interfaces_demo/msg/detail
[1.672s] -- Installing: /home/leomorningrain/code/ws01_plumbing/install/base_interfaces_demo/include/base_interfaces_demo/base_interfaces_demo/msg/detail/student__rosidl_typesupport_introspection_cpp.hpp
[1.672s] -- Installing: /home/leomorningrain/code/ws01_plumbing/install/base_interfaces_demo/include/base_interfaces_demo/base_interfaces_demo/msg/detail/student__type_support.cpp
[1.672s] -- Installing: /home/leomorningrain/code/ws01_plumbing/install/base_interfaces_demo/lib/libbase_interfaces_demo__rosidl_typesupport_introspection_cpp.so
[1.673s] -- Set runtime path of "/home/leomorningrain/code/ws01_plumbing/install/base_interfaces_demo/lib/libbase_interfaces_demo__rosidl_typesupport_introspection_cpp.so" to ""
[1.673s] -- Installing: /home/leomorningrain/code/ws01_plumbing/install/base_interfaces_demo/lib/libbase_interfaces_demo__rosidl_typesupport_cpp.so
[1.673s] -- Set runtime path of "/home/leomorningrain/code/ws01_plumbing/install/base_interfaces_demo/lib/libbase_interfaces_demo__rosidl_typesupport_cpp.so" to ""
[1.673s] -- Installing: /home/leomorningrain/code/ws01_plumbing/install/base_interfaces_demo/share/base_interfaces_demo/environment/pythonpath.sh
[1.673s] -- Installing: /home/leomorningrain/code/ws01_plumbing/install/base_interfaces_demo/share/base_interfaces_demo/environment/pythonpath.dsv
[1.673s] -- Installing: /home/leomorningrain/code/ws01_plumbing/install/base_interfaces_demo/local/lib/python3.10/dist-packages/base_interfaces_demo-0.0.0-py3.10.egg-info
[1.673s] -- Installing: /home/leomorningrain/code/ws01_plumbing/install/base_interfaces_demo/local/lib/python3.10/dist-packages/base_interfaces_demo-0.0.0-py3.10.egg-info/top_level.txt
[1.673s] -- Installing: /home/leomorningrain/code/ws01_plumbing/install/base_interfaces_demo/local/lib/python3.10/dist-packages/base_interfaces_demo-0.0.0-py3.10.egg-info/PKG-INFO
[1.673s] -- Installing: /home/leomorningrain/code/ws01_plumbing/install/base_interfaces_demo/local/lib/python3.10/dist-packages/base_interfaces_demo-0.0.0-py3.10.egg-info/SOURCES.txt
[1.673s] -- Installing: /home/leomorningrain/code/ws01_plumbing/install/base_interfaces_demo/local/lib/python3.10/dist-packages/base_interfaces_demo-0.0.0-py3.10.egg-info/dependency_links.txt
[1.673s] -- Installing: /home/leomorningrain/code/ws01_plumbing/install/base_interfaces_demo/local/lib/python3.10/dist-packages/base_interfaces_demo
[1.673s] -- Installing: /home/leomorningrain/code/ws01_plumbing/install/base_interfaces_demo/local/lib/python3.10/dist-packages/base_interfaces_demo/base_interfaces_demo_s__rosidl_typesupport_fastrtps_c.cpython-310-x86_64-linux-gnu.so
[1.673s] -- Installing: /home/leomorningrain/code/ws01_plumbing/install/base_interfaces_demo/local/lib/python3.10/dist-packages/base_interfaces_demo/base_interfaces_demo_s__rosidl_typesupport_c.cpython-310-x86_64-linux-gnu.so
[1.673s] -- Installing: /home/leomorningrain/code/ws01_plumbing/install/base_interfaces_demo/local/lib/python3.10/dist-packages/base_interfaces_demo/base_interfaces_demo_s__rosidl_typesupport_introspection_c.cpython-310-x86_64-linux-gnu.so
[1.673s] -- Installing: /home/leomorningrain/code/ws01_plumbing/install/base_interfaces_demo/local/lib/python3.10/dist-packages/base_interfaces_demo/_base_interfaces_demo_s.ep.rosidl_typesupport_fastrtps_c.c
[1.673s] -- Installing: /home/leomorningrain/code/ws01_plumbing/install/base_interfaces_demo/local/lib/python3.10/dist-packages/base_interfaces_demo/msg
[1.673s] -- Installing: /home/leomorningrain/code/ws01_plumbing/install/base_interfaces_demo/local/lib/python3.10/dist-packages/base_interfaces_demo/msg/_student_s.c
[1.673s] -- Installing: /home/leomorningrain/code/ws01_plumbing/install/base_interfaces_demo/local/lib/python3.10/dist-packages/base_interfaces_demo/msg/_student.py
[1.673s] -- Installing: /home/leomorningrain/code/ws01_plumbing/install/base_interfaces_demo/local/lib/python3.10/dist-packages/base_interfaces_demo/msg/__init__.py
[1.673s] -- Installing: /home/leomorningrain/code/ws01_plumbing/install/base_interfaces_demo/local/lib/python3.10/dist-packages/base_interfaces_demo/_base_interfaces_demo_s.ep.rosidl_typesupport_c.c
[1.673s] -- Installing: /home/leomorningrain/code/ws01_plumbing/install/base_interfaces_demo/local/lib/python3.10/dist-packages/base_interfaces_demo/libbase_interfaces_demo__rosidl_generator_py.so
[1.673s] -- Installing: /home/leomorningrain/code/ws01_plumbing/install/base_interfaces_demo/local/lib/python3.10/dist-packages/base_interfaces_demo/_base_interfaces_demo_s.ep.rosidl_typesupport_introspection_c.c
[1.673s] -- Installing: /home/leomorningrain/code/ws01_plumbing/install/base_interfaces_demo/local/lib/python3.10/dist-packages/base_interfaces_demo/__init__.py
[1.691s] Listing '/home/leomorningrain/code/ws01_plumbing/install/base_interfaces_demo/local/lib/python3.10/dist-packages/base_interfaces_demo'...
[1.691s] Compiling '/home/leomorningrain/code/ws01_plumbing/install/base_interfaces_demo/local/lib/python3.10/dist-packages/base_interfaces_demo/__init__.py'...
[1.691s] Listing '/home/leomorningrain/code/ws01_plumbing/install/base_interfaces_demo/local/lib/python3.10/dist-packages/base_interfaces_demo/msg'...
[1.692s] Compiling '/home/leomorningrain/code/ws01_plumbing/install/base_interfaces_demo/local/lib/python3.10/dist-packages/base_interfaces_demo/msg/__init__.py'...
[1.692s] Compiling '/home/leomorningrain/code/ws01_plumbing/install/base_interfaces_demo/local/lib/python3.10/dist-packages/base_interfaces_demo/msg/_student.py'...
[1.694s] -- Installing: /home/leomorningrain/code/ws01_plumbing/install/base_interfaces_demo/local/lib/python3.10/dist-packages/base_interfaces_demo/base_interfaces_demo_s__rosidl_typesupport_fastrtps_c.cpython-310-x86_64-linux-gnu.so
[1.694s] -- Set runtime path of "/home/leomorningrain/code/ws01_plumbing/install/base_interfaces_demo/local/lib/python3.10/dist-packages/base_interfaces_demo/base_interfaces_demo_s__rosidl_typesupport_fastrtps_c.cpython-310-x86_64-linux-gnu.so" to ""
[1.694s] -- Installing: /home/leomorningrain/code/ws01_plumbing/install/base_interfaces_demo/local/lib/python3.10/dist-packages/base_interfaces_demo/base_interfaces_demo_s__rosidl_typesupport_introspection_c.cpython-310-x86_64-linux-gnu.so
[1.694s] -- Set runtime path of "/home/leomorningrain/code/ws01_plumbing/install/base_interfaces_demo/local/lib/python3.10/dist-packages/base_interfaces_demo/base_interfaces_demo_s__rosidl_typesupport_introspection_c.cpython-310-x86_64-linux-gnu.so" to ""
[1.694s] -- Installing: /home/leomorningrain/code/ws01_plumbing/install/base_interfaces_demo/local/lib/python3.10/dist-packages/base_interfaces_demo/base_interfaces_demo_s__rosidl_typesupport_c.cpython-310-x86_64-linux-gnu.so
[1.694s] -- Set runtime path of "/home/leomorningrain/code/ws01_plumbing/install/base_interfaces_demo/local/lib/python3.10/dist-packages/base_interfaces_demo/base_interfaces_demo_s__rosidl_typesupport_c.cpython-310-x86_64-linux-gnu.so" to ""
[1.694s] -- Installing: /home/leomorningrain/code/ws01_plumbing/install/base_interfaces_demo/lib/libbase_interfaces_demo__rosidl_generator_py.so
[1.694s] -- Set runtime path of "/home/leomorningrain/code/ws01_plumbing/install/base_interfaces_demo/lib/libbase_interfaces_demo__rosidl_generator_py.so" to ""
[1.694s] -- Installing: /home/leomorningrain/code/ws01_plumbing/install/base_interfaces_demo/share/base_interfaces_demo/msg/Student.idl
[1.694s] -- Installing: /home/leomorningrain/code/ws01_plumbing/install/base_interfaces_demo/share/base_interfaces_demo/msg/Student.msg
[1.694s] -- Installing: /home/leomorningrain/code/ws01_plumbing/install/base_interfaces_demo/share/ament_index/resource_index/package_run_dependencies/base_interfaces_demo
[1.695s] -- Up-to-date: /home/leomorningrain/code/ws01_plumbing/install/base_interfaces_demo/share/ament_index/resource_index/parent_prefix_path/base_interfaces_demo
[1.695s] -- Up-to-date: /home/leomorningrain/code/ws01_plumbing/install/base_interfaces_demo/share/base_interfaces_demo/environment/ament_prefix_path.sh
[1.695s] -- Installing: /home/leomorningrain/code/ws01_plumbing/install/base_interfaces_demo/share/base_interfaces_demo/environment/ament_prefix_path.dsv
[1.695s] -- Up-to-date: /home/leomorningrain/code/ws01_plumbing/install/base_interfaces_demo/share/base_interfaces_demo/environment/path.sh
[1.695s] -- Installing: /home/leomorningrain/code/ws01_plumbing/install/base_interfaces_demo/share/base_interfaces_demo/environment/path.dsv
[1.695s] -- Up-to-date: /home/leomorningrain/code/ws01_plumbing/install/base_interfaces_demo/share/base_interfaces_demo/local_setup.bash
[1.695s] -- Installing: /home/leomorningrain/code/ws01_plumbing/install/base_interfaces_demo/share/base_interfaces_demo/local_setup.sh
[1.695s] -- Up-to-date: /home/leomorningrain/code/ws01_plumbing/install/base_interfaces_demo/share/base_interfaces_demo/local_setup.zsh
[1.695s] -- Installing: /home/leomorningrain/code/ws01_plumbing/install/base_interfaces_demo/share/base_interfaces_demo/local_setup.dsv
[1.695s] -- Installing: /home/leomorningrain/code/ws01_plumbing/install/base_interfaces_demo/share/base_interfaces_demo/package.dsv
[1.695s] -- Up-to-date: /home/leomorningrain/code/ws01_plumbing/install/base_interfaces_demo/share/ament_index/resource_index/packages/base_interfaces_demo
[1.695s] -- Installing: /home/leomorningrain/code/ws01_plumbing/install/base_interfaces_demo/share/base_interfaces_demo/cmake/export_base_interfaces_demo__rosidl_generator_cExport.cmake
[1.695s] -- Installing: /home/leomorningrain/code/ws01_plumbing/install/base_interfaces_demo/share/base_interfaces_demo/cmake/export_base_interfaces_demo__rosidl_generator_cExport-noconfig.cmake
[1.695s] -- Installing: /home/leomorningrain/code/ws01_plumbing/install/base_interfaces_demo/share/base_interfaces_demo/cmake/export_base_interfaces_demo__rosidl_typesupport_fastrtps_cExport.cmake
[1.695s] -- Installing: /home/leomorningrain/code/ws01_plumbing/install/base_interfaces_demo/share/base_interfaces_demo/cmake/export_base_interfaces_demo__rosidl_typesupport_fastrtps_cExport-noconfig.cmake
[1.695s] -- Installing: /home/leomorningrain/code/ws01_plumbing/install/base_interfaces_demo/share/base_interfaces_demo/cmake/base_interfaces_demo__rosidl_typesupport_introspection_cExport.cmake
[1.695s] -- Installing: /home/leomorningrain/code/ws01_plumbing/install/base_interfaces_demo/share/base_interfaces_demo/cmake/base_interfaces_demo__rosidl_typesupport_introspection_cExport-noconfig.cmake
[1.695s] -- Installing: /home/leomorningrain/code/ws01_plumbing/install/base_interfaces_demo/share/base_interfaces_demo/cmake/base_interfaces_demo__rosidl_typesupport_cExport.cmake
[1.695s] -- Installing: /home/leomorningrain/code/ws01_plumbing/install/base_interfaces_demo/share/base_interfaces_demo/cmake/base_interfaces_demo__rosidl_typesupport_cExport-noconfig.cmake
[1.695s] -- Installing: /home/leomorningrain/code/ws01_plumbing/install/base_interfaces_demo/share/base_interfaces_demo/cmake/export_base_interfaces_demo__rosidl_generator_cppExport.cmake
[1.695s] -- Installing: /home/leomorningrain/code/ws01_plumbing/install/base_interfaces_demo/share/base_interfaces_demo/cmake/export_base_interfaces_demo__rosidl_typesupport_fastrtps_cppExport.cmake
[1.695s] -- Installing: /home/leomorningrain/code/ws01_plumbing/install/base_interfaces_demo/share/base_interfaces_demo/cmake/export_base_interfaces_demo__rosidl_typesupport_fastrtps_cppExport-noconfig.cmake
[1.695s] -- Installing: /home/leomorningrain/code/ws01_plumbing/install/base_interfaces_demo/share/base_interfaces_demo/cmake/base_interfaces_demo__rosidl_typesupport_introspection_cppExport.cmake
[1.696s] -- Installing: /home/leomorningrain/code/ws01_plumbing/install/base_interfaces_demo/share/base_interfaces_demo/cmake/base_interfaces_demo__rosidl_typesupport_introspection_cppExport-noconfig.cmake
[1.696s] -- Installing: /home/leomorningrain/code/ws01_plumbing/install/base_interfaces_demo/share/base_interfaces_demo/cmake/base_interfaces_demo__rosidl_typesupport_cppExport.cmake
[1.696s] -- Installing: /home/leomorningrain/code/ws01_plumbing/install/base_interfaces_demo/share/base_interfaces_demo/cmake/base_interfaces_demo__rosidl_typesupport_cppExport-noconfig.cmake
[1.696s] -- Installing: /home/leomorningrain/code/ws01_plumbing/install/base_interfaces_demo/share/base_interfaces_demo/cmake/export_base_interfaces_demo__rosidl_generator_pyExport.cmake
[1.696s] -- Installing: /home/leomorningrain/code/ws01_plumbing/install/base_interfaces_demo/share/base_interfaces_demo/cmake/export_base_interfaces_demo__rosidl_generator_pyExport-noconfig.cmake
[1.696s] -- Installing: /home/leomorningrain/code/ws01_plumbing/install/base_interfaces_demo/share/base_interfaces_demo/cmake/rosidl_cmake-extras.cmake
[1.696s] -- Installing: /home/leomorningrain/code/ws01_plumbing/install/base_interfaces_demo/share/base_interfaces_demo/cmake/ament_cmake_export_include_directories-extras.cmake
[1.696s] -- Installing: /home/leomorningrain/code/ws01_plumbing/install/base_interfaces_demo/share/base_interfaces_demo/cmake/ament_cmake_export_libraries-extras.cmake
[1.696s] -- Installing: /home/leomorningrain/code/ws01_plumbing/install/base_interfaces_demo/share/base_interfaces_demo/cmake/ament_cmake_export_targets-extras.cmake
[1.696s] -- Installing: /home/leomorningrain/code/ws01_plumbing/install/base_interfaces_demo/share/base_interfaces_demo/cmake/rosidl_cmake_export_typesupport_targets-extras.cmake
[1.696s] -- Installing: /home/leomorningrain/code/ws01_plumbing/install/base_interfaces_demo/share/base_interfaces_demo/cmake/ament_cmake_export_dependencies-extras.cmake
[1.696s] -- Installing: /home/leomorningrain/code/ws01_plumbing/install/base_interfaces_demo/share/base_interfaces_demo/cmake/rosidl_cmake_export_typesupport_libraries-extras.cmake
[1.696s] -- Installing: /home/leomorningrain/code/ws01_plumbing/install/base_interfaces_demo/share/base_interfaces_demo/cmake/base_interfaces_demoConfig.cmake
[1.703s] -- Up-to-date: /home/leomorningrain/code/ws01_plumbing/install/base_interfaces_demo/share/base_interfaces_demo/cmake/base_interfaces_demoConfig-version.cmake
[1.703s] -- Installing: /home/leomorningrain/code/ws01_plumbing/install/base_interfaces_demo/share/base_interfaces_demo/package.xml
[1.705s] Invoked command in '/home/leomorningrain/code/ws01_plumbing/build/base_interfaces_demo' returned '0': CMAKE_PREFIX_PATH=/opt/ros/humble /usr/bin/cmake --install /home/leomorningrain/code/ws01_plumbing/build/base_interfaces_demo
