[0.007s] Invoking command in '/home/leomorningrain/code/ws01_plumbing/build/cpp02_service': AMENT_PREFIX_PATH=/home/leomorningrain/code/ws01_plumbing/install/base_interfaces_demo:${AMENT_PREFIX_PATH} CMAKE_PREFIX_PATH=/home/leomorningrain/code/ws01_plumbing/install/base_interfaces_demo:/home/leomorningrain/code/sdk_mark2_mcnm/sdk_mark2_mcnm/install/xpkg_vehicle:/home/leomorningrain/code/sdk_mark2_mcnm/sdk_mark2_mcnm/install/xpkg_urdf_mark2_mcnm:/home/leomorningrain/code/sdk_mark2_mcnm/sdk_mark2_mcnm/install/xpkg_comm:/home/leomorningrain/code/sdk_mark2_mcnm/sdk_mark2_mcnm/install/xpkg_msgs:/home/leomorningrain/code/sdk_mark2_mcnm/sdk_mark2_mcnm/install/xpkg_demo:/opt/ros/humble LD_LIBRARY_PATH=/home/leomorningrain/code/ws01_plumbing/install/base_interfaces_demo/lib:/home/leomorningrain/code/sdk_mark2_mcnm/sdk_mark2_mcnm/install/xpkg_msgs/lib:/opt/ros/humble/opt/rviz_ogre_vendor/lib:/opt/ros/humble/lib/x86_64-linux-gnu:/opt/ros/humble/lib:/usr/local/lib:/usr/local/lib PYTHONPATH=/home/leomorningrain/code/ws01_plumbing/install/base_interfaces_demo/local/lib/python3.10/dist-packages:${PYTHONPATH} /usr/bin/cmake /home/leomorningrain/code/ws01_plumbing/src/cpp02_service -DCMAKE_INSTALL_PREFIX=/home/leomorningrain/code/ws01_plumbing/install/cpp02_service
[0.054s] -- The C compiler identification is GNU 11.4.0
[0.103s] -- The CXX compiler identification is GNU 11.4.0
[0.108s] -- Detecting C compiler ABI info
[0.158s] -- Detecting C compiler ABI info - done
[0.166s] -- Check for working C compiler: /usr/bin/cc - skipped
[0.166s] -- Detecting C compile features
[0.167s] -- Detecting C compile features - done
[0.173s] -- Detecting CXX compiler ABI info
[0.236s] -- Detecting CXX compiler ABI info - done
[0.240s] -- Check for working CXX compiler: /usr/bin/c++ - skipped
[0.240s] -- Detecting CXX compile features
[0.240s] -- Detecting CXX compile features - done
[0.242s] -- Found ament_cmake: 1.3.8 (/opt/ros/humble/share/ament_cmake/cmake)
[0.337s] -- Found Python3: /usr/bin/python3 (found version "3.10.12") found components: Interpreter 
[0.385s] -- Found rclcpp: 16.0.8 (/opt/ros/humble/share/rclcpp/cmake)
[0.410s] -- Found rosidl_generator_c: 3.1.5 (/opt/ros/humble/share/rosidl_generator_c/cmake)
[0.413s] -- Found rosidl_adapter: 3.1.5 (/opt/ros/humble/share/rosidl_adapter/cmake)
[0.418s] -- Found rosidl_generator_cpp: 3.1.5 (/opt/ros/humble/share/rosidl_generator_cpp/cmake)
[0.427s] -- Using all available rosidl_typesupport_c: rosidl_typesupport_fastrtps_c;rosidl_typesupport_introspection_c
[0.437s] -- Using all available rosidl_typesupport_cpp: rosidl_typesupport_fastrtps_cpp;rosidl_typesupport_introspection_cpp
[0.476s] -- Found rmw_implementation_cmake: 6.1.1 (/opt/ros/humble/share/rmw_implementation_cmake/cmake)
[0.477s] -- Found rmw_fastrtps_cpp: 6.2.6 (/opt/ros/humble/share/rmw_fastrtps_cpp/cmake)
[0.534s] -- Found OpenSSL: /usr/lib/x86_64-linux-gnu/libcrypto.so (found version "3.0.2")  
[0.548s] -- Found FastRTPS: /opt/ros/humble/include  
[0.571s] -- Using RMW implementation 'rmw_fastrtps_cpp' as default
[0.578s] -- Looking for pthread.h
[0.623s] -- Looking for pthread.h - found
[0.623s] -- Performing Test CMAKE_HAVE_LIBC_PTHREAD
[0.664s] -- Performing Test CMAKE_HAVE_LIBC_PTHREAD - Success
[0.665s] -- Found Threads: TRUE  
[0.748s] -- Found base_interfaces_demo: 0.0.0 (/home/leomorningrain/code/ws01_plumbing/install/base_interfaces_demo/share/base_interfaces_demo/cmake)
[0.757s] -- Found ament_lint_auto: 0.12.10 (/opt/ros/humble/share/ament_lint_auto/cmake)
[0.803s] -- Added test 'cppcheck' to perform static code analysis on C / C++ code
[0.803s] -- Configured cppcheck include dirs: $<BUILD_INTERFACE:/home/leomorningrain/code/ws01_plumbing/src/cpp02_service/include>
[0.803s] -- Configured cppcheck exclude dirs and/or files: 
[0.803s] -- Added test 'lint_cmake' to check CMake code style
[0.804s] -- Added test 'uncrustify' to check C / C++ code style
[0.804s] -- Configured uncrustify additional arguments: 
[0.804s] -- Added test 'xmllint' to check XML markup files
[0.805s] -- Configuring done
[0.808s] -- Generating done
[0.809s] -- Build files have been written to: /home/leomorningrain/code/ws01_plumbing/build/cpp02_service
[0.814s] Invoked command in '/home/leomorningrain/code/ws01_plumbing/build/cpp02_service' returned '0': AMENT_PREFIX_PATH=/home/leomorningrain/code/ws01_plumbing/install/base_interfaces_demo:${AMENT_PREFIX_PATH} CMAKE_PREFIX_PATH=/home/leomorningrain/code/ws01_plumbing/install/base_interfaces_demo:/home/leomorningrain/code/sdk_mark2_mcnm/sdk_mark2_mcnm/install/xpkg_vehicle:/home/leomorningrain/code/sdk_mark2_mcnm/sdk_mark2_mcnm/install/xpkg_urdf_mark2_mcnm:/home/leomorningrain/code/sdk_mark2_mcnm/sdk_mark2_mcnm/install/xpkg_comm:/home/leomorningrain/code/sdk_mark2_mcnm/sdk_mark2_mcnm/install/xpkg_msgs:/home/leomorningrain/code/sdk_mark2_mcnm/sdk_mark2_mcnm/install/xpkg_demo:/opt/ros/humble LD_LIBRARY_PATH=/home/leomorningrain/code/ws01_plumbing/install/base_interfaces_demo/lib:/home/leomorningrain/code/sdk_mark2_mcnm/sdk_mark2_mcnm/install/xpkg_msgs/lib:/opt/ros/humble/opt/rviz_ogre_vendor/lib:/opt/ros/humble/lib/x86_64-linux-gnu:/opt/ros/humble/lib:/usr/local/lib:/usr/local/lib PYTHONPATH=/home/leomorningrain/code/ws01_plumbing/install/base_interfaces_demo/local/lib/python3.10/dist-packages:${PYTHONPATH} /usr/bin/cmake /home/leomorningrain/code/ws01_plumbing/src/cpp02_service -DCMAKE_INSTALL_PREFIX=/home/leomorningrain/code/ws01_plumbing/install/cpp02_service
[0.815s] Invoking command in '/home/leomorningrain/code/ws01_plumbing/build/cpp02_service': AMENT_PREFIX_PATH=/home/leomorningrain/code/ws01_plumbing/install/base_interfaces_demo:${AMENT_PREFIX_PATH} CMAKE_PREFIX_PATH=/home/leomorningrain/code/ws01_plumbing/install/base_interfaces_demo:/home/leomorningrain/code/sdk_mark2_mcnm/sdk_mark2_mcnm/install/xpkg_vehicle:/home/leomorningrain/code/sdk_mark2_mcnm/sdk_mark2_mcnm/install/xpkg_urdf_mark2_mcnm:/home/leomorningrain/code/sdk_mark2_mcnm/sdk_mark2_mcnm/install/xpkg_comm:/home/leomorningrain/code/sdk_mark2_mcnm/sdk_mark2_mcnm/install/xpkg_msgs:/home/leomorningrain/code/sdk_mark2_mcnm/sdk_mark2_mcnm/install/xpkg_demo:/opt/ros/humble LD_LIBRARY_PATH=/home/leomorningrain/code/ws01_plumbing/install/base_interfaces_demo/lib:/home/leomorningrain/code/sdk_mark2_mcnm/sdk_mark2_mcnm/install/xpkg_msgs/lib:/opt/ros/humble/opt/rviz_ogre_vendor/lib:/opt/ros/humble/lib/x86_64-linux-gnu:/opt/ros/humble/lib:/usr/local/lib:/usr/local/lib PYTHONPATH=/home/leomorningrain/code/ws01_plumbing/install/base_interfaces_demo/local/lib/python3.10/dist-packages:${PYTHONPATH} /usr/bin/cmake --build /home/leomorningrain/code/ws01_plumbing/build/cpp02_service -- -j32 -l32
[0.852s] [ 50%] [32mBuilding CXX object CMakeFiles/demo01_server_cpp.dir/src/demo01_server_cpp.cpp.o[0m
[2.051s] [01m[K/home/leomorningrain/code/ws01_plumbing/src/cpp02_service/src/demo01_server_cpp.cpp:[m[K In constructor ‘[01m[KAddIntsServer::AddIntsServer()[m[K’:
[2.051s] [01m[K/home/leomorningrain/code/ws01_plumbing/src/cpp02_service/src/demo01_server_cpp.cpp:36:3:[m[K [01;31m[Kerror: [m[Kexpected ‘[01m[K;[m[K’ before ‘[01m[K}[m[K’ token
[2.051s]    36 |   [01;31m[K}[m[K;
[2.051s]       |   [01;31m[K^[m[K
[2.369s] gmake[2]: *** [CMakeFiles/demo01_server_cpp.dir/build.make:76: CMakeFiles/demo01_server_cpp.dir/src/demo01_server_cpp.cpp.o] Error 1
[2.369s] gmake[1]: *** [CMakeFiles/Makefile2:137: CMakeFiles/demo01_server_cpp.dir/all] Error 2
[2.369s] gmake: *** [Makefile:146: all] Error 2
[2.371s] Invoked command in '/home/leomorningrain/code/ws01_plumbing/build/cpp02_service' returned '2': AMENT_PREFIX_PATH=/home/leomorningrain/code/ws01_plumbing/install/base_interfaces_demo:${AMENT_PREFIX_PATH} CMAKE_PREFIX_PATH=/home/leomorningrain/code/ws01_plumbing/install/base_interfaces_demo:/home/leomorningrain/code/sdk_mark2_mcnm/sdk_mark2_mcnm/install/xpkg_vehicle:/home/leomorningrain/code/sdk_mark2_mcnm/sdk_mark2_mcnm/install/xpkg_urdf_mark2_mcnm:/home/leomorningrain/code/sdk_mark2_mcnm/sdk_mark2_mcnm/install/xpkg_comm:/home/leomorningrain/code/sdk_mark2_mcnm/sdk_mark2_mcnm/install/xpkg_msgs:/home/leomorningrain/code/sdk_mark2_mcnm/sdk_mark2_mcnm/install/xpkg_demo:/opt/ros/humble LD_LIBRARY_PATH=/home/leomorningrain/code/ws01_plumbing/install/base_interfaces_demo/lib:/home/leomorningrain/code/sdk_mark2_mcnm/sdk_mark2_mcnm/install/xpkg_msgs/lib:/opt/ros/humble/opt/rviz_ogre_vendor/lib:/opt/ros/humble/lib/x86_64-linux-gnu:/opt/ros/humble/lib:/usr/local/lib:/usr/local/lib PYTHONPATH=/home/leomorningrain/code/ws01_plumbing/install/base_interfaces_demo/local/lib/python3.10/dist-packages:${PYTHONPATH} /usr/bin/cmake --build /home/leomorningrain/code/ws01_plumbing/build/cpp02_service -- -j32 -l32
