[0.016s] Invoking command in '/home/leomorningrain/code/ros2-mecanum-bot/build/mecanumbot_teleop': CMAKE_PREFIX_PATH=${CMAKE_PREFIX_PATH}:/opt/ros/humble /usr/bin/cmake --build /home/leomorningrain/code/ros2-mecanum-bot/build/mecanumbot_teleop -- -j32 -l32
[0.055s] [100%] Built target mecanumbot_teleop
[0.063s] Invoked command in '/home/leomorningrain/code/ros2-mecanum-bot/build/mecanumbot_teleop' returned '0': CMAKE_PREFIX_PATH=${CMAKE_PREFIX_PATH}:/opt/ros/humble /usr/bin/cmake --build /home/leomorningrain/code/ros2-mecanum-bot/build/mecanumbot_teleop -- -j32 -l32
[0.086s] Invoking command in '/home/leomorningrain/code/ros2-mecanum-bot/build/mecanumbot_teleop': CMAKE_PREFIX_PATH=${CMAKE_PREFIX_PATH}:/opt/ros/humble /usr/bin/cmake --install /home/leomorningrain/code/ros2-mecanum-bot/build/mecanumbot_teleop
[0.092s] -- Install configuration: ""
[0.092s] -- Execute custom install script
[0.092s] -- Up-to-date symlink: /home/leomorningrain/code/ros2-mecanum-bot/install/mecanumbot_teleop/share/mecanumbot_teleop/config/teleop_config.yaml
[0.092s] -- Up-to-date symlink: /home/leomorningrain/code/ros2-mecanum-bot/install/mecanumbot_teleop/lib/mecanumbot_teleop/mecanumbot_teleop
[0.092s] -- Up-to-date symlink: /home/leomorningrain/code/ros2-mecanum-bot/install/mecanumbot_teleop/share/ament_index/resource_index/package_run_dependencies/mecanumbot_teleop
[0.092s] -- Up-to-date symlink: /home/leomorningrain/code/ros2-mecanum-bot/install/mecanumbot_teleop/share/ament_index/resource_index/parent_prefix_path/mecanumbot_teleop
[0.092s] -- Up-to-date symlink: /home/leomorningrain/code/ros2-mecanum-bot/install/mecanumbot_teleop/share/mecanumbot_teleop/environment/ament_prefix_path.sh
[0.092s] -- Up-to-date symlink: /home/leomorningrain/code/ros2-mecanum-bot/install/mecanumbot_teleop/share/mecanumbot_teleop/environment/ament_prefix_path.dsv
[0.092s] -- Up-to-date symlink: /home/leomorningrain/code/ros2-mecanum-bot/install/mecanumbot_teleop/share/mecanumbot_teleop/environment/path.sh
[0.092s] -- Up-to-date symlink: /home/leomorningrain/code/ros2-mecanum-bot/install/mecanumbot_teleop/share/mecanumbot_teleop/environment/path.dsv
[0.092s] -- Up-to-date symlink: /home/leomorningrain/code/ros2-mecanum-bot/install/mecanumbot_teleop/share/mecanumbot_teleop/local_setup.bash
[0.093s] -- Up-to-date symlink: /home/leomorningrain/code/ros2-mecanum-bot/install/mecanumbot_teleop/share/mecanumbot_teleop/local_setup.sh
[0.093s] -- Up-to-date symlink: /home/leomorningrain/code/ros2-mecanum-bot/install/mecanumbot_teleop/share/mecanumbot_teleop/local_setup.zsh
[0.093s] -- Up-to-date symlink: /home/leomorningrain/code/ros2-mecanum-bot/install/mecanumbot_teleop/share/mecanumbot_teleop/local_setup.dsv
[0.093s] -- Symlinking: /home/leomorningrain/code/ros2-mecanum-bot/install/mecanumbot_teleop/share/mecanumbot_teleop/package.dsv
[0.098s] -- Up-to-date symlink: /home/leomorningrain/code/ros2-mecanum-bot/install/mecanumbot_teleop/share/ament_index/resource_index/packages/mecanumbot_teleop
[0.098s] -- Up-to-date symlink: /home/leomorningrain/code/ros2-mecanum-bot/install/mecanumbot_teleop/share/mecanumbot_teleop/cmake/mecanumbot_teleopConfig.cmake
[0.098s] -- Up-to-date symlink: /home/leomorningrain/code/ros2-mecanum-bot/install/mecanumbot_teleop/share/mecanumbot_teleop/cmake/mecanumbot_teleopConfig-version.cmake
[0.098s] -- Up-to-date symlink: /home/leomorningrain/code/ros2-mecanum-bot/install/mecanumbot_teleop/share/mecanumbot_teleop/package.xml
[0.131s] Invoked command in '/home/leomorningrain/code/ros2-mecanum-bot/build/mecanumbot_teleop' returned '0': CMAKE_PREFIX_PATH=${CMAKE_PREFIX_PATH}:/opt/ros/humble /usr/bin/cmake --install /home/leomorningrain/code/ros2-mecanum-bot/build/mecanumbot_teleop
