[0.042s] DEBUG:colcon:Command line arguments: ['/usr/bin/colcon', 'list', '-p', '--base-paths', '/home/leomorningrain/code/ros2-mecanum-bot']
[0.042s] DEBUG:colcon:Parsed command line arguments: Namespace(log_base=None, log_level=None, verb_name='list', build_base='build', ignore_user_meta=False, metas=['./colcon.meta'], base_paths=['/home/leomorningrain/code/ros2-mecanum-bot'], packages_ignore=None, packages_ignore_regex=None, paths=None, packages_up_to=None, packages_up_to_regex=None, packages_above=None, packages_above_and_dependencies=None, packages_above_depth=None, packages_select_by_dep=None, packages_skip_by_dep=None, packages_skip_up_to=None, packages_select_build_failed=False, packages_skip_build_finished=False, packages_select_test_failures=False, packages_skip_test_passed=False, packages_select=None, packages_skip=None, packages_select_regex=None, packages_skip_regex=None, packages_start=None, packages_end=None, allow_overriding=[], topological_order=False, names_only=False, paths_only=True, topological_graph=False, topological_graph_dot=False, topological_graph_density=False, topological_graph_legend=False, topological_graph_dot_cluster=False, topological_graph_dot_include_skipped=False, verb_parser=<colcon_defaults.argument_parser.defaults.DefaultArgumentsDecorator object at 0x75b077a312d0>, verb_extension=<colcon_package_information.verb.list.ListVerb object at 0x75b077a30070>, main=<bound method ListVerb.main of <colcon_package_information.verb.list.ListVerb object at 0x75b077a30070>>)
[0.117s] Level 1:colcon.colcon_core.package_discovery:discover_packages(colcon_meta) check parameters
[0.117s] Level 1:colcon.colcon_core.package_discovery:discover_packages(recursive) check parameters
[0.117s] Level 1:colcon.colcon_core.package_discovery:discover_packages(ignore) check parameters
[0.117s] Level 1:colcon.colcon_core.package_discovery:discover_packages(path) check parameters
[0.117s] Level 1:colcon.colcon_core.package_discovery:discover_packages(recursive) discover
[0.117s] INFO:colcon.colcon_core.package_discovery:Crawling recursively for packages in '/home/leomorningrain/code/ros2-mecanum-bot'
[0.118s] Level 1:colcon.colcon_core.package_identification:_identify(/home/leomorningrain/code/ros2-mecanum-bot) by extensions ['ignore', 'ignore_ament_install']
[0.118s] Level 1:colcon.colcon_core.package_identification:_identify(/home/leomorningrain/code/ros2-mecanum-bot) by extension 'ignore'
[0.118s] Level 1:colcon.colcon_core.package_identification:_identify(/home/leomorningrain/code/ros2-mecanum-bot) by extension 'ignore_ament_install'
[0.118s] Level 1:colcon.colcon_core.package_identification:_identify(/home/leomorningrain/code/ros2-mecanum-bot) by extensions ['colcon_pkg']
[0.118s] Level 1:colcon.colcon_core.package_identification:_identify(/home/leomorningrain/code/ros2-mecanum-bot) by extension 'colcon_pkg'
[0.118s] Level 1:colcon.colcon_core.package_identification:_identify(/home/leomorningrain/code/ros2-mecanum-bot) by extensions ['colcon_meta']
[0.118s] Level 1:colcon.colcon_core.package_identification:_identify(/home/leomorningrain/code/ros2-mecanum-bot) by extension 'colcon_meta'
[0.118s] Level 1:colcon.colcon_core.package_identification:_identify(/home/leomorningrain/code/ros2-mecanum-bot) by extensions ['ros']
[0.118s] Level 1:colcon.colcon_core.package_identification:_identify(/home/leomorningrain/code/ros2-mecanum-bot) by extension 'ros'
[0.124s] Level 1:colcon.colcon_core.package_identification:_identify(/home/leomorningrain/code/ros2-mecanum-bot) by extensions ['cmake', 'python']
[0.124s] Level 1:colcon.colcon_core.package_identification:_identify(/home/leomorningrain/code/ros2-mecanum-bot) by extension 'cmake'
[0.124s] Level 1:colcon.colcon_core.package_identification:_identify(/home/leomorningrain/code/ros2-mecanum-bot) by extension 'python'
[0.124s] Level 1:colcon.colcon_core.package_identification:_identify(/home/leomorningrain/code/ros2-mecanum-bot) by extensions ['python_setup_py']
[0.124s] Level 1:colcon.colcon_core.package_identification:_identify(/home/leomorningrain/code/ros2-mecanum-bot) by extension 'python_setup_py'
[0.124s] Level 1:colcon.colcon_core.package_identification:_identify(/home/leomorningrain/code/ros2-mecanum-bot/log) by extensions ['ignore', 'ignore_ament_install']
[0.124s] Level 1:colcon.colcon_core.package_identification:_identify(/home/leomorningrain/code/ros2-mecanum-bot/log) by extension 'ignore'
[0.124s] Level 1:colcon.colcon_core.package_identification:_identify(/home/leomorningrain/code/ros2-mecanum-bot/log) ignored
[0.125s] Level 1:colcon.colcon_core.package_identification:_identify(/home/leomorningrain/code/ros2-mecanum-bot/src) by extensions ['ignore', 'ignore_ament_install']
[0.125s] Level 1:colcon.colcon_core.package_identification:_identify(/home/leomorningrain/code/ros2-mecanum-bot/src) by extension 'ignore'
[0.125s] Level 1:colcon.colcon_core.package_identification:_identify(/home/leomorningrain/code/ros2-mecanum-bot/src) by extension 'ignore_ament_install'
[0.125s] Level 1:colcon.colcon_core.package_identification:_identify(/home/leomorningrain/code/ros2-mecanum-bot/src) by extensions ['colcon_pkg']
[0.125s] Level 1:colcon.colcon_core.package_identification:_identify(/home/leomorningrain/code/ros2-mecanum-bot/src) by extension 'colcon_pkg'
[0.125s] Level 1:colcon.colcon_core.package_identification:_identify(/home/leomorningrain/code/ros2-mecanum-bot/src) by extensions ['colcon_meta']
[0.125s] Level 1:colcon.colcon_core.package_identification:_identify(/home/leomorningrain/code/ros2-mecanum-bot/src) by extension 'colcon_meta'
[0.125s] Level 1:colcon.colcon_core.package_identification:_identify(/home/leomorningrain/code/ros2-mecanum-bot/src) by extensions ['ros']
[0.125s] Level 1:colcon.colcon_core.package_identification:_identify(/home/leomorningrain/code/ros2-mecanum-bot/src) by extension 'ros'
[0.125s] Level 1:colcon.colcon_core.package_identification:_identify(/home/leomorningrain/code/ros2-mecanum-bot/src) by extensions ['cmake', 'python']
[0.125s] Level 1:colcon.colcon_core.package_identification:_identify(/home/leomorningrain/code/ros2-mecanum-bot/src) by extension 'cmake'
[0.125s] Level 1:colcon.colcon_core.package_identification:_identify(/home/leomorningrain/code/ros2-mecanum-bot/src) by extension 'python'
[0.125s] Level 1:colcon.colcon_core.package_identification:_identify(/home/leomorningrain/code/ros2-mecanum-bot/src) by extensions ['python_setup_py']
[0.125s] Level 1:colcon.colcon_core.package_identification:_identify(/home/leomorningrain/code/ros2-mecanum-bot/src) by extension 'python_setup_py'
[0.125s] Level 1:colcon.colcon_core.package_identification:_identify(/home/leomorningrain/code/ros2-mecanum-bot/src/ros2-mecanum-bot) by extensions ['ignore', 'ignore_ament_install']
[0.125s] Level 1:colcon.colcon_core.package_identification:_identify(/home/leomorningrain/code/ros2-mecanum-bot/src/ros2-mecanum-bot) by extension 'ignore'
[0.125s] Level 1:colcon.colcon_core.package_identification:_identify(/home/leomorningrain/code/ros2-mecanum-bot/src/ros2-mecanum-bot) by extension 'ignore_ament_install'
[0.125s] Level 1:colcon.colcon_core.package_identification:_identify(/home/leomorningrain/code/ros2-mecanum-bot/src/ros2-mecanum-bot) by extensions ['colcon_pkg']
[0.125s] Level 1:colcon.colcon_core.package_identification:_identify(/home/leomorningrain/code/ros2-mecanum-bot/src/ros2-mecanum-bot) by extension 'colcon_pkg'
[0.125s] Level 1:colcon.colcon_core.package_identification:_identify(/home/leomorningrain/code/ros2-mecanum-bot/src/ros2-mecanum-bot) by extensions ['colcon_meta']
[0.125s] Level 1:colcon.colcon_core.package_identification:_identify(/home/leomorningrain/code/ros2-mecanum-bot/src/ros2-mecanum-bot) by extension 'colcon_meta'
[0.125s] Level 1:colcon.colcon_core.package_identification:_identify(/home/leomorningrain/code/ros2-mecanum-bot/src/ros2-mecanum-bot) by extensions ['ros']
[0.125s] Level 1:colcon.colcon_core.package_identification:_identify(/home/leomorningrain/code/ros2-mecanum-bot/src/ros2-mecanum-bot) by extension 'ros'
[0.125s] Level 1:colcon.colcon_core.package_identification:_identify(/home/leomorningrain/code/ros2-mecanum-bot/src/ros2-mecanum-bot) by extensions ['cmake', 'python']
[0.125s] Level 1:colcon.colcon_core.package_identification:_identify(/home/leomorningrain/code/ros2-mecanum-bot/src/ros2-mecanum-bot) by extension 'cmake'
[0.125s] Level 1:colcon.colcon_core.package_identification:_identify(/home/leomorningrain/code/ros2-mecanum-bot/src/ros2-mecanum-bot) by extension 'python'
[0.125s] Level 1:colcon.colcon_core.package_identification:_identify(/home/leomorningrain/code/ros2-mecanum-bot/src/ros2-mecanum-bot) by extensions ['python_setup_py']
[0.125s] Level 1:colcon.colcon_core.package_identification:_identify(/home/leomorningrain/code/ros2-mecanum-bot/src/ros2-mecanum-bot) by extension 'python_setup_py'
[0.125s] Level 1:colcon.colcon_core.package_identification:_identify(/home/leomorningrain/code/ros2-mecanum-bot/src/ros2-mecanum-bot/mecanumbot_bringup) by extensions ['ignore', 'ignore_ament_install']
[0.125s] Level 1:colcon.colcon_core.package_identification:_identify(/home/leomorningrain/code/ros2-mecanum-bot/src/ros2-mecanum-bot/mecanumbot_bringup) by extension 'ignore'
[0.125s] Level 1:colcon.colcon_core.package_identification:_identify(/home/leomorningrain/code/ros2-mecanum-bot/src/ros2-mecanum-bot/mecanumbot_bringup) by extension 'ignore_ament_install'
[0.125s] Level 1:colcon.colcon_core.package_identification:_identify(/home/leomorningrain/code/ros2-mecanum-bot/src/ros2-mecanum-bot/mecanumbot_bringup) by extensions ['colcon_pkg']
[0.125s] Level 1:colcon.colcon_core.package_identification:_identify(/home/leomorningrain/code/ros2-mecanum-bot/src/ros2-mecanum-bot/mecanumbot_bringup) by extension 'colcon_pkg'
[0.125s] Level 1:colcon.colcon_core.package_identification:_identify(/home/leomorningrain/code/ros2-mecanum-bot/src/ros2-mecanum-bot/mecanumbot_bringup) by extensions ['colcon_meta']
[0.125s] Level 1:colcon.colcon_core.package_identification:_identify(/home/leomorningrain/code/ros2-mecanum-bot/src/ros2-mecanum-bot/mecanumbot_bringup) by extension 'colcon_meta'
[0.125s] Level 1:colcon.colcon_core.package_identification:_identify(/home/leomorningrain/code/ros2-mecanum-bot/src/ros2-mecanum-bot/mecanumbot_bringup) by extensions ['ros']
[0.125s] Level 1:colcon.colcon_core.package_identification:_identify(/home/leomorningrain/code/ros2-mecanum-bot/src/ros2-mecanum-bot/mecanumbot_bringup) by extension 'ros'
[0.127s] DEBUG:colcon.colcon_core.package_identification:Package '/home/leomorningrain/code/ros2-mecanum-bot/src/ros2-mecanum-bot/mecanumbot_bringup' with type 'ros.ament_cmake' and name 'mecanumbot_bringup'
[0.127s] Level 1:colcon.colcon_core.package_identification:_identify(/home/leomorningrain/code/ros2-mecanum-bot/src/ros2-mecanum-bot/mecanumbot_control) by extensions ['ignore', 'ignore_ament_install']
[0.127s] Level 1:colcon.colcon_core.package_identification:_identify(/home/leomorningrain/code/ros2-mecanum-bot/src/ros2-mecanum-bot/mecanumbot_control) by extension 'ignore'
[0.127s] Level 1:colcon.colcon_core.package_identification:_identify(/home/leomorningrain/code/ros2-mecanum-bot/src/ros2-mecanum-bot/mecanumbot_control) by extension 'ignore_ament_install'
[0.127s] Level 1:colcon.colcon_core.package_identification:_identify(/home/leomorningrain/code/ros2-mecanum-bot/src/ros2-mecanum-bot/mecanumbot_control) by extensions ['colcon_pkg']
[0.127s] Level 1:colcon.colcon_core.package_identification:_identify(/home/leomorningrain/code/ros2-mecanum-bot/src/ros2-mecanum-bot/mecanumbot_control) by extension 'colcon_pkg'
[0.127s] Level 1:colcon.colcon_core.package_identification:_identify(/home/leomorningrain/code/ros2-mecanum-bot/src/ros2-mecanum-bot/mecanumbot_control) by extensions ['colcon_meta']
[0.127s] Level 1:colcon.colcon_core.package_identification:_identify(/home/leomorningrain/code/ros2-mecanum-bot/src/ros2-mecanum-bot/mecanumbot_control) by extension 'colcon_meta'
[0.127s] Level 1:colcon.colcon_core.package_identification:_identify(/home/leomorningrain/code/ros2-mecanum-bot/src/ros2-mecanum-bot/mecanumbot_control) by extensions ['ros']
[0.127s] Level 1:colcon.colcon_core.package_identification:_identify(/home/leomorningrain/code/ros2-mecanum-bot/src/ros2-mecanum-bot/mecanumbot_control) by extension 'ros'
[0.127s] DEBUG:colcon.colcon_core.package_identification:Package '/home/leomorningrain/code/ros2-mecanum-bot/src/ros2-mecanum-bot/mecanumbot_control' with type 'ros.ament_cmake' and name 'mecanumbot_control'
[0.127s] Level 1:colcon.colcon_core.package_identification:_identify(/home/leomorningrain/code/ros2-mecanum-bot/src/ros2-mecanum-bot/mecanumbot_controller) by extensions ['ignore', 'ignore_ament_install']
[0.127s] Level 1:colcon.colcon_core.package_identification:_identify(/home/leomorningrain/code/ros2-mecanum-bot/src/ros2-mecanum-bot/mecanumbot_controller) by extension 'ignore'
[0.127s] Level 1:colcon.colcon_core.package_identification:_identify(/home/leomorningrain/code/ros2-mecanum-bot/src/ros2-mecanum-bot/mecanumbot_controller) by extension 'ignore_ament_install'
[0.127s] Level 1:colcon.colcon_core.package_identification:_identify(/home/leomorningrain/code/ros2-mecanum-bot/src/ros2-mecanum-bot/mecanumbot_controller) by extensions ['colcon_pkg']
[0.127s] Level 1:colcon.colcon_core.package_identification:_identify(/home/leomorningrain/code/ros2-mecanum-bot/src/ros2-mecanum-bot/mecanumbot_controller) by extension 'colcon_pkg'
[0.127s] Level 1:colcon.colcon_core.package_identification:_identify(/home/leomorningrain/code/ros2-mecanum-bot/src/ros2-mecanum-bot/mecanumbot_controller) by extensions ['colcon_meta']
[0.127s] Level 1:colcon.colcon_core.package_identification:_identify(/home/leomorningrain/code/ros2-mecanum-bot/src/ros2-mecanum-bot/mecanumbot_controller) by extension 'colcon_meta'
[0.127s] Level 1:colcon.colcon_core.package_identification:_identify(/home/leomorningrain/code/ros2-mecanum-bot/src/ros2-mecanum-bot/mecanumbot_controller) by extensions ['ros']
[0.127s] Level 1:colcon.colcon_core.package_identification:_identify(/home/leomorningrain/code/ros2-mecanum-bot/src/ros2-mecanum-bot/mecanumbot_controller) by extension 'ros'
[0.128s] DEBUG:colcon.colcon_core.package_identification:Package '/home/leomorningrain/code/ros2-mecanum-bot/src/ros2-mecanum-bot/mecanumbot_controller' with type 'ros.ament_cmake' and name 'mecanumbot_controller'
[0.128s] Level 1:colcon.colcon_core.package_identification:_identify(/home/leomorningrain/code/ros2-mecanum-bot/src/ros2-mecanum-bot/mecanumbot_description) by extensions ['ignore', 'ignore_ament_install']
[0.128s] Level 1:colcon.colcon_core.package_identification:_identify(/home/leomorningrain/code/ros2-mecanum-bot/src/ros2-mecanum-bot/mecanumbot_description) by extension 'ignore'
[0.128s] Level 1:colcon.colcon_core.package_identification:_identify(/home/leomorningrain/code/ros2-mecanum-bot/src/ros2-mecanum-bot/mecanumbot_description) by extension 'ignore_ament_install'
[0.128s] Level 1:colcon.colcon_core.package_identification:_identify(/home/leomorningrain/code/ros2-mecanum-bot/src/ros2-mecanum-bot/mecanumbot_description) by extensions ['colcon_pkg']
[0.128s] Level 1:colcon.colcon_core.package_identification:_identify(/home/leomorningrain/code/ros2-mecanum-bot/src/ros2-mecanum-bot/mecanumbot_description) by extension 'colcon_pkg'
[0.128s] Level 1:colcon.colcon_core.package_identification:_identify(/home/leomorningrain/code/ros2-mecanum-bot/src/ros2-mecanum-bot/mecanumbot_description) by extensions ['colcon_meta']
[0.128s] Level 1:colcon.colcon_core.package_identification:_identify(/home/leomorningrain/code/ros2-mecanum-bot/src/ros2-mecanum-bot/mecanumbot_description) by extension 'colcon_meta'
[0.128s] Level 1:colcon.colcon_core.package_identification:_identify(/home/leomorningrain/code/ros2-mecanum-bot/src/ros2-mecanum-bot/mecanumbot_description) by extensions ['ros']
[0.128s] Level 1:colcon.colcon_core.package_identification:_identify(/home/leomorningrain/code/ros2-mecanum-bot/src/ros2-mecanum-bot/mecanumbot_description) by extension 'ros'
[0.128s] DEBUG:colcon.colcon_core.package_identification:Package '/home/leomorningrain/code/ros2-mecanum-bot/src/ros2-mecanum-bot/mecanumbot_description' with type 'ros.ament_cmake' and name 'mecanumbot_description'
[0.128s] Level 1:colcon.colcon_core.package_identification:_identify(/home/leomorningrain/code/ros2-mecanum-bot/src/ros2-mecanum-bot/mecanumbot_hardware) by extensions ['ignore', 'ignore_ament_install']
[0.129s] Level 1:colcon.colcon_core.package_identification:_identify(/home/leomorningrain/code/ros2-mecanum-bot/src/ros2-mecanum-bot/mecanumbot_hardware) by extension 'ignore'
[0.129s] Level 1:colcon.colcon_core.package_identification:_identify(/home/leomorningrain/code/ros2-mecanum-bot/src/ros2-mecanum-bot/mecanumbot_hardware) by extension 'ignore_ament_install'
[0.129s] Level 1:colcon.colcon_core.package_identification:_identify(/home/leomorningrain/code/ros2-mecanum-bot/src/ros2-mecanum-bot/mecanumbot_hardware) by extensions ['colcon_pkg']
[0.129s] Level 1:colcon.colcon_core.package_identification:_identify(/home/leomorningrain/code/ros2-mecanum-bot/src/ros2-mecanum-bot/mecanumbot_hardware) by extension 'colcon_pkg'
[0.129s] Level 1:colcon.colcon_core.package_identification:_identify(/home/leomorningrain/code/ros2-mecanum-bot/src/ros2-mecanum-bot/mecanumbot_hardware) by extensions ['colcon_meta']
[0.129s] Level 1:colcon.colcon_core.package_identification:_identify(/home/leomorningrain/code/ros2-mecanum-bot/src/ros2-mecanum-bot/mecanumbot_hardware) by extension 'colcon_meta'
[0.129s] Level 1:colcon.colcon_core.package_identification:_identify(/home/leomorningrain/code/ros2-mecanum-bot/src/ros2-mecanum-bot/mecanumbot_hardware) by extensions ['ros']
[0.129s] Level 1:colcon.colcon_core.package_identification:_identify(/home/leomorningrain/code/ros2-mecanum-bot/src/ros2-mecanum-bot/mecanumbot_hardware) by extension 'ros'
[0.129s] DEBUG:colcon.colcon_core.package_identification:Package '/home/leomorningrain/code/ros2-mecanum-bot/src/ros2-mecanum-bot/mecanumbot_hardware' with type 'ros.ament_cmake' and name 'mecanumbot_hardware'
[0.129s] Level 1:colcon.colcon_core.package_identification:_identify(/home/leomorningrain/code/ros2-mecanum-bot/src/ros2-mecanum-bot/mecanumbot_teleop) by extensions ['ignore', 'ignore_ament_install']
[0.129s] Level 1:colcon.colcon_core.package_identification:_identify(/home/leomorningrain/code/ros2-mecanum-bot/src/ros2-mecanum-bot/mecanumbot_teleop) by extension 'ignore'
[0.129s] Level 1:colcon.colcon_core.package_identification:_identify(/home/leomorningrain/code/ros2-mecanum-bot/src/ros2-mecanum-bot/mecanumbot_teleop) by extension 'ignore_ament_install'
[0.129s] Level 1:colcon.colcon_core.package_identification:_identify(/home/leomorningrain/code/ros2-mecanum-bot/src/ros2-mecanum-bot/mecanumbot_teleop) by extensions ['colcon_pkg']
[0.129s] Level 1:colcon.colcon_core.package_identification:_identify(/home/leomorningrain/code/ros2-mecanum-bot/src/ros2-mecanum-bot/mecanumbot_teleop) by extension 'colcon_pkg'
[0.129s] Level 1:colcon.colcon_core.package_identification:_identify(/home/leomorningrain/code/ros2-mecanum-bot/src/ros2-mecanum-bot/mecanumbot_teleop) by extensions ['colcon_meta']
[0.129s] Level 1:colcon.colcon_core.package_identification:_identify(/home/leomorningrain/code/ros2-mecanum-bot/src/ros2-mecanum-bot/mecanumbot_teleop) by extension 'colcon_meta'
[0.129s] Level 1:colcon.colcon_core.package_identification:_identify(/home/leomorningrain/code/ros2-mecanum-bot/src/ros2-mecanum-bot/mecanumbot_teleop) by extensions ['ros']
[0.129s] Level 1:colcon.colcon_core.package_identification:_identify(/home/leomorningrain/code/ros2-mecanum-bot/src/ros2-mecanum-bot/mecanumbot_teleop) by extension 'ros'
[0.130s] DEBUG:colcon.colcon_core.package_identification:Package '/home/leomorningrain/code/ros2-mecanum-bot/src/ros2-mecanum-bot/mecanumbot_teleop' with type 'ros.ament_cmake' and name 'mecanumbot_teleop'
[0.130s] Level 1:colcon.colcon_core.package_discovery:discover_packages(recursive) using defaults
