[0.008s] Invoking command in '/home/leomorningrain/code/ws01_plumbing/build/cpp02_service': AMENT_PREFIX_PATH=/home/leomorningrain/code/ws01_plumbing/install/base_interfaces_demo:${AMENT_PREFIX_PATH} CMAKE_PREFIX_PATH=/home/leomorningrain/code/ws01_plumbing/install/base_interfaces_demo:/opt/ros/humble LD_LIBRARY_PATH=/home/leomorningrain/code/ws01_plumbing/install/base_interfaces_demo/lib:/opt/ros/humble/opt/rviz_ogre_vendor/lib:/opt/ros/humble/lib/x86_64-linux-gnu:/opt/ros/humble/lib:/usr/local/lib:/usr/local/lib PYTHONPATH=/home/leomorningrain/code/ws01_plumbing/install/base_interfaces_demo/local/lib/python3.10/dist-packages:${PYTHONPATH} /usr/bin/cmake --build /home/leomorningrain/code/ws01_plumbing/build/cpp02_service -- -j32 -l32
[0.039s] [35m[1mConsolidate compiler generated dependencies of target demo01_server_cpp[0m
[0.047s] [ 50%] [32mBuilding CXX object CMakeFiles/demo01_server_cpp.dir/src/demo01_server_cpp.cpp.o[0m
[1.631s] [100%] [32m[1mLinking CXX executable demo01_server_cpp[0m
[1.718s] [100%] Built target demo01_server_cpp
[1.724s] Invoked command in '/home/leomorningrain/code/ws01_plumbing/build/cpp02_service' returned '0': AMENT_PREFIX_PATH=/home/leomorningrain/code/ws01_plumbing/install/base_interfaces_demo:${AMENT_PREFIX_PATH} CMAKE_PREFIX_PATH=/home/leomorningrain/code/ws01_plumbing/install/base_interfaces_demo:/opt/ros/humble LD_LIBRARY_PATH=/home/leomorningrain/code/ws01_plumbing/install/base_interfaces_demo/lib:/opt/ros/humble/opt/rviz_ogre_vendor/lib:/opt/ros/humble/lib/x86_64-linux-gnu:/opt/ros/humble/lib:/usr/local/lib:/usr/local/lib PYTHONPATH=/home/leomorningrain/code/ws01_plumbing/install/base_interfaces_demo/local/lib/python3.10/dist-packages:${PYTHONPATH} /usr/bin/cmake --build /home/leomorningrain/code/ws01_plumbing/build/cpp02_service -- -j32 -l32
[1.746s] Invoking command in '/home/leomorningrain/code/ws01_plumbing/build/cpp02_service': AMENT_PREFIX_PATH=/home/leomorningrain/code/ws01_plumbing/install/base_interfaces_demo:${AMENT_PREFIX_PATH} CMAKE_PREFIX_PATH=/home/leomorningrain/code/ws01_plumbing/install/base_interfaces_demo:/opt/ros/humble LD_LIBRARY_PATH=/home/leomorningrain/code/ws01_plumbing/install/base_interfaces_demo/lib:/opt/ros/humble/opt/rviz_ogre_vendor/lib:/opt/ros/humble/lib/x86_64-linux-gnu:/opt/ros/humble/lib:/usr/local/lib:/usr/local/lib PYTHONPATH=/home/leomorningrain/code/ws01_plumbing/install/base_interfaces_demo/local/lib/python3.10/dist-packages:${PYTHONPATH} /usr/bin/cmake --install /home/leomorningrain/code/ws01_plumbing/build/cpp02_service
[1.752s] -- Install configuration: ""
[1.752s] -- Installing: /home/leomorningrain/code/ws01_plumbing/install/cpp02_service/lib/cpp02_service/demo01_server_cpp
[1.753s] -- Set runtime path of "/home/leomorningrain/code/ws01_plumbing/install/cpp02_service/lib/cpp02_service/demo01_server_cpp" to ""
[1.753s] -- Up-to-date: /home/leomorningrain/code/ws01_plumbing/install/cpp02_service/share/ament_index/resource_index/package_run_dependencies/cpp02_service
[1.753s] -- Up-to-date: /home/leomorningrain/code/ws01_plumbing/install/cpp02_service/share/ament_index/resource_index/parent_prefix_path/cpp02_service
[1.753s] -- Up-to-date: /home/leomorningrain/code/ws01_plumbing/install/cpp02_service/share/cpp02_service/environment/ament_prefix_path.sh
[1.754s] -- Up-to-date: /home/leomorningrain/code/ws01_plumbing/install/cpp02_service/share/cpp02_service/environment/ament_prefix_path.dsv
[1.754s] -- Up-to-date: /home/leomorningrain/code/ws01_plumbing/install/cpp02_service/share/cpp02_service/environment/path.sh
[1.754s] -- Up-to-date: /home/leomorningrain/code/ws01_plumbing/install/cpp02_service/share/cpp02_service/environment/path.dsv
[1.754s] -- Up-to-date: /home/leomorningrain/code/ws01_plumbing/install/cpp02_service/share/cpp02_service/local_setup.bash
[1.754s] -- Up-to-date: /home/leomorningrain/code/ws01_plumbing/install/cpp02_service/share/cpp02_service/local_setup.sh
[1.754s] -- Up-to-date: /home/leomorningrain/code/ws01_plumbing/install/cpp02_service/share/cpp02_service/local_setup.zsh
[1.754s] -- Up-to-date: /home/leomorningrain/code/ws01_plumbing/install/cpp02_service/share/cpp02_service/local_setup.dsv
[1.755s] -- Installing: /home/leomorningrain/code/ws01_plumbing/install/cpp02_service/share/cpp02_service/package.dsv
[1.755s] -- Up-to-date: /home/leomorningrain/code/ws01_plumbing/install/cpp02_service/share/ament_index/resource_index/packages/cpp02_service
[1.755s] -- Up-to-date: /home/leomorningrain/code/ws01_plumbing/install/cpp02_service/share/cpp02_service/cmake/cpp02_serviceConfig.cmake
[1.756s] -- Up-to-date: /home/leomorningrain/code/ws01_plumbing/install/cpp02_service/share/cpp02_service/cmake/cpp02_serviceConfig-version.cmake
[1.756s] -- Up-to-date: /home/leomorningrain/code/ws01_plumbing/install/cpp02_service/share/cpp02_service/package.xml
[1.756s] Invoked command in '/home/leomorningrain/code/ws01_plumbing/build/cpp02_service' returned '0': AMENT_PREFIX_PATH=/home/leomorningrain/code/ws01_plumbing/install/base_interfaces_demo:${AMENT_PREFIX_PATH} CMAKE_PREFIX_PATH=/home/leomorningrain/code/ws01_plumbing/install/base_interfaces_demo:/opt/ros/humble LD_LIBRARY_PATH=/home/leomorningrain/code/ws01_plumbing/install/base_interfaces_demo/lib:/opt/ros/humble/opt/rviz_ogre_vendor/lib:/opt/ros/humble/lib/x86_64-linux-gnu:/opt/ros/humble/lib:/usr/local/lib:/usr/local/lib PYTHONPATH=/home/leomorningrain/code/ws01_plumbing/install/base_interfaces_demo/local/lib/python3.10/dist-packages:${PYTHONPATH} /usr/bin/cmake --install /home/leomorningrain/code/ws01_plumbing/build/cpp02_service
