[0.157s] Invoking command in '/home/leomorningrain/code/town_ws/build/village_wang': CMAKE_PREFIX_PATH=/home/leomorningrain/code/town_ws/install/village_li:/opt/ros/humble /usr/bin/cmake /home/leomorningrain/code/town_ws/src/village_wang -DAMENT_CMAKE_SYMLINK_INSTALL=1 -DCMAKE_INSTALL_PREFIX=/home/leomorningrain/code/town_ws/install/village_wang
[0.168s] -- Found ament_cmake: 1.3.8 (/opt/ros/humble/share/ament_cmake/cmake)
[0.230s] -- Override CMake install command with custom implementation using symlinks instead of copying resources
[0.238s] -- Found rclcpp: 16.0.8 (/opt/ros/humble/share/rclcpp/cmake)
[0.257s] -- Found rosidl_generator_c: 3.1.5 (/opt/ros/humble/share/rosidl_generator_c/cmake)
[0.259s] -- Found rosidl_adapter: 3.1.5 (/opt/ros/humble/share/rosidl_adapter/cmake)
[0.263s] -- Found rosidl_generator_cpp: 3.1.5 (/opt/ros/humble/share/rosidl_generator_cpp/cmake)
[0.269s] -- Using all available rosidl_typesupport_c: rosidl_typesupport_fastrtps_c;rosidl_typesupport_introspection_c
[0.281s] -- Using all available rosidl_typesupport_cpp: rosidl_typesupport_fastrtps_cpp;rosidl_typesupport_introspection_cpp
[0.317s] -- Found rmw_implementation_cmake: 6.1.1 (/opt/ros/humble/share/rmw_implementation_cmake/cmake)
[0.318s] -- Found rmw_fastrtps_cpp: 6.2.6 (/opt/ros/humble/share/rmw_fastrtps_cpp/cmake)
[0.377s] -- Using RMW implementation 'rmw_fastrtps_cpp' as default
[0.464s] -- Found ament_lint_auto: 0.12.10 (/opt/ros/humble/share/ament_lint_auto/cmake)
[0.506s] -- Added test 'cppcheck' to perform static code analysis on C / C++ code
[0.506s] -- Configured cppcheck include dirs: 
[0.506s] -- Configured cppcheck exclude dirs and/or files: 
[0.506s] -- Added test 'lint_cmake' to check CMake code style
[0.506s] -- Added test 'uncrustify' to check C / C++ code style
[0.506s] -- Configured uncrustify additional arguments: 
[0.506s] -- Added test 'xmllint' to check XML markup files
[0.508s] [31mCMake Error at /opt/ros/humble/share/ament_cmake_core/cmake/symlink_install/install.cmake:43 (_install):
[0.508s]   _install does not recognize sub-command TARGET
[0.508s] Call Stack (most recent call first):
[0.508s]   CMakeLists.txt:28 (install)
[0.508s] 
[0.508s] [0m
[0.508s] -- Configuring incomplete, errors occurred!
[0.508s] See also "/home/leomorningrain/code/town_ws/build/village_wang/CMakeFiles/CMakeOutput.log".
[0.514s] Invoked command in '/home/leomorningrain/code/town_ws/build/village_wang' returned '1': CMAKE_PREFIX_PATH=/home/leomorningrain/code/town_ws/install/village_li:/opt/ros/humble /usr/bin/cmake /home/leomorningrain/code/town_ws/src/village_wang -DAMENT_CMAKE_SYMLINK_INSTALL=1 -DCMAKE_INSTALL_PREFIX=/home/leomorningrain/code/town_ws/install/village_wang
