Determining if the function sgemm_ exists failed with the following output:
Change Dir: /home/leomorningrain/code/ceresCurveFitting/build/CMakeFiles/CMakeTmp

Run Build Command(s):/usr/bin/gmake -f Makefile cmTC_fb1e0/fast && /usr/bin/gmake  -f CMakeFiles/cmTC_fb1e0.dir/build.make CMakeFiles/cmTC_fb1e0.dir/build
gmake[1]: Entering directory '/home/leomorningrain/code/ceresCurveFitting/build/CMakeFiles/CMakeTmp'
Building C object CMakeFiles/cmTC_fb1e0.dir/CheckFunctionExists.c.o
/usr/bin/cc   -DCHECK_FUNCTION_EXISTS=sgemm_ -o CMakeFiles/cmTC_fb1e0.dir/CheckFunctionExists.c.o -c /usr/share/cmake-3.22/Modules/CheckFunctionExists.c
Linking C executable cmTC_fb1e0
/usr/bin/cmake -E cmake_link_script CMakeFiles/cmTC_fb1e0.dir/link.txt --verbose=1
/usr/bin/cc  -DCHECK_FUNCTION_EXISTS=sgemm_ CMakeFiles/cmTC_fb1e0.dir/CheckFunctionExists.c.o -o cmTC_fb1e0 
/usr/bin/ld: CMakeFiles/cmTC_fb1e0.dir/CheckFunctionExists.c.o: in function `main':
CheckFunctionExists.c:(.text+0x14): undefined reference to `sgemm_'
collect2: error: ld returned 1 exit status
gmake[1]: *** [CMakeFiles/cmTC_fb1e0.dir/build.make:99: cmTC_fb1e0] Error 1
gmake[1]: Leaving directory '/home/leomorningrain/code/ceresCurveFitting/build/CMakeFiles/CMakeTmp'
gmake: *** [Makefile:127: cmTC_fb1e0/fast] Error 2



Determining if the function cheev_ exists failed with the following output:
Change Dir: /home/leomorningrain/code/ceresCurveFitting/build/CMakeFiles/CMakeTmp

Run Build Command(s):/usr/bin/gmake -f Makefile cmTC_a2966/fast && /usr/bin/gmake  -f CMakeFiles/cmTC_a2966.dir/build.make CMakeFiles/cmTC_a2966.dir/build
gmake[1]: Entering directory '/home/leomorningrain/code/ceresCurveFitting/build/CMakeFiles/CMakeTmp'
Building C object CMakeFiles/cmTC_a2966.dir/CheckFunctionExists.c.o
/usr/bin/cc   -DCHECK_FUNCTION_EXISTS=cheev_ -o CMakeFiles/cmTC_a2966.dir/CheckFunctionExists.c.o -c /usr/share/cmake-3.22/Modules/CheckFunctionExists.c
Linking C executable cmTC_a2966
/usr/bin/cmake -E cmake_link_script CMakeFiles/cmTC_a2966.dir/link.txt --verbose=1
/usr/bin/cc  -DCHECK_FUNCTION_EXISTS=cheev_ CMakeFiles/cmTC_a2966.dir/CheckFunctionExists.c.o -o cmTC_a2966  /usr/lib/x86_64-linux-gnu/libblas.so /usr/lib/x86_64-linux-gnu/libf77blas.so /usr/lib/x86_64-linux-gnu/libatlas.so -lm -ldl 
/usr/bin/ld: CMakeFiles/cmTC_a2966.dir/CheckFunctionExists.c.o: in function `main':
CheckFunctionExists.c:(.text+0x14): undefined reference to `cheev_'
collect2: error: ld returned 1 exit status
gmake[1]: *** [CMakeFiles/cmTC_a2966.dir/build.make:102: cmTC_a2966] Error 1
gmake[1]: Leaving directory '/home/leomorningrain/code/ceresCurveFitting/build/CMakeFiles/CMakeTmp'
gmake: *** [Makefile:127: cmTC_a2966/fast] Error 2



Determining if the function cheev_ exists failed with the following output:
Change Dir: /home/leomorningrain/code/ceresCurveFitting/build/CMakeFiles/CMakeTmp

Run Build Command(s):/usr/bin/gmake -f Makefile cmTC_1c6e7/fast && /usr/bin/gmake  -f CMakeFiles/cmTC_1c6e7.dir/build.make CMakeFiles/cmTC_1c6e7.dir/build
gmake[1]: Entering directory '/home/leomorningrain/code/ceresCurveFitting/build/CMakeFiles/CMakeTmp'
Building C object CMakeFiles/cmTC_1c6e7.dir/CheckFunctionExists.c.o
/usr/bin/cc   -DCHECK_FUNCTION_EXISTS=cheev_ -o CMakeFiles/cmTC_1c6e7.dir/CheckFunctionExists.c.o -c /usr/share/cmake-3.22/Modules/CheckFunctionExists.c
Linking C executable cmTC_1c6e7
/usr/bin/cmake -E cmake_link_script CMakeFiles/cmTC_1c6e7.dir/link.txt --verbose=1
/usr/bin/cc  -DCHECK_FUNCTION_EXISTS=cheev_ CMakeFiles/cmTC_1c6e7.dir/CheckFunctionExists.c.o -o cmTC_1c6e7  /usr/lib/x86_64-linux-gnu/liblapack.so /usr/lib/x86_64-linux-gnu/libblas.so /usr/lib/x86_64-linux-gnu/libf77blas.so /usr/lib/x86_64-linux-gnu/libatlas.so -fortranlibs 
cc: error: unrecognized command-line option ‘-fortranlibs’
gmake[1]: *** [CMakeFiles/cmTC_1c6e7.dir/build.make:103: cmTC_1c6e7] Error 1
gmake[1]: Leaving directory '/home/leomorningrain/code/ceresCurveFitting/build/CMakeFiles/CMakeTmp'
gmake: *** [Makefile:127: cmTC_1c6e7/fast] Error 2



