[0.012s] Invoking command in '/home/leomorningrain/code/ros2-mecanum-bot/build/mecanumbot_teleop': CMAKE_PREFIX_PATH=/opt/ros/humble /usr/bin/cmake /home/leomorningrain/code/ros2-mecanum-bot/src/ros2-mecanum-bot/mecanumbot_teleop -DCMAKE_INSTALL_PREFIX=/home/leomorningrain/code/ros2-mecanum-bot/install/mecanumbot_teleop
[0.018s] -- Found ament_cmake: 1.3.8 (/opt/ros/humble/share/ament_cmake/cmake)
[0.082s] -- Override CMake install command with custom implementation using symlinks instead of copying resources
[0.086s] -- Found rclcpp: 16.0.8 (/opt/ros/humble/share/rclcpp/cmake)
[0.105s] -- Found rosidl_generator_c: 3.1.5 (/opt/ros/humble/share/rosidl_generator_c/cmake)
[0.106s] -- Found rosidl_adapter: 3.1.5 (/opt/ros/humble/share/rosidl_adapter/cmake)
[0.110s] -- Found rosidl_generator_cpp: 3.1.5 (/opt/ros/humble/share/rosidl_generator_cpp/cmake)
[0.117s] -- Using all available rosidl_typesupport_c: rosidl_typesupport_fastrtps_c;rosidl_typesupport_introspection_c
[0.127s] -- Using all available rosidl_typesupport_cpp: rosidl_typesupport_fastrtps_cpp;rosidl_typesupport_introspection_cpp
[0.164s] -- Found rmw_implementation_cmake: 6.1.1 (/opt/ros/humble/share/rmw_implementation_cmake/cmake)
[0.165s] -- Found rmw_fastrtps_cpp: 6.2.6 (/opt/ros/humble/share/rmw_fastrtps_cpp/cmake)
[0.243s] -- Using RMW implementation 'rmw_fastrtps_cpp' as default
[0.344s] -- Found sensor_msgs: 4.2.3 (/opt/ros/humble/share/sensor_msgs/cmake)
[0.465s] -- Configuring done
[0.470s] -- Generating done
[0.471s] -- Build files have been written to: /home/leomorningrain/code/ros2-mecanum-bot/build/mecanumbot_teleop
[0.476s] Invoked command in '/home/leomorningrain/code/ros2-mecanum-bot/build/mecanumbot_teleop' returned '0': CMAKE_PREFIX_PATH=/opt/ros/humble /usr/bin/cmake /home/leomorningrain/code/ros2-mecanum-bot/src/ros2-mecanum-bot/mecanumbot_teleop -DCMAKE_INSTALL_PREFIX=/home/leomorningrain/code/ros2-mecanum-bot/install/mecanumbot_teleop
[0.477s] Invoking command in '/home/leomorningrain/code/ros2-mecanum-bot/build/mecanumbot_teleop': CMAKE_PREFIX_PATH=/opt/ros/humble /usr/bin/cmake --build /home/leomorningrain/code/ros2-mecanum-bot/build/mecanumbot_teleop -- -j32 -l32
[0.501s] [35m[1mConsolidate compiler generated dependencies of target mecanumbot_teleop[0m
[0.514s] [100%] Built target mecanumbot_teleop
[0.521s] Invoked command in '/home/leomorningrain/code/ros2-mecanum-bot/build/mecanumbot_teleop' returned '0': CMAKE_PREFIX_PATH=/opt/ros/humble /usr/bin/cmake --build /home/leomorningrain/code/ros2-mecanum-bot/build/mecanumbot_teleop -- -j32 -l32
[0.539s] Invoking command in '/home/leomorningrain/code/ros2-mecanum-bot/build/mecanumbot_teleop': CMAKE_PREFIX_PATH=/opt/ros/humble /usr/bin/cmake --install /home/leomorningrain/code/ros2-mecanum-bot/build/mecanumbot_teleop
[0.543s] -- Install configuration: ""
[0.544s] -- Execute custom install script
[0.544s] -- Up-to-date symlink: /home/leomorningrain/code/ros2-mecanum-bot/install/mecanumbot_teleop/share/mecanumbot_teleop/config/teleop_config.yaml
[0.544s] -- Up-to-date symlink: /home/leomorningrain/code/ros2-mecanum-bot/install/mecanumbot_teleop/lib/mecanumbot_teleop/mecanumbot_teleop
[0.545s] -- Up-to-date symlink: /home/leomorningrain/code/ros2-mecanum-bot/install/mecanumbot_teleop/share/ament_index/resource_index/package_run_dependencies/mecanumbot_teleop
[0.545s] -- Up-to-date symlink: /home/leomorningrain/code/ros2-mecanum-bot/install/mecanumbot_teleop/share/ament_index/resource_index/parent_prefix_path/mecanumbot_teleop
[0.545s] -- Up-to-date symlink: /home/leomorningrain/code/ros2-mecanum-bot/install/mecanumbot_teleop/share/mecanumbot_teleop/environment/ament_prefix_path.sh
[0.545s] -- Up-to-date symlink: /home/leomorningrain/code/ros2-mecanum-bot/install/mecanumbot_teleop/share/mecanumbot_teleop/environment/ament_prefix_path.dsv
[0.545s] -- Up-to-date symlink: /home/leomorningrain/code/ros2-mecanum-bot/install/mecanumbot_teleop/share/mecanumbot_teleop/environment/path.sh
[0.545s] -- Up-to-date symlink: /home/leomorningrain/code/ros2-mecanum-bot/install/mecanumbot_teleop/share/mecanumbot_teleop/environment/path.dsv
[0.545s] -- Up-to-date symlink: /home/leomorningrain/code/ros2-mecanum-bot/install/mecanumbot_teleop/share/mecanumbot_teleop/local_setup.bash
[0.545s] -- Up-to-date symlink: /home/leomorningrain/code/ros2-mecanum-bot/install/mecanumbot_teleop/share/mecanumbot_teleop/local_setup.sh
[0.545s] -- Up-to-date symlink: /home/leomorningrain/code/ros2-mecanum-bot/install/mecanumbot_teleop/share/mecanumbot_teleop/local_setup.zsh
[0.545s] -- Up-to-date symlink: /home/leomorningrain/code/ros2-mecanum-bot/install/mecanumbot_teleop/share/mecanumbot_teleop/local_setup.dsv
[0.545s] -- Symlinking: /home/leomorningrain/code/ros2-mecanum-bot/install/mecanumbot_teleop/share/mecanumbot_teleop/package.dsv
[0.550s] -- Up-to-date symlink: /home/leomorningrain/code/ros2-mecanum-bot/install/mecanumbot_teleop/share/ament_index/resource_index/packages/mecanumbot_teleop
[0.550s] -- Up-to-date symlink: /home/leomorningrain/code/ros2-mecanum-bot/install/mecanumbot_teleop/share/mecanumbot_teleop/cmake/mecanumbot_teleopConfig.cmake
[0.550s] -- Up-to-date symlink: /home/leomorningrain/code/ros2-mecanum-bot/install/mecanumbot_teleop/share/mecanumbot_teleop/cmake/mecanumbot_teleopConfig-version.cmake
[0.550s] -- Up-to-date symlink: /home/leomorningrain/code/ros2-mecanum-bot/install/mecanumbot_teleop/share/mecanumbot_teleop/package.xml
[0.552s] Invoked command in '/home/leomorningrain/code/ros2-mecanum-bot/build/mecanumbot_teleop' returned '0': CMAKE_PREFIX_PATH=/opt/ros/humble /usr/bin/cmake --install /home/leomorningrain/code/ros2-mecanum-bot/build/mecanumbot_teleop
