[0.007s] Invoking command in '/home/leomorningrain/code/ws01_plumbing/build/cpp01_topic': CMAKE_PREFIX_PATH=/home/leomorningrain/code/ws01_plumbing/install/base_interfaces_demo:/home/leomorningrain/code/ws01_plumbing/install/cpp01_topic:/home/leomorningrain/code/ws01_plumbing/install/py01_topic:/opt/ros/humble LD_LIBRARY_PATH=/home/leomorningrain/code/ws01_plumbing/install/base_interfaces_demo/lib:/opt/ros/humble/opt/rviz_ogre_vendor/lib:/opt/ros/humble/lib/x86_64-linux-gnu:/opt/ros/humble/lib:/usr/local/lib:/usr/local/lib /usr/bin/cmake --build /home/leomorningrain/code/ws01_plumbing/build/cpp01_topic -- -j32 -l32
[0.021s] -- Found ament_cmake: 1.3.8 (/opt/ros/humble/share/ament_cmake/cmake)
[0.086s] -- Found rclcpp: 16.0.8 (/opt/ros/humble/share/rclcpp/cmake)
[0.107s] -- Found rosidl_generator_c: 3.1.5 (/opt/ros/humble/share/rosidl_generator_c/cmake)
[0.109s] -- Found rosidl_adapter: 3.1.5 (/opt/ros/humble/share/rosidl_adapter/cmake)
[0.112s] -- Found rosidl_generator_cpp: 3.1.5 (/opt/ros/humble/share/rosidl_generator_cpp/cmake)
[0.117s] -- Using all available rosidl_typesupport_c: rosidl_typesupport_fastrtps_c;rosidl_typesupport_introspection_c
[0.124s] -- Using all available rosidl_typesupport_cpp: rosidl_typesupport_fastrtps_cpp;rosidl_typesupport_introspection_cpp
[0.152s] -- Found rmw_implementation_cmake: 6.1.1 (/opt/ros/humble/share/rmw_implementation_cmake/cmake)
[0.152s] -- Found rmw_fastrtps_cpp: 6.2.6 (/opt/ros/humble/share/rmw_fastrtps_cpp/cmake)
[0.210s] -- Using RMW implementation 'rmw_fastrtps_cpp' as default
[0.289s] -- Found base_interfaces_demo: 0.0.0 (/home/leomorningrain/code/ws01_plumbing/install/base_interfaces_demo/share/base_interfaces_demo/cmake)
[0.299s] -- Found ament_lint_auto: 0.12.10 (/opt/ros/humble/share/ament_lint_auto/cmake)
[0.334s] -- Added test 'cppcheck' to perform static code analysis on C / C++ code
[0.335s] -- Configured cppcheck include dirs: $<BUILD_INTERFACE:/home/leomorningrain/code/ws01_plumbing/src/cpp01_topic/include>
[0.335s] -- Configured cppcheck exclude dirs and/or files: 
[0.335s] -- Added test 'lint_cmake' to check CMake code style
[0.335s] -- Added test 'uncrustify' to check C / C++ code style
[0.335s] -- Configured uncrustify additional arguments: 
[0.335s] -- Added test 'xmllint' to check XML markup files
[0.335s] -- Configuring done
[0.344s] -- Generating done
[0.345s] -- Build files have been written to: /home/leomorningrain/code/ws01_plumbing/build/cpp01_topic
[0.360s] [35m[1mConsolidate compiler generated dependencies of target demo02_listener_str[0m
[0.360s] [35m[1mConsolidate compiler generated dependencies of target demo01_talker_str[0m
[0.365s] [ 25%] [32mBuilding CXX object CMakeFiles/demo03_talker_stu.dir/src/demo03_talker_stu.cpp.o[0m
[0.365s] [ 25%] [32mBuilding CXX object CMakeFiles/demo04_listener_stu.dir/src/demo04_listener_stu.cpp.o[0m
[0.369s] [ 50%] [32mBuilding CXX object CMakeFiles/demo01_talker_str.dir/src/demo01_talker_str.cpp.o[0m
[0.369s] [ 50%] [32mBuilding CXX object CMakeFiles/demo02_listener_str.dir/src/demo02_listener_str.cpp.o[0m
[3.123s] [ 62%] [32m[1mLinking CXX executable demo03_talker_stu[0m
[3.125s] [ 75%] [32m[1mLinking CXX executable demo04_listener_stu[0m
[3.127s] [ 87%] [32m[1mLinking CXX executable demo01_talker_str[0m
[3.269s] [ 87%] Built target demo04_listener_stu
[3.270s] [ 87%] Built target demo01_talker_str
[3.276s] [ 87%] Built target demo03_talker_stu
[5.197s] [100%] [32m[1mLinking CXX executable demo02_listener_str[0m
[5.417s] [100%] Built target demo02_listener_str
[5.425s] Invoked command in '/home/leomorningrain/code/ws01_plumbing/build/cpp01_topic' returned '0': CMAKE_PREFIX_PATH=/home/leomorningrain/code/ws01_plumbing/install/base_interfaces_demo:/home/leomorningrain/code/ws01_plumbing/install/cpp01_topic:/home/leomorningrain/code/ws01_plumbing/install/py01_topic:/opt/ros/humble LD_LIBRARY_PATH=/home/leomorningrain/code/ws01_plumbing/install/base_interfaces_demo/lib:/opt/ros/humble/opt/rviz_ogre_vendor/lib:/opt/ros/humble/lib/x86_64-linux-gnu:/opt/ros/humble/lib:/usr/local/lib:/usr/local/lib /usr/bin/cmake --build /home/leomorningrain/code/ws01_plumbing/build/cpp01_topic -- -j32 -l32
[5.459s] Invoking command in '/home/leomorningrain/code/ws01_plumbing/build/cpp01_topic': CMAKE_PREFIX_PATH=/home/leomorningrain/code/ws01_plumbing/install/base_interfaces_demo:/home/leomorningrain/code/ws01_plumbing/install/cpp01_topic:/home/leomorningrain/code/ws01_plumbing/install/py01_topic:/opt/ros/humble LD_LIBRARY_PATH=/home/leomorningrain/code/ws01_plumbing/install/base_interfaces_demo/lib:/opt/ros/humble/opt/rviz_ogre_vendor/lib:/opt/ros/humble/lib/x86_64-linux-gnu:/opt/ros/humble/lib:/usr/local/lib:/usr/local/lib /usr/bin/cmake --install /home/leomorningrain/code/ws01_plumbing/build/cpp01_topic
[5.464s] -- Install configuration: ""
[5.465s] -- Installing: /home/leomorningrain/code/ws01_plumbing/install/cpp01_topic/lib/cpp01_topic/demo01_talker_str
[5.466s] -- Set runtime path of "/home/leomorningrain/code/ws01_plumbing/install/cpp01_topic/lib/cpp01_topic/demo01_talker_str" to ""
[5.467s] -- Installing: /home/leomorningrain/code/ws01_plumbing/install/cpp01_topic/lib/cpp01_topic/demo02_listener_str
[5.469s] -- Set runtime path of "/home/leomorningrain/code/ws01_plumbing/install/cpp01_topic/lib/cpp01_topic/demo02_listener_str" to ""
[5.469s] -- Installing: /home/leomorningrain/code/ws01_plumbing/install/cpp01_topic/lib/cpp01_topic/demo03_talker_stu
[5.470s] -- Set runtime path of "/home/leomorningrain/code/ws01_plumbing/install/cpp01_topic/lib/cpp01_topic/demo03_talker_stu" to ""
[5.470s] -- Installing: /home/leomorningrain/code/ws01_plumbing/install/cpp01_topic/lib/cpp01_topic/demo04_listener_stu
[5.471s] -- Set runtime path of "/home/leomorningrain/code/ws01_plumbing/install/cpp01_topic/lib/cpp01_topic/demo04_listener_stu" to ""
[5.471s] -- Up-to-date: /home/leomorningrain/code/ws01_plumbing/install/cpp01_topic/share/ament_index/resource_index/package_run_dependencies/cpp01_topic
[5.471s] -- Up-to-date: /home/leomorningrain/code/ws01_plumbing/install/cpp01_topic/share/ament_index/resource_index/parent_prefix_path/cpp01_topic
[5.471s] -- Up-to-date: /home/leomorningrain/code/ws01_plumbing/install/cpp01_topic/share/cpp01_topic/environment/ament_prefix_path.sh
[5.471s] -- Installing: /home/leomorningrain/code/ws01_plumbing/install/cpp01_topic/share/cpp01_topic/environment/ament_prefix_path.dsv
[5.471s] -- Up-to-date: /home/leomorningrain/code/ws01_plumbing/install/cpp01_topic/share/cpp01_topic/environment/path.sh
[5.471s] -- Installing: /home/leomorningrain/code/ws01_plumbing/install/cpp01_topic/share/cpp01_topic/environment/path.dsv
[5.471s] -- Up-to-date: /home/leomorningrain/code/ws01_plumbing/install/cpp01_topic/share/cpp01_topic/local_setup.bash
[5.471s] -- Up-to-date: /home/leomorningrain/code/ws01_plumbing/install/cpp01_topic/share/cpp01_topic/local_setup.sh
[5.471s] -- Up-to-date: /home/leomorningrain/code/ws01_plumbing/install/cpp01_topic/share/cpp01_topic/local_setup.zsh
[5.471s] -- Installing: /home/leomorningrain/code/ws01_plumbing/install/cpp01_topic/share/cpp01_topic/local_setup.dsv
[5.471s] -- Installing: /home/leomorningrain/code/ws01_plumbing/install/cpp01_topic/share/cpp01_topic/package.dsv
[5.471s] -- Up-to-date: /home/leomorningrain/code/ws01_plumbing/install/cpp01_topic/share/ament_index/resource_index/packages/cpp01_topic
[5.471s] -- Up-to-date: /home/leomorningrain/code/ws01_plumbing/install/cpp01_topic/share/cpp01_topic/cmake/cpp01_topicConfig.cmake
[5.471s] -- Up-to-date: /home/leomorningrain/code/ws01_plumbing/install/cpp01_topic/share/cpp01_topic/cmake/cpp01_topicConfig-version.cmake
[5.471s] -- Up-to-date: /home/leomorningrain/code/ws01_plumbing/install/cpp01_topic/share/cpp01_topic/package.xml
[5.472s] Invoked command in '/home/leomorningrain/code/ws01_plumbing/build/cpp01_topic' returned '0': CMAKE_PREFIX_PATH=/home/leomorningrain/code/ws01_plumbing/install/base_interfaces_demo:/home/leomorningrain/code/ws01_plumbing/install/cpp01_topic:/home/leomorningrain/code/ws01_plumbing/install/py01_topic:/opt/ros/humble LD_LIBRARY_PATH=/home/leomorningrain/code/ws01_plumbing/install/base_interfaces_demo/lib:/opt/ros/humble/opt/rviz_ogre_vendor/lib:/opt/ros/humble/lib/x86_64-linux-gnu:/opt/ros/humble/lib:/usr/local/lib:/usr/local/lib /usr/bin/cmake --install /home/leomorningrain/code/ws01_plumbing/build/cpp01_topic
