[0.014s] Invoking command in '/home/leomorningrain/code/ros2-mecanum-bot/build/xpkg_msgs': CMAKE_PREFIX_PATH=${CMAKE_PREFIX_PATH}:/opt/ros/humble /usr/bin/cmake --build /home/leomorningrain/code/ros2-mecanum-bot/build/xpkg_msgs -- -j32 -l32
[0.037s] [35m[1mConsolidate compiler generated dependencies of target xpkg_msgs__rosidl_generator_c[0m
[0.042s] [  2%] Built target xpkg_msgs__cpp
[0.045s] [ 12%] Built target xpkg_msgs__rosidl_generator_c
[0.048s] [ 12%] Built target ament_cmake_python_copy_xpkg_msgs
[0.049s] [35m[1mConsolidate compiler generated dependencies of target xpkg_msgs__rosidl_typesupport_cpp[0m
[0.049s] [35m[1mConsolidate compiler generated dependencies of target xpkg_msgs__rosidl_typesupport_fastrtps_cpp[0m
[0.049s] [35m[1mConsolidate compiler generated dependencies of target xpkg_msgs__rosidl_typesupport_introspection_cpp[0m
[0.053s] [35m[1mConsolidate compiler generated dependencies of target xpkg_msgs__rosidl_typesupport_introspection_c[0m
[0.055s] [35m[1mConsolidate compiler generated dependencies of target xpkg_msgs__rosidl_typesupport_c[0m
[0.055s] [35m[1mConsolidate compiler generated dependencies of target xpkg_msgs__rosidl_typesupport_fastrtps_c[0m
[0.059s] [ 23%] Built target xpkg_msgs__rosidl_typesupport_introspection_cpp
[0.061s] [ 36%] Built target xpkg_msgs__rosidl_typesupport_cpp
[0.061s] [ 44%] Built target xpkg_msgs__rosidl_typesupport_fastrtps_cpp
[0.062s] [ 55%] Built target xpkg_msgs__rosidl_typesupport_introspection_c
[0.063s] [ 65%] Built target xpkg_msgs__rosidl_typesupport_c
[0.069s] [ 76%] Built target xpkg_msgs__rosidl_typesupport_fastrtps_c
[0.081s] [ 76%] Built target xpkg_msgs
[0.098s] [ 78%] Built target xpkg_msgs__py
[0.104s] [35m[1mConsolidate compiler generated dependencies of target xpkg_msgs__rosidl_generator_py[0m
[0.115s] [ 87%] Built target xpkg_msgs__rosidl_generator_py
[0.123s] [35m[1mConsolidate compiler generated dependencies of target xpkg_msgs__rosidl_typesupport_introspection_c__pyext[0m
[0.123s] [35m[1mConsolidate compiler generated dependencies of target xpkg_msgs__rosidl_typesupport_fastrtps_c__pyext[0m
[0.124s] [35m[1mConsolidate compiler generated dependencies of target xpkg_msgs__rosidl_typesupport_c__pyext[0m
[0.133s] [ 91%] Built target xpkg_msgs__rosidl_typesupport_fastrtps_c__pyext
[0.133s] [ 95%] Built target xpkg_msgs__rosidl_typesupport_introspection_c__pyext
[0.134s] [100%] Built target xpkg_msgs__rosidl_typesupport_c__pyext
[0.216s] running egg_info
[0.217s] writing xpkg_msgs.egg-info/PKG-INFO
[0.217s] writing dependency_links to xpkg_msgs.egg-info/dependency_links.txt
[0.217s] writing top-level names to xpkg_msgs.egg-info/top_level.txt
[0.219s] reading manifest file 'xpkg_msgs.egg-info/SOURCES.txt'
[0.219s] writing manifest file 'xpkg_msgs.egg-info/SOURCES.txt'
[0.239s] [100%] Built target ament_cmake_python_build_xpkg_msgs_egg
[0.247s] Invoked command in '/home/leomorningrain/code/ros2-mecanum-bot/build/xpkg_msgs' returned '0': CMAKE_PREFIX_PATH=${CMAKE_PREFIX_PATH}:/opt/ros/humble /usr/bin/cmake --build /home/leomorningrain/code/ros2-mecanum-bot/build/xpkg_msgs -- -j32 -l32
[0.309s] Invoking command in '/home/leomorningrain/code/ros2-mecanum-bot/build/xpkg_msgs': CMAKE_PREFIX_PATH=${CMAKE_PREFIX_PATH}:/opt/ros/humble /usr/bin/cmake --install /home/leomorningrain/code/ros2-mecanum-bot/build/xpkg_msgs
[0.314s] -- Install configuration: ""
[0.315s] -- Up-to-date: /home/leomorningrain/code/ros2-mecanum-bot/install/xpkg_msgs/share/ament_index/resource_index/rosidl_interfaces/xpkg_msgs
[0.315s] -- Up-to-date: /home/leomorningrain/code/ros2-mecanum-bot/install/xpkg_msgs/include/xpkg_msgs/xpkg_msgs
[0.315s] -- Up-to-date: /home/leomorningrain/code/ros2-mecanum-bot/install/xpkg_msgs/include/xpkg_msgs/xpkg_msgs/msg
[0.315s] -- Up-to-date: /home/leomorningrain/code/ros2-mecanum-bot/install/xpkg_msgs/include/xpkg_msgs/xpkg_msgs/msg/detail
[0.315s] -- Up-to-date: /home/leomorningrain/code/ros2-mecanum-bot/install/xpkg_msgs/include/xpkg_msgs/xpkg_msgs/msg/detail/xmsg_comm_data__functions.h
[0.315s] -- Up-to-date: /home/leomorningrain/code/ros2-mecanum-bot/install/xpkg_msgs/include/xpkg_msgs/xpkg_msgs/msg/detail/xmsg_comm_data__type_support.h
[0.315s] -- Up-to-date: /home/leomorningrain/code/ros2-mecanum-bot/install/xpkg_msgs/include/xpkg_msgs/xpkg_msgs/msg/detail/xmsg_device__type_support.h
[0.315s] -- Up-to-date: /home/leomorningrain/code/ros2-mecanum-bot/install/xpkg_msgs/include/xpkg_msgs/xpkg_msgs/msg/detail/xmsg_device__functions.c
[0.315s] -- Up-to-date: /home/leomorningrain/code/ros2-mecanum-bot/install/xpkg_msgs/include/xpkg_msgs/xpkg_msgs/msg/detail/xmsg_device_list__functions.c
[0.316s] -- Up-to-date: /home/leomorningrain/code/ros2-mecanum-bot/install/xpkg_msgs/include/xpkg_msgs/xpkg_msgs/msg/detail/xmsg_device__struct.h
[0.316s] -- Up-to-date: /home/leomorningrain/code/ros2-mecanum-bot/install/xpkg_msgs/include/xpkg_msgs/xpkg_msgs/msg/detail/xmsg_comm_data__struct.h
[0.316s] -- Up-to-date: /home/leomorningrain/code/ros2-mecanum-bot/install/xpkg_msgs/include/xpkg_msgs/xpkg_msgs/msg/detail/xmsg_device_list__functions.h
[0.316s] -- Up-to-date: /home/leomorningrain/code/ros2-mecanum-bot/install/xpkg_msgs/include/xpkg_msgs/xpkg_msgs/msg/detail/xmsg_device_list__struct.h
[0.316s] -- Up-to-date: /home/leomorningrain/code/ros2-mecanum-bot/install/xpkg_msgs/include/xpkg_msgs/xpkg_msgs/msg/detail/xmsg_comm_data__functions.c
[0.316s] -- Up-to-date: /home/leomorningrain/code/ros2-mecanum-bot/install/xpkg_msgs/include/xpkg_msgs/xpkg_msgs/msg/detail/xmsg_device__functions.h
[0.316s] -- Up-to-date: /home/leomorningrain/code/ros2-mecanum-bot/install/xpkg_msgs/include/xpkg_msgs/xpkg_msgs/msg/detail/xmsg_device_list__type_support.h
[0.316s] -- Up-to-date: /home/leomorningrain/code/ros2-mecanum-bot/install/xpkg_msgs/include/xpkg_msgs/xpkg_msgs/msg/xmsg_device.h
[0.316s] -- Up-to-date: /home/leomorningrain/code/ros2-mecanum-bot/install/xpkg_msgs/include/xpkg_msgs/xpkg_msgs/msg/rosidl_generator_c__visibility_control.h
[0.316s] -- Up-to-date: /home/leomorningrain/code/ros2-mecanum-bot/install/xpkg_msgs/include/xpkg_msgs/xpkg_msgs/msg/xmsg_device_list.h
[0.316s] -- Up-to-date: /home/leomorningrain/code/ros2-mecanum-bot/install/xpkg_msgs/include/xpkg_msgs/xpkg_msgs/msg/xmsg_comm_data.h
[0.317s] -- Up-to-date: /home/leomorningrain/code/ros2-mecanum-bot/install/xpkg_msgs/share/xpkg_msgs/environment/library_path.sh
[0.317s] -- Up-to-date: /home/leomorningrain/code/ros2-mecanum-bot/install/xpkg_msgs/share/xpkg_msgs/environment/library_path.dsv
[0.317s] -- Up-to-date: /home/leomorningrain/code/ros2-mecanum-bot/install/xpkg_msgs/lib/libxpkg_msgs__rosidl_generator_c.so
[0.317s] -- Up-to-date: /home/leomorningrain/code/ros2-mecanum-bot/install/xpkg_msgs/include/xpkg_msgs/xpkg_msgs
[0.317s] -- Up-to-date: /home/leomorningrain/code/ros2-mecanum-bot/install/xpkg_msgs/include/xpkg_msgs/xpkg_msgs/msg
[0.317s] -- Up-to-date: /home/leomorningrain/code/ros2-mecanum-bot/install/xpkg_msgs/include/xpkg_msgs/xpkg_msgs/msg/rosidl_typesupport_fastrtps_c__visibility_control.h
[0.317s] -- Up-to-date: /home/leomorningrain/code/ros2-mecanum-bot/install/xpkg_msgs/include/xpkg_msgs/xpkg_msgs/msg/detail
[0.317s] -- Up-to-date: /home/leomorningrain/code/ros2-mecanum-bot/install/xpkg_msgs/include/xpkg_msgs/xpkg_msgs/msg/detail/xmsg_comm_data__rosidl_typesupport_fastrtps_c.h
[0.317s] -- Up-to-date: /home/leomorningrain/code/ros2-mecanum-bot/install/xpkg_msgs/include/xpkg_msgs/xpkg_msgs/msg/detail/xmsg_device_list__rosidl_typesupport_fastrtps_c.h
[0.317s] -- Up-to-date: /home/leomorningrain/code/ros2-mecanum-bot/install/xpkg_msgs/include/xpkg_msgs/xpkg_msgs/msg/detail/xmsg_device__rosidl_typesupport_fastrtps_c.h
[0.317s] -- Up-to-date: /home/leomorningrain/code/ros2-mecanum-bot/install/xpkg_msgs/lib/libxpkg_msgs__rosidl_typesupport_fastrtps_c.so
[0.318s] -- Up-to-date: /home/leomorningrain/code/ros2-mecanum-bot/install/xpkg_msgs/include/xpkg_msgs/xpkg_msgs
[0.318s] -- Up-to-date: /home/leomorningrain/code/ros2-mecanum-bot/install/xpkg_msgs/include/xpkg_msgs/xpkg_msgs/msg
[0.318s] -- Up-to-date: /home/leomorningrain/code/ros2-mecanum-bot/install/xpkg_msgs/include/xpkg_msgs/xpkg_msgs/msg/xmsg_device_list.hpp
[0.318s] -- Up-to-date: /home/leomorningrain/code/ros2-mecanum-bot/install/xpkg_msgs/include/xpkg_msgs/xpkg_msgs/msg/xmsg_device.hpp
[0.318s] -- Up-to-date: /home/leomorningrain/code/ros2-mecanum-bot/install/xpkg_msgs/include/xpkg_msgs/xpkg_msgs/msg/xmsg_comm_data.hpp
[0.318s] -- Up-to-date: /home/leomorningrain/code/ros2-mecanum-bot/install/xpkg_msgs/include/xpkg_msgs/xpkg_msgs/msg/detail
[0.318s] -- Up-to-date: /home/leomorningrain/code/ros2-mecanum-bot/install/xpkg_msgs/include/xpkg_msgs/xpkg_msgs/msg/detail/xmsg_device_list__builder.hpp
[0.318s] -- Up-to-date: /home/leomorningrain/code/ros2-mecanum-bot/install/xpkg_msgs/include/xpkg_msgs/xpkg_msgs/msg/detail/xmsg_device__traits.hpp
[0.318s] -- Up-to-date: /home/leomorningrain/code/ros2-mecanum-bot/install/xpkg_msgs/include/xpkg_msgs/xpkg_msgs/msg/detail/xmsg_device__builder.hpp
[0.318s] -- Up-to-date: /home/leomorningrain/code/ros2-mecanum-bot/install/xpkg_msgs/include/xpkg_msgs/xpkg_msgs/msg/detail/xmsg_device_list__struct.hpp
[0.318s] -- Up-to-date: /home/leomorningrain/code/ros2-mecanum-bot/install/xpkg_msgs/include/xpkg_msgs/xpkg_msgs/msg/detail/xmsg_device__struct.hpp
[0.318s] -- Up-to-date: /home/leomorningrain/code/ros2-mecanum-bot/install/xpkg_msgs/include/xpkg_msgs/xpkg_msgs/msg/detail/xmsg_comm_data__struct.hpp
[0.318s] -- Up-to-date: /home/leomorningrain/code/ros2-mecanum-bot/install/xpkg_msgs/include/xpkg_msgs/xpkg_msgs/msg/detail/xmsg_comm_data__builder.hpp
[0.318s] -- Up-to-date: /home/leomorningrain/code/ros2-mecanum-bot/install/xpkg_msgs/include/xpkg_msgs/xpkg_msgs/msg/detail/xmsg_device_list__traits.hpp
[0.319s] -- Up-to-date: /home/leomorningrain/code/ros2-mecanum-bot/install/xpkg_msgs/include/xpkg_msgs/xpkg_msgs/msg/detail/xmsg_comm_data__traits.hpp
[0.319s] -- Up-to-date: /home/leomorningrain/code/ros2-mecanum-bot/install/xpkg_msgs/include/xpkg_msgs/xpkg_msgs
[0.319s] -- Up-to-date: /home/leomorningrain/code/ros2-mecanum-bot/install/xpkg_msgs/include/xpkg_msgs/xpkg_msgs/msg
[0.319s] -- Up-to-date: /home/leomorningrain/code/ros2-mecanum-bot/install/xpkg_msgs/include/xpkg_msgs/xpkg_msgs/msg/detail
[0.319s] -- Up-to-date: /home/leomorningrain/code/ros2-mecanum-bot/install/xpkg_msgs/include/xpkg_msgs/xpkg_msgs/msg/detail/xmsg_comm_data__rosidl_typesupport_fastrtps_cpp.hpp
[0.319s] -- Up-to-date: /home/leomorningrain/code/ros2-mecanum-bot/install/xpkg_msgs/include/xpkg_msgs/xpkg_msgs/msg/detail/xmsg_device_list__rosidl_typesupport_fastrtps_cpp.hpp
[0.319s] -- Up-to-date: /home/leomorningrain/code/ros2-mecanum-bot/install/xpkg_msgs/include/xpkg_msgs/xpkg_msgs/msg/detail/xmsg_device__rosidl_typesupport_fastrtps_cpp.hpp
[0.319s] -- Up-to-date: /home/leomorningrain/code/ros2-mecanum-bot/install/xpkg_msgs/include/xpkg_msgs/xpkg_msgs/msg/detail/dds_fastrtps
[0.319s] -- Up-to-date: /home/leomorningrain/code/ros2-mecanum-bot/install/xpkg_msgs/include/xpkg_msgs/xpkg_msgs/msg/rosidl_typesupport_fastrtps_cpp__visibility_control.h
[0.319s] -- Up-to-date: /home/leomorningrain/code/ros2-mecanum-bot/install/xpkg_msgs/lib/libxpkg_msgs__rosidl_typesupport_fastrtps_cpp.so
[0.319s] -- Up-to-date: /home/leomorningrain/code/ros2-mecanum-bot/install/xpkg_msgs/include/xpkg_msgs/xpkg_msgs
[0.319s] -- Up-to-date: /home/leomorningrain/code/ros2-mecanum-bot/install/xpkg_msgs/include/xpkg_msgs/xpkg_msgs/msg
[0.319s] -- Up-to-date: /home/leomorningrain/code/ros2-mecanum-bot/install/xpkg_msgs/include/xpkg_msgs/xpkg_msgs/msg/rosidl_typesupport_introspection_c__visibility_control.h
[0.319s] -- Up-to-date: /home/leomorningrain/code/ros2-mecanum-bot/install/xpkg_msgs/include/xpkg_msgs/xpkg_msgs/msg/detail
[0.319s] -- Up-to-date: /home/leomorningrain/code/ros2-mecanum-bot/install/xpkg_msgs/include/xpkg_msgs/xpkg_msgs/msg/detail/xmsg_device_list__type_support.c
[0.320s] -- Up-to-date: /home/leomorningrain/code/ros2-mecanum-bot/install/xpkg_msgs/include/xpkg_msgs/xpkg_msgs/msg/detail/xmsg_comm_data__rosidl_typesupport_introspection_c.h
[0.320s] -- Up-to-date: /home/leomorningrain/code/ros2-mecanum-bot/install/xpkg_msgs/include/xpkg_msgs/xpkg_msgs/msg/detail/xmsg_device_list__rosidl_typesupport_introspection_c.h
[0.320s] -- Up-to-date: /home/leomorningrain/code/ros2-mecanum-bot/install/xpkg_msgs/include/xpkg_msgs/xpkg_msgs/msg/detail/xmsg_comm_data__type_support.c
[0.320s] -- Up-to-date: /home/leomorningrain/code/ros2-mecanum-bot/install/xpkg_msgs/include/xpkg_msgs/xpkg_msgs/msg/detail/xmsg_device__type_support.c
[0.320s] -- Up-to-date: /home/leomorningrain/code/ros2-mecanum-bot/install/xpkg_msgs/include/xpkg_msgs/xpkg_msgs/msg/detail/xmsg_device__rosidl_typesupport_introspection_c.h
[0.320s] -- Up-to-date: /home/leomorningrain/code/ros2-mecanum-bot/install/xpkg_msgs/lib/libxpkg_msgs__rosidl_typesupport_introspection_c.so
[0.320s] -- Up-to-date: /home/leomorningrain/code/ros2-mecanum-bot/install/xpkg_msgs/lib/libxpkg_msgs__rosidl_typesupport_c.so
[0.320s] -- Up-to-date: /home/leomorningrain/code/ros2-mecanum-bot/install/xpkg_msgs/include/xpkg_msgs/xpkg_msgs
[0.320s] -- Up-to-date: /home/leomorningrain/code/ros2-mecanum-bot/install/xpkg_msgs/include/xpkg_msgs/xpkg_msgs/msg
[0.320s] -- Up-to-date: /home/leomorningrain/code/ros2-mecanum-bot/install/xpkg_msgs/include/xpkg_msgs/xpkg_msgs/msg/detail
[0.320s] -- Up-to-date: /home/leomorningrain/code/ros2-mecanum-bot/install/xpkg_msgs/include/xpkg_msgs/xpkg_msgs/msg/detail/xmsg_device__type_support.cpp
[0.320s] -- Up-to-date: /home/leomorningrain/code/ros2-mecanum-bot/install/xpkg_msgs/include/xpkg_msgs/xpkg_msgs/msg/detail/xmsg_device_list__rosidl_typesupport_introspection_cpp.hpp
[0.320s] -- Up-to-date: /home/leomorningrain/code/ros2-mecanum-bot/install/xpkg_msgs/include/xpkg_msgs/xpkg_msgs/msg/detail/xmsg_comm_data__type_support.cpp
[0.320s] -- Up-to-date: /home/leomorningrain/code/ros2-mecanum-bot/install/xpkg_msgs/include/xpkg_msgs/xpkg_msgs/msg/detail/xmsg_device_list__type_support.cpp
[0.320s] -- Up-to-date: /home/leomorningrain/code/ros2-mecanum-bot/install/xpkg_msgs/include/xpkg_msgs/xpkg_msgs/msg/detail/xmsg_comm_data__rosidl_typesupport_introspection_cpp.hpp
[0.321s] -- Up-to-date: /home/leomorningrain/code/ros2-mecanum-bot/install/xpkg_msgs/include/xpkg_msgs/xpkg_msgs/msg/detail/xmsg_device__rosidl_typesupport_introspection_cpp.hpp
[0.321s] -- Up-to-date: /home/leomorningrain/code/ros2-mecanum-bot/install/xpkg_msgs/lib/libxpkg_msgs__rosidl_typesupport_introspection_cpp.so
[0.321s] -- Up-to-date: /home/leomorningrain/code/ros2-mecanum-bot/install/xpkg_msgs/lib/libxpkg_msgs__rosidl_typesupport_cpp.so
[0.321s] -- Up-to-date: /home/leomorningrain/code/ros2-mecanum-bot/install/xpkg_msgs/share/xpkg_msgs/environment/pythonpath.sh
[0.321s] -- Up-to-date: /home/leomorningrain/code/ros2-mecanum-bot/install/xpkg_msgs/share/xpkg_msgs/environment/pythonpath.dsv
[0.321s] -- Up-to-date: /home/leomorningrain/code/ros2-mecanum-bot/install/xpkg_msgs/local/lib/python3.10/dist-packages/xpkg_msgs-0.1.0-py3.10.egg-info
[0.321s] -- Installing: /home/leomorningrain/code/ros2-mecanum-bot/install/xpkg_msgs/local/lib/python3.10/dist-packages/xpkg_msgs-0.1.0-py3.10.egg-info/top_level.txt
[0.321s] -- Installing: /home/leomorningrain/code/ros2-mecanum-bot/install/xpkg_msgs/local/lib/python3.10/dist-packages/xpkg_msgs-0.1.0-py3.10.egg-info/PKG-INFO
[0.321s] -- Installing: /home/leomorningrain/code/ros2-mecanum-bot/install/xpkg_msgs/local/lib/python3.10/dist-packages/xpkg_msgs-0.1.0-py3.10.egg-info/SOURCES.txt
[0.321s] -- Installing: /home/leomorningrain/code/ros2-mecanum-bot/install/xpkg_msgs/local/lib/python3.10/dist-packages/xpkg_msgs-0.1.0-py3.10.egg-info/dependency_links.txt
[0.321s] -- Up-to-date: /home/leomorningrain/code/ros2-mecanum-bot/install/xpkg_msgs/local/lib/python3.10/dist-packages/xpkg_msgs
[0.321s] -- Up-to-date: /home/leomorningrain/code/ros2-mecanum-bot/install/xpkg_msgs/local/lib/python3.10/dist-packages/xpkg_msgs/xpkg_msgs_s__rosidl_typesupport_introspection_c.cpython-310-x86_64-linux-gnu.so
[0.321s] -- Up-to-date: /home/leomorningrain/code/ros2-mecanum-bot/install/xpkg_msgs/local/lib/python3.10/dist-packages/xpkg_msgs/_xpkg_msgs_s.ep.rosidl_typesupport_fastrtps_c.c
[0.321s] -- Up-to-date: /home/leomorningrain/code/ros2-mecanum-bot/install/xpkg_msgs/local/lib/python3.10/dist-packages/xpkg_msgs/xpkg_msgs_s__rosidl_typesupport_c.cpython-310-x86_64-linux-gnu.so
[0.321s] -- Up-to-date: /home/leomorningrain/code/ros2-mecanum-bot/install/xpkg_msgs/local/lib/python3.10/dist-packages/xpkg_msgs/xpkg_msgs_s__rosidl_typesupport_fastrtps_c.cpython-310-x86_64-linux-gnu.so
[0.322s] -- Up-to-date: /home/leomorningrain/code/ros2-mecanum-bot/install/xpkg_msgs/local/lib/python3.10/dist-packages/xpkg_msgs/msg
[0.322s] -- Up-to-date: /home/leomorningrain/code/ros2-mecanum-bot/install/xpkg_msgs/local/lib/python3.10/dist-packages/xpkg_msgs/msg/_xmsg_comm_data_s.c
[0.322s] -- Up-to-date: /home/leomorningrain/code/ros2-mecanum-bot/install/xpkg_msgs/local/lib/python3.10/dist-packages/xpkg_msgs/msg/_xmsg_comm_data.py
[0.322s] -- Up-to-date: /home/leomorningrain/code/ros2-mecanum-bot/install/xpkg_msgs/local/lib/python3.10/dist-packages/xpkg_msgs/msg/_xmsg_device_s.c
[0.322s] -- Up-to-date: /home/leomorningrain/code/ros2-mecanum-bot/install/xpkg_msgs/local/lib/python3.10/dist-packages/xpkg_msgs/msg/__init__.py
[0.322s] -- Up-to-date: /home/leomorningrain/code/ros2-mecanum-bot/install/xpkg_msgs/local/lib/python3.10/dist-packages/xpkg_msgs/msg/_xmsg_device_list.py
[0.322s] -- Up-to-date: /home/leomorningrain/code/ros2-mecanum-bot/install/xpkg_msgs/local/lib/python3.10/dist-packages/xpkg_msgs/msg/_xmsg_device.py
[0.322s] -- Up-to-date: /home/leomorningrain/code/ros2-mecanum-bot/install/xpkg_msgs/local/lib/python3.10/dist-packages/xpkg_msgs/msg/_xmsg_device_list_s.c
[0.322s] -- Up-to-date: /home/leomorningrain/code/ros2-mecanum-bot/install/xpkg_msgs/local/lib/python3.10/dist-packages/xpkg_msgs/libxpkg_msgs__rosidl_generator_py.so
[0.322s] -- Up-to-date: /home/leomorningrain/code/ros2-mecanum-bot/install/xpkg_msgs/local/lib/python3.10/dist-packages/xpkg_msgs/__init__.py
[0.322s] -- Up-to-date: /home/leomorningrain/code/ros2-mecanum-bot/install/xpkg_msgs/local/lib/python3.10/dist-packages/xpkg_msgs/_xpkg_msgs_s.ep.rosidl_typesupport_introspection_c.c
[0.322s] -- Up-to-date: /home/leomorningrain/code/ros2-mecanum-bot/install/xpkg_msgs/local/lib/python3.10/dist-packages/xpkg_msgs/_xpkg_msgs_s.ep.rosidl_typesupport_c.c
[0.338s] Listing '/home/leomorningrain/code/ros2-mecanum-bot/install/xpkg_msgs/local/lib/python3.10/dist-packages/xpkg_msgs'...
[0.338s] Listing '/home/leomorningrain/code/ros2-mecanum-bot/install/xpkg_msgs/local/lib/python3.10/dist-packages/xpkg_msgs/msg'...
[0.341s] -- Up-to-date: /home/leomorningrain/code/ros2-mecanum-bot/install/xpkg_msgs/local/lib/python3.10/dist-packages/xpkg_msgs/xpkg_msgs_s__rosidl_typesupport_fastrtps_c.cpython-310-x86_64-linux-gnu.so
[0.341s] -- Up-to-date: /home/leomorningrain/code/ros2-mecanum-bot/install/xpkg_msgs/local/lib/python3.10/dist-packages/xpkg_msgs/xpkg_msgs_s__rosidl_typesupport_introspection_c.cpython-310-x86_64-linux-gnu.so
[0.341s] -- Up-to-date: /home/leomorningrain/code/ros2-mecanum-bot/install/xpkg_msgs/local/lib/python3.10/dist-packages/xpkg_msgs/xpkg_msgs_s__rosidl_typesupport_c.cpython-310-x86_64-linux-gnu.so
[0.341s] -- Up-to-date: /home/leomorningrain/code/ros2-mecanum-bot/install/xpkg_msgs/lib/libxpkg_msgs__rosidl_generator_py.so
[0.341s] -- Up-to-date: /home/leomorningrain/code/ros2-mecanum-bot/install/xpkg_msgs/share/xpkg_msgs/msg/XmsgCommData.idl
[0.341s] -- Up-to-date: /home/leomorningrain/code/ros2-mecanum-bot/install/xpkg_msgs/share/xpkg_msgs/msg/XmsgDeviceList.idl
[0.342s] -- Up-to-date: /home/leomorningrain/code/ros2-mecanum-bot/install/xpkg_msgs/share/xpkg_msgs/msg/XmsgDevice.idl
[0.342s] -- Up-to-date: /home/leomorningrain/code/ros2-mecanum-bot/install/xpkg_msgs/share/xpkg_msgs/msg/XmsgCommData.msg
[0.342s] -- Up-to-date: /home/leomorningrain/code/ros2-mecanum-bot/install/xpkg_msgs/share/xpkg_msgs/msg/XmsgDeviceList.msg
[0.342s] -- Up-to-date: /home/leomorningrain/code/ros2-mecanum-bot/install/xpkg_msgs/share/xpkg_msgs/msg/XmsgDevice.msg
[0.342s] -- Up-to-date: /home/leomorningrain/code/ros2-mecanum-bot/install/xpkg_msgs/share/ament_index/resource_index/package_run_dependencies/xpkg_msgs
[0.342s] -- Up-to-date: /home/leomorningrain/code/ros2-mecanum-bot/install/xpkg_msgs/share/ament_index/resource_index/parent_prefix_path/xpkg_msgs
[0.342s] -- Up-to-date: /home/leomorningrain/code/ros2-mecanum-bot/install/xpkg_msgs/share/xpkg_msgs/environment/ament_prefix_path.sh
[0.342s] -- Up-to-date: /home/leomorningrain/code/ros2-mecanum-bot/install/xpkg_msgs/share/xpkg_msgs/environment/ament_prefix_path.dsv
[0.342s] -- Up-to-date: /home/leomorningrain/code/ros2-mecanum-bot/install/xpkg_msgs/share/xpkg_msgs/environment/path.sh
[0.342s] -- Up-to-date: /home/leomorningrain/code/ros2-mecanum-bot/install/xpkg_msgs/share/xpkg_msgs/environment/path.dsv
[0.342s] -- Up-to-date: /home/leomorningrain/code/ros2-mecanum-bot/install/xpkg_msgs/share/xpkg_msgs/local_setup.bash
[0.342s] -- Up-to-date: /home/leomorningrain/code/ros2-mecanum-bot/install/xpkg_msgs/share/xpkg_msgs/local_setup.sh
[0.342s] -- Up-to-date: /home/leomorningrain/code/ros2-mecanum-bot/install/xpkg_msgs/share/xpkg_msgs/local_setup.zsh
[0.342s] -- Up-to-date: /home/leomorningrain/code/ros2-mecanum-bot/install/xpkg_msgs/share/xpkg_msgs/local_setup.dsv
[0.342s] -- Installing: /home/leomorningrain/code/ros2-mecanum-bot/install/xpkg_msgs/share/xpkg_msgs/package.dsv
[0.343s] -- Up-to-date: /home/leomorningrain/code/ros2-mecanum-bot/install/xpkg_msgs/share/ament_index/resource_index/packages/xpkg_msgs
[0.343s] -- Up-to-date: /home/leomorningrain/code/ros2-mecanum-bot/install/xpkg_msgs/share/xpkg_msgs/cmake/export_xpkg_msgs__rosidl_generator_cExport.cmake
[0.343s] -- Up-to-date: /home/leomorningrain/code/ros2-mecanum-bot/install/xpkg_msgs/share/xpkg_msgs/cmake/export_xpkg_msgs__rosidl_generator_cExport-noconfig.cmake
[0.343s] -- Up-to-date: /home/leomorningrain/code/ros2-mecanum-bot/install/xpkg_msgs/share/xpkg_msgs/cmake/export_xpkg_msgs__rosidl_typesupport_fastrtps_cExport.cmake
[0.343s] -- Up-to-date: /home/leomorningrain/code/ros2-mecanum-bot/install/xpkg_msgs/share/xpkg_msgs/cmake/export_xpkg_msgs__rosidl_typesupport_fastrtps_cExport-noconfig.cmake
[0.343s] -- Up-to-date: /home/leomorningrain/code/ros2-mecanum-bot/install/xpkg_msgs/share/xpkg_msgs/cmake/export_xpkg_msgs__rosidl_generator_cppExport.cmake
[0.343s] -- Up-to-date: /home/leomorningrain/code/ros2-mecanum-bot/install/xpkg_msgs/share/xpkg_msgs/cmake/export_xpkg_msgs__rosidl_typesupport_fastrtps_cppExport.cmake
[0.343s] -- Up-to-date: /home/leomorningrain/code/ros2-mecanum-bot/install/xpkg_msgs/share/xpkg_msgs/cmake/export_xpkg_msgs__rosidl_typesupport_fastrtps_cppExport-noconfig.cmake
[0.343s] -- Up-to-date: /home/leomorningrain/code/ros2-mecanum-bot/install/xpkg_msgs/share/xpkg_msgs/cmake/xpkg_msgs__rosidl_typesupport_introspection_cExport.cmake
[0.343s] -- Up-to-date: /home/leomorningrain/code/ros2-mecanum-bot/install/xpkg_msgs/share/xpkg_msgs/cmake/xpkg_msgs__rosidl_typesupport_introspection_cExport-noconfig.cmake
[0.343s] -- Up-to-date: /home/leomorningrain/code/ros2-mecanum-bot/install/xpkg_msgs/share/xpkg_msgs/cmake/xpkg_msgs__rosidl_typesupport_cExport.cmake
[0.343s] -- Up-to-date: /home/leomorningrain/code/ros2-mecanum-bot/install/xpkg_msgs/share/xpkg_msgs/cmake/xpkg_msgs__rosidl_typesupport_cExport-noconfig.cmake
[0.343s] -- Up-to-date: /home/leomorningrain/code/ros2-mecanum-bot/install/xpkg_msgs/share/xpkg_msgs/cmake/xpkg_msgs__rosidl_typesupport_introspection_cppExport.cmake
[0.343s] -- Up-to-date: /home/leomorningrain/code/ros2-mecanum-bot/install/xpkg_msgs/share/xpkg_msgs/cmake/xpkg_msgs__rosidl_typesupport_introspection_cppExport-noconfig.cmake
[0.343s] -- Up-to-date: /home/leomorningrain/code/ros2-mecanum-bot/install/xpkg_msgs/share/xpkg_msgs/cmake/xpkg_msgs__rosidl_typesupport_cppExport.cmake
[0.343s] -- Up-to-date: /home/leomorningrain/code/ros2-mecanum-bot/install/xpkg_msgs/share/xpkg_msgs/cmake/xpkg_msgs__rosidl_typesupport_cppExport-noconfig.cmake
[0.343s] -- Up-to-date: /home/leomorningrain/code/ros2-mecanum-bot/install/xpkg_msgs/share/xpkg_msgs/cmake/export_xpkg_msgs__rosidl_generator_pyExport.cmake
[0.343s] -- Up-to-date: /home/leomorningrain/code/ros2-mecanum-bot/install/xpkg_msgs/share/xpkg_msgs/cmake/export_xpkg_msgs__rosidl_generator_pyExport-noconfig.cmake
[0.343s] -- Up-to-date: /home/leomorningrain/code/ros2-mecanum-bot/install/xpkg_msgs/share/xpkg_msgs/cmake/rosidl_cmake-extras.cmake
[0.343s] -- Up-to-date: /home/leomorningrain/code/ros2-mecanum-bot/install/xpkg_msgs/share/xpkg_msgs/cmake/ament_cmake_export_dependencies-extras.cmake
[0.343s] -- Up-to-date: /home/leomorningrain/code/ros2-mecanum-bot/install/xpkg_msgs/share/xpkg_msgs/cmake/ament_cmake_export_include_directories-extras.cmake
[0.343s] -- Up-to-date: /home/leomorningrain/code/ros2-mecanum-bot/install/xpkg_msgs/share/xpkg_msgs/cmake/ament_cmake_export_libraries-extras.cmake
[0.343s] -- Up-to-date: /home/leomorningrain/code/ros2-mecanum-bot/install/xpkg_msgs/share/xpkg_msgs/cmake/ament_cmake_export_targets-extras.cmake
[0.343s] -- Up-to-date: /home/leomorningrain/code/ros2-mecanum-bot/install/xpkg_msgs/share/xpkg_msgs/cmake/rosidl_cmake_export_typesupport_targets-extras.cmake
[0.343s] -- Up-to-date: /home/leomorningrain/code/ros2-mecanum-bot/install/xpkg_msgs/share/xpkg_msgs/cmake/rosidl_cmake_export_typesupport_libraries-extras.cmake
[0.343s] -- Up-to-date: /home/leomorningrain/code/ros2-mecanum-bot/install/xpkg_msgs/share/xpkg_msgs/cmake/xpkg_msgsConfig.cmake
[0.343s] -- Up-to-date: /home/leomorningrain/code/ros2-mecanum-bot/install/xpkg_msgs/share/xpkg_msgs/cmake/xpkg_msgsConfig-version.cmake
[0.344s] -- Up-to-date: /home/leomorningrain/code/ros2-mecanum-bot/install/xpkg_msgs/share/xpkg_msgs/package.xml
[0.345s] Invoked command in '/home/leomorningrain/code/ros2-mecanum-bot/build/xpkg_msgs' returned '0': CMAKE_PREFIX_PATH=${CMAKE_PREFIX_PATH}:/opt/ros/humble /usr/bin/cmake --install /home/leomorningrain/code/ros2-mecanum-bot/build/xpkg_msgs
