[0.272s] Invoking command in '/home/leomorningrain/code/ws01_plumbing/src/py01_topic': AMENT_PREFIX_PATH=/home/leomorningrain/code/ws01_plumbing/install/base_interfaces_demo:${AMENT_PREFIX_PATH} CMAKE_PREFIX_PATH=/home/leomorningrain/code/ws01_plumbing/install/base_interfaces_demo PYTHONPATH=/home/leomorningrain/code/ws01_plumbing/build/py01_topic/prefix_override:/home/leomorningrain/code/ws01_plumbing/install/py01_topic/lib/python3.10/site-packages:${PYTHONPATH} /usr/bin/python3 -W ignore:setup.py install is deprecated setup.py egg_info --egg-base ../../build/py01_topic build --build-base /home/leomorningrain/code/ws01_plumbing/build/py01_topic/build install --record /home/leomorningrain/code/ws01_plumbing/build/py01_topic/install.log --single-version-externally-managed install_data
[0.373s] running egg_info
[0.373s] creating ../../build/py01_topic/py01_topic.egg-info
[0.373s] writing ../../build/py01_topic/py01_topic.egg-info/PKG-INFO
[0.373s] writing dependency_links to ../../build/py01_topic/py01_topic.egg-info/dependency_links.txt
[0.373s] writing entry points to ../../build/py01_topic/py01_topic.egg-info/entry_points.txt
[0.373s] writing requirements to ../../build/py01_topic/py01_topic.egg-info/requires.txt
[0.373s] writing top-level names to ../../build/py01_topic/py01_topic.egg-info/top_level.txt
[0.373s] writing manifest file '../../build/py01_topic/py01_topic.egg-info/SOURCES.txt'
[0.374s] reading manifest file '../../build/py01_topic/py01_topic.egg-info/SOURCES.txt'
[0.374s] writing manifest file '../../build/py01_topic/py01_topic.egg-info/SOURCES.txt'
[0.374s] running build
[0.374s] running build_py
[0.374s] creating /home/leomorningrain/code/ws01_plumbing/build/py01_topic/build
[0.374s] creating /home/leomorningrain/code/ws01_plumbing/build/py01_topic/build/lib
[0.375s] creating /home/leomorningrain/code/ws01_plumbing/build/py01_topic/build/lib/py01_topic
[0.375s] copying py01_topic/__init__.py -> /home/leomorningrain/code/ws01_plumbing/build/py01_topic/build/lib/py01_topic
[0.375s] copying py01_topic/demo01_talker_str_py.py -> /home/leomorningrain/code/ws01_plumbing/build/py01_topic/build/lib/py01_topic
[0.375s] running install
[0.375s] running install_lib
[0.375s] creating /home/leomorningrain/code/ws01_plumbing/install/py01_topic/lib/python3.10/site-packages/py01_topic
[0.375s] copying /home/leomorningrain/code/ws01_plumbing/build/py01_topic/build/lib/py01_topic/__init__.py -> /home/leomorningrain/code/ws01_plumbing/install/py01_topic/lib/python3.10/site-packages/py01_topic
[0.375s] copying /home/leomorningrain/code/ws01_plumbing/build/py01_topic/build/lib/py01_topic/demo01_talker_str_py.py -> /home/leomorningrain/code/ws01_plumbing/install/py01_topic/lib/python3.10/site-packages/py01_topic
[0.375s] byte-compiling /home/leomorningrain/code/ws01_plumbing/install/py01_topic/lib/python3.10/site-packages/py01_topic/__init__.py to __init__.cpython-310.pyc
[0.375s] byte-compiling /home/leomorningrain/code/ws01_plumbing/install/py01_topic/lib/python3.10/site-packages/py01_topic/demo01_talker_str_py.py to demo01_talker_str_py.cpython-310.pyc
[0.375s] running install_data
[0.375s] creating /home/leomorningrain/code/ws01_plumbing/install/py01_topic/share/ament_index
[0.375s] creating /home/leomorningrain/code/ws01_plumbing/install/py01_topic/share/ament_index/resource_index
[0.376s] creating /home/leomorningrain/code/ws01_plumbing/install/py01_topic/share/ament_index/resource_index/packages
[0.376s] copying resource/py01_topic -> /home/leomorningrain/code/ws01_plumbing/install/py01_topic/share/ament_index/resource_index/packages
[0.376s] copying package.xml -> /home/leomorningrain/code/ws01_plumbing/install/py01_topic/share/py01_topic
[0.376s] running install_egg_info
[0.376s] Copying ../../build/py01_topic/py01_topic.egg-info to /home/leomorningrain/code/ws01_plumbing/install/py01_topic/lib/python3.10/site-packages/py01_topic-0.0.0-py3.10.egg-info
[0.377s] running install_scripts
[0.388s] Installing demo01_talker_str_py script to /home/leomorningrain/code/ws01_plumbing/install/py01_topic/lib/py01_topic
[0.388s] writing list of installed files to '/home/leomorningrain/code/ws01_plumbing/build/py01_topic/install.log'
[0.400s] Invoked command in '/home/leomorningrain/code/ws01_plumbing/src/py01_topic' returned '0': AMENT_PREFIX_PATH=/home/leomorningrain/code/ws01_plumbing/install/base_interfaces_demo:${AMENT_PREFIX_PATH} CMAKE_PREFIX_PATH=/home/leomorningrain/code/ws01_plumbing/install/base_interfaces_demo PYTHONPATH=/home/leomorningrain/code/ws01_plumbing/build/py01_topic/prefix_override:/home/leomorningrain/code/ws01_plumbing/install/py01_topic/lib/python3.10/site-packages:${PYTHONPATH} /usr/bin/python3 -W ignore:setup.py install is deprecated setup.py egg_info --egg-base ../../build/py01_topic build --build-base /home/leomorningrain/code/ws01_plumbing/build/py01_topic/build install --record /home/leomorningrain/code/ws01_plumbing/build/py01_topic/install.log --single-version-externally-managed install_data
