[0.006s] Invoking command in '/home/leomorningrain/code/town_ws/build/village_wang': CMAKE_PREFIX_PATH=${CMAKE_PREFIX_PATH}:/home/leomorningrain/code/town_ws/install/village_li:/opt/ros/humble /usr/bin/cmake --build /home/leomorningrain/code/town_ws/build/village_wang -- -j32 -l32
[0.027s] [35m[1mConsolidate compiler generated dependencies of target wang2_node[0m
[0.041s] [ 50%] [32mBuilding CXX object CMakeFiles/wang2_node.dir/src/wang2.cpp.o[0m
[3.746s] [100%] [32m[1mLinking CXX executable wang2_node[0m
[3.927s] [100%] Built target wang2_node
[3.936s] Invoked command in '/home/leomorningrain/code/town_ws/build/village_wang' returned '0': CMAKE_PREFIX_PATH=${CMAKE_PREFIX_PATH}:/home/leomorningrain/code/town_ws/install/village_li:/opt/ros/humble /usr/bin/cmake --build /home/leomorningrain/code/town_ws/build/village_wang -- -j32 -l32
[3.955s] Invoking command in '/home/leomorningrain/code/town_ws/build/village_wang': CMAKE_PREFIX_PATH=${CMAKE_PREFIX_PATH}:/home/leomorningrain/code/town_ws/install/village_li:/opt/ros/humble /usr/bin/cmake --install /home/leomorningrain/code/town_ws/build/village_wang
[3.958s] -- Install configuration: ""
[3.958s] -- Execute custom install script
[3.959s] -- Up-to-date symlink: /home/leomorningrain/code/town_ws/install/village_wang/share/ament_index/resource_index/package_run_dependencies/village_wang
[3.959s] -- Up-to-date symlink: /home/leomorningrain/code/town_ws/install/village_wang/share/ament_index/resource_index/parent_prefix_path/village_wang
[3.959s] -- Up-to-date symlink: /home/leomorningrain/code/town_ws/install/village_wang/share/village_wang/environment/ament_prefix_path.sh
[3.959s] -- Up-to-date symlink: /home/leomorningrain/code/town_ws/install/village_wang/share/village_wang/environment/ament_prefix_path.dsv
[3.959s] -- Up-to-date symlink: /home/leomorningrain/code/town_ws/install/village_wang/share/village_wang/environment/path.sh
[3.959s] -- Up-to-date symlink: /home/leomorningrain/code/town_ws/install/village_wang/share/village_wang/environment/path.dsv
[3.959s] -- Up-to-date symlink: /home/leomorningrain/code/town_ws/install/village_wang/share/village_wang/local_setup.bash
[3.959s] -- Up-to-date symlink: /home/leomorningrain/code/town_ws/install/village_wang/share/village_wang/local_setup.sh
[3.959s] -- Up-to-date symlink: /home/leomorningrain/code/town_ws/install/village_wang/share/village_wang/local_setup.zsh
[3.959s] -- Up-to-date symlink: /home/leomorningrain/code/town_ws/install/village_wang/share/village_wang/local_setup.dsv
[3.959s] -- Symlinking: /home/leomorningrain/code/town_ws/install/village_wang/share/village_wang/package.dsv
[3.964s] -- Up-to-date symlink: /home/leomorningrain/code/town_ws/install/village_wang/share/ament_index/resource_index/packages/village_wang
[3.964s] -- Up-to-date symlink: /home/leomorningrain/code/town_ws/install/village_wang/share/village_wang/cmake/village_wangConfig.cmake
[3.964s] -- Up-to-date symlink: /home/leomorningrain/code/town_ws/install/village_wang/share/village_wang/cmake/village_wangConfig-version.cmake
[3.964s] -- Up-to-date symlink: /home/leomorningrain/code/town_ws/install/village_wang/share/village_wang/package.xml
[3.964s] -- Up-to-date symlink: /home/leomorningrain/code/town_ws/install/village_wang/lib/village_wang/wang2_node
[3.965s] Invoked command in '/home/leomorningrain/code/town_ws/build/village_wang' returned '0': CMAKE_PREFIX_PATH=${CMAKE_PREFIX_PATH}:/home/leomorningrain/code/town_ws/install/village_li:/opt/ros/humble /usr/bin/cmake --install /home/leomorningrain/code/town_ws/build/village_wang
