[0.047s] DEBUG:colcon:Command line arguments: ['/usr/bin/colcon', 'build', '--symlink-install']
[0.047s] DEBUG:colcon:Parsed command line arguments: Namespace(log_base=None, log_level=None, verb_name='build', build_base='build', install_base='install', merge_install=False, symlink_install=True, test_result_base=None, continue_on_error=False, executor='parallel', parallel_workers=32, event_handlers=None, ignore_user_meta=False, metas=['./colcon.meta'], base_paths=['.'], packages_ignore=None, packages_ignore_regex=None, paths=None, packages_up_to=None, packages_up_to_regex=None, packages_above=None, packages_above_and_dependencies=None, packages_above_depth=None, packages_select_by_dep=None, packages_skip_by_dep=None, packages_skip_up_to=None, packages_select_build_failed=False, packages_skip_build_finished=False, packages_select_test_failures=False, packages_skip_test_passed=False, packages_select=None, packages_skip=None, packages_select_regex=None, packages_skip_regex=None, packages_start=None, packages_end=None, allow_overriding=[], cmake_args=None, cmake_target=None, cmake_target_skip_unavailable=False, cmake_clean_cache=False, cmake_clean_first=False, cmake_force_configure=False, ament_cmake_args=None, catkin_cmake_args=None, catkin_skip_building_tests=False, verb_parser=<colcon_defaults.argument_parser.defaults.DefaultArgumentsDecorator object at 0x75bbc1138910>, verb_extension=<colcon_core.verb.build.BuildVerb object at 0x75bbc12ffb50>, main=<bound method BuildVerb.main of <colcon_core.verb.build.BuildVerb object at 0x75bbc12ffb50>>)
[0.118s] Level 1:colcon.colcon_core.package_discovery:discover_packages(colcon_meta) check parameters
[0.118s] Level 1:colcon.colcon_core.package_discovery:discover_packages(recursive) check parameters
[0.118s] Level 1:colcon.colcon_core.package_discovery:discover_packages(ignore) check parameters
[0.118s] Level 1:colcon.colcon_core.package_discovery:discover_packages(path) check parameters
[0.118s] Level 1:colcon.colcon_core.package_discovery:discover_packages(colcon_meta) discover
[0.118s] Level 1:colcon.colcon_core.package_discovery:discover_packages(recursive) discover
[0.118s] INFO:colcon.colcon_core.package_discovery:Crawling recursively for packages in '/home/leomorningrain/code/ros2-mecanum-bot'
[0.118s] Level 1:colcon.colcon_core.package_identification:_identify(.) by extensions ['ignore', 'ignore_ament_install']
[0.118s] Level 1:colcon.colcon_core.package_identification:_identify(.) by extension 'ignore'
[0.118s] Level 1:colcon.colcon_core.package_identification:_identify(.) by extension 'ignore_ament_install'
[0.118s] Level 1:colcon.colcon_core.package_identification:_identify(.) by extensions ['colcon_pkg']
[0.118s] Level 1:colcon.colcon_core.package_identification:_identify(.) by extension 'colcon_pkg'
[0.118s] Level 1:colcon.colcon_core.package_identification:_identify(.) by extensions ['colcon_meta']
[0.118s] Level 1:colcon.colcon_core.package_identification:_identify(.) by extension 'colcon_meta'
[0.118s] Level 1:colcon.colcon_core.package_identification:_identify(.) by extensions ['ros']
[0.118s] Level 1:colcon.colcon_core.package_identification:_identify(.) by extension 'ros'
[0.124s] Level 1:colcon.colcon_core.package_identification:_identify(.) by extensions ['cmake', 'python']
[0.124s] Level 1:colcon.colcon_core.package_identification:_identify(.) by extension 'cmake'
[0.124s] Level 1:colcon.colcon_core.package_identification:_identify(.) by extension 'python'
[0.124s] Level 1:colcon.colcon_core.package_identification:_identify(.) by extensions ['python_setup_py']
[0.124s] Level 1:colcon.colcon_core.package_identification:_identify(.) by extension 'python_setup_py'
[0.124s] Level 1:colcon.colcon_core.package_identification:_identify(build) by extensions ['ignore', 'ignore_ament_install']
[0.124s] Level 1:colcon.colcon_core.package_identification:_identify(build) by extension 'ignore'
[0.124s] Level 1:colcon.colcon_core.package_identification:_identify(build) ignored
[0.124s] Level 1:colcon.colcon_core.package_identification:_identify(install) by extensions ['ignore', 'ignore_ament_install']
[0.124s] Level 1:colcon.colcon_core.package_identification:_identify(install) by extension 'ignore'
[0.124s] Level 1:colcon.colcon_core.package_identification:_identify(install) ignored
[0.124s] Level 1:colcon.colcon_core.package_identification:_identify(log) by extensions ['ignore', 'ignore_ament_install']
[0.124s] Level 1:colcon.colcon_core.package_identification:_identify(log) by extension 'ignore'
[0.124s] Level 1:colcon.colcon_core.package_identification:_identify(log) ignored
[0.125s] Level 1:colcon.colcon_core.package_identification:_identify(src) by extensions ['ignore', 'ignore_ament_install']
[0.125s] Level 1:colcon.colcon_core.package_identification:_identify(src) by extension 'ignore'
[0.125s] Level 1:colcon.colcon_core.package_identification:_identify(src) by extension 'ignore_ament_install'
[0.125s] Level 1:colcon.colcon_core.package_identification:_identify(src) by extensions ['colcon_pkg']
[0.125s] Level 1:colcon.colcon_core.package_identification:_identify(src) by extension 'colcon_pkg'
[0.125s] Level 1:colcon.colcon_core.package_identification:_identify(src) by extensions ['colcon_meta']
[0.125s] Level 1:colcon.colcon_core.package_identification:_identify(src) by extension 'colcon_meta'
[0.125s] Level 1:colcon.colcon_core.package_identification:_identify(src) by extensions ['ros']
[0.125s] Level 1:colcon.colcon_core.package_identification:_identify(src) by extension 'ros'
[0.125s] Level 1:colcon.colcon_core.package_identification:_identify(src) by extensions ['cmake', 'python']
[0.125s] Level 1:colcon.colcon_core.package_identification:_identify(src) by extension 'cmake'
[0.125s] Level 1:colcon.colcon_core.package_identification:_identify(src) by extension 'python'
[0.125s] Level 1:colcon.colcon_core.package_identification:_identify(src) by extensions ['python_setup_py']
[0.125s] Level 1:colcon.colcon_core.package_identification:_identify(src) by extension 'python_setup_py'
[0.125s] Level 1:colcon.colcon_core.package_identification:_identify(src/ros2-mecanum-bot) by extensions ['ignore', 'ignore_ament_install']
[0.125s] Level 1:colcon.colcon_core.package_identification:_identify(src/ros2-mecanum-bot) by extension 'ignore'
[0.125s] Level 1:colcon.colcon_core.package_identification:_identify(src/ros2-mecanum-bot) by extension 'ignore_ament_install'
[0.125s] Level 1:colcon.colcon_core.package_identification:_identify(src/ros2-mecanum-bot) by extensions ['colcon_pkg']
[0.125s] Level 1:colcon.colcon_core.package_identification:_identify(src/ros2-mecanum-bot) by extension 'colcon_pkg'
[0.125s] Level 1:colcon.colcon_core.package_identification:_identify(src/ros2-mecanum-bot) by extensions ['colcon_meta']
[0.125s] Level 1:colcon.colcon_core.package_identification:_identify(src/ros2-mecanum-bot) by extension 'colcon_meta'
[0.125s] Level 1:colcon.colcon_core.package_identification:_identify(src/ros2-mecanum-bot) by extensions ['ros']
[0.125s] Level 1:colcon.colcon_core.package_identification:_identify(src/ros2-mecanum-bot) by extension 'ros'
[0.125s] Level 1:colcon.colcon_core.package_identification:_identify(src/ros2-mecanum-bot) by extensions ['cmake', 'python']
[0.125s] Level 1:colcon.colcon_core.package_identification:_identify(src/ros2-mecanum-bot) by extension 'cmake'
[0.125s] Level 1:colcon.colcon_core.package_identification:_identify(src/ros2-mecanum-bot) by extension 'python'
[0.125s] Level 1:colcon.colcon_core.package_identification:_identify(src/ros2-mecanum-bot) by extensions ['python_setup_py']
[0.125s] Level 1:colcon.colcon_core.package_identification:_identify(src/ros2-mecanum-bot) by extension 'python_setup_py'
[0.125s] Level 1:colcon.colcon_core.package_identification:_identify(src/ros2-mecanum-bot/mecanumbot_bringup) by extensions ['ignore', 'ignore_ament_install']
[0.125s] Level 1:colcon.colcon_core.package_identification:_identify(src/ros2-mecanum-bot/mecanumbot_bringup) by extension 'ignore'
[0.125s] Level 1:colcon.colcon_core.package_identification:_identify(src/ros2-mecanum-bot/mecanumbot_bringup) by extension 'ignore_ament_install'
[0.125s] Level 1:colcon.colcon_core.package_identification:_identify(src/ros2-mecanum-bot/mecanumbot_bringup) by extensions ['colcon_pkg']
[0.125s] Level 1:colcon.colcon_core.package_identification:_identify(src/ros2-mecanum-bot/mecanumbot_bringup) by extension 'colcon_pkg'
[0.125s] Level 1:colcon.colcon_core.package_identification:_identify(src/ros2-mecanum-bot/mecanumbot_bringup) by extensions ['colcon_meta']
[0.125s] Level 1:colcon.colcon_core.package_identification:_identify(src/ros2-mecanum-bot/mecanumbot_bringup) by extension 'colcon_meta'
[0.125s] Level 1:colcon.colcon_core.package_identification:_identify(src/ros2-mecanum-bot/mecanumbot_bringup) by extensions ['ros']
[0.125s] Level 1:colcon.colcon_core.package_identification:_identify(src/ros2-mecanum-bot/mecanumbot_bringup) by extension 'ros'
[0.126s] DEBUG:colcon.colcon_core.package_identification:Package 'src/ros2-mecanum-bot/mecanumbot_bringup' with type 'ros.ament_cmake' and name 'mecanumbot_bringup'
[0.126s] Level 1:colcon.colcon_core.package_identification:_identify(src/ros2-mecanum-bot/mecanumbot_control) by extensions ['ignore', 'ignore_ament_install']
[0.127s] Level 1:colcon.colcon_core.package_identification:_identify(src/ros2-mecanum-bot/mecanumbot_control) by extension 'ignore'
[0.127s] Level 1:colcon.colcon_core.package_identification:_identify(src/ros2-mecanum-bot/mecanumbot_control) by extension 'ignore_ament_install'
[0.127s] Level 1:colcon.colcon_core.package_identification:_identify(src/ros2-mecanum-bot/mecanumbot_control) by extensions ['colcon_pkg']
[0.127s] Level 1:colcon.colcon_core.package_identification:_identify(src/ros2-mecanum-bot/mecanumbot_control) by extension 'colcon_pkg'
[0.127s] Level 1:colcon.colcon_core.package_identification:_identify(src/ros2-mecanum-bot/mecanumbot_control) by extensions ['colcon_meta']
[0.127s] Level 1:colcon.colcon_core.package_identification:_identify(src/ros2-mecanum-bot/mecanumbot_control) by extension 'colcon_meta'
[0.127s] Level 1:colcon.colcon_core.package_identification:_identify(src/ros2-mecanum-bot/mecanumbot_control) by extensions ['ros']
[0.127s] Level 1:colcon.colcon_core.package_identification:_identify(src/ros2-mecanum-bot/mecanumbot_control) by extension 'ros'
[0.127s] DEBUG:colcon.colcon_core.package_identification:Package 'src/ros2-mecanum-bot/mecanumbot_control' with type 'ros.ament_cmake' and name 'mecanumbot_control'
[0.127s] Level 1:colcon.colcon_core.package_identification:_identify(src/ros2-mecanum-bot/mecanumbot_controller) by extensions ['ignore', 'ignore_ament_install']
[0.127s] Level 1:colcon.colcon_core.package_identification:_identify(src/ros2-mecanum-bot/mecanumbot_controller) by extension 'ignore'
[0.127s] Level 1:colcon.colcon_core.package_identification:_identify(src/ros2-mecanum-bot/mecanumbot_controller) by extension 'ignore_ament_install'
[0.127s] Level 1:colcon.colcon_core.package_identification:_identify(src/ros2-mecanum-bot/mecanumbot_controller) by extensions ['colcon_pkg']
[0.127s] Level 1:colcon.colcon_core.package_identification:_identify(src/ros2-mecanum-bot/mecanumbot_controller) by extension 'colcon_pkg'
[0.127s] Level 1:colcon.colcon_core.package_identification:_identify(src/ros2-mecanum-bot/mecanumbot_controller) by extensions ['colcon_meta']
[0.127s] Level 1:colcon.colcon_core.package_identification:_identify(src/ros2-mecanum-bot/mecanumbot_controller) by extension 'colcon_meta'
[0.127s] Level 1:colcon.colcon_core.package_identification:_identify(src/ros2-mecanum-bot/mecanumbot_controller) by extensions ['ros']
[0.127s] Level 1:colcon.colcon_core.package_identification:_identify(src/ros2-mecanum-bot/mecanumbot_controller) by extension 'ros'
[0.127s] DEBUG:colcon.colcon_core.package_identification:Package 'src/ros2-mecanum-bot/mecanumbot_controller' with type 'ros.ament_cmake' and name 'mecanumbot_controller'
[0.128s] Level 1:colcon.colcon_core.package_identification:_identify(src/ros2-mecanum-bot/mecanumbot_description) by extensions ['ignore', 'ignore_ament_install']
[0.128s] Level 1:colcon.colcon_core.package_identification:_identify(src/ros2-mecanum-bot/mecanumbot_description) by extension 'ignore'
[0.128s] Level 1:colcon.colcon_core.package_identification:_identify(src/ros2-mecanum-bot/mecanumbot_description) by extension 'ignore_ament_install'
[0.128s] Level 1:colcon.colcon_core.package_identification:_identify(src/ros2-mecanum-bot/mecanumbot_description) by extensions ['colcon_pkg']
[0.128s] Level 1:colcon.colcon_core.package_identification:_identify(src/ros2-mecanum-bot/mecanumbot_description) by extension 'colcon_pkg'
[0.128s] Level 1:colcon.colcon_core.package_identification:_identify(src/ros2-mecanum-bot/mecanumbot_description) by extensions ['colcon_meta']
[0.128s] Level 1:colcon.colcon_core.package_identification:_identify(src/ros2-mecanum-bot/mecanumbot_description) by extension 'colcon_meta'
[0.128s] Level 1:colcon.colcon_core.package_identification:_identify(src/ros2-mecanum-bot/mecanumbot_description) by extensions ['ros']
[0.128s] Level 1:colcon.colcon_core.package_identification:_identify(src/ros2-mecanum-bot/mecanumbot_description) by extension 'ros'
[0.128s] DEBUG:colcon.colcon_core.package_identification:Package 'src/ros2-mecanum-bot/mecanumbot_description' with type 'ros.ament_cmake' and name 'mecanumbot_description'
[0.128s] Level 1:colcon.colcon_core.package_identification:_identify(src/ros2-mecanum-bot/mecanumbot_hardware) by extensions ['ignore', 'ignore_ament_install']
[0.128s] Level 1:colcon.colcon_core.package_identification:_identify(src/ros2-mecanum-bot/mecanumbot_hardware) by extension 'ignore'
[0.128s] Level 1:colcon.colcon_core.package_identification:_identify(src/ros2-mecanum-bot/mecanumbot_hardware) by extension 'ignore_ament_install'
[0.128s] Level 1:colcon.colcon_core.package_identification:_identify(src/ros2-mecanum-bot/mecanumbot_hardware) by extensions ['colcon_pkg']
[0.128s] Level 1:colcon.colcon_core.package_identification:_identify(src/ros2-mecanum-bot/mecanumbot_hardware) by extension 'colcon_pkg'
[0.128s] Level 1:colcon.colcon_core.package_identification:_identify(src/ros2-mecanum-bot/mecanumbot_hardware) by extensions ['colcon_meta']
[0.128s] Level 1:colcon.colcon_core.package_identification:_identify(src/ros2-mecanum-bot/mecanumbot_hardware) by extension 'colcon_meta'
[0.128s] Level 1:colcon.colcon_core.package_identification:_identify(src/ros2-mecanum-bot/mecanumbot_hardware) by extensions ['ros']
[0.128s] Level 1:colcon.colcon_core.package_identification:_identify(src/ros2-mecanum-bot/mecanumbot_hardware) by extension 'ros'
[0.128s] DEBUG:colcon.colcon_core.package_identification:Package 'src/ros2-mecanum-bot/mecanumbot_hardware' with type 'ros.ament_cmake' and name 'mecanumbot_hardware'
[0.128s] Level 1:colcon.colcon_core.package_identification:_identify(src/ros2-mecanum-bot/mecanumbot_teleop) by extensions ['ignore', 'ignore_ament_install']
[0.129s] Level 1:colcon.colcon_core.package_identification:_identify(src/ros2-mecanum-bot/mecanumbot_teleop) by extension 'ignore'
[0.129s] Level 1:colcon.colcon_core.package_identification:_identify(src/ros2-mecanum-bot/mecanumbot_teleop) by extension 'ignore_ament_install'
[0.129s] Level 1:colcon.colcon_core.package_identification:_identify(src/ros2-mecanum-bot/mecanumbot_teleop) by extensions ['colcon_pkg']
[0.129s] Level 1:colcon.colcon_core.package_identification:_identify(src/ros2-mecanum-bot/mecanumbot_teleop) by extension 'colcon_pkg'
[0.129s] Level 1:colcon.colcon_core.package_identification:_identify(src/ros2-mecanum-bot/mecanumbot_teleop) by extensions ['colcon_meta']
[0.129s] Level 1:colcon.colcon_core.package_identification:_identify(src/ros2-mecanum-bot/mecanumbot_teleop) by extension 'colcon_meta'
[0.129s] Level 1:colcon.colcon_core.package_identification:_identify(src/ros2-mecanum-bot/mecanumbot_teleop) by extensions ['ros']
[0.129s] Level 1:colcon.colcon_core.package_identification:_identify(src/ros2-mecanum-bot/mecanumbot_teleop) by extension 'ros'
[0.129s] DEBUG:colcon.colcon_core.package_identification:Package 'src/ros2-mecanum-bot/mecanumbot_teleop' with type 'ros.ament_cmake' and name 'mecanumbot_teleop'
[0.129s] Level 1:colcon.colcon_core.package_discovery:discover_packages(recursive) using defaults
[0.129s] Level 1:colcon.colcon_core.package_discovery:discover_packages(ignore) discover
[0.129s] Level 1:colcon.colcon_core.package_discovery:discover_packages(ignore) using defaults
[0.129s] Level 1:colcon.colcon_core.package_discovery:discover_packages(path) discover
[0.129s] Level 1:colcon.colcon_core.package_discovery:discover_packages(path) using defaults
[0.139s] Level 1:colcon.colcon_core.package_discovery:discover_packages(prefix_path) check parameters
[0.139s] Level 1:colcon.colcon_core.package_discovery:discover_packages(prefix_path) discover
[0.140s] DEBUG:colcon.colcon_installed_package_information.package_discovery:Found 328 installed packages in /opt/ros/humble
[0.145s] Level 1:colcon.colcon_core.package_discovery:discover_packages(prefix_path) using defaults
[0.164s] Level 5:colcon.colcon_core.verb:set package 'mecanumbot_control' build argument 'cmake_args' from command line to 'None'
[0.164s] Level 5:colcon.colcon_core.verb:set package 'mecanumbot_control' build argument 'cmake_target' from command line to 'None'
[0.164s] Level 5:colcon.colcon_core.verb:set package 'mecanumbot_control' build argument 'cmake_target_skip_unavailable' from command line to 'False'
[0.164s] Level 5:colcon.colcon_core.verb:set package 'mecanumbot_control' build argument 'cmake_clean_cache' from command line to 'False'
[0.164s] Level 5:colcon.colcon_core.verb:set package 'mecanumbot_control' build argument 'cmake_clean_first' from command line to 'False'
[0.164s] Level 5:colcon.colcon_core.verb:set package 'mecanumbot_control' build argument 'cmake_force_configure' from command line to 'False'
[0.164s] Level 5:colcon.colcon_core.verb:set package 'mecanumbot_control' build argument 'ament_cmake_args' from command line to 'None'
[0.164s] Level 5:colcon.colcon_core.verb:set package 'mecanumbot_control' build argument 'catkin_cmake_args' from command line to 'None'
[0.164s] Level 5:colcon.colcon_core.verb:set package 'mecanumbot_control' build argument 'catkin_skip_building_tests' from command line to 'False'
[0.164s] DEBUG:colcon.colcon_core.verb:Building package 'mecanumbot_control' with the following arguments: {'ament_cmake_args': None, 'build_base': '/home/leomorningrain/code/ros2-mecanum-bot/build/mecanumbot_control', 'catkin_cmake_args': None, 'catkin_skip_building_tests': False, 'cmake_args': None, 'cmake_clean_cache': False, 'cmake_clean_first': False, 'cmake_force_configure': False, 'cmake_target': None, 'cmake_target_skip_unavailable': False, 'install_base': '/home/leomorningrain/code/ros2-mecanum-bot/install/mecanumbot_control', 'merge_install': False, 'path': '/home/leomorningrain/code/ros2-mecanum-bot/src/ros2-mecanum-bot/mecanumbot_control', 'symlink_install': True, 'test_result_base': None}
[0.164s] Level 5:colcon.colcon_core.verb:set package 'mecanumbot_controller' build argument 'cmake_args' from command line to 'None'
[0.164s] Level 5:colcon.colcon_core.verb:set package 'mecanumbot_controller' build argument 'cmake_target' from command line to 'None'
[0.164s] Level 5:colcon.colcon_core.verb:set package 'mecanumbot_controller' build argument 'cmake_target_skip_unavailable' from command line to 'False'
[0.164s] Level 5:colcon.colcon_core.verb:set package 'mecanumbot_controller' build argument 'cmake_clean_cache' from command line to 'False'
[0.164s] Level 5:colcon.colcon_core.verb:set package 'mecanumbot_controller' build argument 'cmake_clean_first' from command line to 'False'
[0.164s] Level 5:colcon.colcon_core.verb:set package 'mecanumbot_controller' build argument 'cmake_force_configure' from command line to 'False'
[0.164s] Level 5:colcon.colcon_core.verb:set package 'mecanumbot_controller' build argument 'ament_cmake_args' from command line to 'None'
[0.164s] Level 5:colcon.colcon_core.verb:set package 'mecanumbot_controller' build argument 'catkin_cmake_args' from command line to 'None'
[0.164s] Level 5:colcon.colcon_core.verb:set package 'mecanumbot_controller' build argument 'catkin_skip_building_tests' from command line to 'False'
[0.164s] DEBUG:colcon.colcon_core.verb:Building package 'mecanumbot_controller' with the following arguments: {'ament_cmake_args': None, 'build_base': '/home/leomorningrain/code/ros2-mecanum-bot/build/mecanumbot_controller', 'catkin_cmake_args': None, 'catkin_skip_building_tests': False, 'cmake_args': None, 'cmake_clean_cache': False, 'cmake_clean_first': False, 'cmake_force_configure': False, 'cmake_target': None, 'cmake_target_skip_unavailable': False, 'install_base': '/home/leomorningrain/code/ros2-mecanum-bot/install/mecanumbot_controller', 'merge_install': False, 'path': '/home/leomorningrain/code/ros2-mecanum-bot/src/ros2-mecanum-bot/mecanumbot_controller', 'symlink_install': True, 'test_result_base': None}
[0.164s] Level 5:colcon.colcon_core.verb:set package 'mecanumbot_description' build argument 'cmake_args' from command line to 'None'
[0.164s] Level 5:colcon.colcon_core.verb:set package 'mecanumbot_description' build argument 'cmake_target' from command line to 'None'
[0.164s] Level 5:colcon.colcon_core.verb:set package 'mecanumbot_description' build argument 'cmake_target_skip_unavailable' from command line to 'False'
[0.164s] Level 5:colcon.colcon_core.verb:set package 'mecanumbot_description' build argument 'cmake_clean_cache' from command line to 'False'
[0.164s] Level 5:colcon.colcon_core.verb:set package 'mecanumbot_description' build argument 'cmake_clean_first' from command line to 'False'
[0.164s] Level 5:colcon.colcon_core.verb:set package 'mecanumbot_description' build argument 'cmake_force_configure' from command line to 'False'
[0.164s] Level 5:colcon.colcon_core.verb:set package 'mecanumbot_description' build argument 'ament_cmake_args' from command line to 'None'
[0.164s] Level 5:colcon.colcon_core.verb:set package 'mecanumbot_description' build argument 'catkin_cmake_args' from command line to 'None'
[0.164s] Level 5:colcon.colcon_core.verb:set package 'mecanumbot_description' build argument 'catkin_skip_building_tests' from command line to 'False'
[0.164s] DEBUG:colcon.colcon_core.verb:Building package 'mecanumbot_description' with the following arguments: {'ament_cmake_args': None, 'build_base': '/home/leomorningrain/code/ros2-mecanum-bot/build/mecanumbot_description', 'catkin_cmake_args': None, 'catkin_skip_building_tests': False, 'cmake_args': None, 'cmake_clean_cache': False, 'cmake_clean_first': False, 'cmake_force_configure': False, 'cmake_target': None, 'cmake_target_skip_unavailable': False, 'install_base': '/home/leomorningrain/code/ros2-mecanum-bot/install/mecanumbot_description', 'merge_install': False, 'path': '/home/leomorningrain/code/ros2-mecanum-bot/src/ros2-mecanum-bot/mecanumbot_description', 'symlink_install': True, 'test_result_base': None}
[0.164s] Level 5:colcon.colcon_core.verb:set package 'mecanumbot_hardware' build argument 'cmake_args' from command line to 'None'
[0.164s] Level 5:colcon.colcon_core.verb:set package 'mecanumbot_hardware' build argument 'cmake_target' from command line to 'None'
[0.164s] Level 5:colcon.colcon_core.verb:set package 'mecanumbot_hardware' build argument 'cmake_target_skip_unavailable' from command line to 'False'
[0.164s] Level 5:colcon.colcon_core.verb:set package 'mecanumbot_hardware' build argument 'cmake_clean_cache' from command line to 'False'
[0.164s] Level 5:colcon.colcon_core.verb:set package 'mecanumbot_hardware' build argument 'cmake_clean_first' from command line to 'False'
[0.164s] Level 5:colcon.colcon_core.verb:set package 'mecanumbot_hardware' build argument 'cmake_force_configure' from command line to 'False'
[0.164s] Level 5:colcon.colcon_core.verb:set package 'mecanumbot_hardware' build argument 'ament_cmake_args' from command line to 'None'
[0.164s] Level 5:colcon.colcon_core.verb:set package 'mecanumbot_hardware' build argument 'catkin_cmake_args' from command line to 'None'
[0.164s] Level 5:colcon.colcon_core.verb:set package 'mecanumbot_hardware' build argument 'catkin_skip_building_tests' from command line to 'False'
[0.164s] DEBUG:colcon.colcon_core.verb:Building package 'mecanumbot_hardware' with the following arguments: {'ament_cmake_args': None, 'build_base': '/home/leomorningrain/code/ros2-mecanum-bot/build/mecanumbot_hardware', 'catkin_cmake_args': None, 'catkin_skip_building_tests': False, 'cmake_args': None, 'cmake_clean_cache': False, 'cmake_clean_first': False, 'cmake_force_configure': False, 'cmake_target': None, 'cmake_target_skip_unavailable': False, 'install_base': '/home/leomorningrain/code/ros2-mecanum-bot/install/mecanumbot_hardware', 'merge_install': False, 'path': '/home/leomorningrain/code/ros2-mecanum-bot/src/ros2-mecanum-bot/mecanumbot_hardware', 'symlink_install': True, 'test_result_base': None}
[0.165s] Level 5:colcon.colcon_core.verb:set package 'mecanumbot_teleop' build argument 'cmake_args' from command line to 'None'
[0.165s] Level 5:colcon.colcon_core.verb:set package 'mecanumbot_teleop' build argument 'cmake_target' from command line to 'None'
[0.165s] Level 5:colcon.colcon_core.verb:set package 'mecanumbot_teleop' build argument 'cmake_target_skip_unavailable' from command line to 'False'
[0.165s] Level 5:colcon.colcon_core.verb:set package 'mecanumbot_teleop' build argument 'cmake_clean_cache' from command line to 'False'
[0.165s] Level 5:colcon.colcon_core.verb:set package 'mecanumbot_teleop' build argument 'cmake_clean_first' from command line to 'False'
[0.165s] Level 5:colcon.colcon_core.verb:set package 'mecanumbot_teleop' build argument 'cmake_force_configure' from command line to 'False'
[0.165s] Level 5:colcon.colcon_core.verb:set package 'mecanumbot_teleop' build argument 'ament_cmake_args' from command line to 'None'
[0.165s] Level 5:colcon.colcon_core.verb:set package 'mecanumbot_teleop' build argument 'catkin_cmake_args' from command line to 'None'
[0.165s] Level 5:colcon.colcon_core.verb:set package 'mecanumbot_teleop' build argument 'catkin_skip_building_tests' from command line to 'False'
[0.165s] DEBUG:colcon.colcon_core.verb:Building package 'mecanumbot_teleop' with the following arguments: {'ament_cmake_args': None, 'build_base': '/home/leomorningrain/code/ros2-mecanum-bot/build/mecanumbot_teleop', 'catkin_cmake_args': None, 'catkin_skip_building_tests': False, 'cmake_args': None, 'cmake_clean_cache': False, 'cmake_clean_first': False, 'cmake_force_configure': False, 'cmake_target': None, 'cmake_target_skip_unavailable': False, 'install_base': '/home/leomorningrain/code/ros2-mecanum-bot/install/mecanumbot_teleop', 'merge_install': False, 'path': '/home/leomorningrain/code/ros2-mecanum-bot/src/ros2-mecanum-bot/mecanumbot_teleop', 'symlink_install': True, 'test_result_base': None}
[0.165s] Level 5:colcon.colcon_core.verb:set package 'mecanumbot_bringup' build argument 'cmake_args' from command line to 'None'
[0.165s] Level 5:colcon.colcon_core.verb:set package 'mecanumbot_bringup' build argument 'cmake_target' from command line to 'None'
[0.165s] Level 5:colcon.colcon_core.verb:set package 'mecanumbot_bringup' build argument 'cmake_target_skip_unavailable' from command line to 'False'
[0.165s] Level 5:colcon.colcon_core.verb:set package 'mecanumbot_bringup' build argument 'cmake_clean_cache' from command line to 'False'
[0.165s] Level 5:colcon.colcon_core.verb:set package 'mecanumbot_bringup' build argument 'cmake_clean_first' from command line to 'False'
[0.165s] Level 5:colcon.colcon_core.verb:set package 'mecanumbot_bringup' build argument 'cmake_force_configure' from command line to 'False'
[0.165s] Level 5:colcon.colcon_core.verb:set package 'mecanumbot_bringup' build argument 'ament_cmake_args' from command line to 'None'
[0.165s] Level 5:colcon.colcon_core.verb:set package 'mecanumbot_bringup' build argument 'catkin_cmake_args' from command line to 'None'
[0.165s] Level 5:colcon.colcon_core.verb:set package 'mecanumbot_bringup' build argument 'catkin_skip_building_tests' from command line to 'False'
[0.165s] DEBUG:colcon.colcon_core.verb:Building package 'mecanumbot_bringup' with the following arguments: {'ament_cmake_args': None, 'build_base': '/home/leomorningrain/code/ros2-mecanum-bot/build/mecanumbot_bringup', 'catkin_cmake_args': None, 'catkin_skip_building_tests': False, 'cmake_args': None, 'cmake_clean_cache': False, 'cmake_clean_first': False, 'cmake_force_configure': False, 'cmake_target': None, 'cmake_target_skip_unavailable': False, 'install_base': '/home/leomorningrain/code/ros2-mecanum-bot/install/mecanumbot_bringup', 'merge_install': False, 'path': '/home/leomorningrain/code/ros2-mecanum-bot/src/ros2-mecanum-bot/mecanumbot_bringup', 'symlink_install': True, 'test_result_base': None}
[0.165s] INFO:colcon.colcon_core.executor:Executing jobs using 'parallel' executor
[0.165s] DEBUG:colcon.colcon_parallel_executor.executor.parallel:run_until_complete
[0.166s] INFO:colcon.colcon_ros.task.ament_cmake.build:Building ROS package in '/home/leomorningrain/code/ros2-mecanum-bot/src/ros2-mecanum-bot/mecanumbot_description' with build type 'ament_cmake'
[0.166s] INFO:colcon.colcon_cmake.task.cmake.build:Building CMake package in '/home/leomorningrain/code/ros2-mecanum-bot/src/ros2-mecanum-bot/mecanumbot_description'
[0.167s] INFO:colcon.colcon_core.plugin_system:Skipping extension 'colcon_core.shell.bat': Not used on non-Windows systems
[0.167s] INFO:colcon.colcon_core.shell:Skip shell extension 'powershell' for command environment: Not usable outside of PowerShell
[0.167s] DEBUG:colcon.colcon_core.shell:Skip shell extension 'dsv' for command environment
[0.168s] INFO:colcon.colcon_ros.task.ament_cmake.build:Building ROS package in '/home/leomorningrain/code/ros2-mecanum-bot/src/ros2-mecanum-bot/mecanumbot_control' with build type 'ament_cmake'
[0.169s] INFO:colcon.colcon_cmake.task.cmake.build:Building CMake package in '/home/leomorningrain/code/ros2-mecanum-bot/src/ros2-mecanum-bot/mecanumbot_control'
[0.169s] INFO:colcon.colcon_core.shell:Skip shell extension 'powershell' for command environment: Not usable outside of PowerShell
[0.169s] DEBUG:colcon.colcon_core.shell:Skip shell extension 'dsv' for command environment
[0.170s] INFO:colcon.colcon_ros.task.ament_cmake.build:Building ROS package in '/home/leomorningrain/code/ros2-mecanum-bot/src/ros2-mecanum-bot/mecanumbot_controller' with build type 'ament_cmake'
[0.170s] INFO:colcon.colcon_cmake.task.cmake.build:Building CMake package in '/home/leomorningrain/code/ros2-mecanum-bot/src/ros2-mecanum-bot/mecanumbot_controller'
[0.170s] INFO:colcon.colcon_core.shell:Skip shell extension 'powershell' for command environment: Not usable outside of PowerShell
[0.170s] DEBUG:colcon.colcon_core.shell:Skip shell extension 'dsv' for command environment
[0.171s] INFO:colcon.colcon_ros.task.ament_cmake.build:Building ROS package in '/home/leomorningrain/code/ros2-mecanum-bot/src/ros2-mecanum-bot/mecanumbot_hardware' with build type 'ament_cmake'
[0.171s] INFO:colcon.colcon_cmake.task.cmake.build:Building CMake package in '/home/leomorningrain/code/ros2-mecanum-bot/src/ros2-mecanum-bot/mecanumbot_hardware'
[0.171s] INFO:colcon.colcon_core.shell:Skip shell extension 'powershell' for command environment: Not usable outside of PowerShell
[0.171s] DEBUG:colcon.colcon_core.shell:Skip shell extension 'dsv' for command environment
[0.173s] INFO:colcon.colcon_ros.task.ament_cmake.build:Building ROS package in '/home/leomorningrain/code/ros2-mecanum-bot/src/ros2-mecanum-bot/mecanumbot_teleop' with build type 'ament_cmake'
[0.173s] INFO:colcon.colcon_cmake.task.cmake.build:Building CMake package in '/home/leomorningrain/code/ros2-mecanum-bot/src/ros2-mecanum-bot/mecanumbot_teleop'
[0.173s] INFO:colcon.colcon_core.shell:Skip shell extension 'powershell' for command environment: Not usable outside of PowerShell
[0.173s] DEBUG:colcon.colcon_core.shell:Skip shell extension 'dsv' for command environment
[0.176s] DEBUG:colcon.colcon_core.event_handler.log_command:Invoking command in '/home/leomorningrain/code/ros2-mecanum-bot/build/mecanumbot_description': CMAKE_PREFIX_PATH=/opt/ros/humble /usr/bin/cmake --build /home/leomorningrain/code/ros2-mecanum-bot/build/mecanumbot_description -- -j32 -l32
[0.178s] DEBUG:colcon.colcon_core.event_handler.log_command:Invoking command in '/home/leomorningrain/code/ros2-mecanum-bot/build/mecanumbot_control': CMAKE_PREFIX_PATH=/opt/ros/humble /usr/bin/cmake --build /home/leomorningrain/code/ros2-mecanum-bot/build/mecanumbot_control -- -j32 -l32
[0.179s] DEBUG:colcon.colcon_core.event_handler.log_command:Invoking command in '/home/leomorningrain/code/ros2-mecanum-bot/build/mecanumbot_controller': CMAKE_PREFIX_PATH=/opt/ros/humble /usr/bin/cmake --build /home/leomorningrain/code/ros2-mecanum-bot/build/mecanumbot_controller -- -j32 -l32
[0.182s] DEBUG:colcon.colcon_core.event_handler.log_command:Invoking command in '/home/leomorningrain/code/ros2-mecanum-bot/build/mecanumbot_hardware': CMAKE_PREFIX_PATH=/opt/ros/humble /usr/bin/cmake --build /home/leomorningrain/code/ros2-mecanum-bot/build/mecanumbot_hardware -- -j32 -l32
[0.184s] DEBUG:colcon.colcon_core.event_handler.log_command:Invoking command in '/home/leomorningrain/code/ros2-mecanum-bot/build/mecanumbot_teleop': CMAKE_PREFIX_PATH=/opt/ros/humble /usr/bin/cmake --build /home/leomorningrain/code/ros2-mecanum-bot/build/mecanumbot_teleop -- -j32 -l32
[0.195s] DEBUG:colcon.colcon_core.event_handler.log_command:Invoked command in '/home/leomorningrain/code/ros2-mecanum-bot/build/mecanumbot_description' returned '0': CMAKE_PREFIX_PATH=/opt/ros/humble /usr/bin/cmake --build /home/leomorningrain/code/ros2-mecanum-bot/build/mecanumbot_description -- -j32 -l32
[0.210s] DEBUG:colcon.colcon_core.event_handler.log_command:Invoking command in '/home/leomorningrain/code/ros2-mecanum-bot/build/mecanumbot_description': CMAKE_PREFIX_PATH=/opt/ros/humble /usr/bin/cmake --install /home/leomorningrain/code/ros2-mecanum-bot/build/mecanumbot_description
[0.215s] DEBUG:colcon.colcon_core.event_handler.log_command:Invoked command in '/home/leomorningrain/code/ros2-mecanum-bot/build/mecanumbot_control' returned '0': CMAKE_PREFIX_PATH=/opt/ros/humble /usr/bin/cmake --build /home/leomorningrain/code/ros2-mecanum-bot/build/mecanumbot_control -- -j32 -l32
[0.215s] DEBUG:colcon.colcon_core.event_handler.log_command:Invoked command in '/home/leomorningrain/code/ros2-mecanum-bot/build/mecanumbot_controller' returned '0': CMAKE_PREFIX_PATH=/opt/ros/humble /usr/bin/cmake --build /home/leomorningrain/code/ros2-mecanum-bot/build/mecanumbot_controller -- -j32 -l32
[0.217s] DEBUG:colcon.colcon_core.event_handler.log_command:Invoked command in '/home/leomorningrain/code/ros2-mecanum-bot/build/mecanumbot_hardware' returned '0': CMAKE_PREFIX_PATH=/opt/ros/humble /usr/bin/cmake --build /home/leomorningrain/code/ros2-mecanum-bot/build/mecanumbot_hardware -- -j32 -l32
[0.219s] DEBUG:colcon.colcon_core.event_handler.log_command:Invoked command in '/home/leomorningrain/code/ros2-mecanum-bot/build/mecanumbot_teleop' returned '0': CMAKE_PREFIX_PATH=/opt/ros/humble /usr/bin/cmake --build /home/leomorningrain/code/ros2-mecanum-bot/build/mecanumbot_teleop -- -j32 -l32
[0.220s] Level 1:colcon.colcon_core.environment:create_environment_scripts_only(mecanumbot_description)
[0.221s] DEBUG:colcon.colcon_core.event_handler.log_command:Invoked command in '/home/leomorningrain/code/ros2-mecanum-bot/build/mecanumbot_description' returned '0': CMAKE_PREFIX_PATH=/opt/ros/humble /usr/bin/cmake --install /home/leomorningrain/code/ros2-mecanum-bot/build/mecanumbot_description
[0.223s] Level 1:colcon.colcon_core.environment:checking '/home/leomorningrain/code/ros2-mecanum-bot/install/mecanumbot_description' for CMake module files
[0.223s] Level 1:colcon.colcon_core.environment:checking '/home/leomorningrain/code/ros2-mecanum-bot/install/mecanumbot_description' for CMake config files
[0.223s] Level 1:colcon.colcon_core.shell:create_environment_hook('mecanumbot_description', 'cmake_prefix_path')
[0.224s] INFO:colcon.colcon_core.shell:Creating environment hook '/home/leomorningrain/code/ros2-mecanum-bot/install/mecanumbot_description/share/mecanumbot_description/hook/cmake_prefix_path.ps1'
[0.224s] INFO:colcon.colcon_core.shell:Creating environment descriptor '/home/leomorningrain/code/ros2-mecanum-bot/install/mecanumbot_description/share/mecanumbot_description/hook/cmake_prefix_path.dsv'
[0.224s] INFO:colcon.colcon_core.shell:Creating environment hook '/home/leomorningrain/code/ros2-mecanum-bot/install/mecanumbot_description/share/mecanumbot_description/hook/cmake_prefix_path.sh'
[0.225s] Level 1:colcon.colcon_core.environment:checking '/home/leomorningrain/code/ros2-mecanum-bot/install/mecanumbot_description/bin'
[0.225s] Level 1:colcon.colcon_core.environment:checking '/home/leomorningrain/code/ros2-mecanum-bot/install/mecanumbot_description/lib/pkgconfig/mecanumbot_description.pc'
[0.225s] Level 1:colcon.colcon_core.environment:checking '/home/leomorningrain/code/ros2-mecanum-bot/install/mecanumbot_description/lib/python3.10/site-packages'
[0.225s] Level 1:colcon.colcon_core.environment:checking '/home/leomorningrain/code/ros2-mecanum-bot/install/mecanumbot_description/bin'
[0.225s] INFO:colcon.colcon_core.shell:Creating package script '/home/leomorningrain/code/ros2-mecanum-bot/install/mecanumbot_description/share/mecanumbot_description/package.ps1'
[0.226s] INFO:colcon.colcon_core.shell:Creating package descriptor '/home/leomorningrain/code/ros2-mecanum-bot/install/mecanumbot_description/share/mecanumbot_description/package.dsv'
[0.226s] INFO:colcon.colcon_core.shell:Creating package script '/home/leomorningrain/code/ros2-mecanum-bot/install/mecanumbot_description/share/mecanumbot_description/package.sh'
[0.226s] INFO:colcon.colcon_core.shell:Creating package script '/home/leomorningrain/code/ros2-mecanum-bot/install/mecanumbot_description/share/mecanumbot_description/package.bash'
[0.226s] INFO:colcon.colcon_core.shell:Creating package script '/home/leomorningrain/code/ros2-mecanum-bot/install/mecanumbot_description/share/mecanumbot_description/package.zsh'
[0.227s] Level 1:colcon.colcon_core.environment:create_file_with_runtime_dependencies(/home/leomorningrain/code/ros2-mecanum-bot/install/mecanumbot_description/share/colcon-core/packages/mecanumbot_description)
[0.228s] DEBUG:colcon.colcon_core.event_handler.log_command:Invoking command in '/home/leomorningrain/code/ros2-mecanum-bot/build/mecanumbot_control': CMAKE_PREFIX_PATH=/opt/ros/humble /usr/bin/cmake --install /home/leomorningrain/code/ros2-mecanum-bot/build/mecanumbot_control
[0.230s] DEBUG:colcon.colcon_core.event_handler.log_command:Invoking command in '/home/leomorningrain/code/ros2-mecanum-bot/build/mecanumbot_controller': CMAKE_PREFIX_PATH=/opt/ros/humble /usr/bin/cmake --install /home/leomorningrain/code/ros2-mecanum-bot/build/mecanumbot_controller
[0.231s] DEBUG:colcon.colcon_core.event_handler.log_command:Invoking command in '/home/leomorningrain/code/ros2-mecanum-bot/build/mecanumbot_hardware': CMAKE_PREFIX_PATH=/opt/ros/humble /usr/bin/cmake --install /home/leomorningrain/code/ros2-mecanum-bot/build/mecanumbot_hardware
[0.234s] DEBUG:colcon.colcon_core.event_handler.log_command:Invoking command in '/home/leomorningrain/code/ros2-mecanum-bot/build/mecanumbot_teleop': CMAKE_PREFIX_PATH=/opt/ros/humble /usr/bin/cmake --install /home/leomorningrain/code/ros2-mecanum-bot/build/mecanumbot_teleop
[0.237s] Level 1:colcon.colcon_core.environment:create_environment_scripts_only(mecanumbot_description)
[0.237s] Level 1:colcon.colcon_core.environment:checking '/home/leomorningrain/code/ros2-mecanum-bot/install/mecanumbot_description' for CMake module files
[0.238s] Level 1:colcon.colcon_core.environment:checking '/home/leomorningrain/code/ros2-mecanum-bot/install/mecanumbot_description' for CMake config files
[0.240s] Level 1:colcon.colcon_core.shell:create_environment_hook('mecanumbot_description', 'cmake_prefix_path')
[0.240s] INFO:colcon.colcon_core.shell:Creating environment hook '/home/leomorningrain/code/ros2-mecanum-bot/install/mecanumbot_description/share/mecanumbot_description/hook/cmake_prefix_path.ps1'
[0.242s] INFO:colcon.colcon_core.shell:Creating environment descriptor '/home/leomorningrain/code/ros2-mecanum-bot/install/mecanumbot_description/share/mecanumbot_description/hook/cmake_prefix_path.dsv'
[0.242s] INFO:colcon.colcon_core.shell:Creating environment hook '/home/leomorningrain/code/ros2-mecanum-bot/install/mecanumbot_description/share/mecanumbot_description/hook/cmake_prefix_path.sh'
[0.242s] Level 1:colcon.colcon_core.environment:checking '/home/leomorningrain/code/ros2-mecanum-bot/install/mecanumbot_description/bin'
[0.242s] Level 1:colcon.colcon_core.environment:checking '/home/leomorningrain/code/ros2-mecanum-bot/install/mecanumbot_description/lib/pkgconfig/mecanumbot_description.pc'
[0.243s] Level 1:colcon.colcon_core.environment:checking '/home/leomorningrain/code/ros2-mecanum-bot/install/mecanumbot_description/lib/python3.10/site-packages'
[0.243s] Level 1:colcon.colcon_core.environment:checking '/home/leomorningrain/code/ros2-mecanum-bot/install/mecanumbot_description/bin'
[0.243s] INFO:colcon.colcon_core.shell:Creating package script '/home/leomorningrain/code/ros2-mecanum-bot/install/mecanumbot_description/share/mecanumbot_description/package.ps1'
[0.244s] INFO:colcon.colcon_core.shell:Creating package descriptor '/home/leomorningrain/code/ros2-mecanum-bot/install/mecanumbot_description/share/mecanumbot_description/package.dsv'
[0.244s] INFO:colcon.colcon_core.shell:Creating package script '/home/leomorningrain/code/ros2-mecanum-bot/install/mecanumbot_description/share/mecanumbot_description/package.sh'
[0.244s] INFO:colcon.colcon_core.shell:Creating package script '/home/leomorningrain/code/ros2-mecanum-bot/install/mecanumbot_description/share/mecanumbot_description/package.bash'
[0.245s] INFO:colcon.colcon_core.shell:Creating package script '/home/leomorningrain/code/ros2-mecanum-bot/install/mecanumbot_description/share/mecanumbot_description/package.zsh'
[0.245s] Level 1:colcon.colcon_core.environment:create_file_with_runtime_dependencies(/home/leomorningrain/code/ros2-mecanum-bot/install/mecanumbot_description/share/colcon-core/packages/mecanumbot_description)
[0.245s] INFO:colcon.colcon_ros.task.ament_cmake.build:Building ROS package in '/home/leomorningrain/code/ros2-mecanum-bot/src/ros2-mecanum-bot/mecanumbot_bringup' with build type 'ament_cmake'
[0.245s] INFO:colcon.colcon_cmake.task.cmake.build:Building CMake package in '/home/leomorningrain/code/ros2-mecanum-bot/src/ros2-mecanum-bot/mecanumbot_bringup'
[0.246s] INFO:colcon.colcon_core.shell:Skip shell extension 'powershell' for command environment: Not usable outside of PowerShell
[0.246s] DEBUG:colcon.colcon_core.shell:Skip shell extension 'dsv' for command environment
[0.249s] Level 1:colcon.colcon_core.environment:create_environment_scripts_only(mecanumbot_controller)
[0.249s] Level 1:colcon.colcon_core.environment:checking '/home/leomorningrain/code/ros2-mecanum-bot/install/mecanumbot_controller' for CMake module files
[0.249s] DEBUG:colcon.colcon_core.event_handler.log_command:Invoked command in '/home/leomorningrain/code/ros2-mecanum-bot/build/mecanumbot_controller' returned '0': CMAKE_PREFIX_PATH=/opt/ros/humble /usr/bin/cmake --install /home/leomorningrain/code/ros2-mecanum-bot/build/mecanumbot_controller
[0.250s] Level 1:colcon.colcon_core.environment:checking '/home/leomorningrain/code/ros2-mecanum-bot/install/mecanumbot_controller' for CMake config files
[0.250s] Level 1:colcon.colcon_core.shell:create_environment_hook('mecanumbot_controller', 'cmake_prefix_path')
[0.250s] INFO:colcon.colcon_core.shell:Creating environment hook '/home/leomorningrain/code/ros2-mecanum-bot/install/mecanumbot_controller/share/mecanumbot_controller/hook/cmake_prefix_path.ps1'
[0.250s] INFO:colcon.colcon_core.shell:Creating environment descriptor '/home/leomorningrain/code/ros2-mecanum-bot/install/mecanumbot_controller/share/mecanumbot_controller/hook/cmake_prefix_path.dsv'
[0.250s] INFO:colcon.colcon_core.shell:Creating environment hook '/home/leomorningrain/code/ros2-mecanum-bot/install/mecanumbot_controller/share/mecanumbot_controller/hook/cmake_prefix_path.sh'
[0.250s] Level 1:colcon.colcon_core.environment:checking '/home/leomorningrain/code/ros2-mecanum-bot/install/mecanumbot_controller/lib'
[0.250s] Level 1:colcon.colcon_core.shell:create_environment_hook('mecanumbot_controller', 'ld_library_path_lib')
[0.251s] INFO:colcon.colcon_core.shell:Creating environment hook '/home/leomorningrain/code/ros2-mecanum-bot/install/mecanumbot_controller/share/mecanumbot_controller/hook/ld_library_path_lib.ps1'
[0.251s] INFO:colcon.colcon_core.shell:Creating environment descriptor '/home/leomorningrain/code/ros2-mecanum-bot/install/mecanumbot_controller/share/mecanumbot_controller/hook/ld_library_path_lib.dsv'
[0.251s] INFO:colcon.colcon_core.shell:Creating environment hook '/home/leomorningrain/code/ros2-mecanum-bot/install/mecanumbot_controller/share/mecanumbot_controller/hook/ld_library_path_lib.sh'
[0.251s] Level 1:colcon.colcon_core.environment:checking '/home/leomorningrain/code/ros2-mecanum-bot/install/mecanumbot_controller/bin'
[0.251s] Level 1:colcon.colcon_core.environment:checking '/home/leomorningrain/code/ros2-mecanum-bot/install/mecanumbot_controller/lib/pkgconfig/mecanumbot_controller.pc'
[0.251s] Level 1:colcon.colcon_core.environment:checking '/home/leomorningrain/code/ros2-mecanum-bot/install/mecanumbot_controller/lib/python3.10/site-packages'
[0.251s] Level 1:colcon.colcon_core.environment:checking '/home/leomorningrain/code/ros2-mecanum-bot/install/mecanumbot_controller/bin'
[0.251s] INFO:colcon.colcon_core.shell:Creating package script '/home/leomorningrain/code/ros2-mecanum-bot/install/mecanumbot_controller/share/mecanumbot_controller/package.ps1'
[0.252s] INFO:colcon.colcon_core.shell:Creating package descriptor '/home/leomorningrain/code/ros2-mecanum-bot/install/mecanumbot_controller/share/mecanumbot_controller/package.dsv'
[0.252s] INFO:colcon.colcon_core.shell:Creating package script '/home/leomorningrain/code/ros2-mecanum-bot/install/mecanumbot_controller/share/mecanumbot_controller/package.sh'
[0.252s] INFO:colcon.colcon_core.shell:Creating package script '/home/leomorningrain/code/ros2-mecanum-bot/install/mecanumbot_controller/share/mecanumbot_controller/package.bash'
[0.252s] INFO:colcon.colcon_core.shell:Creating package script '/home/leomorningrain/code/ros2-mecanum-bot/install/mecanumbot_controller/share/mecanumbot_controller/package.zsh'
[0.252s] Level 1:colcon.colcon_core.environment:create_file_with_runtime_dependencies(/home/leomorningrain/code/ros2-mecanum-bot/install/mecanumbot_controller/share/colcon-core/packages/mecanumbot_controller)
[0.253s] Level 1:colcon.colcon_core.environment:create_environment_scripts_only(mecanumbot_hardware)
[0.253s] Level 1:colcon.colcon_core.environment:checking '/home/leomorningrain/code/ros2-mecanum-bot/install/mecanumbot_hardware' for CMake module files
[0.253s] DEBUG:colcon.colcon_core.event_handler.log_command:Invoked command in '/home/leomorningrain/code/ros2-mecanum-bot/build/mecanumbot_hardware' returned '0': CMAKE_PREFIX_PATH=/opt/ros/humble /usr/bin/cmake --install /home/leomorningrain/code/ros2-mecanum-bot/build/mecanumbot_hardware
[0.254s] Level 1:colcon.colcon_core.environment:checking '/home/leomorningrain/code/ros2-mecanum-bot/install/mecanumbot_hardware' for CMake config files
[0.254s] Level 1:colcon.colcon_core.shell:create_environment_hook('mecanumbot_hardware', 'cmake_prefix_path')
[0.254s] INFO:colcon.colcon_core.shell:Creating environment hook '/home/leomorningrain/code/ros2-mecanum-bot/install/mecanumbot_hardware/share/mecanumbot_hardware/hook/cmake_prefix_path.ps1'
[0.254s] INFO:colcon.colcon_core.shell:Creating environment descriptor '/home/leomorningrain/code/ros2-mecanum-bot/install/mecanumbot_hardware/share/mecanumbot_hardware/hook/cmake_prefix_path.dsv'
[0.254s] INFO:colcon.colcon_core.shell:Creating environment hook '/home/leomorningrain/code/ros2-mecanum-bot/install/mecanumbot_hardware/share/mecanumbot_hardware/hook/cmake_prefix_path.sh'
[0.254s] Level 1:colcon.colcon_core.environment:checking '/home/leomorningrain/code/ros2-mecanum-bot/install/mecanumbot_hardware/lib'
[0.254s] Level 1:colcon.colcon_core.shell:create_environment_hook('mecanumbot_hardware', 'ld_library_path_lib')
[0.254s] INFO:colcon.colcon_core.shell:Creating environment hook '/home/leomorningrain/code/ros2-mecanum-bot/install/mecanumbot_hardware/share/mecanumbot_hardware/hook/ld_library_path_lib.ps1'
[0.255s] INFO:colcon.colcon_core.shell:Creating environment descriptor '/home/leomorningrain/code/ros2-mecanum-bot/install/mecanumbot_hardware/share/mecanumbot_hardware/hook/ld_library_path_lib.dsv'
[0.255s] INFO:colcon.colcon_core.shell:Creating environment hook '/home/leomorningrain/code/ros2-mecanum-bot/install/mecanumbot_hardware/share/mecanumbot_hardware/hook/ld_library_path_lib.sh'
[0.255s] Level 1:colcon.colcon_core.environment:checking '/home/leomorningrain/code/ros2-mecanum-bot/install/mecanumbot_hardware/bin'
[0.255s] Level 1:colcon.colcon_core.environment:checking '/home/leomorningrain/code/ros2-mecanum-bot/install/mecanumbot_hardware/lib/pkgconfig/mecanumbot_hardware.pc'
[0.255s] Level 1:colcon.colcon_core.environment:checking '/home/leomorningrain/code/ros2-mecanum-bot/install/mecanumbot_hardware/lib/python3.10/site-packages'
[0.255s] Level 1:colcon.colcon_core.environment:checking '/home/leomorningrain/code/ros2-mecanum-bot/install/mecanumbot_hardware/bin'
[0.255s] INFO:colcon.colcon_core.shell:Creating package script '/home/leomorningrain/code/ros2-mecanum-bot/install/mecanumbot_hardware/share/mecanumbot_hardware/package.ps1'
[0.255s] INFO:colcon.colcon_core.shell:Creating package descriptor '/home/leomorningrain/code/ros2-mecanum-bot/install/mecanumbot_hardware/share/mecanumbot_hardware/package.dsv'
[0.256s] INFO:colcon.colcon_core.shell:Creating package script '/home/leomorningrain/code/ros2-mecanum-bot/install/mecanumbot_hardware/share/mecanumbot_hardware/package.sh'
[0.256s] INFO:colcon.colcon_core.shell:Creating package script '/home/leomorningrain/code/ros2-mecanum-bot/install/mecanumbot_hardware/share/mecanumbot_hardware/package.bash'
[0.256s] INFO:colcon.colcon_core.shell:Creating package script '/home/leomorningrain/code/ros2-mecanum-bot/install/mecanumbot_hardware/share/mecanumbot_hardware/package.zsh'
[0.256s] Level 1:colcon.colcon_core.environment:create_file_with_runtime_dependencies(/home/leomorningrain/code/ros2-mecanum-bot/install/mecanumbot_hardware/share/colcon-core/packages/mecanumbot_hardware)
[0.257s] Level 1:colcon.colcon_core.environment:create_environment_scripts_only(mecanumbot_teleop)
[0.257s] Level 1:colcon.colcon_core.environment:checking '/home/leomorningrain/code/ros2-mecanum-bot/install/mecanumbot_teleop' for CMake module files
[0.257s] DEBUG:colcon.colcon_core.event_handler.log_command:Invoked command in '/home/leomorningrain/code/ros2-mecanum-bot/build/mecanumbot_teleop' returned '0': CMAKE_PREFIX_PATH=/opt/ros/humble /usr/bin/cmake --install /home/leomorningrain/code/ros2-mecanum-bot/build/mecanumbot_teleop
[0.257s] Level 1:colcon.colcon_core.environment:checking '/home/leomorningrain/code/ros2-mecanum-bot/install/mecanumbot_teleop' for CMake config files
[0.258s] Level 1:colcon.colcon_core.shell:create_environment_hook('mecanumbot_teleop', 'cmake_prefix_path')
[0.258s] INFO:colcon.colcon_core.shell:Creating environment hook '/home/leomorningrain/code/ros2-mecanum-bot/install/mecanumbot_teleop/share/mecanumbot_teleop/hook/cmake_prefix_path.ps1'
[0.258s] INFO:colcon.colcon_core.shell:Creating environment descriptor '/home/leomorningrain/code/ros2-mecanum-bot/install/mecanumbot_teleop/share/mecanumbot_teleop/hook/cmake_prefix_path.dsv'
[0.258s] INFO:colcon.colcon_core.shell:Creating environment hook '/home/leomorningrain/code/ros2-mecanum-bot/install/mecanumbot_teleop/share/mecanumbot_teleop/hook/cmake_prefix_path.sh'
[0.258s] Level 1:colcon.colcon_core.environment:checking '/home/leomorningrain/code/ros2-mecanum-bot/install/mecanumbot_teleop/lib'
[0.258s] Level 1:colcon.colcon_core.environment:checking '/home/leomorningrain/code/ros2-mecanum-bot/install/mecanumbot_teleop/bin'
[0.258s] Level 1:colcon.colcon_core.environment:checking '/home/leomorningrain/code/ros2-mecanum-bot/install/mecanumbot_teleop/lib/pkgconfig/mecanumbot_teleop.pc'
[0.258s] Level 1:colcon.colcon_core.environment:checking '/home/leomorningrain/code/ros2-mecanum-bot/install/mecanumbot_teleop/lib/python3.10/site-packages'
[0.258s] Level 1:colcon.colcon_core.environment:checking '/home/leomorningrain/code/ros2-mecanum-bot/install/mecanumbot_teleop/bin'
[0.259s] INFO:colcon.colcon_core.shell:Creating package script '/home/leomorningrain/code/ros2-mecanum-bot/install/mecanumbot_teleop/share/mecanumbot_teleop/package.ps1'
[0.259s] INFO:colcon.colcon_core.shell:Creating package descriptor '/home/leomorningrain/code/ros2-mecanum-bot/install/mecanumbot_teleop/share/mecanumbot_teleop/package.dsv'
[0.259s] INFO:colcon.colcon_core.shell:Creating package script '/home/leomorningrain/code/ros2-mecanum-bot/install/mecanumbot_teleop/share/mecanumbot_teleop/package.sh'
[0.259s] INFO:colcon.colcon_core.shell:Creating package script '/home/leomorningrain/code/ros2-mecanum-bot/install/mecanumbot_teleop/share/mecanumbot_teleop/package.bash'
[0.259s] INFO:colcon.colcon_core.shell:Creating package script '/home/leomorningrain/code/ros2-mecanum-bot/install/mecanumbot_teleop/share/mecanumbot_teleop/package.zsh'
[0.259s] Level 1:colcon.colcon_core.environment:create_file_with_runtime_dependencies(/home/leomorningrain/code/ros2-mecanum-bot/install/mecanumbot_teleop/share/colcon-core/packages/mecanumbot_teleop)
[0.260s] Level 1:colcon.colcon_core.environment:create_environment_scripts_only(mecanumbot_control)
[0.261s] DEBUG:colcon.colcon_core.event_handler.log_command:Invoked command in '/home/leomorningrain/code/ros2-mecanum-bot/build/mecanumbot_control' returned '0': CMAKE_PREFIX_PATH=/opt/ros/humble /usr/bin/cmake --install /home/leomorningrain/code/ros2-mecanum-bot/build/mecanumbot_control
[0.261s] Level 1:colcon.colcon_core.environment:checking '/home/leomorningrain/code/ros2-mecanum-bot/install/mecanumbot_control' for CMake module files
[0.262s] Level 1:colcon.colcon_core.environment:checking '/home/leomorningrain/code/ros2-mecanum-bot/install/mecanumbot_control' for CMake config files
[0.262s] Level 1:colcon.colcon_core.shell:create_environment_hook('mecanumbot_control', 'cmake_prefix_path')
[0.262s] INFO:colcon.colcon_core.shell:Creating environment hook '/home/leomorningrain/code/ros2-mecanum-bot/install/mecanumbot_control/share/mecanumbot_control/hook/cmake_prefix_path.ps1'
[0.263s] INFO:colcon.colcon_core.shell:Creating environment descriptor '/home/leomorningrain/code/ros2-mecanum-bot/install/mecanumbot_control/share/mecanumbot_control/hook/cmake_prefix_path.dsv'
[0.263s] INFO:colcon.colcon_core.shell:Creating environment hook '/home/leomorningrain/code/ros2-mecanum-bot/install/mecanumbot_control/share/mecanumbot_control/hook/cmake_prefix_path.sh'
[0.263s] Level 1:colcon.colcon_core.environment:checking '/home/leomorningrain/code/ros2-mecanum-bot/install/mecanumbot_control/lib'
[0.263s] Level 1:colcon.colcon_core.environment:checking '/home/leomorningrain/code/ros2-mecanum-bot/install/mecanumbot_control/bin'
[0.263s] Level 1:colcon.colcon_core.environment:checking '/home/leomorningrain/code/ros2-mecanum-bot/install/mecanumbot_control/lib/pkgconfig/mecanumbot_control.pc'
[0.263s] Level 1:colcon.colcon_core.environment:checking '/home/leomorningrain/code/ros2-mecanum-bot/install/mecanumbot_control/lib/python3.10/site-packages'
[0.263s] Level 1:colcon.colcon_core.environment:checking '/home/leomorningrain/code/ros2-mecanum-bot/install/mecanumbot_control/bin'
[0.264s] INFO:colcon.colcon_core.shell:Creating package script '/home/leomorningrain/code/ros2-mecanum-bot/install/mecanumbot_control/share/mecanumbot_control/package.ps1'
[0.264s] INFO:colcon.colcon_core.shell:Creating package descriptor '/home/leomorningrain/code/ros2-mecanum-bot/install/mecanumbot_control/share/mecanumbot_control/package.dsv'
[0.264s] INFO:colcon.colcon_core.shell:Creating package script '/home/leomorningrain/code/ros2-mecanum-bot/install/mecanumbot_control/share/mecanumbot_control/package.sh'
[0.264s] INFO:colcon.colcon_core.shell:Creating package script '/home/leomorningrain/code/ros2-mecanum-bot/install/mecanumbot_control/share/mecanumbot_control/package.bash'
[0.264s] INFO:colcon.colcon_core.shell:Creating package script '/home/leomorningrain/code/ros2-mecanum-bot/install/mecanumbot_control/share/mecanumbot_control/package.zsh'
[0.264s] Level 1:colcon.colcon_core.environment:create_file_with_runtime_dependencies(/home/leomorningrain/code/ros2-mecanum-bot/install/mecanumbot_control/share/colcon-core/packages/mecanumbot_control)
[0.267s] DEBUG:colcon.colcon_core.event_handler.log_command:Invoking command in '/home/leomorningrain/code/ros2-mecanum-bot/build/mecanumbot_bringup': AMENT_PREFIX_PATH=/home/leomorningrain/code/ros2-mecanum-bot/install/mecanumbot_description:${AMENT_PREFIX_PATH} CMAKE_PREFIX_PATH=/home/leomorningrain/code/ros2-mecanum-bot/install/mecanumbot_description:/opt/ros/humble /usr/bin/cmake --build /home/leomorningrain/code/ros2-mecanum-bot/build/mecanumbot_bringup -- -j32 -l32
[0.268s] Level 1:colcon.colcon_core.environment:create_environment_scripts_only(mecanumbot_controller)
[0.268s] Level 1:colcon.colcon_core.environment:checking '/home/leomorningrain/code/ros2-mecanum-bot/install/mecanumbot_controller' for CMake module files
[0.268s] Level 1:colcon.colcon_core.environment:checking '/home/leomorningrain/code/ros2-mecanum-bot/install/mecanumbot_controller' for CMake config files
[0.268s] Level 1:colcon.colcon_core.shell:create_environment_hook('mecanumbot_controller', 'cmake_prefix_path')
[0.268s] INFO:colcon.colcon_core.shell:Creating environment hook '/home/leomorningrain/code/ros2-mecanum-bot/install/mecanumbot_controller/share/mecanumbot_controller/hook/cmake_prefix_path.ps1'
[0.268s] INFO:colcon.colcon_core.shell:Creating environment descriptor '/home/leomorningrain/code/ros2-mecanum-bot/install/mecanumbot_controller/share/mecanumbot_controller/hook/cmake_prefix_path.dsv'
[0.269s] INFO:colcon.colcon_core.shell:Creating environment hook '/home/leomorningrain/code/ros2-mecanum-bot/install/mecanumbot_controller/share/mecanumbot_controller/hook/cmake_prefix_path.sh'
[0.269s] Level 1:colcon.colcon_core.environment:checking '/home/leomorningrain/code/ros2-mecanum-bot/install/mecanumbot_controller/lib'
[0.269s] Level 1:colcon.colcon_core.shell:create_environment_hook('mecanumbot_controller', 'ld_library_path_lib')
[0.269s] INFO:colcon.colcon_core.shell:Creating environment hook '/home/leomorningrain/code/ros2-mecanum-bot/install/mecanumbot_controller/share/mecanumbot_controller/hook/ld_library_path_lib.ps1'
[0.269s] INFO:colcon.colcon_core.shell:Creating environment descriptor '/home/leomorningrain/code/ros2-mecanum-bot/install/mecanumbot_controller/share/mecanumbot_controller/hook/ld_library_path_lib.dsv'
[0.269s] INFO:colcon.colcon_core.shell:Creating environment hook '/home/leomorningrain/code/ros2-mecanum-bot/install/mecanumbot_controller/share/mecanumbot_controller/hook/ld_library_path_lib.sh'
[0.269s] Level 1:colcon.colcon_core.environment:checking '/home/leomorningrain/code/ros2-mecanum-bot/install/mecanumbot_controller/bin'
[0.269s] Level 1:colcon.colcon_core.environment:checking '/home/leomorningrain/code/ros2-mecanum-bot/install/mecanumbot_controller/lib/pkgconfig/mecanumbot_controller.pc'
[0.269s] Level 1:colcon.colcon_core.environment:checking '/home/leomorningrain/code/ros2-mecanum-bot/install/mecanumbot_controller/lib/python3.10/site-packages'
[0.270s] Level 1:colcon.colcon_core.environment:checking '/home/leomorningrain/code/ros2-mecanum-bot/install/mecanumbot_controller/bin'
[0.270s] INFO:colcon.colcon_core.shell:Creating package script '/home/leomorningrain/code/ros2-mecanum-bot/install/mecanumbot_controller/share/mecanumbot_controller/package.ps1'
[0.270s] INFO:colcon.colcon_core.shell:Creating package descriptor '/home/leomorningrain/code/ros2-mecanum-bot/install/mecanumbot_controller/share/mecanumbot_controller/package.dsv'
[0.270s] INFO:colcon.colcon_core.shell:Creating package script '/home/leomorningrain/code/ros2-mecanum-bot/install/mecanumbot_controller/share/mecanumbot_controller/package.sh'
[0.270s] INFO:colcon.colcon_core.shell:Creating package script '/home/leomorningrain/code/ros2-mecanum-bot/install/mecanumbot_controller/share/mecanumbot_controller/package.bash'
[0.271s] INFO:colcon.colcon_core.shell:Creating package script '/home/leomorningrain/code/ros2-mecanum-bot/install/mecanumbot_controller/share/mecanumbot_controller/package.zsh'
[0.271s] Level 1:colcon.colcon_core.environment:create_file_with_runtime_dependencies(/home/leomorningrain/code/ros2-mecanum-bot/install/mecanumbot_controller/share/colcon-core/packages/mecanumbot_controller)
[0.271s] Level 1:colcon.colcon_core.environment:create_environment_scripts_only(mecanumbot_hardware)
[0.271s] Level 1:colcon.colcon_core.environment:checking '/home/leomorningrain/code/ros2-mecanum-bot/install/mecanumbot_hardware' for CMake module files
[0.272s] Level 1:colcon.colcon_core.environment:checking '/home/leomorningrain/code/ros2-mecanum-bot/install/mecanumbot_hardware' for CMake config files
[0.272s] Level 1:colcon.colcon_core.shell:create_environment_hook('mecanumbot_hardware', 'cmake_prefix_path')
[0.272s] INFO:colcon.colcon_core.shell:Creating environment hook '/home/leomorningrain/code/ros2-mecanum-bot/install/mecanumbot_hardware/share/mecanumbot_hardware/hook/cmake_prefix_path.ps1'
[0.272s] INFO:colcon.colcon_core.shell:Creating environment descriptor '/home/leomorningrain/code/ros2-mecanum-bot/install/mecanumbot_hardware/share/mecanumbot_hardware/hook/cmake_prefix_path.dsv'
[0.272s] INFO:colcon.colcon_core.shell:Creating environment hook '/home/leomorningrain/code/ros2-mecanum-bot/install/mecanumbot_hardware/share/mecanumbot_hardware/hook/cmake_prefix_path.sh'
[0.272s] Level 1:colcon.colcon_core.environment:checking '/home/leomorningrain/code/ros2-mecanum-bot/install/mecanumbot_hardware/lib'
[0.273s] Level 1:colcon.colcon_core.shell:create_environment_hook('mecanumbot_hardware', 'ld_library_path_lib')
[0.273s] INFO:colcon.colcon_core.shell:Creating environment hook '/home/leomorningrain/code/ros2-mecanum-bot/install/mecanumbot_hardware/share/mecanumbot_hardware/hook/ld_library_path_lib.ps1'
[0.273s] INFO:colcon.colcon_core.shell:Creating environment descriptor '/home/leomorningrain/code/ros2-mecanum-bot/install/mecanumbot_hardware/share/mecanumbot_hardware/hook/ld_library_path_lib.dsv'
[0.273s] INFO:colcon.colcon_core.shell:Creating environment hook '/home/leomorningrain/code/ros2-mecanum-bot/install/mecanumbot_hardware/share/mecanumbot_hardware/hook/ld_library_path_lib.sh'
[0.273s] Level 1:colcon.colcon_core.environment:checking '/home/leomorningrain/code/ros2-mecanum-bot/install/mecanumbot_hardware/bin'
[0.273s] Level 1:colcon.colcon_core.environment:checking '/home/leomorningrain/code/ros2-mecanum-bot/install/mecanumbot_hardware/lib/pkgconfig/mecanumbot_hardware.pc'
[0.273s] Level 1:colcon.colcon_core.environment:checking '/home/leomorningrain/code/ros2-mecanum-bot/install/mecanumbot_hardware/lib/python3.10/site-packages'
[0.273s] Level 1:colcon.colcon_core.environment:checking '/home/leomorningrain/code/ros2-mecanum-bot/install/mecanumbot_hardware/bin'
[0.274s] INFO:colcon.colcon_core.shell:Creating package script '/home/leomorningrain/code/ros2-mecanum-bot/install/mecanumbot_hardware/share/mecanumbot_hardware/package.ps1'
[0.274s] INFO:colcon.colcon_core.shell:Creating package descriptor '/home/leomorningrain/code/ros2-mecanum-bot/install/mecanumbot_hardware/share/mecanumbot_hardware/package.dsv'
[0.274s] INFO:colcon.colcon_core.shell:Creating package script '/home/leomorningrain/code/ros2-mecanum-bot/install/mecanumbot_hardware/share/mecanumbot_hardware/package.sh'
[0.274s] INFO:colcon.colcon_core.shell:Creating package script '/home/leomorningrain/code/ros2-mecanum-bot/install/mecanumbot_hardware/share/mecanumbot_hardware/package.bash'
[0.274s] INFO:colcon.colcon_core.shell:Creating package script '/home/leomorningrain/code/ros2-mecanum-bot/install/mecanumbot_hardware/share/mecanumbot_hardware/package.zsh'
[0.275s] Level 1:colcon.colcon_core.environment:create_file_with_runtime_dependencies(/home/leomorningrain/code/ros2-mecanum-bot/install/mecanumbot_hardware/share/colcon-core/packages/mecanumbot_hardware)
[0.275s] Level 1:colcon.colcon_core.environment:create_environment_scripts_only(mecanumbot_teleop)
[0.275s] Level 1:colcon.colcon_core.environment:checking '/home/leomorningrain/code/ros2-mecanum-bot/install/mecanumbot_teleop' for CMake module files
[0.276s] Level 1:colcon.colcon_core.environment:checking '/home/leomorningrain/code/ros2-mecanum-bot/install/mecanumbot_teleop' for CMake config files
[0.276s] Level 1:colcon.colcon_core.shell:create_environment_hook('mecanumbot_teleop', 'cmake_prefix_path')
[0.276s] INFO:colcon.colcon_core.shell:Creating environment hook '/home/leomorningrain/code/ros2-mecanum-bot/install/mecanumbot_teleop/share/mecanumbot_teleop/hook/cmake_prefix_path.ps1'
[0.276s] INFO:colcon.colcon_core.shell:Creating environment descriptor '/home/leomorningrain/code/ros2-mecanum-bot/install/mecanumbot_teleop/share/mecanumbot_teleop/hook/cmake_prefix_path.dsv'
[0.276s] INFO:colcon.colcon_core.shell:Creating environment hook '/home/leomorningrain/code/ros2-mecanum-bot/install/mecanumbot_teleop/share/mecanumbot_teleop/hook/cmake_prefix_path.sh'
[0.276s] Level 1:colcon.colcon_core.environment:checking '/home/leomorningrain/code/ros2-mecanum-bot/install/mecanumbot_teleop/lib'
[0.277s] Level 1:colcon.colcon_core.environment:checking '/home/leomorningrain/code/ros2-mecanum-bot/install/mecanumbot_teleop/bin'
[0.277s] Level 1:colcon.colcon_core.environment:checking '/home/leomorningrain/code/ros2-mecanum-bot/install/mecanumbot_teleop/lib/pkgconfig/mecanumbot_teleop.pc'
[0.277s] Level 1:colcon.colcon_core.environment:checking '/home/leomorningrain/code/ros2-mecanum-bot/install/mecanumbot_teleop/lib/python3.10/site-packages'
[0.277s] Level 1:colcon.colcon_core.environment:checking '/home/leomorningrain/code/ros2-mecanum-bot/install/mecanumbot_teleop/bin'
[0.277s] INFO:colcon.colcon_core.shell:Creating package script '/home/leomorningrain/code/ros2-mecanum-bot/install/mecanumbot_teleop/share/mecanumbot_teleop/package.ps1'
[0.277s] INFO:colcon.colcon_core.shell:Creating package descriptor '/home/leomorningrain/code/ros2-mecanum-bot/install/mecanumbot_teleop/share/mecanumbot_teleop/package.dsv'
[0.277s] INFO:colcon.colcon_core.shell:Creating package script '/home/leomorningrain/code/ros2-mecanum-bot/install/mecanumbot_teleop/share/mecanumbot_teleop/package.sh'
[0.278s] INFO:colcon.colcon_core.shell:Creating package script '/home/leomorningrain/code/ros2-mecanum-bot/install/mecanumbot_teleop/share/mecanumbot_teleop/package.bash'
[0.278s] INFO:colcon.colcon_core.shell:Creating package script '/home/leomorningrain/code/ros2-mecanum-bot/install/mecanumbot_teleop/share/mecanumbot_teleop/package.zsh'
[0.278s] Level 1:colcon.colcon_core.environment:create_file_with_runtime_dependencies(/home/leomorningrain/code/ros2-mecanum-bot/install/mecanumbot_teleop/share/colcon-core/packages/mecanumbot_teleop)
[0.278s] Level 1:colcon.colcon_core.environment:create_environment_scripts_only(mecanumbot_control)
[0.278s] Level 1:colcon.colcon_core.environment:checking '/home/leomorningrain/code/ros2-mecanum-bot/install/mecanumbot_control' for CMake module files
[0.279s] Level 1:colcon.colcon_core.environment:checking '/home/leomorningrain/code/ros2-mecanum-bot/install/mecanumbot_control' for CMake config files
[0.279s] Level 1:colcon.colcon_core.shell:create_environment_hook('mecanumbot_control', 'cmake_prefix_path')
[0.279s] INFO:colcon.colcon_core.shell:Creating environment hook '/home/leomorningrain/code/ros2-mecanum-bot/install/mecanumbot_control/share/mecanumbot_control/hook/cmake_prefix_path.ps1'
[0.279s] INFO:colcon.colcon_core.shell:Creating environment descriptor '/home/leomorningrain/code/ros2-mecanum-bot/install/mecanumbot_control/share/mecanumbot_control/hook/cmake_prefix_path.dsv'
[0.279s] INFO:colcon.colcon_core.shell:Creating environment hook '/home/leomorningrain/code/ros2-mecanum-bot/install/mecanumbot_control/share/mecanumbot_control/hook/cmake_prefix_path.sh'
[0.280s] Level 1:colcon.colcon_core.environment:checking '/home/leomorningrain/code/ros2-mecanum-bot/install/mecanumbot_control/lib'
[0.280s] Level 1:colcon.colcon_core.environment:checking '/home/leomorningrain/code/ros2-mecanum-bot/install/mecanumbot_control/bin'
[0.280s] Level 1:colcon.colcon_core.environment:checking '/home/leomorningrain/code/ros2-mecanum-bot/install/mecanumbot_control/lib/pkgconfig/mecanumbot_control.pc'
[0.280s] Level 1:colcon.colcon_core.environment:checking '/home/leomorningrain/code/ros2-mecanum-bot/install/mecanumbot_control/lib/python3.10/site-packages'
[0.280s] Level 1:colcon.colcon_core.environment:checking '/home/leomorningrain/code/ros2-mecanum-bot/install/mecanumbot_control/bin'
[0.280s] INFO:colcon.colcon_core.shell:Creating package script '/home/leomorningrain/code/ros2-mecanum-bot/install/mecanumbot_control/share/mecanumbot_control/package.ps1'
[0.281s] INFO:colcon.colcon_core.shell:Creating package descriptor '/home/leomorningrain/code/ros2-mecanum-bot/install/mecanumbot_control/share/mecanumbot_control/package.dsv'
[0.281s] INFO:colcon.colcon_core.shell:Creating package script '/home/leomorningrain/code/ros2-mecanum-bot/install/mecanumbot_control/share/mecanumbot_control/package.sh'
[0.281s] INFO:colcon.colcon_core.shell:Creating package script '/home/leomorningrain/code/ros2-mecanum-bot/install/mecanumbot_control/share/mecanumbot_control/package.bash'
[0.281s] INFO:colcon.colcon_core.shell:Creating package script '/home/leomorningrain/code/ros2-mecanum-bot/install/mecanumbot_control/share/mecanumbot_control/package.zsh'
[0.281s] Level 1:colcon.colcon_core.environment:create_file_with_runtime_dependencies(/home/leomorningrain/code/ros2-mecanum-bot/install/mecanumbot_control/share/colcon-core/packages/mecanumbot_control)
[0.288s] DEBUG:colcon.colcon_core.event_handler.log_command:Invoked command in '/home/leomorningrain/code/ros2-mecanum-bot/build/mecanumbot_bringup' returned '0': AMENT_PREFIX_PATH=/home/leomorningrain/code/ros2-mecanum-bot/install/mecanumbot_description:${AMENT_PREFIX_PATH} CMAKE_PREFIX_PATH=/home/leomorningrain/code/ros2-mecanum-bot/install/mecanumbot_description:/opt/ros/humble /usr/bin/cmake --build /home/leomorningrain/code/ros2-mecanum-bot/build/mecanumbot_bringup -- -j32 -l32
[0.302s] DEBUG:colcon.colcon_core.event_handler.log_command:Invoking command in '/home/leomorningrain/code/ros2-mecanum-bot/build/mecanumbot_bringup': AMENT_PREFIX_PATH=/home/leomorningrain/code/ros2-mecanum-bot/install/mecanumbot_description:${AMENT_PREFIX_PATH} CMAKE_PREFIX_PATH=/home/leomorningrain/code/ros2-mecanum-bot/install/mecanumbot_description:/opt/ros/humble /usr/bin/cmake --install /home/leomorningrain/code/ros2-mecanum-bot/build/mecanumbot_bringup
[0.313s] Level 1:colcon.colcon_core.environment:create_environment_scripts_only(mecanumbot_bringup)
[0.313s] Level 1:colcon.colcon_core.environment:checking '/home/leomorningrain/code/ros2-mecanum-bot/install/mecanumbot_bringup' for CMake module files
[0.314s] DEBUG:colcon.colcon_core.event_handler.log_command:Invoked command in '/home/leomorningrain/code/ros2-mecanum-bot/build/mecanumbot_bringup' returned '0': AMENT_PREFIX_PATH=/home/leomorningrain/code/ros2-mecanum-bot/install/mecanumbot_description:${AMENT_PREFIX_PATH} CMAKE_PREFIX_PATH=/home/leomorningrain/code/ros2-mecanum-bot/install/mecanumbot_description:/opt/ros/humble /usr/bin/cmake --install /home/leomorningrain/code/ros2-mecanum-bot/build/mecanumbot_bringup
[0.314s] Level 1:colcon.colcon_core.environment:checking '/home/leomorningrain/code/ros2-mecanum-bot/install/mecanumbot_bringup' for CMake config files
[0.314s] Level 1:colcon.colcon_core.shell:create_environment_hook('mecanumbot_bringup', 'cmake_prefix_path')
[0.314s] INFO:colcon.colcon_core.shell:Creating environment hook '/home/leomorningrain/code/ros2-mecanum-bot/install/mecanumbot_bringup/share/mecanumbot_bringup/hook/cmake_prefix_path.ps1'
[0.314s] INFO:colcon.colcon_core.shell:Creating environment descriptor '/home/leomorningrain/code/ros2-mecanum-bot/install/mecanumbot_bringup/share/mecanumbot_bringup/hook/cmake_prefix_path.dsv'
[0.315s] INFO:colcon.colcon_core.shell:Creating environment hook '/home/leomorningrain/code/ros2-mecanum-bot/install/mecanumbot_bringup/share/mecanumbot_bringup/hook/cmake_prefix_path.sh'
[0.315s] Level 1:colcon.colcon_core.environment:checking '/home/leomorningrain/code/ros2-mecanum-bot/install/mecanumbot_bringup/bin'
[0.315s] Level 1:colcon.colcon_core.environment:checking '/home/leomorningrain/code/ros2-mecanum-bot/install/mecanumbot_bringup/lib/pkgconfig/mecanumbot_bringup.pc'
[0.315s] Level 1:colcon.colcon_core.environment:checking '/home/leomorningrain/code/ros2-mecanum-bot/install/mecanumbot_bringup/lib/python3.10/site-packages'
[0.315s] Level 1:colcon.colcon_core.environment:checking '/home/leomorningrain/code/ros2-mecanum-bot/install/mecanumbot_bringup/bin'
[0.315s] INFO:colcon.colcon_core.shell:Creating package script '/home/leomorningrain/code/ros2-mecanum-bot/install/mecanumbot_bringup/share/mecanumbot_bringup/package.ps1'
[0.316s] INFO:colcon.colcon_core.shell:Creating package descriptor '/home/leomorningrain/code/ros2-mecanum-bot/install/mecanumbot_bringup/share/mecanumbot_bringup/package.dsv'
[0.316s] INFO:colcon.colcon_core.shell:Creating package script '/home/leomorningrain/code/ros2-mecanum-bot/install/mecanumbot_bringup/share/mecanumbot_bringup/package.sh'
[0.316s] INFO:colcon.colcon_core.shell:Creating package script '/home/leomorningrain/code/ros2-mecanum-bot/install/mecanumbot_bringup/share/mecanumbot_bringup/package.bash'
[0.316s] INFO:colcon.colcon_core.shell:Creating package script '/home/leomorningrain/code/ros2-mecanum-bot/install/mecanumbot_bringup/share/mecanumbot_bringup/package.zsh'
[0.316s] Level 1:colcon.colcon_core.environment:create_file_with_runtime_dependencies(/home/leomorningrain/code/ros2-mecanum-bot/install/mecanumbot_bringup/share/colcon-core/packages/mecanumbot_bringup)
[0.329s] Level 1:colcon.colcon_core.environment:create_environment_scripts_only(mecanumbot_bringup)
[0.329s] Level 1:colcon.colcon_core.environment:checking '/home/leomorningrain/code/ros2-mecanum-bot/install/mecanumbot_bringup' for CMake module files
[0.329s] Level 1:colcon.colcon_core.environment:checking '/home/leomorningrain/code/ros2-mecanum-bot/install/mecanumbot_bringup' for CMake config files
[0.329s] Level 1:colcon.colcon_core.shell:create_environment_hook('mecanumbot_bringup', 'cmake_prefix_path')
[0.329s] INFO:colcon.colcon_core.shell:Creating environment hook '/home/leomorningrain/code/ros2-mecanum-bot/install/mecanumbot_bringup/share/mecanumbot_bringup/hook/cmake_prefix_path.ps1'
[0.330s] INFO:colcon.colcon_core.shell:Creating environment descriptor '/home/leomorningrain/code/ros2-mecanum-bot/install/mecanumbot_bringup/share/mecanumbot_bringup/hook/cmake_prefix_path.dsv'
[0.330s] INFO:colcon.colcon_core.shell:Creating environment hook '/home/leomorningrain/code/ros2-mecanum-bot/install/mecanumbot_bringup/share/mecanumbot_bringup/hook/cmake_prefix_path.sh'
[0.330s] Level 1:colcon.colcon_core.environment:checking '/home/leomorningrain/code/ros2-mecanum-bot/install/mecanumbot_bringup/bin'
[0.330s] Level 1:colcon.colcon_core.environment:checking '/home/leomorningrain/code/ros2-mecanum-bot/install/mecanumbot_bringup/lib/pkgconfig/mecanumbot_bringup.pc'
[0.330s] Level 1:colcon.colcon_core.environment:checking '/home/leomorningrain/code/ros2-mecanum-bot/install/mecanumbot_bringup/lib/python3.10/site-packages'
[0.330s] Level 1:colcon.colcon_core.environment:checking '/home/leomorningrain/code/ros2-mecanum-bot/install/mecanumbot_bringup/bin'
[0.330s] INFO:colcon.colcon_core.shell:Creating package script '/home/leomorningrain/code/ros2-mecanum-bot/install/mecanumbot_bringup/share/mecanumbot_bringup/package.ps1'
[0.331s] INFO:colcon.colcon_core.shell:Creating package descriptor '/home/leomorningrain/code/ros2-mecanum-bot/install/mecanumbot_bringup/share/mecanumbot_bringup/package.dsv'
[0.331s] INFO:colcon.colcon_core.shell:Creating package script '/home/leomorningrain/code/ros2-mecanum-bot/install/mecanumbot_bringup/share/mecanumbot_bringup/package.sh'
[0.331s] INFO:colcon.colcon_core.shell:Creating package script '/home/leomorningrain/code/ros2-mecanum-bot/install/mecanumbot_bringup/share/mecanumbot_bringup/package.bash'
[0.331s] INFO:colcon.colcon_core.shell:Creating package script '/home/leomorningrain/code/ros2-mecanum-bot/install/mecanumbot_bringup/share/mecanumbot_bringup/package.zsh'
[0.331s] Level 1:colcon.colcon_core.environment:create_file_with_runtime_dependencies(/home/leomorningrain/code/ros2-mecanum-bot/install/mecanumbot_bringup/share/colcon-core/packages/mecanumbot_bringup)
[0.331s] DEBUG:colcon.colcon_parallel_executor.executor.parallel:closing loop
[0.331s] DEBUG:colcon.colcon_parallel_executor.executor.parallel:loop closed
[0.331s] DEBUG:colcon.colcon_parallel_executor.executor.parallel:run_until_complete finished with '0'
[0.332s] DEBUG:colcon.colcon_core.event_reactor:joining thread
[0.337s] INFO:colcon.colcon_core.plugin_system:Skipping extension 'colcon_notification.desktop_notification.terminal_notifier': Not used on non-Darwin systems
[0.337s] INFO:colcon.colcon_core.plugin_system:Skipping extension 'colcon_notification.desktop_notification.win32': Not used on non-Windows systems
[0.337s] INFO:colcon.colcon_notification.desktop_notification:Sending desktop notification using 'notify2'
[0.345s] DEBUG:colcon.colcon_core.event_reactor:joined thread
[0.345s] INFO:colcon.colcon_core.shell:Creating prefix script '/home/leomorningrain/code/ros2-mecanum-bot/install/local_setup.ps1'
[0.345s] INFO:colcon.colcon_core.shell:Creating prefix util module '/home/leomorningrain/code/ros2-mecanum-bot/install/_local_setup_util_ps1.py'
[0.346s] INFO:colcon.colcon_core.shell:Creating prefix chain script '/home/leomorningrain/code/ros2-mecanum-bot/install/setup.ps1'
[0.346s] INFO:colcon.colcon_core.shell:Creating prefix script '/home/leomorningrain/code/ros2-mecanum-bot/install/local_setup.sh'
[0.346s] INFO:colcon.colcon_core.shell:Creating prefix util module '/home/leomorningrain/code/ros2-mecanum-bot/install/_local_setup_util_sh.py'
[0.347s] INFO:colcon.colcon_core.shell:Creating prefix chain script '/home/leomorningrain/code/ros2-mecanum-bot/install/setup.sh'
[0.347s] INFO:colcon.colcon_core.shell:Creating prefix script '/home/leomorningrain/code/ros2-mecanum-bot/install/local_setup.bash'
[0.347s] INFO:colcon.colcon_core.shell:Creating prefix chain script '/home/leomorningrain/code/ros2-mecanum-bot/install/setup.bash'
[0.348s] INFO:colcon.colcon_core.shell:Creating prefix script '/home/leomorningrain/code/ros2-mecanum-bot/install/local_setup.zsh'
[0.348s] INFO:colcon.colcon_core.shell:Creating prefix chain script '/home/leomorningrain/code/ros2-mecanum-bot/install/setup.zsh'
