[0.012s] Invoking command in '/home/leomorningrain/code/ros2-mecanum-bot/build/mecanumbot_bringup': CMAKE_PREFIX_PATH=/home/leomorningrain/code/ros2-mecanum-bot/install/mecanumbot_description:/home/leomorningrain/code/ros2-mecanum-bot/install/mecanumbot_teleop:/home/leomorningrain/code/ros2-mecanum-bot/install/mecanumbot_hardware:/home/leomorningrain/code/ros2-mecanum-bot/install/mecanumbot_bringup:/home/leomorningrain/code/ros2-mecanum-bot/install/mecanumbot_controller:/home/leomorningrain/code/ros2-mecanum-bot/install/mecanumbot_control:/opt/ros/humble /usr/bin/cmake --build /home/leomorningrain/code/ros2-mecanum-bot/build/mecanumbot_bringup -- -j32 -l32
[0.046s] Invoked command in '/home/leomorningrain/code/ros2-mecanum-bot/build/mecanumbot_bringup' returned '0': CMAKE_PREFIX_PATH=/home/leomorningrain/code/ros2-mecanum-bot/install/mecanumbot_description:/home/leomorningrain/code/ros2-mecanum-bot/install/mecanumbot_teleop:/home/leomorningrain/code/ros2-mecanum-bot/install/mecanumbot_hardware:/home/leomorningrain/code/ros2-mecanum-bot/install/mecanumbot_bringup:/home/leomorningrain/code/ros2-mecanum-bot/install/mecanumbot_controller:/home/leomorningrain/code/ros2-mecanum-bot/install/mecanumbot_control:/opt/ros/humble /usr/bin/cmake --build /home/leomorningrain/code/ros2-mecanum-bot/build/mecanumbot_bringup -- -j32 -l32
[0.059s] Invoking command in '/home/leomorningrain/code/ros2-mecanum-bot/build/mecanumbot_bringup': CMAKE_PREFIX_PATH=/home/leomorningrain/code/ros2-mecanum-bot/install/mecanumbot_description:/home/leomorningrain/code/ros2-mecanum-bot/install/mecanumbot_teleop:/home/leomorningrain/code/ros2-mecanum-bot/install/mecanumbot_hardware:/home/leomorningrain/code/ros2-mecanum-bot/install/mecanumbot_bringup:/home/leomorningrain/code/ros2-mecanum-bot/install/mecanumbot_controller:/home/leomorningrain/code/ros2-mecanum-bot/install/mecanumbot_control:/opt/ros/humble /usr/bin/cmake --install /home/leomorningrain/code/ros2-mecanum-bot/build/mecanumbot_bringup
[0.063s] -- Install configuration: ""
[0.064s] -- Execute custom install script
[0.064s] -- Up-to-date symlink: /home/leomorningrain/code/ros2-mecanum-bot/install/mecanumbot_bringup/share/mecanumbot_bringup/launch/mecanumbot_hardware.py
[0.064s] -- Up-to-date symlink: /home/leomorningrain/code/ros2-mecanum-bot/install/mecanumbot_bringup/share/mecanumbot_bringup/launch/mecanumbot_state_publisher.py
[0.064s] -- Up-to-date symlink: /home/leomorningrain/code/ros2-mecanum-bot/install/mecanumbot_bringup/share/mecanumbot_bringup/launch/mecanumbot_teleop.py
[0.064s] -- Up-to-date symlink: /home/leomorningrain/code/ros2-mecanum-bot/install/mecanumbot_bringup/share/mecanumbot_bringup/launch/rviz2.py
[0.064s] -- Up-to-date symlink: /home/leomorningrain/code/ros2-mecanum-bot/install/mecanumbot_bringup/share/ament_index/resource_index/package_run_dependencies/mecanumbot_bringup
[0.064s] -- Up-to-date symlink: /home/leomorningrain/code/ros2-mecanum-bot/install/mecanumbot_bringup/share/ament_index/resource_index/parent_prefix_path/mecanumbot_bringup
[0.064s] -- Up-to-date symlink: /home/leomorningrain/code/ros2-mecanum-bot/install/mecanumbot_bringup/share/mecanumbot_bringup/environment/ament_prefix_path.sh
[0.064s] -- Up-to-date symlink: /home/leomorningrain/code/ros2-mecanum-bot/install/mecanumbot_bringup/share/mecanumbot_bringup/environment/ament_prefix_path.dsv
[0.064s] -- Up-to-date symlink: /home/leomorningrain/code/ros2-mecanum-bot/install/mecanumbot_bringup/share/mecanumbot_bringup/environment/path.sh
[0.064s] -- Up-to-date symlink: /home/leomorningrain/code/ros2-mecanum-bot/install/mecanumbot_bringup/share/mecanumbot_bringup/environment/path.dsv
[0.064s] -- Up-to-date symlink: /home/leomorningrain/code/ros2-mecanum-bot/install/mecanumbot_bringup/share/mecanumbot_bringup/local_setup.bash
[0.064s] -- Up-to-date symlink: /home/leomorningrain/code/ros2-mecanum-bot/install/mecanumbot_bringup/share/mecanumbot_bringup/local_setup.sh
[0.064s] -- Up-to-date symlink: /home/leomorningrain/code/ros2-mecanum-bot/install/mecanumbot_bringup/share/mecanumbot_bringup/local_setup.zsh
[0.065s] -- Up-to-date symlink: /home/leomorningrain/code/ros2-mecanum-bot/install/mecanumbot_bringup/share/mecanumbot_bringup/local_setup.dsv
[0.065s] -- Symlinking: /home/leomorningrain/code/ros2-mecanum-bot/install/mecanumbot_bringup/share/mecanumbot_bringup/package.dsv
[0.070s] -- Up-to-date symlink: /home/leomorningrain/code/ros2-mecanum-bot/install/mecanumbot_bringup/share/ament_index/resource_index/packages/mecanumbot_bringup
[0.070s] -- Up-to-date symlink: /home/leomorningrain/code/ros2-mecanum-bot/install/mecanumbot_bringup/share/mecanumbot_bringup/cmake/mecanumbot_bringupConfig.cmake
[0.070s] -- Up-to-date symlink: /home/leomorningrain/code/ros2-mecanum-bot/install/mecanumbot_bringup/share/mecanumbot_bringup/cmake/mecanumbot_bringupConfig-version.cmake
[0.070s] -- Up-to-date symlink: /home/leomorningrain/code/ros2-mecanum-bot/install/mecanumbot_bringup/share/mecanumbot_bringup/package.xml
[0.071s] Invoked command in '/home/leomorningrain/code/ros2-mecanum-bot/build/mecanumbot_bringup' returned '0': CMAKE_PREFIX_PATH=/home/leomorningrain/code/ros2-mecanum-bot/install/mecanumbot_description:/home/leomorningrain/code/ros2-mecanum-bot/install/mecanumbot_teleop:/home/leomorningrain/code/ros2-mecanum-bot/install/mecanumbot_hardware:/home/leomorningrain/code/ros2-mecanum-bot/install/mecanumbot_bringup:/home/leomorningrain/code/ros2-mecanum-bot/install/mecanumbot_controller:/home/leomorningrain/code/ros2-mecanum-bot/install/mecanumbot_control:/opt/ros/humble /usr/bin/cmake --install /home/leomorningrain/code/ros2-mecanum-bot/build/mecanumbot_bringup
